11.1218 	WARNING 	Requested an unavailable screen number - using first available.
11.1250 	WARNING 	User requested fullscreen with size [1920 1080], but screen is actually [1536, 864]. Using actual size
11.5868 	EXP 	Created window1 = Window(allowGUI=True, allowStencil=False, autoLog=True, backendConf=UNKNOWN, backgroundFit=<method-wrapper '__getattribute__' of attributeSetter object at 0x000001BB01A45AF0>, backgroundImage=<method-wrapper '__getattribute__' of attributeSetter object at 0x000001BB01A45A90>, bitsMode=UNKNOWN, blendMode='avg', bpc=(8, 8, 8), color=array([0, 0, 0]), colorSpace='rgb', depthBits=8, fullscr=<method-wrapper '__getattribute__' of attributeSetter object at 0x000001BB01A458E0>, gamma=None, gammaErrorPolicy='raise', infoMsg=UNKNOWN, lms=UNKNOWN, monitor=<psychopy.monitors.calibTools.Monitor object at 0x000001BB0FFDDB80>, multiSample=False, name='window1', numSamples=2, pos=[0.0, 0.0], screen=1, size=array([1536,  864]), stencilBits=0, stereo=False, title='PsychoPy', units='height', useFBO=True, useRetina=False, viewOri=0.0, viewPos=None, viewScale=None, waitBlanking=True, winType='pyglet')
11.5870 	EXP 	window1: mouseVisible = True
11.5870 	EXP 	window1: backgroundImage = ''
11.5870 	EXP 	window1: backgroundFit = 'none'
11.5873 	EXP 	window1: mouseVisible = True
11.5876 	EXP 	window1: mouseVisible = True
11.5909 	EXP 	window1: mouseVisible = True
11.5919 	EXP 	window1: mouseVisible = True
11.6389 	EXP 	window1: mouseVisible = True
11.6392 	EXP 	window1: mouseVisible = True
11.6408 	EXP 	window1: mouseVisible = True
11.6422 	EXP 	window1: mouseVisible = True
11.6689 	EXP 	window1: Attempting to measure frame rate of screen (1) ...
11.6689 	EXP 	window1: recordFrameIntervals = False
11.8382 	EXP 	window1: recordFrameIntervals = True
12.0212 	EXP 	Screen (1) actual frame rate measured at 60.14Hz
12.0212 	EXP 	window1: recordFrameIntervals = False
12.0213 	EXP 	window1: mouseVisible = False
14.4683 	EXP 	bci_racingteam: status = STARTED
14.4690 	EXP 	window1: mouseVisible = True
14.5880 	EXP 	Created text_pre_run = TextStim(__class__=<class 'psychopy.visual.text.TextStim'>, alignHoriz=method-wrapper(...), alignText='center', alignVert=method-wrapper(...), anchorHoriz='center', anchorVert='center', antialias=True, autoDraw=False, autoLog=True, bold=False, color=array([1., 1., 1.]), colorSpace='rgb', contrast=1.0, depth=0.0, draggable=False, flipHoriz=False, flipVert=False, font='Open Sans', fontFiles=[], height=0.05, italic=False, languageStyle='LTR', name='text_pre_run', opacity=1.0, ori=0.0, pos=array([0., 0.]), rgb=UNKNOWN, text='Press any key to start ...', units='height', win=Window(...), wrapWidth=1)
14.5883 	EXP 	window1: mouseVisible = True
14.5929 	EXP 	Created text_2 = TextStim(__class__=<class 'psychopy.visual.text.TextStim'>, alignHoriz=method-wrapper(...), alignText='center', alignVert=method-wrapper(...), anchorHoriz='center', anchorVert='center', antialias=True, autoDraw=False, autoLog=True, bold=False, color=array([1., 1., 1.]), colorSpace='rgb', contrast=1.0, depth=0.0, draggable=False, flipHoriz=False, flipVert=False, font='Arial', fontFiles=[], height=0.05, italic=False, languageStyle='LTR', name='text_2', opacity=1.0, ori=0.0, pos=array([0., 0.]), rgb=UNKNOWN, text='', units='height', win=Window(...), wrapWidth=1)
14.5932 	EXP 	window1: mouseVisible = True
14.5992 	EXP 	Created hor_line_precue = Line(__class__=<class 'psychopy.visual.line.Line'>, anchor=('center', 'center'), autoDraw=False, autoLog=True, closeShape=False, color=array([1., 1., 1.]), colorSpace='rgb', contrast=None, depth=0.0, draggable=False, fillColor=array([0, 0, 0]), fillColorSpace='rgb', fillRGB=array([0, 0, 0]), interpolate=True, lineColor=array([1., 1., 1.]), lineColorSpace='rgb', lineRGB=array([1, 1, 1]), lineWidth=5.0, name='hor_line_precue', opacity=0.5, ori=0.0, pos=array([0., 0.]), size=array([1., 1.]), units='height', vertices=ndarray(...), win=Window(...), windingRule=None)
14.5995 	EXP 	window1: mouseVisible = True
14.6046 	EXP 	Created ver_line_precue = Line(__class__=<class 'psychopy.visual.line.Line'>, anchor=('center', 'center'), autoDraw=False, autoLog=True, closeShape=False, color=array([1., 1., 1.]), colorSpace='rgb', contrast=None, depth=-1.0, draggable=False, fillColor=array([0, 0, 0]), fillColorSpace='rgb', fillRGB=array([0, 0, 0]), interpolate=True, lineColor=array([1., 1., 1.]), lineColorSpace='rgb', lineRGB=array([1, 1, 1]), lineWidth=5.0, name='ver_line_precue', opacity=0.5, ori=90.0, pos=array([0., 0.]), size=array([1., 1.]), units='height', vertices=ndarray(...), win=Window(...), windingRule=None)
14.6049 	EXP 	window1: mouseVisible = True
14.6177 	EXP 	Created image_mi = ImageStim(__class__=<class 'psychopy.visual.image.ImageStim'>, anchor=('center', 'center'), autoLog=True, color=array([1., 1., 1.]), colorSpace='rgb', contrast=1.0, depth=0.0, draggable=False, flipHoriz=False, flipVert=False, image='default.png', interpolate=True, mask=None, maskParams=None, name='image_mi', opacity=1.0, ori=0.0, pos=array([0., 0.]), size=array([0.5, 0.5]), texRes=128.0, units='height', win=Window(...))
14.6179 	EXP 	window1: mouseVisible = True
14.6211 	EXP 	Created text_pause = TextStim(__class__=<class 'psychopy.visual.text.TextStim'>, alignHoriz=method-wrapper(...), alignText='center', alignVert=method-wrapper(...), anchorHoriz='center', anchorVert='center', antialias=True, autoDraw=False, autoLog=True, bold=False, color=array([1., 1., 1.]), colorSpace='rgb', contrast=1.0, depth=0.0, draggable=False, flipHoriz=False, flipVert=False, font='Open Sans', fontFiles=[], height=0.05, italic=False, languageStyle='LTR', name='text_pause', opacity=1.0, ori=0.0, pos=array([0., 0.]), rgb=UNKNOWN, text='', units='height', win=Window(...), wrapWidth=1)
14.6213 	EXP 	window1: mouseVisible = True
14.6424 	EXP 	Created text = TextStim(__class__=<class 'psychopy.visual.text.TextStim'>, alignHoriz=method-wrapper(...), alignText='center', alignVert=method-wrapper(...), anchorHoriz='center', anchorVert='center', antialias=True, autoDraw=False, autoLog=True, bold=False, color=array([1., 1., 1.]), colorSpace='rgb', contrast=1.0, depth=0.0, draggable=False, flipHoriz=False, flipVert=False, font='Arial', fontFiles=[], height=0.05, italic=False, languageStyle='LTR', name='text', opacity=1.0, ori=0.0, pos=array([0., 0.]), rgb=UNKNOWN, text='Run Finished', units='height', win=Window(...), wrapWidth=1)
14.6427 	EXP 	window1: mouseVisible = True
14.6538 	EXP 	Created text_post_run = TextStim(__class__=<class 'psychopy.visual.text.TextStim'>, alignHoriz=method-wrapper(...), alignText='center', alignVert=method-wrapper(...), anchorHoriz='center', anchorVert='center', antialias=True, autoDraw=False, autoLog=True, bold=False, color=array([1., 1., 1.]), colorSpace='rgb', contrast=1.0, depth=0.0, draggable=False, flipHoriz=False, flipVert=False, font='Open Sans', fontFiles=[], height=0.05, italic=False, languageStyle='LTR', name='text_post_run', opacity=1.0, ori=0.0, pos=array([0., 0.]), rgb=UNKNOWN, text='End\n', units='height', win=Window(...), wrapWidth=1)
0.0172 	EXP 	text_pre_run: autoDraw = True
51.7281 	DATA 	Mouse: Left button down, pos=(912,297)
51.8189 	DATA 	Mouse:  Left button up, pos=(912,297)
52.2348 	EXP 	Created sequence: random, trialTypes=1, nReps=4, seed=None
52.2352 	EXP 	New trial (rep=0, index=0): None
52.2385 	DATA 	Keypress: space
52.2491 	EXP 	text_pre_run: autoDraw = False
52.2491 	EXP 	text_2: autoDraw = True
55.2599 	EXP 	Imported classes.xlsx as conditions, 2 conditions, 2 params
55.2605 	EXP 	Created sequence: fullRandom, trialTypes=2, nReps=15, seed=None
55.2609 	EXP 	New trial (rep=0, index=0): {'pic_name': 'pics/hand.png', 'class_mi': 'hand'}
55.2675 	EXP 	text_2: autoDraw = False
55.2675 	EXP 	text_2: autoDraw = False
55.2675 	EXP 	hor_line_precue: autoDraw = True
55.2675 	EXP 	ver_line_precue: autoDraw = True
57.3035 	EXP 	hor_line_precue: autoDraw = False
57.3035 	EXP 	ver_line_precue: autoDraw = False
57.3035 	EXP 	hor_line_precue: autoDraw = False
57.3035 	EXP 	ver_line_precue: autoDraw = False
57.3035 	EXP 	image_mi: image = 'pics/hand.png'
57.3035 	EXP 	image_mi: autoDraw = True
60.9835 	DATA 	Keypress: space
61.8155 	EXP 	image_mi: autoDraw = False
61.8155 	EXP 	image_mi: autoDraw = False
61.8155 	EXP 	text_pause: autoDraw = True
64.3011 	EXP 	New trial (rep=0, index=1): {'pic_name': 'pics/foot.png', 'class_mi': 'foot'}
64.3168 	EXP 	text_pause: autoDraw = False
64.3168 	EXP 	text_pause: autoDraw = False
64.3168 	EXP 	hor_line_precue: autoDraw = True
64.3168 	EXP 	ver_line_precue: autoDraw = True
66.3777 	EXP 	hor_line_precue: autoDraw = False
66.3777 	EXP 	ver_line_precue: autoDraw = False
66.3777 	EXP 	hor_line_precue: autoDraw = False
66.3777 	EXP 	ver_line_precue: autoDraw = False
66.3777 	EXP 	image_mi: image = 'pics/foot.png'
66.3777 	EXP 	image_mi: autoDraw = True
66.5339 	DATA 	Keypress: escape
66.6154 	EXP 	bci_racingteam: status = STOPPED
66.6321 	EXP 	image_mi: autoDraw = False
66.6322 	EXP 	bci_racingteam: status = STOPPED
66.6851 	EXP 	window1: mouseVisible = True
