33.3212 	DEBUG 	Fullscreen settings ignored as running in pilot mode.
33.3234 	INFO 	Loaded monitor calibration from ['2024_06_06 13:54']
35.9375 	EXP 	Created window1 = Window(allowGUI=True, allowStencil=False, autoLog=True, backendConf=UNKNOWN, backgroundFit=<method-wrapper '__getattribute__' of attributeSetter object at 0x000001A0B6D1B040>, backgroundImage=<method-wrapper '__getattribute__' of attributeSetter object at 0x000001A0B6D15FA0>, bitsMode=UNKNOWN, blendMode='avg', bpc=(8, 8, 8), color=array([0, 0, 0]), colorSpace='rgb', depthBits=8, fullscr=<method-wrapper '__getattribute__' of attributeSetter object at 0x000001A0B6D15DF0>, gamma=None, gammaErrorPolicy='raise', infoMsg=UNKNOWN, lms=UNKNOWN, monitor=<psychopy.monitors.calibTools.Monitor object at 0x000001A0B70FE0A0>, multiSample=False, name='window1', numSamples=2, pos=[560.0, 240.0], screen=0, size=array([800, 600]), stencilBits=0, stereo=False, title='PsychoPy', units='height', useFBO=True, useRetina=False, viewOri=0.0, viewPos=None, viewScale=None, waitBlanking=True, winType='pyglet')
35.9377 	EXP 	window1: backgroundImage = ''
35.9377 	EXP 	window1: backgroundFit = 'none'
35.9382 	EXP 	window1: mouseVisible = <method-wrapper '__getattribute__' of attributeSetter object at 0x000001A0B6D1B160>
35.9387 	EXP 	window1: mouseVisible = <method-wrapper '__getattribute__' of attributeSetter object at 0x000001A0B6D1B160>
35.9599 	EXP 	window1: mouseVisible = <method-wrapper '__getattribute__' of attributeSetter object at 0x000001A0B6D1B160>
35.9620 	EXP 	window1: mouseVisible = <method-wrapper '__getattribute__' of attributeSetter object at 0x000001A0B6D1B160>
35.9939 	DEBUG 	TextBox2 loaded 1 chars with 0 blanks and 1 valid
35.9980 	DEBUG 	TextBox2 loaded 1 chars with 0 blanks and 1 valid
36.0020 	DEBUG 	TextBox2 loaded 1 chars with 0 blanks and 1 valid
36.0066 	DEBUG 	TextBox2 loaded 1 chars with 0 blanks and 1 valid
36.0111 	DEBUG 	TextBox2 loaded 1 chars with 0 blanks and 1 valid
36.0143 	DEBUG 	TextBox2 loaded 1 chars with 0 blanks and 1 valid
36.0182 	DEBUG 	TextBox2 loaded 1 chars with 0 blanks and 1 valid
36.0230 	DEBUG 	TextBox2 loaded 1 chars with 0 blanks and 1 valid
36.0256 	DEBUG 	TextBox2 loaded 1 chars with 0 blanks and 1 valid
36.0282 	DEBUG 	TextBox2 loaded 1 chars with 0 blanks and 1 valid
36.0324 	DEBUG 	TextBox2 loaded 1 chars with 0 blanks and 1 valid
36.0364 	DEBUG 	TextBox2 loaded 1 chars with 0 blanks and 1 valid
36.0402 	DEBUG 	TextBox2 loaded 1 chars with 0 blanks and 1 valid
36.0441 	DEBUG 	TextBox2 loaded 1 chars with 0 blanks and 1 valid
36.0481 	DEBUG 	TextBox2 loaded 1 chars with 0 blanks and 1 valid
36.0522 	DEBUG 	TextBox2 loaded 1 chars with 0 blanks and 1 valid
36.0563 	DEBUG 	TextBox2 loaded 1 chars with 0 blanks and 1 valid
36.0593 	DEBUG 	TextBox2 loaded 1 chars with 0 blanks and 1 valid
36.0625 	DEBUG 	TextBox2 loaded 1 chars with 0 blanks and 1 valid
36.0674 	DEBUG 	TextBox2 loaded 1 chars with 0 blanks and 1 valid
36.0703 	DEBUG 	TextBox2 loaded 1 chars with 0 blanks and 1 valid
36.0712 	DEBUG 	Uploading Texture Font fontname to graphics card
36.0734 	DEBUG 	Upload of Texture Font fontname complete
36.0787 	EXP 	window1: mouseVisible = <method-wrapper '__getattribute__' of attributeSetter object at 0x000001A0B6D1B160>
36.0791 	EXP 	window1: mouseVisible = <method-wrapper '__getattribute__' of attributeSetter object at 0x000001A0B6D1B160>
36.0813 	EXP 	window1: mouseVisible = <method-wrapper '__getattribute__' of attributeSetter object at 0x000001A0B6D1B160>
36.0835 	EXP 	window1: mouseVisible = <method-wrapper '__getattribute__' of attributeSetter object at 0x000001A0B6D1B160>
36.0973 	DEBUG 	TextBox2 loaded 1 chars with 0 blanks and 1 valid
36.1023 	DEBUG 	TextBox2 loaded 1 chars with 0 blanks and 1 valid
36.1070 	DEBUG 	TextBox2 loaded 1 chars with 0 blanks and 1 valid
36.1079 	DEBUG 	Uploading Texture Font fontname to graphics card
36.1094 	DEBUG 	Upload of Texture Font fontname complete
36.1163 	EXP 	window1: Attempting to measure frame rate of screen (0) ...
36.1164 	EXP 	window1: recordFrameIntervals = False
36.4206 	EXP 	window1: recordFrameIntervals = True
36.4576 	WARNING 	t of last frame was 20.45ms (=1/48)
36.6224 	EXP 	Screen (0) actual frame rate measured at 60.86Hz
36.6224 	EXP 	window1: recordFrameIntervals = False
36.6227 	EXP 	window1: mouseVisible = False
36.6235 	EXP 	window1: mouseVisible = False
36.6239 	EXP 	window1: mouseVisible = False
36.6259 	EXP 	window1: mouseVisible = False
36.6278 	EXP 	window1: mouseVisible = False
36.6408 	DEBUG 	TextBox2 loaded 1 chars with 0 blanks and 1 valid
36.6438 	DEBUG 	TextBox2 loaded 1 chars with 0 blanks and 1 valid
36.6480 	DEBUG 	TextBox2 loaded 1 chars with 0 blanks and 1 valid
36.6533 	DEBUG 	TextBox2 loaded 1 chars with 0 blanks and 1 valid
36.6581 	DEBUG 	TextBox2 loaded 1 chars with 0 blanks and 1 valid
36.6630 	DEBUG 	TextBox2 loaded 1 chars with 0 blanks and 1 valid
36.6661 	DEBUG 	TextBox2 loaded 1 chars with 0 blanks and 1 valid
36.6733 	DEBUG 	TextBox2 loaded 1 chars with 0 blanks and 1 valid
36.6781 	DEBUG 	TextBox2 loaded 1 chars with 0 blanks and 1 valid
36.6826 	DEBUG 	TextBox2 loaded 1 chars with 0 blanks and 1 valid
36.6841 	DEBUG 	Uploading Texture Font fontname to graphics card
36.6860 	DEBUG 	Upload of Texture Font fontname complete
36.6939 	EXP 	window1: mouseVisible = False
36.6945 	EXP 	window1: mouseVisible = False
36.6976 	EXP 	window1: mouseVisible = False
36.7008 	EXP 	window1: mouseVisible = False
37.0468 	WARNING 	launchHubServer: If using the iohub mouse or eyetracker devices, fullScr should be True.
49.3841 	INFO 	keyboard.Keyboard is using iohub backend.
49.3842 	INFO 	keyboard.Keyboard is using iohub backend.
49.3844 	INFO 	keyboard.Keyboard is using iohub backend.
49.3844 	EXP 	bci_racingteam: status = STARTED
49.3850 	EXP 	window1: mouseVisible = False
50.0742 	EXP 	Created text_pre_run = TextStim(__class__=<class 'psychopy.visual.text.TextStim'>, alignHoriz=method-wrapper(...), alignText='center', alignVert=method-wrapper(...), anchorHoriz='center', anchorVert='center', antialias=True, autoDraw=False, autoLog=True, bold=False, color=array([1., 1., 1.]), colorSpace='rgb', contrast=1.0, depth=0.0, draggable=False, flipHoriz=False, flipVert=False, font='Open Sans', fontFiles=[], height=0.05, italic=False, languageStyle='LTR', name='text_pre_run', opacity=1.0, ori=0.0, pos=array([0., 0.]), rgb=UNKNOWN, text='Start\n', units='height', win=Window(...), wrapWidth=1)
50.0746 	EXP 	window1: mouseVisible = False
50.0871 	EXP 	Created hor_line_precue = Line(__class__=<class 'psychopy.visual.line.Line'>, anchor=('center', 'center'), autoDraw=False, autoLog=True, closeShape=False, color=array([1., 1., 1.]), colorSpace='rgb', contrast=None, depth=0.0, draggable=False, fillColor=array([0, 0, 0]), fillColorSpace='rgb', fillRGB=array([0, 0, 0]), interpolate=True, lineColor=array([1., 1., 1.]), lineColorSpace='rgb', lineRGB=array([1, 1, 1]), lineWidth=5.0, name='hor_line_precue', opacity=0.5, ori=0.0, pos=array([0., 0.]), size=array([1., 1.]), units='height', vertices=ndarray(...), win=Window(...), windingRule=None)
50.0876 	EXP 	window1: mouseVisible = False
50.0994 	EXP 	Created ver_line_precue = Line(__class__=<class 'psychopy.visual.line.Line'>, anchor=('center', 'center'), autoDraw=False, autoLog=True, closeShape=False, color=array([1., 1., 1.]), colorSpace='rgb', contrast=None, depth=-1.0, draggable=False, fillColor=array([0, 0, 0]), fillColorSpace='rgb', fillRGB=array([0, 0, 0]), interpolate=True, lineColor=array([1., 1., 1.]), lineColorSpace='rgb', lineRGB=array([1, 1, 1]), lineWidth=5.0, name='ver_line_precue', opacity=0.5, ori=90.0, pos=array([0., 0.]), size=array([1., 1.]), units='height', vertices=ndarray(...), win=Window(...), windingRule=None)
50.0999 	EXP 	window1: mouseVisible = False
50.1123 	EXP 	Created hor_line_cue = Line(__class__=<class 'psychopy.visual.line.Line'>, anchor=('center', 'center'), autoDraw=False, autoLog=True, closeShape=False, color=array([1., 1., 1.]), colorSpace='rgb', contrast=None, depth=0.0, draggable=False, fillColor=array([0, 0, 0]), fillColorSpace='rgb', fillRGB=array([0, 0, 0]), interpolate=True, lineColor=array([1., 1., 1.]), lineColorSpace='rgb', lineRGB=array([1, 1, 1]), lineWidth=5.0, name='hor_line_cue', opacity=0.5, ori=0.0, pos=array([0., 0.]), size=array([1., 1.]), units='height', vertices=ndarray(...), win=Window(...), windingRule=None)
50.1128 	EXP 	window1: mouseVisible = False
50.1241 	EXP 	Created ver_line_cue = Line(__class__=<class 'psychopy.visual.line.Line'>, anchor=('center', 'center'), autoDraw=False, autoLog=True, closeShape=False, color=array([1., 1., 1.]), colorSpace='rgb', contrast=None, depth=-1.0, draggable=False, fillColor=array([0, 0, 0]), fillColorSpace='rgb', fillRGB=array([0, 0, 0]), interpolate=True, lineColor=array([1., 1., 1.]), lineColorSpace='rgb', lineRGB=array([1, 1, 1]), lineWidth=5.0, name='ver_line_cue', opacity=0.5, ori=90.0, pos=array([0., 0.]), size=array([1., 1.]), units='height', vertices=ndarray(...), win=Window(...), windingRule=None)
50.1244 	EXP 	window1: mouseVisible = False
50.1541 	EXP 	Created image_cue = ImageStim(__class__=<class 'psychopy.visual.image.ImageStim'>, anchor=('center', 'center'), autoLog=True, color=array([1., 1., 1.]), colorSpace='rgb', contrast=1.0, depth=-2.0, draggable=False, flipHoriz=False, flipVert=False, image='default.png', interpolate=True, mask=None, maskParams=None, name='image_cue', opacity=1.0, ori=0.0, pos=array([0., 0.]), size=array([0.15, 0.15]), texRes=128.0, units='height', win=Window(...))
50.1543 	EXP 	window1: mouseVisible = False
50.1647 	EXP 	Created image_mi = ImageStim(__class__=<class 'psychopy.visual.image.ImageStim'>, anchor=('center', 'center'), autoLog=True, color=array([1., 1., 1.]), colorSpace='rgb', contrast=1.0, depth=0.0, draggable=False, flipHoriz=False, flipVert=False, image='default.png', interpolate=True, mask=None, maskParams=None, name='image_mi', opacity=1.0, ori=0.0, pos=array([0., 0.]), size=array([0.5, 0.5]), texRes=128.0, units='height', win=Window(...))
50.1650 	EXP 	window1: mouseVisible = False
50.1710 	EXP 	Created text_pause = TextStim(__class__=<class 'psychopy.visual.text.TextStim'>, alignHoriz=method-wrapper(...), alignText='center', alignVert=method-wrapper(...), anchorHoriz='center', anchorVert='center', antialias=True, autoDraw=False, autoLog=True, bold=False, color=array([1., 1., 1.]), colorSpace='rgb', contrast=1.0, depth=0.0, draggable=False, flipHoriz=False, flipVert=False, font='Open Sans', fontFiles=[], height=0.05, italic=False, languageStyle='LTR', name='text_pause', opacity=1.0, ori=0.0, pos=array([0., 0.]), rgb=UNKNOWN, text='', units='height', win=Window(...), wrapWidth=1)
50.1713 	EXP 	window1: mouseVisible = False
50.1890 	EXP 	Created text_post_run = TextStim(__class__=<class 'psychopy.visual.text.TextStim'>, alignHoriz=method-wrapper(...), alignText='center', alignVert=method-wrapper(...), anchorHoriz='center', anchorVert='center', antialias=True, autoDraw=False, autoLog=True, bold=False, color=array([1., 1., 1.]), colorSpace='rgb', contrast=1.0, depth=0.0, draggable=False, flipHoriz=False, flipVert=False, font='Open Sans', fontFiles=[], height=0.05, italic=False, languageStyle='LTR', name='text_post_run', opacity=1.0, ori=0.0, pos=array([0., 0.]), rgb=UNKNOWN, text='End\n', units='height', win=Window(...), wrapWidth=1)
0.0681 	INFO 	Keyboard events cleared
0.0673 	EXP 	text_pre_run: autoDraw = True
3.5827 	DEBUG 	Read excel file with openpyxl: classes.xlsx
3.5832 	EXP 	Imported classes.xlsx as conditions, 2 conditions, 2 params
3.5844 	EXP 	Created sequence: fullRandom, trialTypes=2, nReps=2, seed=None
3.5850 	EXP 	New trial (rep=0, index=0): {'pic_name': 'pics/hand.png', 'class_mi': 'hand'}
3.5918 	DATA 	Keypress: space
3.6148 	EXP 	text_pre_run: autoDraw = False
3.6148 	EXP 	hor_line_precue: autoDraw = True
3.6148 	EXP 	ver_line_precue: autoDraw = True
4.1905 	EXP 	hor_line_precue: autoDraw = False
4.1905 	EXP 	ver_line_precue: autoDraw = False
4.1905 	EXP 	hor_line_precue: autoDraw = False
4.1905 	EXP 	ver_line_precue: autoDraw = False
4.1905 	EXP 	image_cue: image = 'pics/hand.png'
4.1905 	EXP 	hor_line_cue: autoDraw = True
4.1905 	EXP 	ver_line_cue: autoDraw = True
4.1905 	EXP 	image_cue: autoDraw = True
5.2445 	EXP 	hor_line_cue: autoDraw = False
5.2445 	EXP 	ver_line_cue: autoDraw = False
5.2445 	EXP 	image_cue: autoDraw = False
5.2445 	EXP 	hor_line_cue: autoDraw = False
5.2445 	EXP 	ver_line_cue: autoDraw = False
5.2445 	EXP 	image_cue: autoDraw = False
5.2445 	EXP 	image_mi: image = 'pics/hand.png'
5.2445 	EXP 	image_mi: autoDraw = True
7.2481 	EXP 	image_mi: autoDraw = False
7.2481 	EXP 	image_mi: autoDraw = False
7.2481 	EXP 	text_pause: autoDraw = True
11.2432 	EXP 	New trial (rep=0, index=1): {'pic_name': 'pics/foot.png', 'class_mi': 'foot'}
11.2637 	EXP 	text_pause: autoDraw = False
11.2637 	EXP 	text_pause: autoDraw = False
11.2637 	EXP 	hor_line_precue: autoDraw = True
11.2637 	EXP 	ver_line_precue: autoDraw = True
11.8502 	EXP 	hor_line_precue: autoDraw = False
11.8502 	EXP 	ver_line_precue: autoDraw = False
11.8502 	EXP 	hor_line_precue: autoDraw = False
11.8502 	EXP 	ver_line_precue: autoDraw = False
11.8502 	EXP 	image_cue: image = 'pics/foot.png'
11.8502 	EXP 	hor_line_cue: autoDraw = True
11.8502 	EXP 	ver_line_cue: autoDraw = True
11.8502 	EXP 	image_cue: autoDraw = True
12.9173 	EXP 	hor_line_cue: autoDraw = False
12.9173 	EXP 	ver_line_cue: autoDraw = False
12.9173 	EXP 	image_cue: autoDraw = False
12.9173 	EXP 	hor_line_cue: autoDraw = False
12.9173 	EXP 	ver_line_cue: autoDraw = False
12.9173 	EXP 	image_cue: autoDraw = False
12.9173 	EXP 	image_mi: image = 'pics/foot.png'
12.9173 	EXP 	image_mi: autoDraw = True
14.9315 	EXP 	image_mi: autoDraw = False
14.9315 	EXP 	image_mi: autoDraw = False
14.9315 	EXP 	text_pause: autoDraw = True
18.9420 	EXP 	New trial (rep=1, index=0): {'pic_name': 'pics/hand.png', 'class_mi': 'hand'}
18.9635 	EXP 	text_pause: autoDraw = False
18.9635 	EXP 	text_pause: autoDraw = False
18.9635 	EXP 	hor_line_precue: autoDraw = True
18.9635 	EXP 	ver_line_precue: autoDraw = True
19.5128 	EXP 	hor_line_precue: autoDraw = False
19.5128 	EXP 	ver_line_precue: autoDraw = False
19.5128 	EXP 	hor_line_precue: autoDraw = False
19.5128 	EXP 	ver_line_precue: autoDraw = False
19.5128 	EXP 	image_cue: image = 'pics/hand.png'
19.5128 	EXP 	hor_line_cue: autoDraw = True
19.5128 	EXP 	ver_line_cue: autoDraw = True
19.5128 	EXP 	image_cue: autoDraw = True
20.5592 	EXP 	hor_line_cue: autoDraw = False
20.5592 	EXP 	ver_line_cue: autoDraw = False
20.5592 	EXP 	image_cue: autoDraw = False
20.5592 	EXP 	hor_line_cue: autoDraw = False
20.5592 	EXP 	ver_line_cue: autoDraw = False
20.5592 	EXP 	image_cue: autoDraw = False
20.5592 	EXP 	image_mi: image = 'pics/hand.png'
20.5592 	EXP 	image_mi: autoDraw = True
22.5800 	EXP 	image_mi: autoDraw = False
22.5800 	EXP 	image_mi: autoDraw = False
22.5800 	EXP 	text_pause: autoDraw = True
26.5729 	EXP 	New trial (rep=1, index=1): {'pic_name': 'pics/foot.png', 'class_mi': 'foot'}
26.5965 	EXP 	text_pause: autoDraw = False
26.5965 	EXP 	text_pause: autoDraw = False
26.5965 	EXP 	hor_line_precue: autoDraw = True
26.5965 	EXP 	ver_line_precue: autoDraw = True
27.1549 	EXP 	hor_line_precue: autoDraw = False
27.1549 	EXP 	ver_line_precue: autoDraw = False
27.1549 	EXP 	hor_line_precue: autoDraw = False
27.1549 	EXP 	ver_line_precue: autoDraw = False
27.1549 	EXP 	image_cue: image = 'pics/foot.png'
27.1549 	EXP 	hor_line_cue: autoDraw = True
27.1549 	EXP 	ver_line_cue: autoDraw = True
27.1549 	EXP 	image_cue: autoDraw = True
28.2147 	EXP 	hor_line_cue: autoDraw = False
28.2147 	EXP 	ver_line_cue: autoDraw = False
28.2147 	EXP 	image_cue: autoDraw = False
28.2147 	EXP 	hor_line_cue: autoDraw = False
28.2147 	EXP 	ver_line_cue: autoDraw = False
28.2147 	EXP 	image_cue: autoDraw = False
28.2147 	EXP 	image_mi: image = 'pics/foot.png'
28.2147 	EXP 	image_mi: autoDraw = True
30.2299 	EXP 	image_mi: autoDraw = False
30.2299 	EXP 	image_mi: autoDraw = False
30.2299 	EXP 	text_pause: autoDraw = True
34.2471 	INFO 	Keyboard events cleared
34.2464 	EXP 	text_pause: autoDraw = False
34.2464 	EXP 	text_pause: autoDraw = False
34.2464 	EXP 	text_post_run: autoDraw = True
36.7309 	DATA 	Mouse: Left button down, pos=(581,346)
36.8781 	DATA 	Mouse:  Left button up, pos=(581,346)
37.2724 	DATA 	Keypress: space
37.2806 	EXP 	text_post_run: autoDraw = False
37.2887 	EXP 	bci_racingteam: status = STOPPED
37.3012 	INFO 	saved data to 'C:\\Users\\Mirage91\\Documents\\paradigm\\data/338189_bci_racingteam_2024-06-07_10h10.48.268.csv'
37.3032 	INFO 	saved data to C:\Users\Mirage91\Documents\paradigm\data/338189_bci_racingteam_2024-06-07_10h10.48.268.psydat
37.3734 	EXP 	window1: mouseVisible = True
37.9398 	DEBUG 	Saving data for bci_racingteam ExperimentHandler
