10.3366 	WARNING 	User requested fullscreen with size [1280  720], but screen is actually [1920, 1080]. Using actual size
11.0341 	EXP 	Created window1 = Window(allowGUI=True, allowStencil=False, autoLog=True, backendConf=UNKNOWN, backgroundFit=<method-wrapper '__getattribute__' of attributeSetter object at 0x000002B007FC4B80>, backgroundImage=<method-wrapper '__getattribute__' of attributeSetter object at 0x000002B007FC4B20>, bitsMode=UNKNOWN, blendMode='avg', bpc=(8, 8, 8), color=array([0, 0, 0]), colorSpace='rgb', depthBits=8, fullscr=<method-wrapper '__getattribute__' of attributeSetter object at 0x000002B007FC4970>, gamma=None, gammaErrorPolicy='raise', infoMsg=UNKNOWN, lms=UNKNOWN, monitor=<psychopy.monitors.calibTools.Monitor object at 0x000002B0083883D0>, multiSample=False, name='window1', numSamples=2, pos=[0.0, 0.0], screen=0, size=array([1920, 1080]), stencilBits=0, stereo=False, title='PsychoPy', units='height', useFBO=True, useRetina=False, viewOri=0.0, viewPos=None, viewScale=None, waitBlanking=True, winType='pyglet')
11.0347 	EXP 	window1: mouseVisible = True
11.0348 	EXP 	window1: backgroundImage = ''
11.0348 	EXP 	window1: backgroundFit = 'none'
11.0356 	EXP 	window1: mouseVisible = True
11.0364 	EXP 	window1: mouseVisible = True
11.0430 	EXP 	window1: mouseVisible = True
11.0453 	EXP 	window1: mouseVisible = True
11.1857 	EXP 	window1: mouseVisible = True
11.1865 	EXP 	window1: mouseVisible = True
11.1892 	EXP 	window1: mouseVisible = True
11.1913 	EXP 	window1: mouseVisible = True
11.2320 	EXP 	window1: Attempting to measure frame rate of screen (0) ...
11.2321 	EXP 	window1: recordFrameIntervals = False
11.5212 	EXP 	window1: recordFrameIntervals = True
11.7048 	EXP 	Screen (0) actual frame rate measured at 60.00Hz
11.7049 	EXP 	window1: recordFrameIntervals = False
11.7052 	EXP 	window1: mouseVisible = False
15.6277 	EXP 	bci_racingteam: status = STARTED
15.6289 	EXP 	window1: mouseVisible = True
15.7536 	EXP 	Created text_pre_run = TextStim(__class__=<class 'psychopy.visual.text.TextStim'>, alignHoriz=method-wrapper(...), alignText='center', alignVert=method-wrapper(...), anchorHoriz='center', anchorVert='center', antialias=True, autoDraw=False, autoLog=True, bold=False, color=array([1., 1., 1.]), colorSpace='rgb', contrast=1.0, depth=0.0, draggable=False, flipHoriz=False, flipVert=False, font='Open Sans', fontFiles=[], height=0.05, italic=False, languageStyle='LTR', name='text_pre_run', opacity=1.0, ori=0.0, pos=array([0., 0.]), rgb=UNKNOWN, text='Press any key to start ...', units='height', win=Window(...), wrapWidth=1)
15.7540 	EXP 	window1: mouseVisible = True
15.7625 	EXP 	Created hor_line_precue = Line(__class__=<class 'psychopy.visual.line.Line'>, anchor=('center', 'center'), autoDraw=False, autoLog=True, closeShape=False, color=array([1., 1., 1.]), colorSpace='rgb', contrast=None, depth=0.0, draggable=False, fillColor=array([0, 0, 0]), fillColorSpace='rgb', fillRGB=array([0, 0, 0]), interpolate=True, lineColor=array([1., 1., 1.]), lineColorSpace='rgb', lineRGB=array([1, 1, 1]), lineWidth=5.0, name='hor_line_precue', opacity=0.5, ori=0.0, pos=array([0., 0.]), size=array([1., 1.]), units='height', vertices=ndarray(...), win=Window(...), windingRule=None)
15.7630 	EXP 	window1: mouseVisible = True
15.7713 	EXP 	Created ver_line_precue = Line(__class__=<class 'psychopy.visual.line.Line'>, anchor=('center', 'center'), autoDraw=False, autoLog=True, closeShape=False, color=array([1., 1., 1.]), colorSpace='rgb', contrast=None, depth=-1.0, draggable=False, fillColor=array([0, 0, 0]), fillColorSpace='rgb', fillRGB=array([0, 0, 0]), interpolate=True, lineColor=array([1., 1., 1.]), lineColorSpace='rgb', lineRGB=array([1, 1, 1]), lineWidth=5.0, name='ver_line_precue', opacity=0.5, ori=90.0, pos=array([0., 0.]), size=array([1., 1.]), units='height', vertices=ndarray(...), win=Window(...), windingRule=None)
15.7717 	EXP 	window1: mouseVisible = True
15.7808 	EXP 	Created hor_line_cue = Line(__class__=<class 'psychopy.visual.line.Line'>, anchor=('center', 'center'), autoDraw=False, autoLog=True, closeShape=False, color=array([1., 1., 1.]), colorSpace='rgb', contrast=None, depth=0.0, draggable=False, fillColor=array([0, 0, 0]), fillColorSpace='rgb', fillRGB=array([0, 0, 0]), interpolate=True, lineColor=array([1., 1., 1.]), lineColorSpace='rgb', lineRGB=array([1, 1, 1]), lineWidth=5.0, name='hor_line_cue', opacity=0.5, ori=0.0, pos=array([0., 0.]), size=array([1., 1.]), units='height', vertices=ndarray(...), win=Window(...), windingRule=None)
15.7812 	EXP 	window1: mouseVisible = True
15.7896 	EXP 	Created ver_line_cue = Line(__class__=<class 'psychopy.visual.line.Line'>, anchor=('center', 'center'), autoDraw=False, autoLog=True, closeShape=False, color=array([1., 1., 1.]), colorSpace='rgb', contrast=None, depth=-1.0, draggable=False, fillColor=array([0, 0, 0]), fillColorSpace='rgb', fillRGB=array([0, 0, 0]), interpolate=True, lineColor=array([1., 1., 1.]), lineColorSpace='rgb', lineRGB=array([1, 1, 1]), lineWidth=5.0, name='ver_line_cue', opacity=0.5, ori=90.0, pos=array([0., 0.]), size=array([1., 1.]), units='height', vertices=ndarray(...), win=Window(...), windingRule=None)
15.7900 	EXP 	window1: mouseVisible = True
15.8023 	EXP 	Created image_cue = ImageStim(__class__=<class 'psychopy.visual.image.ImageStim'>, anchor=('center', 'center'), autoLog=True, color=array([1., 1., 1.]), colorSpace='rgb', contrast=1.0, depth=-2.0, draggable=False, flipHoriz=False, flipVert=False, image='default.png', interpolate=True, mask=None, maskParams=None, name='image_cue', opacity=1.0, ori=0.0, pos=array([0., 0.]), size=array([0.15, 0.15]), texRes=128.0, units='height', win=Window(...))
15.8026 	EXP 	window1: mouseVisible = True
15.8132 	EXP 	Created image_mi = ImageStim(__class__=<class 'psychopy.visual.image.ImageStim'>, anchor=('center', 'center'), autoLog=True, color=array([1., 1., 1.]), colorSpace='rgb', contrast=1.0, depth=0.0, draggable=False, flipHoriz=False, flipVert=False, image='default.png', interpolate=True, mask=None, maskParams=None, name='image_mi', opacity=1.0, ori=0.0, pos=array([0., 0.]), size=array([0.5, 0.5]), texRes=128.0, units='height', win=Window(...))
15.8136 	EXP 	window1: mouseVisible = True
15.8186 	EXP 	Created text_pause = TextStim(__class__=<class 'psychopy.visual.text.TextStim'>, alignHoriz=method-wrapper(...), alignText='center', alignVert=method-wrapper(...), anchorHoriz='center', anchorVert='center', antialias=True, autoDraw=False, autoLog=True, bold=False, color=array([1., 1., 1.]), colorSpace='rgb', contrast=1.0, depth=0.0, draggable=False, flipHoriz=False, flipVert=False, font='Open Sans', fontFiles=[], height=0.05, italic=False, languageStyle='LTR', name='text_pause', opacity=1.0, ori=0.0, pos=array([0., 0.]), rgb=UNKNOWN, text='', units='height', win=Window(...), wrapWidth=1)
15.8189 	EXP 	window1: mouseVisible = True
15.8342 	EXP 	Created text_post_run = TextStim(__class__=<class 'psychopy.visual.text.TextStim'>, alignHoriz=method-wrapper(...), alignText='center', alignVert=method-wrapper(...), anchorHoriz='center', anchorVert='center', antialias=True, autoDraw=False, autoLog=True, bold=False, color=array([1., 1., 1.]), colorSpace='rgb', contrast=1.0, depth=0.0, draggable=False, flipHoriz=False, flipVert=False, font='Open Sans', fontFiles=[], height=0.05, italic=False, languageStyle='LTR', name='text_post_run', opacity=1.0, ori=0.0, pos=array([0., 0.]), rgb=UNKNOWN, text='End\n', units='height', win=Window(...), wrapWidth=1)
0.0533 	EXP 	text_pre_run: autoDraw = True
6.2248 	EXP 	Imported classes.xlsx as conditions, 2 conditions, 2 params
6.2258 	EXP 	Created sequence: fullRandom, trialTypes=2, nReps=2, seed=None
6.2263 	EXP 	New trial (rep=0, index=0): {'pic_name': 'pics/hand.png', 'class_mi': 'hand'}
6.2322 	DATA 	Keypress: space
6.2536 	EXP 	text_pre_run: autoDraw = False
6.2536 	EXP 	hor_line_precue: autoDraw = True
6.2536 	EXP 	ver_line_precue: autoDraw = True
7.3197 	EXP 	hor_line_precue: autoDraw = False
7.3197 	EXP 	ver_line_precue: autoDraw = False
7.3197 	EXP 	hor_line_precue: autoDraw = False
7.3197 	EXP 	ver_line_precue: autoDraw = False
7.3197 	EXP 	image_cue: image = 'pics/hand.png'
7.3197 	EXP 	hor_line_cue: autoDraw = True
7.3197 	EXP 	ver_line_cue: autoDraw = True
7.3197 	EXP 	image_cue: autoDraw = True
8.3697 	EXP 	hor_line_cue: autoDraw = False
8.3697 	EXP 	ver_line_cue: autoDraw = False
8.3697 	EXP 	image_cue: autoDraw = False
8.3697 	EXP 	hor_line_cue: autoDraw = False
8.3697 	EXP 	ver_line_cue: autoDraw = False
8.3697 	EXP 	image_cue: autoDraw = False
8.3697 	EXP 	image_mi: image = 'pics/hand.png'
8.3697 	EXP 	image_mi: autoDraw = True
12.3695 	EXP 	image_mi: autoDraw = False
12.3695 	EXP 	image_mi: autoDraw = False
12.3695 	EXP 	text_pause: autoDraw = True
16.3544 	EXP 	New trial (rep=0, index=1): {'pic_name': 'pics/foot.png', 'class_mi': 'foot'}
16.3694 	EXP 	text_pause: autoDraw = False
16.3694 	EXP 	text_pause: autoDraw = False
16.3694 	EXP 	hor_line_precue: autoDraw = True
16.3694 	EXP 	ver_line_precue: autoDraw = True
17.4194 	EXP 	hor_line_precue: autoDraw = False
17.4194 	EXP 	ver_line_precue: autoDraw = False
17.4194 	EXP 	hor_line_precue: autoDraw = False
17.4194 	EXP 	ver_line_precue: autoDraw = False
17.4194 	EXP 	image_cue: image = 'pics/foot.png'
17.4194 	EXP 	hor_line_cue: autoDraw = True
17.4194 	EXP 	ver_line_cue: autoDraw = True
17.4194 	EXP 	image_cue: autoDraw = True
18.4694 	EXP 	hor_line_cue: autoDraw = False
18.4694 	EXP 	ver_line_cue: autoDraw = False
18.4694 	EXP 	image_cue: autoDraw = False
18.4694 	EXP 	hor_line_cue: autoDraw = False
18.4694 	EXP 	ver_line_cue: autoDraw = False
18.4694 	EXP 	image_cue: autoDraw = False
18.4694 	EXP 	image_mi: image = 'pics/foot.png'
18.4694 	EXP 	image_mi: autoDraw = True
18.5217 	DATA 	Keypress: escape
18.6038 	EXP 	bci_racingteam: status = STOPPED
18.6194 	EXP 	image_mi: autoDraw = False
18.6195 	EXP 	bci_racingteam: status = STOPPED
18.7779 	EXP 	window1: mouseVisible = True
