9.3906 	EXP 	Created window1 = Window(allowGUI=True, allowStencil=False, autoLog=True, backendConf=UNKNOWN, backgroundFit=<method-wrapper '__getattribute__' of attributeSetter object at 0x0000028DF7AA8400>, backgroundImage=<method-wrapper '__getattribute__' of attributeSetter object at 0x0000028DF7AA8700>, bitsMode=UNKNOWN, blendMode='avg', bpc=(8, 8, 8), color=array([0, 0, 0]), colorSpace='rgb', depthBits=8, fullscr=<method-wrapper '__getattribute__' of attributeSetter object at 0x0000028DF7AA8520>, gamma=None, gammaErrorPolicy='raise', infoMsg=UNKNOWN, lms=UNKNOWN, monitor=<psychopy.monitors.calibTools.Monitor object at 0x0000028DF7F67FA0>, multiSample=False, name='window1', numSamples=2, pos=[0.0, 0.0], screen=1, size=array([1920, 1080]), stencilBits=0, stereo=False, title='PsychoPy', units='height', useFBO=True, useRetina=False, viewOri=0.0, viewPos=None, viewScale=None, waitBlanking=True, winType='pyglet')
9.3908 	EXP 	window1: backgroundImage = ''
9.3908 	EXP 	window1: backgroundFit = 'none'
9.3912 	EXP 	window1: mouseVisible = <method-wrapper '__getattribute__' of attributeSetter object at 0x0000028DF7AA8820>
9.3918 	EXP 	window1: mouseVisible = <method-wrapper '__getattribute__' of attributeSetter object at 0x0000028DF7AA8820>
9.3974 	EXP 	window1: mouseVisible = <method-wrapper '__getattribute__' of attributeSetter object at 0x0000028DF7AA8820>
9.3996 	EXP 	window1: mouseVisible = <method-wrapper '__getattribute__' of attributeSetter object at 0x0000028DF7AA8820>
9.5131 	EXP 	window1: mouseVisible = <method-wrapper '__getattribute__' of attributeSetter object at 0x0000028DF7AA8820>
9.5133 	EXP 	window1: mouseVisible = <method-wrapper '__getattribute__' of attributeSetter object at 0x0000028DF7AA8820>
9.5146 	EXP 	window1: mouseVisible = <method-wrapper '__getattribute__' of attributeSetter object at 0x0000028DF7AA8820>
9.5157 	EXP 	window1: mouseVisible = <method-wrapper '__getattribute__' of attributeSetter object at 0x0000028DF7AA8820>
9.5402 	EXP 	window1: Attempting to measure frame rate of screen (1) ...
9.5402 	EXP 	window1: recordFrameIntervals = False
9.8912 	EXP 	window1: recordFrameIntervals = True
10.0748 	EXP 	Screen (1) actual frame rate measured at 59.90Hz
10.0748 	EXP 	window1: recordFrameIntervals = False
10.0749 	EXP 	window1: mouseVisible = False
15.3642 	EXP 	online_paradigm: status = STARTED
15.3648 	EXP 	window1: mouseVisible = False
15.4787 	EXP 	Created text_pre_block = TextStim(__class__=<class 'psychopy.visual.text.TextStim'>, alignHoriz=method-wrapper(...), alignText='center', alignVert=method-wrapper(...), anchorHoriz='center', anchorVert='center', antialias=True, autoDraw=False, autoLog=True, bold=False, color=array([1., 1., 1.]), colorSpace='rgb', contrast=1.0, depth=0.0, draggable=False, flipHoriz=False, flipVert=False, font='Open Sans', fontFiles=[], height=0.05, italic=False, languageStyle='LTR', name='text_pre_block', opacity=1.0, ori=0.0, pos=array([0., 0.]), rgb=UNKNOWN, text='Press space to start online measurement\n', units='height', win=Window(...), wrapWidth=1)
15.4789 	EXP 	window1: mouseVisible = False
15.4819 	EXP 	Created text_2 = TextStim(__class__=<class 'psychopy.visual.text.TextStim'>, alignHoriz=method-wrapper(...), alignText='center', alignVert=method-wrapper(...), anchorHoriz='center', anchorVert='center', antialias=True, autoDraw=False, autoLog=True, bold=False, color=array([1., 1., 1.]), colorSpace='rgb', contrast=1.0, depth=0.0, draggable=False, flipHoriz=False, flipVert=False, font='Arial', fontFiles=[], height=0.05, italic=False, languageStyle='LTR', name='text_2', opacity=1.0, ori=0.0, pos=array([0., 0.]), rgb=UNKNOWN, text='', units='height', win=Window(...), wrapWidth=1)
15.4821 	EXP 	window1: mouseVisible = False
15.4861 	EXP 	Created hor_line_precue = Line(__class__=<class 'psychopy.visual.line.Line'>, anchor=('center', 'center'), autoDraw=False, autoLog=True, closeShape=False, color=array([1., 1., 1.]), colorSpace='rgb', contrast=None, depth=0.0, draggable=False, fillColor=array([0, 0, 0]), fillColorSpace='rgb', fillRGB=array([0, 0, 0]), interpolate=True, lineColor=array([1., 1., 1.]), lineColorSpace='rgb', lineRGB=array([1, 1, 1]), lineWidth=5.0, name='hor_line_precue', opacity=0.5, ori=0.0, pos=array([0., 0.]), size=array([1., 1.]), units='height', vertices=ndarray(...), win=Window(...), windingRule=None)
15.4864 	EXP 	window1: mouseVisible = False
15.4911 	EXP 	Created ver_line_precue = Line(__class__=<class 'psychopy.visual.line.Line'>, anchor=('center', 'center'), autoDraw=False, autoLog=True, closeShape=False, color=array([1., 1., 1.]), colorSpace='rgb', contrast=None, depth=-1.0, draggable=False, fillColor=array([0, 0, 0]), fillColorSpace='rgb', fillRGB=array([0, 0, 0]), interpolate=True, lineColor=array([1., 1., 1.]), lineColorSpace='rgb', lineRGB=array([1, 1, 1]), lineWidth=5.0, name='ver_line_precue', opacity=0.5, ori=90.0, pos=array([0., 0.]), size=array([1., 1.]), units='height', vertices=ndarray(...), win=Window(...), windingRule=None)
15.4913 	EXP 	window1: mouseVisible = False
15.4977 	EXP 	Created image_mi = ImageStim(__class__=<class 'psychopy.visual.image.ImageStim'>, anchor=('center', 'center'), autoLog=True, color=array([1., 1., 1.]), colorSpace='rgb', contrast=1.0, depth=0.0, draggable=False, flipHoriz=False, flipVert=False, image='default.png', interpolate=True, mask=None, maskParams=None, name='image_mi', opacity=1.0, ori=0.0, pos=array([0., 0.]), size=array([0.5, 0.5]), texRes=128.0, units='height', win=Window(...))
15.4979 	EXP 	window1: mouseVisible = False
15.5004 	EXP 	Created polygon = Rect(__class__=<class 'psychopy.visual.rect.Rect'>, anchor=('left', 'center'), autoDraw=False, autoLog=True, closeShape=True, color=method-wrapper(...), colorSpace='rgb', contrast=None, depth=-2.0, draggable=False, fillColor=array([-1.    , -1.    ,  0.0902]), fillColorSpace='rgb', fillRGB=array([-1.    , -1.    ,  0.0902]), interpolate=True, lineColor=array([1., 1., 1.]), lineColorSpace='rgb', lineRGB=array([1, 1, 1]), lineWidth=1.0, name='polygon', opacity=1.0, ori=0.0, pos=array([-0.5,  0.3]), size=array([1., 1.]), units='height', vertices=ndarray(...), win=Window(...))
15.5006 	EXP 	window1: mouseVisible = False
15.5032 	EXP 	Created polygon_2 = Rect(__class__=<class 'psychopy.visual.rect.Rect'>, anchor=('left', 'center'), autoDraw=False, autoLog=True, closeShape=True, color=method-wrapper(...), colorSpace='rgb', contrast=None, depth=-3.0, draggable=False, fillColor=array([ 0.6471, -0.1765, -0.7647]), fillColorSpace='rgb', fillRGB=array([ 0.6471, -0.1765, -0.7647]), interpolate=True, lineColor=array([1., 1., 1.]), lineColorSpace='rgb', lineRGB=array([1, 1, 1]), lineWidth=1.0, name='polygon_2', opacity=1.0, ori=0.0, pos=array([0., 0.]), size=array([1., 1.]), units='height', vertices=ndarray(...), win=Window(...))
15.5034 	EXP 	window1: mouseVisible = False
15.5064 	EXP 	Created polygon_3 = Rect(__class__=<class 'psychopy.visual.rect.Rect'>, anchor=('left', 'center'), autoDraw=False, autoLog=True, closeShape=True, color=method-wrapper(...), colorSpace='rgb', contrast=None, depth=-4.0, draggable=False, fillColor=array([ 0.3961, -0.7333, -0.7333]), fillColorSpace='rgb', fillRGB=array([ 0.3961, -0.7333, -0.7333]), interpolate=True, lineColor=array([1., 1., 1.]), lineColorSpace='rgb', lineRGB=array([1, 1, 1]), lineWidth=1.0, name='polygon_3', opacity=1.0, ori=0.0, pos=array([0., 0.]), size=array([1., 1.]), units='height', vertices=ndarray(...), win=Window(...))
15.5066 	EXP 	window1: mouseVisible = False
15.5089 	EXP 	Created polygon_4 = Rect(__class__=<class 'psychopy.visual.rect.Rect'>, anchor=('left', 'center'), autoDraw=False, autoLog=True, closeShape=True, color=method-wrapper(...), colorSpace='rgb', contrast=None, depth=-5.0, draggable=False, fillColor=array([0.9608, 0.9608, 0.6471]), fillColorSpace='rgb', fillRGB=array([0.9608, 0.9608, 0.6471]), interpolate=True, lineColor=array([1., 1., 1.]), lineColorSpace='rgb', lineRGB=array([1, 1, 1]), lineWidth=1.0, name='polygon_4', opacity=1.0, ori=0.0, pos=array([0., 0.]), size=array([1., 1.]), units='height', vertices=ndarray(...), win=Window(...))
15.5091 	EXP 	window1: mouseVisible = False
15.5115 	EXP 	Created text_pause = TextStim(__class__=<class 'psychopy.visual.text.TextStim'>, alignHoriz=method-wrapper(...), alignText='center', alignVert=method-wrapper(...), anchorHoriz='center', anchorVert='center', antialias=True, autoDraw=False, autoLog=True, bold=False, color=array([1., 1., 1.]), colorSpace='rgb', contrast=1.0, depth=0.0, draggable=False, flipHoriz=False, flipVert=False, font='Open Sans', fontFiles=[], height=0.05, italic=False, languageStyle='LTR', name='text_pause', opacity=1.0, ori=0.0, pos=array([0., 0.]), rgb=UNKNOWN, text='', units='height', win=Window(...), wrapWidth=1)
15.5117 	EXP 	window1: mouseVisible = False
15.5223 	EXP 	Created text = TextStim(__class__=<class 'psychopy.visual.text.TextStim'>, alignHoriz=method-wrapper(...), alignText='center', alignVert=method-wrapper(...), anchorHoriz='center', anchorVert='center', antialias=True, autoDraw=False, autoLog=True, bold=False, color=array([1., 1., 1.]), colorSpace='rgb', contrast=1.0, depth=0.0, draggable=False, flipHoriz=False, flipVert=False, font='Arial', fontFiles=[], height=0.05, italic=False, languageStyle='LTR', name='text', opacity=1.0, ori=0.0, pos=array([0., 0.]), rgb=UNKNOWN, text='Run Finished', units='height', win=Window(...), wrapWidth=1)
15.5225 	EXP 	window1: mouseVisible = False
15.5308 	EXP 	Created text_post_run = TextStim(__class__=<class 'psychopy.visual.text.TextStim'>, alignHoriz=method-wrapper(...), alignText='center', alignVert=method-wrapper(...), anchorHoriz='center', anchorVert='center', antialias=True, autoDraw=False, autoLog=True, bold=False, color=array([1., 1., 1.]), colorSpace='rgb', contrast=1.0, depth=0.0, draggable=False, flipHoriz=False, flipVert=False, font='Open Sans', fontFiles=[], height=0.05, italic=False, languageStyle='LTR', name='text_post_run', opacity=1.0, ori=0.0, pos=array([0., 0.]), rgb=UNKNOWN, text='Block Finished. Yuhu!', units='height', win=Window(...), wrapWidth=1)
15.5310 	EXP 	window1: mouseVisible = False
15.5354 	EXP 	Created text_post_run_2 = TextStim(__class__=<class 'psychopy.visual.text.TextStim'>, alignHoriz=method-wrapper(...), alignText='center', alignVert=method-wrapper(...), anchorHoriz='center', anchorVert='center', antialias=True, autoDraw=False, autoLog=True, bold=False, color=array([1., 1., 1.]), colorSpace='rgb', contrast=1.0, depth=-1.0, draggable=False, flipHoriz=False, flipVert=False, font='Open Sans', fontFiles=[], height=0.05, italic=False, languageStyle='LTR', name='text_post_run_2', opacity=1.0, ori=0.0, pos=array([0., 0.]), rgb=UNKNOWN, text='Block Finished. Yuhu!', units='height', win=Window(...), wrapWidth=1)
0.0065 	DATA 	Keypress: lalt
0.0614 	EXP 	text_pre_block: autoDraw = True
2.7367 	DATA 	Mouse: Left button down, pos=(430,745)
2.8209 	DATA 	Mouse:  Left button up, pos=(430,745)
5.8899 	EXP 	Created sequence: random, trialTypes=1, nReps=4, seed=None
5.8903 	EXP 	New trial (rep=0, index=0): None
5.8926 	DATA 	Keypress: space
5.9004 	EXP 	text_pre_block: autoDraw = False
5.9004 	EXP 	text_2: autoDraw = True
8.8974 	EXP 	Imported classes.csv as conditions, 4 conditions, 2 params
8.8981 	EXP 	Created sequence: fullRandom, trialTypes=4, nReps=5, seed=None
8.8985 	EXP 	New trial (rep=0, index=0): OrderedDict([('pic_name', 'pics/feet.JPG'), ('class_mi', 'feet')])
8.9204 	EXP 	text_2: autoDraw = False
8.9204 	EXP 	text_2: autoDraw = False
8.9204 	EXP 	hor_line_precue: autoDraw = True
8.9204 	EXP 	ver_line_precue: autoDraw = True
10.9553 	EXP 	hor_line_precue: autoDraw = False
10.9553 	EXP 	ver_line_precue: autoDraw = False
10.9553 	EXP 	hor_line_precue: autoDraw = False
10.9553 	EXP 	ver_line_precue: autoDraw = False
10.9553 	EXP 	image_mi: image = 'pics/feet.JPG'
10.9553 	EXP 	image_mi: autoDraw = True
10.9553 	EXP 	polygon: autoDraw = True
10.9553 	EXP 	polygon_2: autoDraw = True
10.9553 	EXP 	polygon_3: autoDraw = True
10.9553 	EXP 	polygon_4: autoDraw = True
15.4599 	EXP 	image_mi: autoDraw = False
15.4599 	EXP 	polygon: autoDraw = False
15.4599 	EXP 	polygon_2: autoDraw = False
15.4599 	EXP 	polygon_3: autoDraw = False
15.4599 	EXP 	polygon_4: autoDraw = False
15.4599 	EXP 	image_mi: autoDraw = False
15.4599 	EXP 	polygon: autoDraw = False
15.4599 	EXP 	polygon_2: autoDraw = False
15.4599 	EXP 	polygon_3: autoDraw = False
15.4599 	EXP 	polygon_4: autoDraw = False
15.4599 	EXP 	text_pause: autoDraw = True
17.9473 	EXP 	New trial (rep=0, index=1): OrderedDict([('pic_name', 'pics/mental_singing.JPG'), ('class_mi', 'mental_singing')])
17.9625 	EXP 	text_pause: autoDraw = False
17.9625 	EXP 	text_pause: autoDraw = False
17.9625 	EXP 	hor_line_precue: autoDraw = True
17.9625 	EXP 	ver_line_precue: autoDraw = True
19.9811 	EXP 	hor_line_precue: autoDraw = False
19.9811 	EXP 	ver_line_precue: autoDraw = False
19.9811 	EXP 	hor_line_precue: autoDraw = False
19.9811 	EXP 	ver_line_precue: autoDraw = False
19.9811 	EXP 	image_mi: image = 'pics/mental_singing.JPG'
19.9811 	EXP 	image_mi: autoDraw = True
19.9811 	EXP 	polygon: autoDraw = True
19.9811 	EXP 	polygon_2: autoDraw = True
19.9811 	EXP 	polygon_3: autoDraw = True
19.9811 	EXP 	polygon_4: autoDraw = True
24.5023 	EXP 	image_mi: autoDraw = False
24.5023 	EXP 	polygon: autoDraw = False
24.5023 	EXP 	polygon_2: autoDraw = False
24.5023 	EXP 	polygon_3: autoDraw = False
24.5023 	EXP 	polygon_4: autoDraw = False
24.5023 	EXP 	image_mi: autoDraw = False
24.5023 	EXP 	polygon: autoDraw = False
24.5023 	EXP 	polygon_2: autoDraw = False
24.5023 	EXP 	polygon_3: autoDraw = False
24.5023 	EXP 	polygon_4: autoDraw = False
24.5023 	EXP 	text_pause: autoDraw = True
26.9896 	EXP 	New trial (rep=0, index=2): OrderedDict([('pic_name', 'pics/feet.JPG'), ('class_mi', 'feet')])
27.0046 	EXP 	text_pause: autoDraw = False
27.0046 	EXP 	text_pause: autoDraw = False
27.0046 	EXP 	hor_line_precue: autoDraw = True
27.0046 	EXP 	ver_line_precue: autoDraw = True
29.0233 	EXP 	hor_line_precue: autoDraw = False
29.0233 	EXP 	ver_line_precue: autoDraw = False
29.0233 	EXP 	hor_line_precue: autoDraw = False
29.0233 	EXP 	ver_line_precue: autoDraw = False
29.0233 	EXP 	image_mi: image = 'pics/feet.JPG'
29.0233 	EXP 	image_mi: autoDraw = True
29.0233 	EXP 	polygon: autoDraw = True
29.0233 	EXP 	polygon_2: autoDraw = True
29.0233 	EXP 	polygon_3: autoDraw = True
29.0233 	EXP 	polygon_4: autoDraw = True
33.5446 	EXP 	image_mi: autoDraw = False
33.5446 	EXP 	polygon: autoDraw = False
33.5446 	EXP 	polygon_2: autoDraw = False
33.5446 	EXP 	polygon_3: autoDraw = False
33.5446 	EXP 	polygon_4: autoDraw = False
33.5446 	EXP 	image_mi: autoDraw = False
33.5446 	EXP 	polygon: autoDraw = False
33.5446 	EXP 	polygon_2: autoDraw = False
33.5446 	EXP 	polygon_3: autoDraw = False
33.5446 	EXP 	polygon_4: autoDraw = False
33.5446 	EXP 	text_pause: autoDraw = True
36.0313 	EXP 	New trial (rep=0, index=3): OrderedDict([('pic_name', 'pics/left_hand.JPG'), ('class_mi', 'left_hand')])
36.0470 	EXP 	text_pause: autoDraw = False
36.0470 	EXP 	text_pause: autoDraw = False
36.0470 	EXP 	hor_line_precue: autoDraw = True
36.0470 	EXP 	ver_line_precue: autoDraw = True
38.0658 	EXP 	hor_line_precue: autoDraw = False
38.0658 	EXP 	ver_line_precue: autoDraw = False
38.0658 	EXP 	hor_line_precue: autoDraw = False
38.0658 	EXP 	ver_line_precue: autoDraw = False
38.0658 	EXP 	image_mi: image = 'pics/left_hand.JPG'
38.0658 	EXP 	image_mi: autoDraw = True
38.0658 	EXP 	polygon: autoDraw = True
38.0658 	EXP 	polygon_2: autoDraw = True
38.0658 	EXP 	polygon_3: autoDraw = True
38.0658 	EXP 	polygon_4: autoDraw = True
42.5701 	EXP 	image_mi: autoDraw = False
42.5701 	EXP 	polygon: autoDraw = False
42.5701 	EXP 	polygon_2: autoDraw = False
42.5701 	EXP 	polygon_3: autoDraw = False
42.5701 	EXP 	polygon_4: autoDraw = False
42.5701 	EXP 	image_mi: autoDraw = False
42.5701 	EXP 	polygon: autoDraw = False
42.5701 	EXP 	polygon_2: autoDraw = False
42.5701 	EXP 	polygon_3: autoDraw = False
42.5701 	EXP 	polygon_4: autoDraw = False
42.5701 	EXP 	text_pause: autoDraw = True
45.0576 	EXP 	New trial (rep=1, index=0): OrderedDict([('pic_name', 'pics/feet.JPG'), ('class_mi', 'feet')])
45.0727 	EXP 	text_pause: autoDraw = False
45.0727 	EXP 	text_pause: autoDraw = False
45.0727 	EXP 	hor_line_precue: autoDraw = True
45.0727 	EXP 	ver_line_precue: autoDraw = True
47.0914 	EXP 	hor_line_precue: autoDraw = False
47.0914 	EXP 	ver_line_precue: autoDraw = False
47.0914 	EXP 	hor_line_precue: autoDraw = False
47.0914 	EXP 	ver_line_precue: autoDraw = False
47.0914 	EXP 	image_mi: image = 'pics/feet.JPG'
47.0914 	EXP 	image_mi: autoDraw = True
47.0914 	EXP 	polygon: autoDraw = True
47.0914 	EXP 	polygon_2: autoDraw = True
47.0914 	EXP 	polygon_3: autoDraw = True
47.0914 	EXP 	polygon_4: autoDraw = True
51.5958 	EXP 	image_mi: autoDraw = False
51.5958 	EXP 	polygon: autoDraw = False
51.5958 	EXP 	polygon_2: autoDraw = False
51.5958 	EXP 	polygon_3: autoDraw = False
51.5958 	EXP 	polygon_4: autoDraw = False
51.5958 	EXP 	image_mi: autoDraw = False
51.5958 	EXP 	polygon: autoDraw = False
51.5958 	EXP 	polygon_2: autoDraw = False
51.5958 	EXP 	polygon_3: autoDraw = False
51.5958 	EXP 	polygon_4: autoDraw = False
51.5958 	EXP 	text_pause: autoDraw = True
54.0830 	EXP 	New trial (rep=1, index=1): OrderedDict([('pic_name', 'pics/left_hand.JPG'), ('class_mi', 'left_hand')])
54.0983 	EXP 	text_pause: autoDraw = False
54.0983 	EXP 	text_pause: autoDraw = False
54.0983 	EXP 	hor_line_precue: autoDraw = True
54.0983 	EXP 	ver_line_precue: autoDraw = True
56.1170 	EXP 	hor_line_precue: autoDraw = False
56.1170 	EXP 	ver_line_precue: autoDraw = False
56.1170 	EXP 	hor_line_precue: autoDraw = False
56.1170 	EXP 	ver_line_precue: autoDraw = False
56.1170 	EXP 	image_mi: image = 'pics/left_hand.JPG'
56.1170 	EXP 	image_mi: autoDraw = True
56.1170 	EXP 	polygon: autoDraw = True
56.1170 	EXP 	polygon_2: autoDraw = True
56.1170 	EXP 	polygon_3: autoDraw = True
56.1170 	EXP 	polygon_4: autoDraw = True
60.6214 	EXP 	image_mi: autoDraw = False
60.6214 	EXP 	polygon: autoDraw = False
60.6214 	EXP 	polygon_2: autoDraw = False
60.6214 	EXP 	polygon_3: autoDraw = False
60.6214 	EXP 	polygon_4: autoDraw = False
60.6214 	EXP 	image_mi: autoDraw = False
60.6214 	EXP 	polygon: autoDraw = False
60.6214 	EXP 	polygon_2: autoDraw = False
60.6214 	EXP 	polygon_3: autoDraw = False
60.6214 	EXP 	polygon_4: autoDraw = False
60.6214 	EXP 	text_pause: autoDraw = True
63.1088 	EXP 	New trial (rep=1, index=2): OrderedDict([('pic_name', 'pics/left_hand.JPG'), ('class_mi', 'left_hand')])
63.1240 	EXP 	text_pause: autoDraw = False
63.1240 	EXP 	text_pause: autoDraw = False
63.1240 	EXP 	hor_line_precue: autoDraw = True
63.1240 	EXP 	ver_line_precue: autoDraw = True
65.1426 	EXP 	hor_line_precue: autoDraw = False
65.1426 	EXP 	ver_line_precue: autoDraw = False
65.1426 	EXP 	hor_line_precue: autoDraw = False
65.1426 	EXP 	ver_line_precue: autoDraw = False
65.1426 	EXP 	image_mi: image = 'pics/left_hand.JPG'
65.1426 	EXP 	image_mi: autoDraw = True
65.1426 	EXP 	polygon: autoDraw = True
65.1426 	EXP 	polygon_2: autoDraw = True
65.1426 	EXP 	polygon_3: autoDraw = True
65.1426 	EXP 	polygon_4: autoDraw = True
69.6472 	EXP 	image_mi: autoDraw = False
69.6472 	EXP 	polygon: autoDraw = False
69.6472 	EXP 	polygon_2: autoDraw = False
69.6472 	EXP 	polygon_3: autoDraw = False
69.6472 	EXP 	polygon_4: autoDraw = False
69.6472 	EXP 	image_mi: autoDraw = False
69.6472 	EXP 	polygon: autoDraw = False
69.6472 	EXP 	polygon_2: autoDraw = False
69.6472 	EXP 	polygon_3: autoDraw = False
69.6472 	EXP 	polygon_4: autoDraw = False
69.6472 	EXP 	text_pause: autoDraw = True
72.1345 	EXP 	New trial (rep=1, index=3): OrderedDict([('pic_name', 'pics/mental_singing.JPG'), ('class_mi', 'mental_singing')])
72.1496 	EXP 	text_pause: autoDraw = False
72.1496 	EXP 	text_pause: autoDraw = False
72.1496 	EXP 	hor_line_precue: autoDraw = True
72.1496 	EXP 	ver_line_precue: autoDraw = True
74.1683 	EXP 	hor_line_precue: autoDraw = False
74.1683 	EXP 	ver_line_precue: autoDraw = False
74.1683 	EXP 	hor_line_precue: autoDraw = False
74.1683 	EXP 	ver_line_precue: autoDraw = False
74.1683 	EXP 	image_mi: image = 'pics/mental_singing.JPG'
74.1683 	EXP 	image_mi: autoDraw = True
74.1683 	EXP 	polygon: autoDraw = True
74.1683 	EXP 	polygon_2: autoDraw = True
74.1683 	EXP 	polygon_3: autoDraw = True
74.1683 	EXP 	polygon_4: autoDraw = True
78.6895 	EXP 	image_mi: autoDraw = False
78.6895 	EXP 	polygon: autoDraw = False
78.6895 	EXP 	polygon_2: autoDraw = False
78.6895 	EXP 	polygon_3: autoDraw = False
78.6895 	EXP 	polygon_4: autoDraw = False
78.6895 	EXP 	image_mi: autoDraw = False
78.6895 	EXP 	polygon: autoDraw = False
78.6895 	EXP 	polygon_2: autoDraw = False
78.6895 	EXP 	polygon_3: autoDraw = False
78.6895 	EXP 	polygon_4: autoDraw = False
78.6895 	EXP 	text_pause: autoDraw = True
81.1761 	EXP 	New trial (rep=2, index=0): OrderedDict([('pic_name', 'pics/left_hand.JPG'), ('class_mi', 'left_hand')])
81.1919 	EXP 	text_pause: autoDraw = False
81.1919 	EXP 	text_pause: autoDraw = False
81.1919 	EXP 	hor_line_precue: autoDraw = True
81.1919 	EXP 	ver_line_precue: autoDraw = True
83.2106 	EXP 	hor_line_precue: autoDraw = False
83.2106 	EXP 	ver_line_precue: autoDraw = False
83.2106 	EXP 	hor_line_precue: autoDraw = False
83.2106 	EXP 	ver_line_precue: autoDraw = False
83.2106 	EXP 	image_mi: image = 'pics/left_hand.JPG'
83.2106 	EXP 	image_mi: autoDraw = True
83.2106 	EXP 	polygon: autoDraw = True
83.2106 	EXP 	polygon_2: autoDraw = True
83.2106 	EXP 	polygon_3: autoDraw = True
83.2106 	EXP 	polygon_4: autoDraw = True
87.7150 	EXP 	image_mi: autoDraw = False
87.7150 	EXP 	polygon: autoDraw = False
87.7150 	EXP 	polygon_2: autoDraw = False
87.7150 	EXP 	polygon_3: autoDraw = False
87.7150 	EXP 	polygon_4: autoDraw = False
87.7150 	EXP 	image_mi: autoDraw = False
87.7150 	EXP 	polygon: autoDraw = False
87.7150 	EXP 	polygon_2: autoDraw = False
87.7150 	EXP 	polygon_3: autoDraw = False
87.7150 	EXP 	polygon_4: autoDraw = False
87.7150 	EXP 	text_pause: autoDraw = True
90.2026 	EXP 	New trial (rep=2, index=1): OrderedDict([('pic_name', 'pics/right_hand.JPG'), ('class_mi', 'right_hand')])
90.2175 	EXP 	text_pause: autoDraw = False
90.2175 	EXP 	text_pause: autoDraw = False
90.2175 	EXP 	hor_line_precue: autoDraw = True
90.2175 	EXP 	ver_line_precue: autoDraw = True
92.2359 	EXP 	hor_line_precue: autoDraw = False
92.2359 	EXP 	ver_line_precue: autoDraw = False
92.2359 	EXP 	hor_line_precue: autoDraw = False
92.2359 	EXP 	ver_line_precue: autoDraw = False
92.2359 	EXP 	image_mi: image = 'pics/right_hand.JPG'
92.2359 	EXP 	image_mi: autoDraw = True
92.2359 	EXP 	polygon: autoDraw = True
92.2359 	EXP 	polygon_2: autoDraw = True
92.2359 	EXP 	polygon_3: autoDraw = True
92.2359 	EXP 	polygon_4: autoDraw = True
96.7405 	EXP 	image_mi: autoDraw = False
96.7405 	EXP 	polygon: autoDraw = False
96.7405 	EXP 	polygon_2: autoDraw = False
96.7405 	EXP 	polygon_3: autoDraw = False
96.7405 	EXP 	polygon_4: autoDraw = False
96.7405 	EXP 	image_mi: autoDraw = False
96.7405 	EXP 	polygon: autoDraw = False
96.7405 	EXP 	polygon_2: autoDraw = False
96.7405 	EXP 	polygon_3: autoDraw = False
96.7405 	EXP 	polygon_4: autoDraw = False
96.7405 	EXP 	text_pause: autoDraw = True
99.2275 	EXP 	New trial (rep=2, index=2): OrderedDict([('pic_name', 'pics/right_hand.JPG'), ('class_mi', 'right_hand')])
99.2430 	EXP 	text_pause: autoDraw = False
99.2430 	EXP 	text_pause: autoDraw = False
99.2430 	EXP 	hor_line_precue: autoDraw = True
99.2430 	EXP 	ver_line_precue: autoDraw = True
101.2618 	EXP 	hor_line_precue: autoDraw = False
101.2618 	EXP 	ver_line_precue: autoDraw = False
101.2618 	EXP 	hor_line_precue: autoDraw = False
101.2618 	EXP 	ver_line_precue: autoDraw = False
101.2618 	EXP 	image_mi: image = 'pics/right_hand.JPG'
101.2618 	EXP 	image_mi: autoDraw = True
101.2618 	EXP 	polygon: autoDraw = True
101.2618 	EXP 	polygon_2: autoDraw = True
101.2618 	EXP 	polygon_3: autoDraw = True
101.2618 	EXP 	polygon_4: autoDraw = True
105.7829 	EXP 	image_mi: autoDraw = False
105.7829 	EXP 	polygon: autoDraw = False
105.7829 	EXP 	polygon_2: autoDraw = False
105.7829 	EXP 	polygon_3: autoDraw = False
105.7829 	EXP 	polygon_4: autoDraw = False
105.7829 	EXP 	image_mi: autoDraw = False
105.7829 	EXP 	polygon: autoDraw = False
105.7829 	EXP 	polygon_2: autoDraw = False
105.7829 	EXP 	polygon_3: autoDraw = False
105.7829 	EXP 	polygon_4: autoDraw = False
105.7829 	EXP 	text_pause: autoDraw = True
108.2701 	EXP 	New trial (rep=2, index=3): OrderedDict([('pic_name', 'pics/mental_singing.JPG'), ('class_mi', 'mental_singing')])
108.2853 	EXP 	text_pause: autoDraw = False
108.2853 	EXP 	text_pause: autoDraw = False
108.2853 	EXP 	hor_line_precue: autoDraw = True
108.2853 	EXP 	ver_line_precue: autoDraw = True
110.3039 	EXP 	hor_line_precue: autoDraw = False
110.3039 	EXP 	ver_line_precue: autoDraw = False
110.3039 	EXP 	hor_line_precue: autoDraw = False
110.3039 	EXP 	ver_line_precue: autoDraw = False
110.3039 	EXP 	image_mi: image = 'pics/mental_singing.JPG'
110.3039 	EXP 	image_mi: autoDraw = True
110.3039 	EXP 	polygon: autoDraw = True
110.3039 	EXP 	polygon_2: autoDraw = True
110.3039 	EXP 	polygon_3: autoDraw = True
110.3039 	EXP 	polygon_4: autoDraw = True
114.8085 	EXP 	image_mi: autoDraw = False
114.8085 	EXP 	polygon: autoDraw = False
114.8085 	EXP 	polygon_2: autoDraw = False
114.8085 	EXP 	polygon_3: autoDraw = False
114.8085 	EXP 	polygon_4: autoDraw = False
114.8085 	EXP 	image_mi: autoDraw = False
114.8085 	EXP 	polygon: autoDraw = False
114.8085 	EXP 	polygon_2: autoDraw = False
114.8085 	EXP 	polygon_3: autoDraw = False
114.8085 	EXP 	polygon_4: autoDraw = False
114.8085 	EXP 	text_pause: autoDraw = True
117.2952 	EXP 	New trial (rep=3, index=0): OrderedDict([('pic_name', 'pics/mental_singing.JPG'), ('class_mi', 'mental_singing')])
117.3110 	EXP 	text_pause: autoDraw = False
117.3110 	EXP 	text_pause: autoDraw = False
117.3110 	EXP 	hor_line_precue: autoDraw = True
117.3110 	EXP 	ver_line_precue: autoDraw = True
119.3297 	EXP 	hor_line_precue: autoDraw = False
119.3297 	EXP 	ver_line_precue: autoDraw = False
119.3297 	EXP 	hor_line_precue: autoDraw = False
119.3297 	EXP 	ver_line_precue: autoDraw = False
119.3297 	EXP 	image_mi: image = 'pics/mental_singing.JPG'
119.3297 	EXP 	image_mi: autoDraw = True
119.3297 	EXP 	polygon: autoDraw = True
119.3297 	EXP 	polygon_2: autoDraw = True
119.3297 	EXP 	polygon_3: autoDraw = True
119.3297 	EXP 	polygon_4: autoDraw = True
123.8341 	EXP 	image_mi: autoDraw = False
123.8341 	EXP 	polygon: autoDraw = False
123.8341 	EXP 	polygon_2: autoDraw = False
123.8341 	EXP 	polygon_3: autoDraw = False
123.8341 	EXP 	polygon_4: autoDraw = False
123.8341 	EXP 	image_mi: autoDraw = False
123.8341 	EXP 	polygon: autoDraw = False
123.8341 	EXP 	polygon_2: autoDraw = False
123.8341 	EXP 	polygon_3: autoDraw = False
123.8341 	EXP 	polygon_4: autoDraw = False
123.8341 	EXP 	text_pause: autoDraw = True
126.3215 	EXP 	New trial (rep=3, index=1): OrderedDict([('pic_name', 'pics/feet.JPG'), ('class_mi', 'feet')])
126.3367 	EXP 	text_pause: autoDraw = False
126.3367 	EXP 	text_pause: autoDraw = False
126.3367 	EXP 	hor_line_precue: autoDraw = True
126.3367 	EXP 	ver_line_precue: autoDraw = True
128.3553 	EXP 	hor_line_precue: autoDraw = False
128.3553 	EXP 	ver_line_precue: autoDraw = False
128.3553 	EXP 	hor_line_precue: autoDraw = False
128.3553 	EXP 	ver_line_precue: autoDraw = False
128.3553 	EXP 	image_mi: image = 'pics/feet.JPG'
128.3553 	EXP 	image_mi: autoDraw = True
128.3553 	EXP 	polygon: autoDraw = True
128.3553 	EXP 	polygon_2: autoDraw = True
128.3553 	EXP 	polygon_3: autoDraw = True
128.3553 	EXP 	polygon_4: autoDraw = True
132.8598 	EXP 	image_mi: autoDraw = False
132.8598 	EXP 	polygon: autoDraw = False
132.8598 	EXP 	polygon_2: autoDraw = False
132.8598 	EXP 	polygon_3: autoDraw = False
132.8598 	EXP 	polygon_4: autoDraw = False
132.8598 	EXP 	image_mi: autoDraw = False
132.8598 	EXP 	polygon: autoDraw = False
132.8598 	EXP 	polygon_2: autoDraw = False
132.8598 	EXP 	polygon_3: autoDraw = False
132.8598 	EXP 	polygon_4: autoDraw = False
132.8598 	EXP 	text_pause: autoDraw = True
135.3467 	EXP 	New trial (rep=3, index=2): OrderedDict([('pic_name', 'pics/left_hand.JPG'), ('class_mi', 'left_hand')])
135.3622 	EXP 	text_pause: autoDraw = False
135.3622 	EXP 	text_pause: autoDraw = False
135.3622 	EXP 	hor_line_precue: autoDraw = True
135.3622 	EXP 	ver_line_precue: autoDraw = True
137.3810 	EXP 	hor_line_precue: autoDraw = False
137.3810 	EXP 	ver_line_precue: autoDraw = False
137.3810 	EXP 	hor_line_precue: autoDraw = False
137.3810 	EXP 	ver_line_precue: autoDraw = False
137.3810 	EXP 	image_mi: image = 'pics/left_hand.JPG'
137.3810 	EXP 	image_mi: autoDraw = True
137.3810 	EXP 	polygon: autoDraw = True
137.3810 	EXP 	polygon_2: autoDraw = True
137.3810 	EXP 	polygon_3: autoDraw = True
137.3810 	EXP 	polygon_4: autoDraw = True
141.8853 	EXP 	image_mi: autoDraw = False
141.8853 	EXP 	polygon: autoDraw = False
141.8853 	EXP 	polygon_2: autoDraw = False
141.8853 	EXP 	polygon_3: autoDraw = False
141.8853 	EXP 	polygon_4: autoDraw = False
141.8853 	EXP 	image_mi: autoDraw = False
141.8853 	EXP 	polygon: autoDraw = False
141.8853 	EXP 	polygon_2: autoDraw = False
141.8853 	EXP 	polygon_3: autoDraw = False
141.8853 	EXP 	polygon_4: autoDraw = False
141.8853 	EXP 	text_pause: autoDraw = True
144.3727 	EXP 	New trial (rep=3, index=3): OrderedDict([('pic_name', 'pics/feet.JPG'), ('class_mi', 'feet')])
144.3879 	EXP 	text_pause: autoDraw = False
144.3879 	EXP 	text_pause: autoDraw = False
144.3879 	EXP 	hor_line_precue: autoDraw = True
144.3879 	EXP 	ver_line_precue: autoDraw = True
146.4066 	EXP 	hor_line_precue: autoDraw = False
146.4066 	EXP 	ver_line_precue: autoDraw = False
146.4066 	EXP 	hor_line_precue: autoDraw = False
146.4066 	EXP 	ver_line_precue: autoDraw = False
146.4066 	EXP 	image_mi: image = 'pics/feet.JPG'
146.4066 	EXP 	image_mi: autoDraw = True
146.4066 	EXP 	polygon: autoDraw = True
146.4066 	EXP 	polygon_2: autoDraw = True
146.4066 	EXP 	polygon_3: autoDraw = True
146.4066 	EXP 	polygon_4: autoDraw = True
150.9110 	EXP 	image_mi: autoDraw = False
150.9110 	EXP 	polygon: autoDraw = False
150.9110 	EXP 	polygon_2: autoDraw = False
150.9110 	EXP 	polygon_3: autoDraw = False
150.9110 	EXP 	polygon_4: autoDraw = False
150.9110 	EXP 	image_mi: autoDraw = False
150.9110 	EXP 	polygon: autoDraw = False
150.9110 	EXP 	polygon_2: autoDraw = False
150.9110 	EXP 	polygon_3: autoDraw = False
150.9110 	EXP 	polygon_4: autoDraw = False
150.9110 	EXP 	text_pause: autoDraw = True
153.3988 	EXP 	New trial (rep=4, index=0): OrderedDict([('pic_name', 'pics/right_hand.JPG'), ('class_mi', 'right_hand')])
153.4136 	EXP 	text_pause: autoDraw = False
153.4136 	EXP 	text_pause: autoDraw = False
153.4136 	EXP 	hor_line_precue: autoDraw = True
153.4136 	EXP 	ver_line_precue: autoDraw = True
155.4322 	EXP 	hor_line_precue: autoDraw = False
155.4322 	EXP 	ver_line_precue: autoDraw = False
155.4322 	EXP 	hor_line_precue: autoDraw = False
155.4322 	EXP 	ver_line_precue: autoDraw = False
155.4322 	EXP 	image_mi: image = 'pics/right_hand.JPG'
155.4322 	EXP 	image_mi: autoDraw = True
155.4322 	EXP 	polygon: autoDraw = True
155.4322 	EXP 	polygon_2: autoDraw = True
155.4322 	EXP 	polygon_3: autoDraw = True
155.4322 	EXP 	polygon_4: autoDraw = True
159.9535 	EXP 	image_mi: autoDraw = False
159.9535 	EXP 	polygon: autoDraw = False
159.9535 	EXP 	polygon_2: autoDraw = False
159.9535 	EXP 	polygon_3: autoDraw = False
159.9535 	EXP 	polygon_4: autoDraw = False
159.9535 	EXP 	image_mi: autoDraw = False
159.9535 	EXP 	polygon: autoDraw = False
159.9535 	EXP 	polygon_2: autoDraw = False
159.9535 	EXP 	polygon_3: autoDraw = False
159.9535 	EXP 	polygon_4: autoDraw = False
159.9535 	EXP 	text_pause: autoDraw = True
162.4407 	EXP 	New trial (rep=4, index=1): OrderedDict([('pic_name', 'pics/mental_singing.JPG'), ('class_mi', 'mental_singing')])
162.4558 	EXP 	text_pause: autoDraw = False
162.4558 	EXP 	text_pause: autoDraw = False
162.4558 	EXP 	hor_line_precue: autoDraw = True
162.4558 	EXP 	ver_line_precue: autoDraw = True
164.4745 	EXP 	hor_line_precue: autoDraw = False
164.4745 	EXP 	ver_line_precue: autoDraw = False
164.4745 	EXP 	hor_line_precue: autoDraw = False
164.4745 	EXP 	ver_line_precue: autoDraw = False
164.4745 	EXP 	image_mi: image = 'pics/mental_singing.JPG'
164.4745 	EXP 	image_mi: autoDraw = True
164.4745 	EXP 	polygon: autoDraw = True
164.4745 	EXP 	polygon_2: autoDraw = True
164.4745 	EXP 	polygon_3: autoDraw = True
164.4745 	EXP 	polygon_4: autoDraw = True
168.9789 	EXP 	image_mi: autoDraw = False
168.9789 	EXP 	polygon: autoDraw = False
168.9789 	EXP 	polygon_2: autoDraw = False
168.9789 	EXP 	polygon_3: autoDraw = False
168.9789 	EXP 	polygon_4: autoDraw = False
168.9789 	EXP 	image_mi: autoDraw = False
168.9789 	EXP 	polygon: autoDraw = False
168.9789 	EXP 	polygon_2: autoDraw = False
168.9789 	EXP 	polygon_3: autoDraw = False
168.9789 	EXP 	polygon_4: autoDraw = False
168.9789 	EXP 	text_pause: autoDraw = True
171.4665 	EXP 	New trial (rep=4, index=2): OrderedDict([('pic_name', 'pics/right_hand.JPG'), ('class_mi', 'right_hand')])
171.4815 	EXP 	text_pause: autoDraw = False
171.4815 	EXP 	text_pause: autoDraw = False
171.4815 	EXP 	hor_line_precue: autoDraw = True
171.4815 	EXP 	ver_line_precue: autoDraw = True
173.5000 	EXP 	hor_line_precue: autoDraw = False
173.5000 	EXP 	ver_line_precue: autoDraw = False
173.5000 	EXP 	hor_line_precue: autoDraw = False
173.5000 	EXP 	ver_line_precue: autoDraw = False
173.5000 	EXP 	image_mi: image = 'pics/right_hand.JPG'
173.5000 	EXP 	image_mi: autoDraw = True
173.5000 	EXP 	polygon: autoDraw = True
173.5000 	EXP 	polygon_2: autoDraw = True
173.5000 	EXP 	polygon_3: autoDraw = True
173.5000 	EXP 	polygon_4: autoDraw = True
178.0046 	EXP 	image_mi: autoDraw = False
178.0046 	EXP 	polygon: autoDraw = False
178.0046 	EXP 	polygon_2: autoDraw = False
178.0046 	EXP 	polygon_3: autoDraw = False
178.0046 	EXP 	polygon_4: autoDraw = False
178.0046 	EXP 	image_mi: autoDraw = False
178.0046 	EXP 	polygon: autoDraw = False
178.0046 	EXP 	polygon_2: autoDraw = False
178.0046 	EXP 	polygon_3: autoDraw = False
178.0046 	EXP 	polygon_4: autoDraw = False
178.0046 	EXP 	text_pause: autoDraw = True
180.4919 	EXP 	New trial (rep=4, index=3): OrderedDict([('pic_name', 'pics/right_hand.JPG'), ('class_mi', 'right_hand')])
180.5071 	EXP 	text_pause: autoDraw = False
180.5071 	EXP 	text_pause: autoDraw = False
180.5071 	EXP 	hor_line_precue: autoDraw = True
180.5071 	EXP 	ver_line_precue: autoDraw = True
182.5257 	EXP 	hor_line_precue: autoDraw = False
182.5257 	EXP 	ver_line_precue: autoDraw = False
182.5257 	EXP 	hor_line_precue: autoDraw = False
182.5257 	EXP 	ver_line_precue: autoDraw = False
182.5257 	EXP 	image_mi: image = 'pics/right_hand.JPG'
182.5257 	EXP 	image_mi: autoDraw = True
182.5257 	EXP 	polygon: autoDraw = True
182.5257 	EXP 	polygon_2: autoDraw = True
182.5257 	EXP 	polygon_3: autoDraw = True
182.5257 	EXP 	polygon_4: autoDraw = True
187.0302 	EXP 	image_mi: autoDraw = False
187.0302 	EXP 	polygon: autoDraw = False
187.0302 	EXP 	polygon_2: autoDraw = False
187.0302 	EXP 	polygon_3: autoDraw = False
187.0302 	EXP 	polygon_4: autoDraw = False
187.0302 	EXP 	image_mi: autoDraw = False
187.0302 	EXP 	polygon: autoDraw = False
187.0302 	EXP 	polygon_2: autoDraw = False
187.0302 	EXP 	polygon_3: autoDraw = False
187.0302 	EXP 	polygon_4: autoDraw = False
187.0302 	EXP 	text_pause: autoDraw = True
189.5328 	EXP 	text_pause: autoDraw = False
189.5328 	EXP 	text_pause: autoDraw = False
189.5328 	EXP 	text: autoDraw = True
233.8142 	DATA 	Keypress: lalt
238.3700 	DATA 	Mouse: Left button down, pos=(1919,543)
238.4844 	DATA 	Mouse:  Left button up, pos=(1919,543)
239.1860 	DATA 	Keypress: escape
239.3167 	EXP 	online_paradigm: status = STOPPED
239.3320 	EXP 	text: autoDraw = False
239.3322 	EXP 	online_paradigm: status = STOPPED
239.4144 	EXP 	window1: mouseVisible = True
