10.3885 	EXP 	Created window1 = Window(allowGUI=True, allowStencil=False, autoLog=True, backendConf=UNKNOWN, backgroundFit=<method-wrapper '__getattribute__' of attributeSetter object at 0x000001480D1485E0>, backgroundImage=<method-wrapper '__getattribute__' of attributeSetter object at 0x000001480D148910>, bitsMode=UNKNOWN, blendMode='avg', bpc=(8, 8, 8), color=array([0, 0, 0]), colorSpace='rgb', depthBits=8, fullscr=<method-wrapper '__getattribute__' of attributeSetter object at 0x000001480D148700>, gamma=None, gammaErrorPolicy='raise', infoMsg=UNKNOWN, lms=UNKNOWN, monitor=<psychopy.monitors.calibTools.Monitor object at 0x000001480D601250>, multiSample=False, name='window1', numSamples=2, pos=[0.0, 0.0], screen=1, size=array([1920, 1080]), stencilBits=0, stereo=False, title='PsychoPy', units='height', useFBO=True, useRetina=False, viewOri=0.0, viewPos=None, viewScale=None, waitBlanking=True, winType='pyglet')
10.3886 	EXP 	window1: backgroundImage = ''
10.3886 	EXP 	window1: backgroundFit = 'none'
10.3890 	EXP 	window1: mouseVisible = <method-wrapper '__getattribute__' of attributeSetter object at 0x000001480D148A60>
10.3892 	EXP 	window1: mouseVisible = <method-wrapper '__getattribute__' of attributeSetter object at 0x000001480D148A60>
10.3927 	EXP 	window1: mouseVisible = <method-wrapper '__getattribute__' of attributeSetter object at 0x000001480D148A60>
10.3938 	EXP 	window1: mouseVisible = <method-wrapper '__getattribute__' of attributeSetter object at 0x000001480D148A60>
10.4896 	EXP 	window1: mouseVisible = <method-wrapper '__getattribute__' of attributeSetter object at 0x000001480D148A60>
10.4898 	EXP 	window1: mouseVisible = <method-wrapper '__getattribute__' of attributeSetter object at 0x000001480D148A60>
10.4911 	EXP 	window1: mouseVisible = <method-wrapper '__getattribute__' of attributeSetter object at 0x000001480D148A60>
10.4924 	EXP 	window1: mouseVisible = <method-wrapper '__getattribute__' of attributeSetter object at 0x000001480D148A60>
10.5147 	EXP 	window1: Attempting to measure frame rate of screen (1) ...
10.5148 	EXP 	window1: recordFrameIntervals = False
10.8728 	EXP 	window1: recordFrameIntervals = True
11.0564 	EXP 	Screen (1) actual frame rate measured at 59.96Hz
11.0565 	EXP 	window1: recordFrameIntervals = False
11.0565 	EXP 	window1: mouseVisible = False
16.6198 	EXP 	online_paradigm: status = STARTED
16.6202 	EXP 	window1: mouseVisible = False
16.7423 	EXP 	Created text_pre_block = TextStim(__class__=<class 'psychopy.visual.text.TextStim'>, alignHoriz=method-wrapper(...), alignText='center', alignVert=method-wrapper(...), anchorHoriz='center', anchorVert='center', antialias=True, autoDraw=False, autoLog=True, bold=False, color=array([1., 1., 1.]), colorSpace='rgb', contrast=1.0, depth=0.0, draggable=False, flipHoriz=False, flipVert=False, font='Open Sans', fontFiles=[], height=0.05, italic=False, languageStyle='LTR', name='text_pre_block', opacity=1.0, ori=0.0, pos=array([0., 0.]), rgb=UNKNOWN, text='Press space to start online measurement\n', units='height', win=Window(...), wrapWidth=1)
16.7425 	EXP 	window1: mouseVisible = False
16.7456 	EXP 	Created text_2 = TextStim(__class__=<class 'psychopy.visual.text.TextStim'>, alignHoriz=method-wrapper(...), alignText='center', alignVert=method-wrapper(...), anchorHoriz='center', anchorVert='center', antialias=True, autoDraw=False, autoLog=True, bold=False, color=array([1., 1., 1.]), colorSpace='rgb', contrast=1.0, depth=0.0, draggable=False, flipHoriz=False, flipVert=False, font='Arial', fontFiles=[], height=0.05, italic=False, languageStyle='LTR', name='text_2', opacity=1.0, ori=0.0, pos=array([0., 0.]), rgb=UNKNOWN, text='', units='height', win=Window(...), wrapWidth=1)
16.7458 	EXP 	window1: mouseVisible = False
16.7496 	EXP 	Created hor_line_precue = Line(__class__=<class 'psychopy.visual.line.Line'>, anchor=('center', 'center'), autoDraw=False, autoLog=True, closeShape=False, color=array([1., 1., 1.]), colorSpace='rgb', contrast=None, depth=0.0, draggable=False, fillColor=array([0, 0, 0]), fillColorSpace='rgb', fillRGB=array([0, 0, 0]), interpolate=True, lineColor=array([1., 1., 1.]), lineColorSpace='rgb', lineRGB=array([1, 1, 1]), lineWidth=5.0, name='hor_line_precue', opacity=0.5, ori=0.0, pos=array([0., 0.]), size=array([1., 1.]), units='height', vertices=ndarray(...), win=Window(...), windingRule=None)
16.7499 	EXP 	window1: mouseVisible = False
16.7545 	EXP 	Created ver_line_precue = Line(__class__=<class 'psychopy.visual.line.Line'>, anchor=('center', 'center'), autoDraw=False, autoLog=True, closeShape=False, color=array([1., 1., 1.]), colorSpace='rgb', contrast=None, depth=-1.0, draggable=False, fillColor=array([0, 0, 0]), fillColorSpace='rgb', fillRGB=array([0, 0, 0]), interpolate=True, lineColor=array([1., 1., 1.]), lineColorSpace='rgb', lineRGB=array([1, 1, 1]), lineWidth=5.0, name='ver_line_precue', opacity=0.5, ori=90.0, pos=array([0., 0.]), size=array([1., 1.]), units='height', vertices=ndarray(...), win=Window(...), windingRule=None)
16.7548 	EXP 	window1: mouseVisible = False
16.7611 	EXP 	Created image_mi = ImageStim(__class__=<class 'psychopy.visual.image.ImageStim'>, anchor=('center', 'center'), autoLog=True, color=array([1., 1., 1.]), colorSpace='rgb', contrast=1.0, depth=0.0, draggable=False, flipHoriz=False, flipVert=False, image='default.png', interpolate=True, mask=None, maskParams=None, name='image_mi', opacity=1.0, ori=0.0, pos=array([0., 0.]), size=array([0.5, 0.5]), texRes=128.0, units='height', win=Window(...))
16.7613 	EXP 	window1: mouseVisible = False
16.7643 	EXP 	Created polygon = Rect(__class__=<class 'psychopy.visual.rect.Rect'>, anchor=('left', 'center'), autoDraw=False, autoLog=True, closeShape=True, color=method-wrapper(...), colorSpace='rgb', contrast=None, depth=-2.0, draggable=False, fillColor=array([-1.    , -1.    ,  0.0902]), fillColorSpace='rgb', fillRGB=array([-1.    , -1.    ,  0.0902]), interpolate=True, lineColor=array([1., 1., 1.]), lineColorSpace='rgb', lineRGB=array([1, 1, 1]), lineWidth=1.0, name='polygon', opacity=1.0, ori=0.0, pos=array([-0.5,  0.3]), size=array([1., 1.]), units='height', vertices=ndarray(...), win=Window(...))
16.7645 	EXP 	window1: mouseVisible = False
16.7673 	EXP 	Created polygon_2 = Rect(__class__=<class 'psychopy.visual.rect.Rect'>, anchor=('left', 'center'), autoDraw=False, autoLog=True, closeShape=True, color=method-wrapper(...), colorSpace='rgb', contrast=None, depth=-3.0, draggable=False, fillColor=array([ 0.6471, -0.1765, -0.7647]), fillColorSpace='rgb', fillRGB=array([ 0.6471, -0.1765, -0.7647]), interpolate=True, lineColor=array([1., 1., 1.]), lineColorSpace='rgb', lineRGB=array([1, 1, 1]), lineWidth=1.0, name='polygon_2', opacity=1.0, ori=0.0, pos=array([0., 0.]), size=array([1., 1.]), units='height', vertices=ndarray(...), win=Window(...))
16.7675 	EXP 	window1: mouseVisible = False
16.7702 	EXP 	Created polygon_3 = Rect(__class__=<class 'psychopy.visual.rect.Rect'>, anchor=('left', 'center'), autoDraw=False, autoLog=True, closeShape=True, color=method-wrapper(...), colorSpace='rgb', contrast=None, depth=-4.0, draggable=False, fillColor=array([ 0.3961, -0.7333, -0.7333]), fillColorSpace='rgb', fillRGB=array([ 0.3961, -0.7333, -0.7333]), interpolate=True, lineColor=array([1., 1., 1.]), lineColorSpace='rgb', lineRGB=array([1, 1, 1]), lineWidth=1.0, name='polygon_3', opacity=1.0, ori=0.0, pos=array([0., 0.]), size=array([1., 1.]), units='height', vertices=ndarray(...), win=Window(...))
16.7704 	EXP 	window1: mouseVisible = False
16.7731 	EXP 	Created polygon_4 = Rect(__class__=<class 'psychopy.visual.rect.Rect'>, anchor=('left', 'center'), autoDraw=False, autoLog=True, closeShape=True, color=method-wrapper(...), colorSpace='rgb', contrast=None, depth=-5.0, draggable=False, fillColor=array([0.9608, 0.9608, 0.6471]), fillColorSpace='rgb', fillRGB=array([0.9608, 0.9608, 0.6471]), interpolate=True, lineColor=array([1., 1., 1.]), lineColorSpace='rgb', lineRGB=array([1, 1, 1]), lineWidth=1.0, name='polygon_4', opacity=1.0, ori=0.0, pos=array([0., 0.]), size=array([1., 1.]), units='height', vertices=ndarray(...), win=Window(...))
16.7734 	EXP 	window1: mouseVisible = False
16.7763 	EXP 	Created text_pause = TextStim(__class__=<class 'psychopy.visual.text.TextStim'>, alignHoriz=method-wrapper(...), alignText='center', alignVert=method-wrapper(...), anchorHoriz='center', anchorVert='center', antialias=True, autoDraw=False, autoLog=True, bold=False, color=array([1., 1., 1.]), colorSpace='rgb', contrast=1.0, depth=0.0, draggable=False, flipHoriz=False, flipVert=False, font='Open Sans', fontFiles=[], height=0.05, italic=False, languageStyle='LTR', name='text_pause', opacity=1.0, ori=0.0, pos=array([0., 0.]), rgb=UNKNOWN, text='', units='height', win=Window(...), wrapWidth=1)
16.7765 	EXP 	window1: mouseVisible = False
16.7891 	EXP 	Created text = TextStim(__class__=<class 'psychopy.visual.text.TextStim'>, alignHoriz=method-wrapper(...), alignText='center', alignVert=method-wrapper(...), anchorHoriz='center', anchorVert='center', antialias=True, autoDraw=False, autoLog=True, bold=False, color=array([1., 1., 1.]), colorSpace='rgb', contrast=1.0, depth=0.0, draggable=False, flipHoriz=False, flipVert=False, font='Arial', fontFiles=[], height=0.05, italic=False, languageStyle='LTR', name='text', opacity=1.0, ori=0.0, pos=array([0., 0.]), rgb=UNKNOWN, text='Run Finished', units='height', win=Window(...), wrapWidth=1)
16.7894 	EXP 	window1: mouseVisible = False
16.7998 	EXP 	Created text_post_run = TextStim(__class__=<class 'psychopy.visual.text.TextStim'>, alignHoriz=method-wrapper(...), alignText='center', alignVert=method-wrapper(...), anchorHoriz='center', anchorVert='center', antialias=True, autoDraw=False, autoLog=True, bold=False, color=array([1., 1., 1.]), colorSpace='rgb', contrast=1.0, depth=0.0, draggable=False, flipHoriz=False, flipVert=False, font='Open Sans', fontFiles=[], height=0.05, italic=False, languageStyle='LTR', name='text_post_run', opacity=1.0, ori=0.0, pos=array([0., 0.]), rgb=UNKNOWN, text='Block Finished. Yuhu!', units='height', win=Window(...), wrapWidth=1)
16.8000 	EXP 	window1: mouseVisible = False
16.8050 	EXP 	Created text_post_run_2 = TextStim(__class__=<class 'psychopy.visual.text.TextStim'>, alignHoriz=method-wrapper(...), alignText='center', alignVert=method-wrapper(...), anchorHoriz='center', anchorVert='center', antialias=True, autoDraw=False, autoLog=True, bold=False, color=array([1., 1., 1.]), colorSpace='rgb', contrast=1.0, depth=-1.0, draggable=False, flipHoriz=False, flipVert=False, font='Open Sans', fontFiles=[], height=0.05, italic=False, languageStyle='LTR', name='text_post_run_2', opacity=1.0, ori=0.0, pos=array([0., 0.]), rgb=UNKNOWN, text='Block Finished. Yuhu!', units='height', win=Window(...), wrapWidth=1)
0.0403 	EXP 	text_pre_block: autoDraw = True
3.6356 	DATA 	Mouse: Left button down, pos=(406,689)
3.7147 	DATA 	Mouse:  Left button up, pos=(406,689)
5.1307 	EXP 	Created sequence: random, trialTypes=1, nReps=4, seed=None
5.1311 	EXP 	New trial (rep=0, index=0): None
5.1338 	DATA 	Keypress: space
5.1453 	EXP 	text_pre_block: autoDraw = False
5.1453 	EXP 	text_2: autoDraw = True
8.1481 	EXP 	Imported classes.xlsx as conditions, 4 conditions, 2 params
8.1489 	EXP 	Created sequence: fullRandom, trialTypes=4, nReps=5, seed=None
8.1494 	EXP 	New trial (rep=0, index=0): {'pic_name': 'pics/left_hand.JPG', 'class_mi': 'left_hand'}
8.1649 	EXP 	text_2: autoDraw = False
8.1649 	EXP 	hor_line_precue: autoDraw = True
8.1649 	EXP 	ver_line_precue: autoDraw = True
10.1836 	EXP 	hor_line_precue: autoDraw = False
10.1836 	EXP 	ver_line_precue: autoDraw = False
10.1836 	EXP 	hor_line_precue: autoDraw = False
10.1836 	EXP 	ver_line_precue: autoDraw = False
10.1836 	EXP 	image_mi: image = 'pics/left_hand.JPG'
10.1836 	EXP 	image_mi: autoDraw = True
10.1836 	EXP 	polygon: autoDraw = True
10.1836 	EXP 	polygon_2: autoDraw = True
10.1836 	EXP 	polygon_3: autoDraw = True
10.1836 	EXP 	polygon_4: autoDraw = True
14.6881 	EXP 	image_mi: autoDraw = False
14.6881 	EXP 	polygon: autoDraw = False
14.6881 	EXP 	polygon_2: autoDraw = False
14.6881 	EXP 	polygon_3: autoDraw = False
14.6881 	EXP 	polygon_4: autoDraw = False
14.6881 	EXP 	image_mi: autoDraw = False
14.6881 	EXP 	polygon: autoDraw = False
14.6881 	EXP 	polygon_2: autoDraw = False
14.6881 	EXP 	polygon_3: autoDraw = False
14.6881 	EXP 	polygon_4: autoDraw = False
14.6881 	EXP 	text_pause: autoDraw = True
17.1748 	EXP 	New trial (rep=0, index=1): {'pic_name': 'pics/left_hand.JPG', 'class_mi': 'left_hand'}
17.1905 	EXP 	text_pause: autoDraw = False
17.1905 	EXP 	text_pause: autoDraw = False
17.1905 	EXP 	hor_line_precue: autoDraw = True
17.1905 	EXP 	ver_line_precue: autoDraw = True
19.1925 	EXP 	hor_line_precue: autoDraw = False
19.1925 	EXP 	ver_line_precue: autoDraw = False
19.1925 	EXP 	hor_line_precue: autoDraw = False
19.1925 	EXP 	ver_line_precue: autoDraw = False
19.1925 	EXP 	image_mi: image = 'pics/left_hand.JPG'
19.1925 	EXP 	image_mi: autoDraw = True
19.1925 	EXP 	polygon: autoDraw = True
19.1925 	EXP 	polygon_2: autoDraw = True
19.1925 	EXP 	polygon_3: autoDraw = True
19.1925 	EXP 	polygon_4: autoDraw = True
23.6971 	EXP 	image_mi: autoDraw = False
23.6971 	EXP 	polygon: autoDraw = False
23.6971 	EXP 	polygon_2: autoDraw = False
23.6971 	EXP 	polygon_3: autoDraw = False
23.6971 	EXP 	polygon_4: autoDraw = False
23.6971 	EXP 	image_mi: autoDraw = False
23.6971 	EXP 	polygon: autoDraw = False
23.6971 	EXP 	polygon_2: autoDraw = False
23.6971 	EXP 	polygon_3: autoDraw = False
23.6971 	EXP 	polygon_4: autoDraw = False
23.6971 	EXP 	text_pause: autoDraw = True
26.1843 	EXP 	New trial (rep=0, index=2): {'pic_name': 'pics/right_foot.JPG', 'class_mi': 'right_foot'}
26.1995 	EXP 	text_pause: autoDraw = False
26.1995 	EXP 	text_pause: autoDraw = False
26.1995 	EXP 	hor_line_precue: autoDraw = True
26.1995 	EXP 	ver_line_precue: autoDraw = True
28.2182 	EXP 	hor_line_precue: autoDraw = False
28.2182 	EXP 	ver_line_precue: autoDraw = False
28.2182 	EXP 	hor_line_precue: autoDraw = False
28.2182 	EXP 	ver_line_precue: autoDraw = False
28.2182 	EXP 	image_mi: image = 'pics/right_foot.JPG'
28.2182 	EXP 	image_mi: autoDraw = True
28.2182 	EXP 	polygon: autoDraw = True
28.2182 	EXP 	polygon_2: autoDraw = True
28.2182 	EXP 	polygon_3: autoDraw = True
28.2182 	EXP 	polygon_4: autoDraw = True
32.7393 	EXP 	image_mi: autoDraw = False
32.7393 	EXP 	polygon: autoDraw = False
32.7393 	EXP 	polygon_2: autoDraw = False
32.7393 	EXP 	polygon_3: autoDraw = False
32.7393 	EXP 	polygon_4: autoDraw = False
32.7393 	EXP 	image_mi: autoDraw = False
32.7393 	EXP 	polygon: autoDraw = False
32.7393 	EXP 	polygon_2: autoDraw = False
32.7393 	EXP 	polygon_3: autoDraw = False
32.7393 	EXP 	polygon_4: autoDraw = False
32.7393 	EXP 	text_pause: autoDraw = True
35.2263 	EXP 	New trial (rep=0, index=3): {'pic_name': 'pics/left_foot.JPG', 'class_mi': 'left_foot'}
35.2417 	EXP 	text_pause: autoDraw = False
35.2417 	EXP 	text_pause: autoDraw = False
35.2417 	EXP 	hor_line_precue: autoDraw = True
35.2417 	EXP 	ver_line_precue: autoDraw = True
37.2605 	EXP 	hor_line_precue: autoDraw = False
37.2605 	EXP 	ver_line_precue: autoDraw = False
37.2605 	EXP 	hor_line_precue: autoDraw = False
37.2605 	EXP 	ver_line_precue: autoDraw = False
37.2605 	EXP 	image_mi: image = 'pics/left_foot.JPG'
37.2605 	EXP 	image_mi: autoDraw = True
37.2605 	EXP 	polygon: autoDraw = True
37.2605 	EXP 	polygon_2: autoDraw = True
37.2605 	EXP 	polygon_3: autoDraw = True
37.2605 	EXP 	polygon_4: autoDraw = True
41.7650 	EXP 	image_mi: autoDraw = False
41.7650 	EXP 	polygon: autoDraw = False
41.7650 	EXP 	polygon_2: autoDraw = False
41.7650 	EXP 	polygon_3: autoDraw = False
41.7650 	EXP 	polygon_4: autoDraw = False
41.7650 	EXP 	image_mi: autoDraw = False
41.7650 	EXP 	polygon: autoDraw = False
41.7650 	EXP 	polygon_2: autoDraw = False
41.7650 	EXP 	polygon_3: autoDraw = False
41.7650 	EXP 	polygon_4: autoDraw = False
41.7650 	EXP 	text_pause: autoDraw = True
44.2522 	EXP 	New trial (rep=1, index=0): {'pic_name': 'pics/left_foot.JPG', 'class_mi': 'left_foot'}
44.2674 	EXP 	text_pause: autoDraw = False
44.2674 	EXP 	text_pause: autoDraw = False
44.2674 	EXP 	hor_line_precue: autoDraw = True
44.2674 	EXP 	ver_line_precue: autoDraw = True
46.2861 	EXP 	hor_line_precue: autoDraw = False
46.2861 	EXP 	ver_line_precue: autoDraw = False
46.2861 	EXP 	hor_line_precue: autoDraw = False
46.2861 	EXP 	ver_line_precue: autoDraw = False
46.2861 	EXP 	image_mi: image = 'pics/left_foot.JPG'
46.2861 	EXP 	image_mi: autoDraw = True
46.2861 	EXP 	polygon: autoDraw = True
46.2861 	EXP 	polygon_2: autoDraw = True
46.2861 	EXP 	polygon_3: autoDraw = True
46.2861 	EXP 	polygon_4: autoDraw = True
50.7906 	EXP 	image_mi: autoDraw = False
50.7906 	EXP 	polygon: autoDraw = False
50.7906 	EXP 	polygon_2: autoDraw = False
50.7906 	EXP 	polygon_3: autoDraw = False
50.7906 	EXP 	polygon_4: autoDraw = False
50.7906 	EXP 	image_mi: autoDraw = False
50.7906 	EXP 	polygon: autoDraw = False
50.7906 	EXP 	polygon_2: autoDraw = False
50.7906 	EXP 	polygon_3: autoDraw = False
50.7906 	EXP 	polygon_4: autoDraw = False
50.7906 	EXP 	text_pause: autoDraw = True
53.2782 	EXP 	New trial (rep=1, index=1): {'pic_name': 'pics/right_foot.JPG', 'class_mi': 'right_foot'}
53.2931 	EXP 	text_pause: autoDraw = False
53.2931 	EXP 	text_pause: autoDraw = False
53.2931 	EXP 	hor_line_precue: autoDraw = True
53.2931 	EXP 	ver_line_precue: autoDraw = True
54.5976 	DATA 	Keypress: lalt
55.3278 	EXP 	hor_line_precue: autoDraw = False
55.3278 	EXP 	ver_line_precue: autoDraw = False
55.3278 	EXP 	hor_line_precue: autoDraw = False
55.3278 	EXP 	ver_line_precue: autoDraw = False
55.3278 	EXP 	image_mi: image = 'pics/right_foot.JPG'
55.3278 	EXP 	image_mi: autoDraw = True
55.3278 	EXP 	polygon: autoDraw = True
55.3278 	EXP 	polygon_2: autoDraw = True
55.3278 	EXP 	polygon_3: autoDraw = True
55.3278 	EXP 	polygon_4: autoDraw = True
59.8329 	EXP 	image_mi: autoDraw = False
59.8329 	EXP 	polygon: autoDraw = False
59.8329 	EXP 	polygon_2: autoDraw = False
59.8329 	EXP 	polygon_3: autoDraw = False
59.8329 	EXP 	polygon_4: autoDraw = False
59.8329 	EXP 	image_mi: autoDraw = False
59.8329 	EXP 	polygon: autoDraw = False
59.8329 	EXP 	polygon_2: autoDraw = False
59.8329 	EXP 	polygon_3: autoDraw = False
59.8329 	EXP 	polygon_4: autoDraw = False
59.8329 	EXP 	text_pause: autoDraw = True
62.3205 	EXP 	New trial (rep=1, index=2): {'pic_name': 'pics/left_foot.JPG', 'class_mi': 'left_foot'}
62.3354 	EXP 	text_pause: autoDraw = False
62.3354 	EXP 	text_pause: autoDraw = False
62.3354 	EXP 	hor_line_precue: autoDraw = True
62.3354 	EXP 	ver_line_precue: autoDraw = True
64.3538 	EXP 	hor_line_precue: autoDraw = False
64.3538 	EXP 	ver_line_precue: autoDraw = False
64.3538 	EXP 	hor_line_precue: autoDraw = False
64.3538 	EXP 	ver_line_precue: autoDraw = False
64.3538 	EXP 	image_mi: image = 'pics/left_foot.JPG'
64.3538 	EXP 	image_mi: autoDraw = True
64.3538 	EXP 	polygon: autoDraw = True
64.3538 	EXP 	polygon_2: autoDraw = True
64.3538 	EXP 	polygon_3: autoDraw = True
64.3538 	EXP 	polygon_4: autoDraw = True
68.8584 	EXP 	image_mi: autoDraw = False
68.8584 	EXP 	polygon: autoDraw = False
68.8584 	EXP 	polygon_2: autoDraw = False
68.8584 	EXP 	polygon_3: autoDraw = False
68.8584 	EXP 	polygon_4: autoDraw = False
68.8584 	EXP 	image_mi: autoDraw = False
68.8584 	EXP 	polygon: autoDraw = False
68.8584 	EXP 	polygon_2: autoDraw = False
68.8584 	EXP 	polygon_3: autoDraw = False
68.8584 	EXP 	polygon_4: autoDraw = False
68.8584 	EXP 	text_pause: autoDraw = True
71.3454 	EXP 	New trial (rep=1, index=3): {'pic_name': 'pics/left_foot.JPG', 'class_mi': 'left_foot'}
71.3610 	EXP 	text_pause: autoDraw = False
71.3610 	EXP 	text_pause: autoDraw = False
71.3610 	EXP 	hor_line_precue: autoDraw = True
71.3610 	EXP 	ver_line_precue: autoDraw = True
73.3797 	EXP 	hor_line_precue: autoDraw = False
73.3797 	EXP 	ver_line_precue: autoDraw = False
73.3797 	EXP 	hor_line_precue: autoDraw = False
73.3797 	EXP 	ver_line_precue: autoDraw = False
73.3797 	EXP 	image_mi: image = 'pics/left_foot.JPG'
73.3797 	EXP 	image_mi: autoDraw = True
73.3797 	EXP 	polygon: autoDraw = True
73.3797 	EXP 	polygon_2: autoDraw = True
73.3797 	EXP 	polygon_3: autoDraw = True
73.3797 	EXP 	polygon_4: autoDraw = True
77.8841 	EXP 	image_mi: autoDraw = False
77.8841 	EXP 	polygon: autoDraw = False
77.8841 	EXP 	polygon_2: autoDraw = False
77.8841 	EXP 	polygon_3: autoDraw = False
77.8841 	EXP 	polygon_4: autoDraw = False
77.8841 	EXP 	image_mi: autoDraw = False
77.8841 	EXP 	polygon: autoDraw = False
77.8841 	EXP 	polygon_2: autoDraw = False
77.8841 	EXP 	polygon_3: autoDraw = False
77.8841 	EXP 	polygon_4: autoDraw = False
77.8841 	EXP 	text_pause: autoDraw = True
80.3709 	EXP 	New trial (rep=2, index=0): {'pic_name': 'pics/left_hand.JPG', 'class_mi': 'left_hand'}
80.3865 	EXP 	text_pause: autoDraw = False
80.3865 	EXP 	text_pause: autoDraw = False
80.3865 	EXP 	hor_line_precue: autoDraw = True
80.3865 	EXP 	ver_line_precue: autoDraw = True
82.4054 	EXP 	hor_line_precue: autoDraw = False
82.4054 	EXP 	ver_line_precue: autoDraw = False
82.4054 	EXP 	hor_line_precue: autoDraw = False
82.4054 	EXP 	ver_line_precue: autoDraw = False
82.4054 	EXP 	image_mi: image = 'pics/left_hand.JPG'
82.4054 	EXP 	image_mi: autoDraw = True
82.4054 	EXP 	polygon: autoDraw = True
82.4054 	EXP 	polygon_2: autoDraw = True
82.4054 	EXP 	polygon_3: autoDraw = True
82.4054 	EXP 	polygon_4: autoDraw = True
86.9097 	EXP 	image_mi: autoDraw = False
86.9097 	EXP 	polygon: autoDraw = False
86.9097 	EXP 	polygon_2: autoDraw = False
86.9097 	EXP 	polygon_3: autoDraw = False
86.9097 	EXP 	polygon_4: autoDraw = False
86.9097 	EXP 	image_mi: autoDraw = False
86.9097 	EXP 	polygon: autoDraw = False
86.9097 	EXP 	polygon_2: autoDraw = False
86.9097 	EXP 	polygon_3: autoDraw = False
86.9097 	EXP 	polygon_4: autoDraw = False
86.9097 	EXP 	text_pause: autoDraw = True
89.3966 	EXP 	New trial (rep=2, index=1): {'pic_name': 'pics/mental_singing.JPG', 'class_mi': 'mental_singing'}
89.4122 	EXP 	text_pause: autoDraw = False
89.4122 	EXP 	text_pause: autoDraw = False
89.4122 	EXP 	hor_line_precue: autoDraw = True
89.4122 	EXP 	ver_line_precue: autoDraw = True
91.4309 	EXP 	hor_line_precue: autoDraw = False
91.4309 	EXP 	ver_line_precue: autoDraw = False
91.4309 	EXP 	hor_line_precue: autoDraw = False
91.4309 	EXP 	ver_line_precue: autoDraw = False
91.4309 	EXP 	image_mi: image = 'pics/mental_singing.JPG'
91.4309 	EXP 	image_mi: autoDraw = True
91.4309 	EXP 	polygon: autoDraw = True
91.4309 	EXP 	polygon_2: autoDraw = True
91.4309 	EXP 	polygon_3: autoDraw = True
91.4309 	EXP 	polygon_4: autoDraw = True
95.9354 	EXP 	image_mi: autoDraw = False
95.9354 	EXP 	polygon: autoDraw = False
95.9354 	EXP 	polygon_2: autoDraw = False
95.9354 	EXP 	polygon_3: autoDraw = False
95.9354 	EXP 	polygon_4: autoDraw = False
95.9354 	EXP 	image_mi: autoDraw = False
95.9354 	EXP 	polygon: autoDraw = False
95.9354 	EXP 	polygon_2: autoDraw = False
95.9354 	EXP 	polygon_3: autoDraw = False
95.9354 	EXP 	polygon_4: autoDraw = False
95.9354 	EXP 	text_pause: autoDraw = True
98.4222 	EXP 	New trial (rep=2, index=2): {'pic_name': 'pics/mental_singing.JPG', 'class_mi': 'mental_singing'}
98.4378 	EXP 	text_pause: autoDraw = False
98.4378 	EXP 	text_pause: autoDraw = False
98.4378 	EXP 	hor_line_precue: autoDraw = True
98.4378 	EXP 	ver_line_precue: autoDraw = True
100.4566 	EXP 	hor_line_precue: autoDraw = False
100.4566 	EXP 	ver_line_precue: autoDraw = False
100.4566 	EXP 	hor_line_precue: autoDraw = False
100.4566 	EXP 	ver_line_precue: autoDraw = False
100.4566 	EXP 	image_mi: image = 'pics/mental_singing.JPG'
100.4566 	EXP 	image_mi: autoDraw = True
100.4566 	EXP 	polygon: autoDraw = True
100.4566 	EXP 	polygon_2: autoDraw = True
100.4566 	EXP 	polygon_3: autoDraw = True
100.4566 	EXP 	polygon_4: autoDraw = True
104.9610 	EXP 	image_mi: autoDraw = False
104.9610 	EXP 	polygon: autoDraw = False
104.9610 	EXP 	polygon_2: autoDraw = False
104.9610 	EXP 	polygon_3: autoDraw = False
104.9610 	EXP 	polygon_4: autoDraw = False
104.9610 	EXP 	image_mi: autoDraw = False
104.9610 	EXP 	polygon: autoDraw = False
104.9610 	EXP 	polygon_2: autoDraw = False
104.9610 	EXP 	polygon_3: autoDraw = False
104.9610 	EXP 	polygon_4: autoDraw = False
104.9610 	EXP 	text_pause: autoDraw = True
107.4478 	EXP 	New trial (rep=2, index=3): {'pic_name': 'pics/right_foot.JPG', 'class_mi': 'right_foot'}
107.4634 	EXP 	text_pause: autoDraw = False
107.4634 	EXP 	text_pause: autoDraw = False
107.4634 	EXP 	hor_line_precue: autoDraw = True
107.4634 	EXP 	ver_line_precue: autoDraw = True
109.4821 	EXP 	hor_line_precue: autoDraw = False
109.4821 	EXP 	ver_line_precue: autoDraw = False
109.4821 	EXP 	hor_line_precue: autoDraw = False
109.4821 	EXP 	ver_line_precue: autoDraw = False
109.4821 	EXP 	image_mi: image = 'pics/right_foot.JPG'
109.4821 	EXP 	image_mi: autoDraw = True
109.4821 	EXP 	polygon: autoDraw = True
109.4821 	EXP 	polygon_2: autoDraw = True
109.4821 	EXP 	polygon_3: autoDraw = True
109.4821 	EXP 	polygon_4: autoDraw = True
113.9864 	EXP 	image_mi: autoDraw = False
113.9864 	EXP 	polygon: autoDraw = False
113.9864 	EXP 	polygon_2: autoDraw = False
113.9864 	EXP 	polygon_3: autoDraw = False
113.9864 	EXP 	polygon_4: autoDraw = False
113.9864 	EXP 	image_mi: autoDraw = False
113.9864 	EXP 	polygon: autoDraw = False
113.9864 	EXP 	polygon_2: autoDraw = False
113.9864 	EXP 	polygon_3: autoDraw = False
113.9864 	EXP 	polygon_4: autoDraw = False
113.9864 	EXP 	text_pause: autoDraw = True
116.4734 	EXP 	New trial (rep=3, index=0): {'pic_name': 'pics/left_foot.JPG', 'class_mi': 'left_foot'}
116.4890 	EXP 	text_pause: autoDraw = False
116.4890 	EXP 	text_pause: autoDraw = False
116.4890 	EXP 	hor_line_precue: autoDraw = True
116.4890 	EXP 	ver_line_precue: autoDraw = True
118.5078 	EXP 	hor_line_precue: autoDraw = False
118.5078 	EXP 	ver_line_precue: autoDraw = False
118.5078 	EXP 	hor_line_precue: autoDraw = False
118.5078 	EXP 	ver_line_precue: autoDraw = False
118.5078 	EXP 	image_mi: image = 'pics/left_foot.JPG'
118.5078 	EXP 	image_mi: autoDraw = True
118.5078 	EXP 	polygon: autoDraw = True
118.5078 	EXP 	polygon_2: autoDraw = True
118.5078 	EXP 	polygon_3: autoDraw = True
118.5078 	EXP 	polygon_4: autoDraw = True
123.0122 	EXP 	image_mi: autoDraw = False
123.0122 	EXP 	polygon: autoDraw = False
123.0122 	EXP 	polygon_2: autoDraw = False
123.0122 	EXP 	polygon_3: autoDraw = False
123.0122 	EXP 	polygon_4: autoDraw = False
123.0122 	EXP 	image_mi: autoDraw = False
123.0122 	EXP 	polygon: autoDraw = False
123.0122 	EXP 	polygon_2: autoDraw = False
123.0122 	EXP 	polygon_3: autoDraw = False
123.0122 	EXP 	polygon_4: autoDraw = False
123.0122 	EXP 	text_pause: autoDraw = True
125.4991 	EXP 	New trial (rep=3, index=1): {'pic_name': 'pics/right_foot.JPG', 'class_mi': 'right_foot'}
125.5147 	EXP 	text_pause: autoDraw = False
125.5147 	EXP 	text_pause: autoDraw = False
125.5147 	EXP 	hor_line_precue: autoDraw = True
125.5147 	EXP 	ver_line_precue: autoDraw = True
127.5334 	EXP 	hor_line_precue: autoDraw = False
127.5334 	EXP 	ver_line_precue: autoDraw = False
127.5334 	EXP 	hor_line_precue: autoDraw = False
127.5334 	EXP 	ver_line_precue: autoDraw = False
127.5334 	EXP 	image_mi: image = 'pics/right_foot.JPG'
127.5334 	EXP 	image_mi: autoDraw = True
127.5334 	EXP 	polygon: autoDraw = True
127.5334 	EXP 	polygon_2: autoDraw = True
127.5334 	EXP 	polygon_3: autoDraw = True
127.5334 	EXP 	polygon_4: autoDraw = True
132.0378 	EXP 	image_mi: autoDraw = False
132.0378 	EXP 	polygon: autoDraw = False
132.0378 	EXP 	polygon_2: autoDraw = False
132.0378 	EXP 	polygon_3: autoDraw = False
132.0378 	EXP 	polygon_4: autoDraw = False
132.0378 	EXP 	image_mi: autoDraw = False
132.0378 	EXP 	polygon: autoDraw = False
132.0378 	EXP 	polygon_2: autoDraw = False
132.0378 	EXP 	polygon_3: autoDraw = False
132.0378 	EXP 	polygon_4: autoDraw = False
132.0378 	EXP 	text_pause: autoDraw = True
134.5248 	EXP 	New trial (rep=3, index=2): {'pic_name': 'pics/right_foot.JPG', 'class_mi': 'right_foot'}
134.5405 	EXP 	text_pause: autoDraw = False
134.5405 	EXP 	text_pause: autoDraw = False
134.5405 	EXP 	hor_line_precue: autoDraw = True
134.5405 	EXP 	ver_line_precue: autoDraw = True
136.5422 	EXP 	hor_line_precue: autoDraw = False
136.5422 	EXP 	ver_line_precue: autoDraw = False
136.5422 	EXP 	hor_line_precue: autoDraw = False
136.5422 	EXP 	ver_line_precue: autoDraw = False
136.5422 	EXP 	image_mi: image = 'pics/right_foot.JPG'
136.5422 	EXP 	image_mi: autoDraw = True
136.5422 	EXP 	polygon: autoDraw = True
136.5422 	EXP 	polygon_2: autoDraw = True
136.5422 	EXP 	polygon_3: autoDraw = True
136.5422 	EXP 	polygon_4: autoDraw = True
141.0467 	EXP 	image_mi: autoDraw = False
141.0467 	EXP 	polygon: autoDraw = False
141.0467 	EXP 	polygon_2: autoDraw = False
141.0467 	EXP 	polygon_3: autoDraw = False
141.0467 	EXP 	polygon_4: autoDraw = False
141.0467 	EXP 	image_mi: autoDraw = False
141.0467 	EXP 	polygon: autoDraw = False
141.0467 	EXP 	polygon_2: autoDraw = False
141.0467 	EXP 	polygon_3: autoDraw = False
141.0467 	EXP 	polygon_4: autoDraw = False
141.0467 	EXP 	text_pause: autoDraw = True
143.5343 	EXP 	New trial (rep=3, index=3): {'pic_name': 'pics/left_hand.JPG', 'class_mi': 'left_hand'}
143.5492 	EXP 	text_pause: autoDraw = False
143.5492 	EXP 	text_pause: autoDraw = False
143.5492 	EXP 	hor_line_precue: autoDraw = True
143.5492 	EXP 	ver_line_precue: autoDraw = True
145.5679 	EXP 	hor_line_precue: autoDraw = False
145.5679 	EXP 	ver_line_precue: autoDraw = False
145.5679 	EXP 	hor_line_precue: autoDraw = False
145.5679 	EXP 	ver_line_precue: autoDraw = False
145.5679 	EXP 	image_mi: image = 'pics/left_hand.JPG'
145.5679 	EXP 	image_mi: autoDraw = True
145.5679 	EXP 	polygon: autoDraw = True
145.5679 	EXP 	polygon_2: autoDraw = True
145.5679 	EXP 	polygon_3: autoDraw = True
145.5679 	EXP 	polygon_4: autoDraw = True
150.0724 	EXP 	image_mi: autoDraw = False
150.0724 	EXP 	polygon: autoDraw = False
150.0724 	EXP 	polygon_2: autoDraw = False
150.0724 	EXP 	polygon_3: autoDraw = False
150.0724 	EXP 	polygon_4: autoDraw = False
150.0724 	EXP 	image_mi: autoDraw = False
150.0724 	EXP 	polygon: autoDraw = False
150.0724 	EXP 	polygon_2: autoDraw = False
150.0724 	EXP 	polygon_3: autoDraw = False
150.0724 	EXP 	polygon_4: autoDraw = False
150.0724 	EXP 	text_pause: autoDraw = True
152.5590 	EXP 	New trial (rep=4, index=0): {'pic_name': 'pics/mental_singing.JPG', 'class_mi': 'mental_singing'}
152.5748 	EXP 	text_pause: autoDraw = False
152.5748 	EXP 	text_pause: autoDraw = False
152.5748 	EXP 	hor_line_precue: autoDraw = True
152.5748 	EXP 	ver_line_precue: autoDraw = True
154.5935 	EXP 	hor_line_precue: autoDraw = False
154.5935 	EXP 	ver_line_precue: autoDraw = False
154.5935 	EXP 	hor_line_precue: autoDraw = False
154.5935 	EXP 	ver_line_precue: autoDraw = False
154.5935 	EXP 	image_mi: image = 'pics/mental_singing.JPG'
154.5935 	EXP 	image_mi: autoDraw = True
154.5935 	EXP 	polygon: autoDraw = True
154.5935 	EXP 	polygon_2: autoDraw = True
154.5935 	EXP 	polygon_3: autoDraw = True
154.5935 	EXP 	polygon_4: autoDraw = True
159.0981 	EXP 	image_mi: autoDraw = False
159.0981 	EXP 	polygon: autoDraw = False
159.0981 	EXP 	polygon_2: autoDraw = False
159.0981 	EXP 	polygon_3: autoDraw = False
159.0981 	EXP 	polygon_4: autoDraw = False
159.0981 	EXP 	image_mi: autoDraw = False
159.0981 	EXP 	polygon: autoDraw = False
159.0981 	EXP 	polygon_2: autoDraw = False
159.0981 	EXP 	polygon_3: autoDraw = False
159.0981 	EXP 	polygon_4: autoDraw = False
159.0981 	EXP 	text_pause: autoDraw = True
161.5847 	EXP 	New trial (rep=4, index=1): {'pic_name': 'pics/left_hand.JPG', 'class_mi': 'left_hand'}
161.6005 	EXP 	text_pause: autoDraw = False
161.6005 	EXP 	text_pause: autoDraw = False
161.6005 	EXP 	hor_line_precue: autoDraw = True
161.6005 	EXP 	ver_line_precue: autoDraw = True
163.6024 	EXP 	hor_line_precue: autoDraw = False
163.6024 	EXP 	ver_line_precue: autoDraw = False
163.6024 	EXP 	hor_line_precue: autoDraw = False
163.6024 	EXP 	ver_line_precue: autoDraw = False
163.6024 	EXP 	image_mi: image = 'pics/left_hand.JPG'
163.6024 	EXP 	image_mi: autoDraw = True
163.6024 	EXP 	polygon: autoDraw = True
163.6024 	EXP 	polygon_2: autoDraw = True
163.6024 	EXP 	polygon_3: autoDraw = True
163.6024 	EXP 	polygon_4: autoDraw = True
168.1070 	EXP 	image_mi: autoDraw = False
168.1070 	EXP 	polygon: autoDraw = False
168.1070 	EXP 	polygon_2: autoDraw = False
168.1070 	EXP 	polygon_3: autoDraw = False
168.1070 	EXP 	polygon_4: autoDraw = False
168.1070 	EXP 	image_mi: autoDraw = False
168.1070 	EXP 	polygon: autoDraw = False
168.1070 	EXP 	polygon_2: autoDraw = False
168.1070 	EXP 	polygon_3: autoDraw = False
168.1070 	EXP 	polygon_4: autoDraw = False
168.1070 	EXP 	text_pause: autoDraw = True
170.5945 	EXP 	New trial (rep=4, index=2): {'pic_name': 'pics/mental_singing.JPG', 'class_mi': 'mental_singing'}
170.6154 	EXP 	text_pause: autoDraw = False
170.6154 	EXP 	text_pause: autoDraw = False
170.6154 	EXP 	hor_line_precue: autoDraw = True
170.6154 	EXP 	ver_line_precue: autoDraw = True
172.6447 	EXP 	hor_line_precue: autoDraw = False
172.6447 	EXP 	ver_line_precue: autoDraw = False
172.6447 	EXP 	hor_line_precue: autoDraw = False
172.6447 	EXP 	ver_line_precue: autoDraw = False
172.6447 	EXP 	image_mi: image = 'pics/mental_singing.JPG'
172.6447 	EXP 	image_mi: autoDraw = True
172.6447 	EXP 	polygon: autoDraw = True
172.6447 	EXP 	polygon_2: autoDraw = True
172.6447 	EXP 	polygon_3: autoDraw = True
172.6447 	EXP 	polygon_4: autoDraw = True
177.1493 	EXP 	image_mi: autoDraw = False
177.1493 	EXP 	polygon: autoDraw = False
177.1493 	EXP 	polygon_2: autoDraw = False
177.1493 	EXP 	polygon_3: autoDraw = False
177.1493 	EXP 	polygon_4: autoDraw = False
177.1493 	EXP 	image_mi: autoDraw = False
177.1493 	EXP 	polygon: autoDraw = False
177.1493 	EXP 	polygon_2: autoDraw = False
177.1493 	EXP 	polygon_3: autoDraw = False
177.1493 	EXP 	polygon_4: autoDraw = False
177.1493 	EXP 	text_pause: autoDraw = True
179.6363 	EXP 	New trial (rep=4, index=3): {'pic_name': 'pics/mental_singing.JPG', 'class_mi': 'mental_singing'}
179.6517 	EXP 	text_pause: autoDraw = False
179.6517 	EXP 	text_pause: autoDraw = False
179.6517 	EXP 	hor_line_precue: autoDraw = True
179.6517 	EXP 	ver_line_precue: autoDraw = True
181.6704 	EXP 	hor_line_precue: autoDraw = False
181.6704 	EXP 	ver_line_precue: autoDraw = False
181.6704 	EXP 	hor_line_precue: autoDraw = False
181.6704 	EXP 	ver_line_precue: autoDraw = False
181.6704 	EXP 	image_mi: image = 'pics/mental_singing.JPG'
181.6704 	EXP 	image_mi: autoDraw = True
181.6704 	EXP 	polygon: autoDraw = True
181.6704 	EXP 	polygon_2: autoDraw = True
181.6704 	EXP 	polygon_3: autoDraw = True
181.6704 	EXP 	polygon_4: autoDraw = True
186.1748 	EXP 	image_mi: autoDraw = False
186.1748 	EXP 	polygon: autoDraw = False
186.1748 	EXP 	polygon_2: autoDraw = False
186.1748 	EXP 	polygon_3: autoDraw = False
186.1748 	EXP 	polygon_4: autoDraw = False
186.1748 	EXP 	image_mi: autoDraw = False
186.1748 	EXP 	polygon: autoDraw = False
186.1748 	EXP 	polygon_2: autoDraw = False
186.1748 	EXP 	polygon_3: autoDraw = False
186.1748 	EXP 	polygon_4: autoDraw = False
186.1748 	EXP 	text_pause: autoDraw = True
188.6773 	EXP 	text_pause: autoDraw = False
188.6773 	EXP 	text_pause: autoDraw = False
188.6773 	EXP 	text: autoDraw = True
211.6567 	DATA 	Mouse: Left button down, pos=(548,753)
211.8031 	DATA 	Mouse:  Left button up, pos=(548,753)
212.9877 	EXP 	New trial (rep=1, index=0): None
212.9910 	DATA 	Keypress: space
213.0014 	EXP 	text: autoDraw = False
213.0014 	EXP 	text_2: autoDraw = True
215.9942 	EXP 	Imported classes.xlsx as conditions, 4 conditions, 2 params
215.9947 	EXP 	Created sequence: fullRandom, trialTypes=4, nReps=5, seed=None
215.9949 	EXP 	New trial (rep=0, index=0): {'pic_name': 'pics/mental_singing.JPG', 'class_mi': 'mental_singing'}
216.0044 	EXP 	text_2: autoDraw = False
216.0044 	EXP 	hor_line_precue: autoDraw = True
216.0044 	EXP 	ver_line_precue: autoDraw = True
218.0232 	EXP 	hor_line_precue: autoDraw = False
218.0232 	EXP 	ver_line_precue: autoDraw = False
218.0232 	EXP 	hor_line_precue: autoDraw = False
218.0232 	EXP 	ver_line_precue: autoDraw = False
218.0232 	EXP 	image_mi: image = 'pics/mental_singing.JPG'
218.0232 	EXP 	image_mi: autoDraw = True
218.0232 	EXP 	polygon: autoDraw = True
218.0232 	EXP 	polygon_2: autoDraw = True
218.0232 	EXP 	polygon_3: autoDraw = True
218.0232 	EXP 	polygon_4: autoDraw = True
222.5277 	EXP 	image_mi: autoDraw = False
222.5277 	EXP 	polygon: autoDraw = False
222.5277 	EXP 	polygon_2: autoDraw = False
222.5277 	EXP 	polygon_3: autoDraw = False
222.5277 	EXP 	polygon_4: autoDraw = False
222.5277 	EXP 	image_mi: autoDraw = False
222.5277 	EXP 	polygon: autoDraw = False
222.5277 	EXP 	polygon_2: autoDraw = False
222.5277 	EXP 	polygon_3: autoDraw = False
222.5277 	EXP 	polygon_4: autoDraw = False
222.5277 	EXP 	text_pause: autoDraw = True
225.0150 	EXP 	New trial (rep=0, index=1): {'pic_name': 'pics/left_hand.JPG', 'class_mi': 'left_hand'}
225.0302 	EXP 	text_pause: autoDraw = False
225.0302 	EXP 	text_pause: autoDraw = False
225.0302 	EXP 	hor_line_precue: autoDraw = True
225.0302 	EXP 	ver_line_precue: autoDraw = True
227.0489 	EXP 	hor_line_precue: autoDraw = False
227.0489 	EXP 	ver_line_precue: autoDraw = False
227.0489 	EXP 	hor_line_precue: autoDraw = False
227.0489 	EXP 	ver_line_precue: autoDraw = False
227.0489 	EXP 	image_mi: image = 'pics/left_hand.JPG'
227.0489 	EXP 	image_mi: autoDraw = True
227.0489 	EXP 	polygon: autoDraw = True
227.0489 	EXP 	polygon_2: autoDraw = True
227.0489 	EXP 	polygon_3: autoDraw = True
227.0489 	EXP 	polygon_4: autoDraw = True
231.5533 	EXP 	image_mi: autoDraw = False
231.5533 	EXP 	polygon: autoDraw = False
231.5533 	EXP 	polygon_2: autoDraw = False
231.5533 	EXP 	polygon_3: autoDraw = False
231.5533 	EXP 	polygon_4: autoDraw = False
231.5533 	EXP 	image_mi: autoDraw = False
231.5533 	EXP 	polygon: autoDraw = False
231.5533 	EXP 	polygon_2: autoDraw = False
231.5533 	EXP 	polygon_3: autoDraw = False
231.5533 	EXP 	polygon_4: autoDraw = False
231.5533 	EXP 	text_pause: autoDraw = True
234.0400 	EXP 	New trial (rep=0, index=2): {'pic_name': 'pics/left_hand.JPG', 'class_mi': 'left_hand'}
234.0557 	EXP 	text_pause: autoDraw = False
234.0557 	EXP 	text_pause: autoDraw = False
234.0557 	EXP 	hor_line_precue: autoDraw = True
234.0557 	EXP 	ver_line_precue: autoDraw = True
236.0744 	EXP 	hor_line_precue: autoDraw = False
236.0744 	EXP 	ver_line_precue: autoDraw = False
236.0744 	EXP 	hor_line_precue: autoDraw = False
236.0744 	EXP 	ver_line_precue: autoDraw = False
236.0744 	EXP 	image_mi: image = 'pics/left_hand.JPG'
236.0744 	EXP 	image_mi: autoDraw = True
236.0744 	EXP 	polygon: autoDraw = True
236.0744 	EXP 	polygon_2: autoDraw = True
236.0744 	EXP 	polygon_3: autoDraw = True
236.0744 	EXP 	polygon_4: autoDraw = True
240.5956 	EXP 	image_mi: autoDraw = False
240.5956 	EXP 	polygon: autoDraw = False
240.5956 	EXP 	polygon_2: autoDraw = False
240.5956 	EXP 	polygon_3: autoDraw = False
240.5956 	EXP 	polygon_4: autoDraw = False
240.5956 	EXP 	image_mi: autoDraw = False
240.5956 	EXP 	polygon: autoDraw = False
240.5956 	EXP 	polygon_2: autoDraw = False
240.5956 	EXP 	polygon_3: autoDraw = False
240.5956 	EXP 	polygon_4: autoDraw = False
240.5956 	EXP 	text_pause: autoDraw = True
243.0825 	EXP 	New trial (rep=0, index=3): {'pic_name': 'pics/left_foot.JPG', 'class_mi': 'left_foot'}
243.0981 	EXP 	text_pause: autoDraw = False
243.0981 	EXP 	text_pause: autoDraw = False
243.0981 	EXP 	hor_line_precue: autoDraw = True
243.0981 	EXP 	ver_line_precue: autoDraw = True
245.1167 	EXP 	hor_line_precue: autoDraw = False
245.1167 	EXP 	ver_line_precue: autoDraw = False
245.1167 	EXP 	hor_line_precue: autoDraw = False
245.1167 	EXP 	ver_line_precue: autoDraw = False
245.1167 	EXP 	image_mi: image = 'pics/left_foot.JPG'
245.1167 	EXP 	image_mi: autoDraw = True
245.1167 	EXP 	polygon: autoDraw = True
245.1167 	EXP 	polygon_2: autoDraw = True
245.1167 	EXP 	polygon_3: autoDraw = True
245.1167 	EXP 	polygon_4: autoDraw = True
249.6379 	EXP 	image_mi: autoDraw = False
249.6379 	EXP 	polygon: autoDraw = False
249.6379 	EXP 	polygon_2: autoDraw = False
249.6379 	EXP 	polygon_3: autoDraw = False
249.6379 	EXP 	polygon_4: autoDraw = False
249.6379 	EXP 	image_mi: autoDraw = False
249.6379 	EXP 	polygon: autoDraw = False
249.6379 	EXP 	polygon_2: autoDraw = False
249.6379 	EXP 	polygon_3: autoDraw = False
249.6379 	EXP 	polygon_4: autoDraw = False
249.6379 	EXP 	text_pause: autoDraw = True
252.1255 	EXP 	New trial (rep=1, index=0): {'pic_name': 'pics/left_foot.JPG', 'class_mi': 'left_foot'}
252.1404 	EXP 	text_pause: autoDraw = False
252.1404 	EXP 	text_pause: autoDraw = False
252.1404 	EXP 	hor_line_precue: autoDraw = True
252.1404 	EXP 	ver_line_precue: autoDraw = True
254.1590 	EXP 	hor_line_precue: autoDraw = False
254.1590 	EXP 	ver_line_precue: autoDraw = False
254.1590 	EXP 	hor_line_precue: autoDraw = False
254.1590 	EXP 	ver_line_precue: autoDraw = False
254.1590 	EXP 	image_mi: image = 'pics/left_foot.JPG'
254.1590 	EXP 	image_mi: autoDraw = True
254.1590 	EXP 	polygon: autoDraw = True
254.1590 	EXP 	polygon_2: autoDraw = True
254.1590 	EXP 	polygon_3: autoDraw = True
254.1590 	EXP 	polygon_4: autoDraw = True
258.6635 	EXP 	image_mi: autoDraw = False
258.6635 	EXP 	polygon: autoDraw = False
258.6635 	EXP 	polygon_2: autoDraw = False
258.6635 	EXP 	polygon_3: autoDraw = False
258.6635 	EXP 	polygon_4: autoDraw = False
258.6635 	EXP 	image_mi: autoDraw = False
258.6635 	EXP 	polygon: autoDraw = False
258.6635 	EXP 	polygon_2: autoDraw = False
258.6635 	EXP 	polygon_3: autoDraw = False
258.6635 	EXP 	polygon_4: autoDraw = False
258.6635 	EXP 	text_pause: autoDraw = True
261.1508 	EXP 	New trial (rep=1, index=1): {'pic_name': 'pics/mental_singing.JPG', 'class_mi': 'mental_singing'}
261.1658 	EXP 	text_pause: autoDraw = False
261.1658 	EXP 	text_pause: autoDraw = False
261.1658 	EXP 	hor_line_precue: autoDraw = True
261.1658 	EXP 	ver_line_precue: autoDraw = True
263.1846 	EXP 	hor_line_precue: autoDraw = False
263.1846 	EXP 	ver_line_precue: autoDraw = False
263.1846 	EXP 	hor_line_precue: autoDraw = False
263.1846 	EXP 	ver_line_precue: autoDraw = False
263.1846 	EXP 	image_mi: image = 'pics/mental_singing.JPG'
263.1846 	EXP 	image_mi: autoDraw = True
263.1846 	EXP 	polygon: autoDraw = True
263.1846 	EXP 	polygon_2: autoDraw = True
263.1846 	EXP 	polygon_3: autoDraw = True
263.1846 	EXP 	polygon_4: autoDraw = True
267.7058 	EXP 	image_mi: autoDraw = False
267.7058 	EXP 	polygon: autoDraw = False
267.7058 	EXP 	polygon_2: autoDraw = False
267.7058 	EXP 	polygon_3: autoDraw = False
267.7058 	EXP 	polygon_4: autoDraw = False
267.7058 	EXP 	image_mi: autoDraw = False
267.7058 	EXP 	polygon: autoDraw = False
267.7058 	EXP 	polygon_2: autoDraw = False
267.7058 	EXP 	polygon_3: autoDraw = False
267.7058 	EXP 	polygon_4: autoDraw = False
267.7058 	EXP 	text_pause: autoDraw = True
270.1932 	EXP 	New trial (rep=1, index=2): {'pic_name': 'pics/left_hand.JPG', 'class_mi': 'left_hand'}
270.2083 	EXP 	text_pause: autoDraw = False
270.2083 	EXP 	text_pause: autoDraw = False
270.2083 	EXP 	hor_line_precue: autoDraw = True
270.2083 	EXP 	ver_line_precue: autoDraw = True
272.2102 	EXP 	hor_line_precue: autoDraw = False
272.2102 	EXP 	ver_line_precue: autoDraw = False
272.2102 	EXP 	hor_line_precue: autoDraw = False
272.2102 	EXP 	ver_line_precue: autoDraw = False
272.2102 	EXP 	image_mi: image = 'pics/left_hand.JPG'
272.2102 	EXP 	image_mi: autoDraw = True
272.2102 	EXP 	polygon: autoDraw = True
272.2102 	EXP 	polygon_2: autoDraw = True
272.2102 	EXP 	polygon_3: autoDraw = True
272.2102 	EXP 	polygon_4: autoDraw = True
276.7146 	EXP 	image_mi: autoDraw = False
276.7146 	EXP 	polygon: autoDraw = False
276.7146 	EXP 	polygon_2: autoDraw = False
276.7146 	EXP 	polygon_3: autoDraw = False
276.7146 	EXP 	polygon_4: autoDraw = False
276.7146 	EXP 	image_mi: autoDraw = False
276.7146 	EXP 	polygon: autoDraw = False
276.7146 	EXP 	polygon_2: autoDraw = False
276.7146 	EXP 	polygon_3: autoDraw = False
276.7146 	EXP 	polygon_4: autoDraw = False
276.7146 	EXP 	text_pause: autoDraw = True
279.2022 	EXP 	New trial (rep=1, index=3): {'pic_name': 'pics/left_hand.JPG', 'class_mi': 'left_hand'}
279.2172 	EXP 	text_pause: autoDraw = False
279.2172 	EXP 	text_pause: autoDraw = False
279.2172 	EXP 	hor_line_precue: autoDraw = True
279.2172 	EXP 	ver_line_precue: autoDraw = True
281.2359 	EXP 	hor_line_precue: autoDraw = False
281.2359 	EXP 	ver_line_precue: autoDraw = False
281.2359 	EXP 	hor_line_precue: autoDraw = False
281.2359 	EXP 	ver_line_precue: autoDraw = False
281.2359 	EXP 	image_mi: image = 'pics/left_hand.JPG'
281.2359 	EXP 	image_mi: autoDraw = True
281.2359 	EXP 	polygon: autoDraw = True
281.2359 	EXP 	polygon_2: autoDraw = True
281.2359 	EXP 	polygon_3: autoDraw = True
281.2359 	EXP 	polygon_4: autoDraw = True
285.7403 	EXP 	image_mi: autoDraw = False
285.7403 	EXP 	polygon: autoDraw = False
285.7403 	EXP 	polygon_2: autoDraw = False
285.7403 	EXP 	polygon_3: autoDraw = False
285.7403 	EXP 	polygon_4: autoDraw = False
285.7403 	EXP 	image_mi: autoDraw = False
285.7403 	EXP 	polygon: autoDraw = False
285.7403 	EXP 	polygon_2: autoDraw = False
285.7403 	EXP 	polygon_3: autoDraw = False
285.7403 	EXP 	polygon_4: autoDraw = False
285.7403 	EXP 	text_pause: autoDraw = True
288.2275 	EXP 	New trial (rep=2, index=0): {'pic_name': 'pics/left_foot.JPG', 'class_mi': 'left_foot'}
288.2428 	EXP 	text_pause: autoDraw = False
288.2428 	EXP 	text_pause: autoDraw = False
288.2428 	EXP 	hor_line_precue: autoDraw = True
288.2428 	EXP 	ver_line_precue: autoDraw = True
290.2616 	EXP 	hor_line_precue: autoDraw = False
290.2616 	EXP 	ver_line_precue: autoDraw = False
290.2616 	EXP 	hor_line_precue: autoDraw = False
290.2616 	EXP 	ver_line_precue: autoDraw = False
290.2616 	EXP 	image_mi: image = 'pics/left_foot.JPG'
290.2616 	EXP 	image_mi: autoDraw = True
290.2616 	EXP 	polygon: autoDraw = True
290.2616 	EXP 	polygon_2: autoDraw = True
290.2616 	EXP 	polygon_3: autoDraw = True
290.2616 	EXP 	polygon_4: autoDraw = True
294.7661 	EXP 	image_mi: autoDraw = False
294.7661 	EXP 	polygon: autoDraw = False
294.7661 	EXP 	polygon_2: autoDraw = False
294.7661 	EXP 	polygon_3: autoDraw = False
294.7661 	EXP 	polygon_4: autoDraw = False
294.7661 	EXP 	image_mi: autoDraw = False
294.7661 	EXP 	polygon: autoDraw = False
294.7661 	EXP 	polygon_2: autoDraw = False
294.7661 	EXP 	polygon_3: autoDraw = False
294.7661 	EXP 	polygon_4: autoDraw = False
294.7661 	EXP 	text_pause: autoDraw = True
297.2534 	EXP 	New trial (rep=2, index=1): {'pic_name': 'pics/left_hand.JPG', 'class_mi': 'left_hand'}
297.2685 	EXP 	text_pause: autoDraw = False
297.2685 	EXP 	text_pause: autoDraw = False
297.2685 	EXP 	hor_line_precue: autoDraw = True
297.2685 	EXP 	ver_line_precue: autoDraw = True
299.2872 	EXP 	hor_line_precue: autoDraw = False
299.2872 	EXP 	ver_line_precue: autoDraw = False
299.2872 	EXP 	hor_line_precue: autoDraw = False
299.2872 	EXP 	ver_line_precue: autoDraw = False
299.2872 	EXP 	image_mi: image = 'pics/left_hand.JPG'
299.2872 	EXP 	image_mi: autoDraw = True
299.2872 	EXP 	polygon: autoDraw = True
299.2872 	EXP 	polygon_2: autoDraw = True
299.2872 	EXP 	polygon_3: autoDraw = True
299.2872 	EXP 	polygon_4: autoDraw = True
303.8083 	EXP 	image_mi: autoDraw = False
303.8083 	EXP 	polygon: autoDraw = False
303.8083 	EXP 	polygon_2: autoDraw = False
303.8083 	EXP 	polygon_3: autoDraw = False
303.8083 	EXP 	polygon_4: autoDraw = False
303.8083 	EXP 	image_mi: autoDraw = False
303.8083 	EXP 	polygon: autoDraw = False
303.8083 	EXP 	polygon_2: autoDraw = False
303.8083 	EXP 	polygon_3: autoDraw = False
303.8083 	EXP 	polygon_4: autoDraw = False
303.8083 	EXP 	text_pause: autoDraw = True
306.2957 	EXP 	New trial (rep=2, index=2): {'pic_name': 'pics/mental_singing.JPG', 'class_mi': 'mental_singing'}
306.3108 	EXP 	text_pause: autoDraw = False
306.3108 	EXP 	text_pause: autoDraw = False
306.3108 	EXP 	hor_line_precue: autoDraw = True
306.3108 	EXP 	ver_line_precue: autoDraw = True
308.3294 	EXP 	hor_line_precue: autoDraw = False
308.3294 	EXP 	ver_line_precue: autoDraw = False
308.3294 	EXP 	hor_line_precue: autoDraw = False
308.3294 	EXP 	ver_line_precue: autoDraw = False
308.3294 	EXP 	image_mi: image = 'pics/mental_singing.JPG'
308.3294 	EXP 	image_mi: autoDraw = True
308.3294 	EXP 	polygon: autoDraw = True
308.3294 	EXP 	polygon_2: autoDraw = True
308.3294 	EXP 	polygon_3: autoDraw = True
308.3294 	EXP 	polygon_4: autoDraw = True
312.8339 	EXP 	image_mi: autoDraw = False
312.8339 	EXP 	polygon: autoDraw = False
312.8339 	EXP 	polygon_2: autoDraw = False
312.8339 	EXP 	polygon_3: autoDraw = False
312.8339 	EXP 	polygon_4: autoDraw = False
312.8339 	EXP 	image_mi: autoDraw = False
312.8339 	EXP 	polygon: autoDraw = False
312.8339 	EXP 	polygon_2: autoDraw = False
312.8339 	EXP 	polygon_3: autoDraw = False
312.8339 	EXP 	polygon_4: autoDraw = False
312.8339 	EXP 	text_pause: autoDraw = True
315.3217 	EXP 	New trial (rep=2, index=3): {'pic_name': 'pics/left_foot.JPG', 'class_mi': 'left_foot'}
315.3365 	EXP 	text_pause: autoDraw = False
315.3365 	EXP 	text_pause: autoDraw = False
315.3365 	EXP 	hor_line_precue: autoDraw = True
315.3365 	EXP 	ver_line_precue: autoDraw = True
317.3551 	EXP 	hor_line_precue: autoDraw = False
317.3551 	EXP 	ver_line_precue: autoDraw = False
317.3551 	EXP 	hor_line_precue: autoDraw = False
317.3551 	EXP 	ver_line_precue: autoDraw = False
317.3551 	EXP 	image_mi: image = 'pics/left_foot.JPG'
317.3551 	EXP 	image_mi: autoDraw = True
317.3551 	EXP 	polygon: autoDraw = True
317.3551 	EXP 	polygon_2: autoDraw = True
317.3551 	EXP 	polygon_3: autoDraw = True
317.3551 	EXP 	polygon_4: autoDraw = True
321.8596 	EXP 	image_mi: autoDraw = False
321.8596 	EXP 	polygon: autoDraw = False
321.8596 	EXP 	polygon_2: autoDraw = False
321.8596 	EXP 	polygon_3: autoDraw = False
321.8596 	EXP 	polygon_4: autoDraw = False
321.8596 	EXP 	image_mi: autoDraw = False
321.8596 	EXP 	polygon: autoDraw = False
321.8596 	EXP 	polygon_2: autoDraw = False
321.8596 	EXP 	polygon_3: autoDraw = False
321.8596 	EXP 	polygon_4: autoDraw = False
321.8596 	EXP 	text_pause: autoDraw = True
324.3467 	EXP 	New trial (rep=3, index=0): {'pic_name': 'pics/right_foot.JPG', 'class_mi': 'right_foot'}
324.3620 	EXP 	text_pause: autoDraw = False
324.3620 	EXP 	text_pause: autoDraw = False
324.3620 	EXP 	hor_line_precue: autoDraw = True
324.3620 	EXP 	ver_line_precue: autoDraw = True
326.3806 	EXP 	hor_line_precue: autoDraw = False
326.3806 	EXP 	ver_line_precue: autoDraw = False
326.3806 	EXP 	hor_line_precue: autoDraw = False
326.3806 	EXP 	ver_line_precue: autoDraw = False
326.3806 	EXP 	image_mi: image = 'pics/right_foot.JPG'
326.3806 	EXP 	image_mi: autoDraw = True
326.3806 	EXP 	polygon: autoDraw = True
326.3806 	EXP 	polygon_2: autoDraw = True
326.3806 	EXP 	polygon_3: autoDraw = True
326.3806 	EXP 	polygon_4: autoDraw = True
330.8852 	EXP 	image_mi: autoDraw = False
330.8852 	EXP 	polygon: autoDraw = False
330.8852 	EXP 	polygon_2: autoDraw = False
330.8852 	EXP 	polygon_3: autoDraw = False
330.8852 	EXP 	polygon_4: autoDraw = False
330.8852 	EXP 	image_mi: autoDraw = False
330.8852 	EXP 	polygon: autoDraw = False
330.8852 	EXP 	polygon_2: autoDraw = False
330.8852 	EXP 	polygon_3: autoDraw = False
330.8852 	EXP 	polygon_4: autoDraw = False
330.8852 	EXP 	text_pause: autoDraw = True
333.3719 	EXP 	New trial (rep=3, index=1): {'pic_name': 'pics/mental_singing.JPG', 'class_mi': 'mental_singing'}
333.3876 	EXP 	text_pause: autoDraw = False
333.3876 	EXP 	text_pause: autoDraw = False
333.3876 	EXP 	hor_line_precue: autoDraw = True
333.3876 	EXP 	ver_line_precue: autoDraw = True
335.4063 	EXP 	hor_line_precue: autoDraw = False
335.4063 	EXP 	ver_line_precue: autoDraw = False
335.4063 	EXP 	hor_line_precue: autoDraw = False
335.4063 	EXP 	ver_line_precue: autoDraw = False
335.4063 	EXP 	image_mi: image = 'pics/mental_singing.JPG'
335.4063 	EXP 	image_mi: autoDraw = True
335.4063 	EXP 	polygon: autoDraw = True
335.4063 	EXP 	polygon_2: autoDraw = True
335.4063 	EXP 	polygon_3: autoDraw = True
335.4063 	EXP 	polygon_4: autoDraw = True
339.9108 	EXP 	image_mi: autoDraw = False
339.9108 	EXP 	polygon: autoDraw = False
339.9108 	EXP 	polygon_2: autoDraw = False
339.9108 	EXP 	polygon_3: autoDraw = False
339.9108 	EXP 	polygon_4: autoDraw = False
339.9108 	EXP 	image_mi: autoDraw = False
339.9108 	EXP 	polygon: autoDraw = False
339.9108 	EXP 	polygon_2: autoDraw = False
339.9108 	EXP 	polygon_3: autoDraw = False
339.9108 	EXP 	polygon_4: autoDraw = False
339.9108 	EXP 	text_pause: autoDraw = True
342.3980 	EXP 	New trial (rep=3, index=2): {'pic_name': 'pics/right_foot.JPG', 'class_mi': 'right_foot'}
342.4133 	EXP 	text_pause: autoDraw = False
342.4133 	EXP 	text_pause: autoDraw = False
342.4133 	EXP 	hor_line_precue: autoDraw = True
342.4133 	EXP 	ver_line_precue: autoDraw = True
344.4320 	EXP 	hor_line_precue: autoDraw = False
344.4320 	EXP 	ver_line_precue: autoDraw = False
344.4320 	EXP 	hor_line_precue: autoDraw = False
344.4320 	EXP 	ver_line_precue: autoDraw = False
344.4320 	EXP 	image_mi: image = 'pics/right_foot.JPG'
344.4320 	EXP 	image_mi: autoDraw = True
344.4320 	EXP 	polygon: autoDraw = True
344.4320 	EXP 	polygon_2: autoDraw = True
344.4320 	EXP 	polygon_3: autoDraw = True
344.4320 	EXP 	polygon_4: autoDraw = True
348.9363 	EXP 	image_mi: autoDraw = False
348.9363 	EXP 	polygon: autoDraw = False
348.9363 	EXP 	polygon_2: autoDraw = False
348.9363 	EXP 	polygon_3: autoDraw = False
348.9363 	EXP 	polygon_4: autoDraw = False
348.9363 	EXP 	image_mi: autoDraw = False
348.9363 	EXP 	polygon: autoDraw = False
348.9363 	EXP 	polygon_2: autoDraw = False
348.9363 	EXP 	polygon_3: autoDraw = False
348.9363 	EXP 	polygon_4: autoDraw = False
348.9363 	EXP 	text_pause: autoDraw = True
351.4242 	EXP 	New trial (rep=3, index=3): {'pic_name': 'pics/right_foot.JPG', 'class_mi': 'right_foot'}
351.4389 	EXP 	text_pause: autoDraw = False
351.4389 	EXP 	text_pause: autoDraw = False
351.4389 	EXP 	hor_line_precue: autoDraw = True
351.4389 	EXP 	ver_line_precue: autoDraw = True
353.4575 	EXP 	hor_line_precue: autoDraw = False
353.4575 	EXP 	ver_line_precue: autoDraw = False
353.4575 	EXP 	hor_line_precue: autoDraw = False
353.4575 	EXP 	ver_line_precue: autoDraw = False
353.4575 	EXP 	image_mi: image = 'pics/right_foot.JPG'
353.4575 	EXP 	image_mi: autoDraw = True
353.4575 	EXP 	polygon: autoDraw = True
353.4575 	EXP 	polygon_2: autoDraw = True
353.4575 	EXP 	polygon_3: autoDraw = True
353.4575 	EXP 	polygon_4: autoDraw = True
357.9618 	EXP 	image_mi: autoDraw = False
357.9618 	EXP 	polygon: autoDraw = False
357.9618 	EXP 	polygon_2: autoDraw = False
357.9618 	EXP 	polygon_3: autoDraw = False
357.9618 	EXP 	polygon_4: autoDraw = False
357.9618 	EXP 	image_mi: autoDraw = False
357.9618 	EXP 	polygon: autoDraw = False
357.9618 	EXP 	polygon_2: autoDraw = False
357.9618 	EXP 	polygon_3: autoDraw = False
357.9618 	EXP 	polygon_4: autoDraw = False
357.9618 	EXP 	text_pause: autoDraw = True
360.4498 	EXP 	New trial (rep=4, index=0): {'pic_name': 'pics/right_foot.JPG', 'class_mi': 'right_foot'}
360.4644 	EXP 	text_pause: autoDraw = False
360.4644 	EXP 	text_pause: autoDraw = False
360.4644 	EXP 	hor_line_precue: autoDraw = True
360.4644 	EXP 	ver_line_precue: autoDraw = True
362.4832 	EXP 	hor_line_precue: autoDraw = False
362.4832 	EXP 	ver_line_precue: autoDraw = False
362.4832 	EXP 	hor_line_precue: autoDraw = False
362.4832 	EXP 	ver_line_precue: autoDraw = False
362.4832 	EXP 	image_mi: image = 'pics/right_foot.JPG'
362.4832 	EXP 	image_mi: autoDraw = True
362.4832 	EXP 	polygon: autoDraw = True
362.4832 	EXP 	polygon_2: autoDraw = True
362.4832 	EXP 	polygon_3: autoDraw = True
362.4832 	EXP 	polygon_4: autoDraw = True
366.9877 	EXP 	image_mi: autoDraw = False
366.9877 	EXP 	polygon: autoDraw = False
366.9877 	EXP 	polygon_2: autoDraw = False
366.9877 	EXP 	polygon_3: autoDraw = False
366.9877 	EXP 	polygon_4: autoDraw = False
366.9877 	EXP 	image_mi: autoDraw = False
366.9877 	EXP 	polygon: autoDraw = False
366.9877 	EXP 	polygon_2: autoDraw = False
366.9877 	EXP 	polygon_3: autoDraw = False
366.9877 	EXP 	polygon_4: autoDraw = False
366.9877 	EXP 	text_pause: autoDraw = True
369.4745 	EXP 	New trial (rep=4, index=1): {'pic_name': 'pics/right_foot.JPG', 'class_mi': 'right_foot'}
369.4901 	EXP 	text_pause: autoDraw = False
369.4901 	EXP 	text_pause: autoDraw = False
369.4901 	EXP 	hor_line_precue: autoDraw = True
369.4901 	EXP 	ver_line_precue: autoDraw = True
371.5088 	EXP 	hor_line_precue: autoDraw = False
371.5088 	EXP 	ver_line_precue: autoDraw = False
371.5088 	EXP 	hor_line_precue: autoDraw = False
371.5088 	EXP 	ver_line_precue: autoDraw = False
371.5088 	EXP 	image_mi: image = 'pics/right_foot.JPG'
371.5088 	EXP 	image_mi: autoDraw = True
371.5088 	EXP 	polygon: autoDraw = True
371.5088 	EXP 	polygon_2: autoDraw = True
371.5088 	EXP 	polygon_3: autoDraw = True
371.5088 	EXP 	polygon_4: autoDraw = True
376.0298 	EXP 	image_mi: autoDraw = False
376.0298 	EXP 	polygon: autoDraw = False
376.0298 	EXP 	polygon_2: autoDraw = False
376.0298 	EXP 	polygon_3: autoDraw = False
376.0298 	EXP 	polygon_4: autoDraw = False
376.0298 	EXP 	image_mi: autoDraw = False
376.0298 	EXP 	polygon: autoDraw = False
376.0298 	EXP 	polygon_2: autoDraw = False
376.0298 	EXP 	polygon_3: autoDraw = False
376.0298 	EXP 	polygon_4: autoDraw = False
376.0298 	EXP 	text_pause: autoDraw = True
378.5170 	EXP 	New trial (rep=4, index=2): {'pic_name': 'pics/mental_singing.JPG', 'class_mi': 'mental_singing'}
378.5324 	EXP 	text_pause: autoDraw = False
378.5324 	EXP 	text_pause: autoDraw = False
378.5324 	EXP 	hor_line_precue: autoDraw = True
378.5324 	EXP 	ver_line_precue: autoDraw = True
380.5510 	EXP 	hor_line_precue: autoDraw = False
380.5510 	EXP 	ver_line_precue: autoDraw = False
380.5510 	EXP 	hor_line_precue: autoDraw = False
380.5510 	EXP 	ver_line_precue: autoDraw = False
380.5510 	EXP 	image_mi: image = 'pics/mental_singing.JPG'
380.5510 	EXP 	image_mi: autoDraw = True
380.5510 	EXP 	polygon: autoDraw = True
380.5510 	EXP 	polygon_2: autoDraw = True
380.5510 	EXP 	polygon_3: autoDraw = True
380.5510 	EXP 	polygon_4: autoDraw = True
385.0555 	EXP 	image_mi: autoDraw = False
385.0555 	EXP 	polygon: autoDraw = False
385.0555 	EXP 	polygon_2: autoDraw = False
385.0555 	EXP 	polygon_3: autoDraw = False
385.0555 	EXP 	polygon_4: autoDraw = False
385.0555 	EXP 	image_mi: autoDraw = False
385.0555 	EXP 	polygon: autoDraw = False
385.0555 	EXP 	polygon_2: autoDraw = False
385.0555 	EXP 	polygon_3: autoDraw = False
385.0555 	EXP 	polygon_4: autoDraw = False
385.0555 	EXP 	text_pause: autoDraw = True
387.5430 	EXP 	New trial (rep=4, index=3): {'pic_name': 'pics/left_foot.JPG', 'class_mi': 'left_foot'}
387.5581 	EXP 	text_pause: autoDraw = False
387.5581 	EXP 	text_pause: autoDraw = False
387.5581 	EXP 	hor_line_precue: autoDraw = True
387.5581 	EXP 	ver_line_precue: autoDraw = True
389.5768 	EXP 	hor_line_precue: autoDraw = False
389.5768 	EXP 	ver_line_precue: autoDraw = False
389.5768 	EXP 	hor_line_precue: autoDraw = False
389.5768 	EXP 	ver_line_precue: autoDraw = False
389.5768 	EXP 	image_mi: image = 'pics/left_foot.JPG'
389.5768 	EXP 	image_mi: autoDraw = True
389.5768 	EXP 	polygon: autoDraw = True
389.5768 	EXP 	polygon_2: autoDraw = True
389.5768 	EXP 	polygon_3: autoDraw = True
389.5768 	EXP 	polygon_4: autoDraw = True
394.0812 	EXP 	image_mi: autoDraw = False
394.0812 	EXP 	polygon: autoDraw = False
394.0812 	EXP 	polygon_2: autoDraw = False
394.0812 	EXP 	polygon_3: autoDraw = False
394.0812 	EXP 	polygon_4: autoDraw = False
394.0812 	EXP 	image_mi: autoDraw = False
394.0812 	EXP 	polygon: autoDraw = False
394.0812 	EXP 	polygon_2: autoDraw = False
394.0812 	EXP 	polygon_3: autoDraw = False
394.0812 	EXP 	polygon_4: autoDraw = False
394.0812 	EXP 	text_pause: autoDraw = True
396.5837 	EXP 	text_pause: autoDraw = False
396.5837 	EXP 	text_pause: autoDraw = False
396.5837 	EXP 	text: autoDraw = True
403.4947 	DATA 	Keypress: lalt
411.2386 	DATA 	Mouse: Left button down, pos=(469,721)
411.4512 	DATA 	Mouse:  Left button up, pos=(469,721)
671.5650 	DATA 	Mouse: Left button down, pos=(328,797)
671.6280 	DATA 	Mouse:  Left button up, pos=(328,797)
672.0778 	DATA 	Keypress: escape
672.1751 	EXP 	online_paradigm: status = STOPPED
672.1905 	EXP 	text: autoDraw = False
672.1906 	EXP 	online_paradigm: status = STOPPED
672.3263 	EXP 	window1: mouseVisible = True
