7.8916 	EXP 	Created window1 = Window(allowGUI=True, allowStencil=False, autoLog=True, backendConf=UNKNOWN, backgroundFit=<method-wrapper '__getattribute__' of attributeSetter object at 0x000001163AAE4AC0>, backgroundImage=<method-wrapper '__getattribute__' of attributeSetter object at 0x000001163AAE4A60>, bitsMode=UNKNOWN, blendMode='avg', bpc=(8, 8, 8), color=array([0, 0, 0]), colorSpace='rgb', depthBits=8, fullscr=<method-wrapper '__getattribute__' of attributeSetter object at 0x000001163AAE48E0>, gamma=None, gammaErrorPolicy='raise', infoMsg=UNKNOWN, lms=UNKNOWN, monitor=<psychopy.monitors.calibTools.Monitor object at 0x000001163AF682E0>, multiSample=False, name='window1', numSamples=2, pos=[0.0, 0.0], screen=1, size=array([1920, 1080]), stencilBits=0, stereo=False, title='PsychoPy', units='height', useFBO=True, useRetina=False, viewOri=0.0, viewPos=None, viewScale=None, waitBlanking=True, winType='pyglet')
7.8916 	EXP 	window1: backgroundImage = ''
7.8916 	EXP 	window1: backgroundFit = 'none'
7.8919 	EXP 	window1: mouseVisible = <method-wrapper '__getattribute__' of attributeSetter object at 0x000001163AAE4BE0>
7.8921 	EXP 	window1: mouseVisible = <method-wrapper '__getattribute__' of attributeSetter object at 0x000001163AAE4BE0>
7.8947 	EXP 	window1: mouseVisible = <method-wrapper '__getattribute__' of attributeSetter object at 0x000001163AAE4BE0>
7.8956 	EXP 	window1: mouseVisible = <method-wrapper '__getattribute__' of attributeSetter object at 0x000001163AAE4BE0>
7.9746 	EXP 	window1: mouseVisible = <method-wrapper '__getattribute__' of attributeSetter object at 0x000001163AAE4BE0>
7.9748 	EXP 	window1: mouseVisible = <method-wrapper '__getattribute__' of attributeSetter object at 0x000001163AAE4BE0>
7.9757 	EXP 	window1: mouseVisible = <method-wrapper '__getattribute__' of attributeSetter object at 0x000001163AAE4BE0>
7.9771 	EXP 	window1: mouseVisible = <method-wrapper '__getattribute__' of attributeSetter object at 0x000001163AAE4BE0>
7.9996 	EXP 	window1: Attempting to measure frame rate of screen (1) ...
7.9996 	EXP 	window1: recordFrameIntervals = False
8.2848 	EXP 	window1: recordFrameIntervals = True
8.7205 	WARNING 	t of last frame was 20.51ms (=1/48)
8.9012 	EXP 	Screen (1) actual frame rate measured at 59.79Hz
8.9013 	EXP 	window1: recordFrameIntervals = False
8.9014 	EXP 	window1: mouseVisible = False
13.4104 	EXP 	bci_racingteam: status = STARTED
13.4109 	EXP 	window1: mouseVisible = False
13.4946 	EXP 	Created text_pre_run = TextStim(__class__=<class 'psychopy.visual.text.TextStim'>, alignHoriz=method-wrapper(...), alignText='center', alignVert=method-wrapper(...), anchorHoriz='center', anchorVert='center', antialias=True, autoDraw=False, autoLog=True, bold=False, color=array([1., 1., 1.]), colorSpace='rgb', contrast=1.0, depth=0.0, draggable=False, flipHoriz=False, flipVert=False, font='Open Sans', fontFiles=[], height=0.05, italic=False, languageStyle='LTR', name='text_pre_run', opacity=1.0, ori=0.0, pos=array([0., 0.]), rgb=UNKNOWN, text='Press any key to start ...', units='height', win=Window(...), wrapWidth=1)
13.4949 	EXP 	window1: mouseVisible = False
13.4985 	EXP 	Created text_2 = TextStim(__class__=<class 'psychopy.visual.text.TextStim'>, alignHoriz=method-wrapper(...), alignText='center', alignVert=method-wrapper(...), anchorHoriz='center', anchorVert='center', antialias=True, autoDraw=False, autoLog=True, bold=False, color=array([1., 1., 1.]), colorSpace='rgb', contrast=1.0, depth=0.0, draggable=False, flipHoriz=False, flipVert=False, font='Arial', fontFiles=[], height=0.05, italic=False, languageStyle='LTR', name='text_2', opacity=1.0, ori=0.0, pos=array([0., 0.]), rgb=UNKNOWN, text='', units='height', win=Window(...), wrapWidth=1)
13.4987 	EXP 	window1: mouseVisible = False
13.5025 	EXP 	Created hor_line_precue = Line(__class__=<class 'psychopy.visual.line.Line'>, anchor=('center', 'center'), autoDraw=False, autoLog=True, closeShape=False, color=array([1., 1., 1.]), colorSpace='rgb', contrast=None, depth=0.0, draggable=False, fillColor=array([0, 0, 0]), fillColorSpace='rgb', fillRGB=array([0, 0, 0]), interpolate=True, lineColor=array([1., 1., 1.]), lineColorSpace='rgb', lineRGB=array([1, 1, 1]), lineWidth=5.0, name='hor_line_precue', opacity=0.5, ori=0.0, pos=array([0., 0.]), size=array([1., 1.]), units='height', vertices=ndarray(...), win=Window(...), windingRule=None)
13.5027 	EXP 	window1: mouseVisible = False
13.5084 	EXP 	Created ver_line_precue = Line(__class__=<class 'psychopy.visual.line.Line'>, anchor=('center', 'center'), autoDraw=False, autoLog=True, closeShape=False, color=array([1., 1., 1.]), colorSpace='rgb', contrast=None, depth=-1.0, draggable=False, fillColor=array([0, 0, 0]), fillColorSpace='rgb', fillRGB=array([0, 0, 0]), interpolate=True, lineColor=array([1., 1., 1.]), lineColorSpace='rgb', lineRGB=array([1, 1, 1]), lineWidth=5.0, name='ver_line_precue', opacity=0.5, ori=90.0, pos=array([0., 0.]), size=array([1., 1.]), units='height', vertices=ndarray(...), win=Window(...), windingRule=None)
13.5087 	EXP 	window1: mouseVisible = False
13.5155 	EXP 	Created image_mi = ImageStim(__class__=<class 'psychopy.visual.image.ImageStim'>, anchor=('center', 'center'), autoLog=True, color=array([1., 1., 1.]), colorSpace='rgb', contrast=1.0, depth=0.0, draggable=False, flipHoriz=False, flipVert=False, image='default.png', interpolate=True, mask=None, maskParams=None, name='image_mi', opacity=1.0, ori=0.0, pos=array([0., 0.]), size=array([0.5, 0.5]), texRes=128.0, units='height', win=Window(...))
13.5157 	EXP 	window1: mouseVisible = False
13.5180 	EXP 	Created text_pause = TextStim(__class__=<class 'psychopy.visual.text.TextStim'>, alignHoriz=method-wrapper(...), alignText='center', alignVert=method-wrapper(...), anchorHoriz='center', anchorVert='center', antialias=True, autoDraw=False, autoLog=True, bold=False, color=array([1., 1., 1.]), colorSpace='rgb', contrast=1.0, depth=0.0, draggable=False, flipHoriz=False, flipVert=False, font='Open Sans', fontFiles=[], height=0.05, italic=False, languageStyle='LTR', name='text_pause', opacity=1.0, ori=0.0, pos=array([0., 0.]), rgb=UNKNOWN, text='', units='height', win=Window(...), wrapWidth=1)
13.5182 	EXP 	window1: mouseVisible = False
13.5279 	EXP 	Created text = TextStim(__class__=<class 'psychopy.visual.text.TextStim'>, alignHoriz=method-wrapper(...), alignText='center', alignVert=method-wrapper(...), anchorHoriz='center', anchorVert='center', antialias=True, autoDraw=False, autoLog=True, bold=False, color=array([1., 1., 1.]), colorSpace='rgb', contrast=1.0, depth=0.0, draggable=False, flipHoriz=False, flipVert=False, font='Arial', fontFiles=[], height=0.05, italic=False, languageStyle='LTR', name='text', opacity=1.0, ori=0.0, pos=array([0., 0.]), rgb=UNKNOWN, text='Run Finished', units='height', win=Window(...), wrapWidth=1)
13.5281 	EXP 	window1: mouseVisible = False
13.5345 	EXP 	Created text_post_run = TextStim(__class__=<class 'psychopy.visual.text.TextStim'>, alignHoriz=method-wrapper(...), alignText='center', alignVert=method-wrapper(...), anchorHoriz='center', anchorVert='center', antialias=True, autoDraw=False, autoLog=True, bold=False, color=array([1., 1., 1.]), colorSpace='rgb', contrast=1.0, depth=0.0, draggable=False, flipHoriz=False, flipVert=False, font='Open Sans', fontFiles=[], height=0.05, italic=False, languageStyle='LTR', name='text_post_run', opacity=1.0, ori=0.0, pos=array([0., 0.]), rgb=UNKNOWN, text='End\n', units='height', win=Window(...), wrapWidth=1)
0.0370 	EXP 	text_pre_run: autoDraw = True
49.7812 	DATA 	Mouse: Left button down, pos=(446,520)
49.9054 	DATA 	Mouse:  Left button up, pos=(446,520)
51.2139 	EXP 	Created sequence: random, trialTypes=1, nReps=4, seed=None
51.2143 	EXP 	New trial (rep=0, index=0): None
51.2170 	DATA 	Keypress: space
51.2379 	EXP 	text_pre_run: autoDraw = False
51.2379 	EXP 	text_2: autoDraw = True
54.2348 	EXP 	Imported classes.xlsx as conditions, 4 conditions, 2 params
54.2354 	EXP 	Created sequence: fullRandom, trialTypes=4, nReps=5, seed=None
54.2356 	EXP 	New trial (rep=0, index=0): {'pic_name': 'pics/left_hand.JPG', 'class_mi': 'left_hand'}
54.2575 	EXP 	text_2: autoDraw = False
54.2575 	EXP 	hor_line_precue: autoDraw = True
54.2575 	EXP 	ver_line_precue: autoDraw = True
56.2762 	EXP 	hor_line_precue: autoDraw = False
56.2762 	EXP 	ver_line_precue: autoDraw = False
56.2762 	EXP 	hor_line_precue: autoDraw = False
56.2762 	EXP 	ver_line_precue: autoDraw = False
56.2762 	EXP 	image_mi: image = 'pics/left_hand.JPG'
56.2762 	EXP 	image_mi: autoDraw = True
60.7806 	EXP 	image_mi: autoDraw = False
60.7806 	EXP 	image_mi: autoDraw = False
60.7806 	EXP 	text_pause: autoDraw = True
63.2673 	EXP 	New trial (rep=0, index=1): {'pic_name': 'pics/right_foot.JPG', 'class_mi': 'right_foot'}
63.2832 	EXP 	text_pause: autoDraw = False
63.2832 	EXP 	text_pause: autoDraw = False
63.2832 	EXP 	hor_line_precue: autoDraw = True
63.2832 	EXP 	ver_line_precue: autoDraw = True
65.3019 	EXP 	hor_line_precue: autoDraw = False
65.3019 	EXP 	ver_line_precue: autoDraw = False
65.3019 	EXP 	hor_line_precue: autoDraw = False
65.3019 	EXP 	ver_line_precue: autoDraw = False
65.3019 	EXP 	image_mi: image = 'pics/right_foot.JPG'
65.3019 	EXP 	image_mi: autoDraw = True
69.8063 	EXP 	image_mi: autoDraw = False
69.8063 	EXP 	image_mi: autoDraw = False
69.8063 	EXP 	text_pause: autoDraw = True
72.2932 	EXP 	New trial (rep=0, index=2): {'pic_name': 'pics/mental_singing.JPG', 'class_mi': 'mental_singing'}
72.3088 	EXP 	text_pause: autoDraw = False
72.3088 	EXP 	text_pause: autoDraw = False
72.3088 	EXP 	hor_line_precue: autoDraw = True
72.3088 	EXP 	ver_line_precue: autoDraw = True
74.3274 	EXP 	hor_line_precue: autoDraw = False
74.3274 	EXP 	ver_line_precue: autoDraw = False
74.3274 	EXP 	hor_line_precue: autoDraw = False
74.3274 	EXP 	ver_line_precue: autoDraw = False
74.3274 	EXP 	image_mi: image = 'pics/mental_singing.JPG'
74.3274 	EXP 	image_mi: autoDraw = True
78.8319 	EXP 	image_mi: autoDraw = False
78.8319 	EXP 	image_mi: autoDraw = False
78.8319 	EXP 	text_pause: autoDraw = True
81.3186 	EXP 	New trial (rep=0, index=3): {'pic_name': 'pics/mental_singing.JPG', 'class_mi': 'mental_singing'}
81.3344 	EXP 	text_pause: autoDraw = False
81.3344 	EXP 	text_pause: autoDraw = False
81.3344 	EXP 	hor_line_precue: autoDraw = True
81.3344 	EXP 	ver_line_precue: autoDraw = True
83.3364 	EXP 	hor_line_precue: autoDraw = False
83.3364 	EXP 	ver_line_precue: autoDraw = False
83.3364 	EXP 	hor_line_precue: autoDraw = False
83.3364 	EXP 	ver_line_precue: autoDraw = False
83.3364 	EXP 	image_mi: image = 'pics/mental_singing.JPG'
83.3364 	EXP 	image_mi: autoDraw = True
87.8409 	EXP 	image_mi: autoDraw = False
87.8409 	EXP 	image_mi: autoDraw = False
87.8409 	EXP 	text_pause: autoDraw = True
90.3277 	EXP 	New trial (rep=1, index=0): {'pic_name': 'pics/right_foot.JPG', 'class_mi': 'right_foot'}
90.3434 	EXP 	text_pause: autoDraw = False
90.3434 	EXP 	text_pause: autoDraw = False
90.3434 	EXP 	hor_line_precue: autoDraw = True
90.3434 	EXP 	ver_line_precue: autoDraw = True
92.3453 	EXP 	hor_line_precue: autoDraw = False
92.3453 	EXP 	ver_line_precue: autoDraw = False
92.3453 	EXP 	hor_line_precue: autoDraw = False
92.3453 	EXP 	ver_line_precue: autoDraw = False
92.3453 	EXP 	image_mi: image = 'pics/right_foot.JPG'
92.3453 	EXP 	image_mi: autoDraw = True
96.8499 	EXP 	image_mi: autoDraw = False
96.8499 	EXP 	image_mi: autoDraw = False
96.8499 	EXP 	text_pause: autoDraw = True
99.3366 	EXP 	New trial (rep=1, index=1): {'pic_name': 'pics/mental_singing.JPG', 'class_mi': 'mental_singing'}
99.3523 	EXP 	text_pause: autoDraw = False
99.3523 	EXP 	text_pause: autoDraw = False
99.3523 	EXP 	hor_line_precue: autoDraw = True
99.3523 	EXP 	ver_line_precue: autoDraw = True
101.3543 	EXP 	hor_line_precue: autoDraw = False
101.3543 	EXP 	ver_line_precue: autoDraw = False
101.3543 	EXP 	hor_line_precue: autoDraw = False
101.3543 	EXP 	ver_line_precue: autoDraw = False
101.3543 	EXP 	image_mi: image = 'pics/mental_singing.JPG'
101.3543 	EXP 	image_mi: autoDraw = True
105.8585 	EXP 	image_mi: autoDraw = False
105.8585 	EXP 	image_mi: autoDraw = False
105.8585 	EXP 	text_pause: autoDraw = True
108.3455 	EXP 	New trial (rep=1, index=2): {'pic_name': 'pics/left_hand.JPG', 'class_mi': 'left_hand'}
108.3612 	EXP 	text_pause: autoDraw = False
108.3612 	EXP 	text_pause: autoDraw = False
108.3612 	EXP 	hor_line_precue: autoDraw = True
108.3612 	EXP 	ver_line_precue: autoDraw = True
110.3633 	EXP 	hor_line_precue: autoDraw = False
110.3633 	EXP 	ver_line_precue: autoDraw = False
110.3633 	EXP 	hor_line_precue: autoDraw = False
110.3633 	EXP 	ver_line_precue: autoDraw = False
110.3633 	EXP 	image_mi: image = 'pics/left_hand.JPG'
110.3633 	EXP 	image_mi: autoDraw = True
114.8677 	EXP 	image_mi: autoDraw = False
114.8677 	EXP 	image_mi: autoDraw = False
114.8677 	EXP 	text_pause: autoDraw = True
117.3544 	EXP 	New trial (rep=1, index=3): {'pic_name': 'pics/left_hand.JPG', 'class_mi': 'left_hand'}
117.3702 	EXP 	text_pause: autoDraw = False
117.3702 	EXP 	text_pause: autoDraw = False
117.3702 	EXP 	hor_line_precue: autoDraw = True
117.3702 	EXP 	ver_line_precue: autoDraw = True
119.3722 	EXP 	hor_line_precue: autoDraw = False
119.3722 	EXP 	ver_line_precue: autoDraw = False
119.3722 	EXP 	hor_line_precue: autoDraw = False
119.3722 	EXP 	ver_line_precue: autoDraw = False
119.3722 	EXP 	image_mi: image = 'pics/left_hand.JPG'
119.3722 	EXP 	image_mi: autoDraw = True
123.8767 	EXP 	image_mi: autoDraw = False
123.8767 	EXP 	image_mi: autoDraw = False
123.8767 	EXP 	text_pause: autoDraw = True
126.3637 	EXP 	New trial (rep=2, index=0): {'pic_name': 'pics/left_foot.JPG', 'class_mi': 'left_foot'}
126.3792 	EXP 	text_pause: autoDraw = False
126.3792 	EXP 	text_pause: autoDraw = False
126.3792 	EXP 	hor_line_precue: autoDraw = True
126.3792 	EXP 	ver_line_precue: autoDraw = True
128.3979 	EXP 	hor_line_precue: autoDraw = False
128.3979 	EXP 	ver_line_precue: autoDraw = False
128.3979 	EXP 	hor_line_precue: autoDraw = False
128.3979 	EXP 	ver_line_precue: autoDraw = False
128.3979 	EXP 	image_mi: image = 'pics/left_foot.JPG'
128.3979 	EXP 	image_mi: autoDraw = True
132.9023 	EXP 	image_mi: autoDraw = False
132.9023 	EXP 	image_mi: autoDraw = False
132.9023 	EXP 	text_pause: autoDraw = True
135.3891 	EXP 	New trial (rep=2, index=1): {'pic_name': 'pics/left_hand.JPG', 'class_mi': 'left_hand'}
135.4048 	EXP 	text_pause: autoDraw = False
135.4048 	EXP 	text_pause: autoDraw = False
135.4048 	EXP 	hor_line_precue: autoDraw = True
135.4048 	EXP 	ver_line_precue: autoDraw = True
137.4068 	EXP 	hor_line_precue: autoDraw = False
137.4068 	EXP 	ver_line_precue: autoDraw = False
137.4068 	EXP 	hor_line_precue: autoDraw = False
137.4068 	EXP 	ver_line_precue: autoDraw = False
137.4068 	EXP 	image_mi: image = 'pics/left_hand.JPG'
137.4068 	EXP 	image_mi: autoDraw = True
141.9113 	EXP 	image_mi: autoDraw = False
141.9113 	EXP 	image_mi: autoDraw = False
141.9113 	EXP 	text_pause: autoDraw = True
144.3980 	EXP 	New trial (rep=2, index=2): {'pic_name': 'pics/left_hand.JPG', 'class_mi': 'left_hand'}
144.4138 	EXP 	text_pause: autoDraw = False
144.4138 	EXP 	text_pause: autoDraw = False
144.4138 	EXP 	hor_line_precue: autoDraw = True
144.4138 	EXP 	ver_line_precue: autoDraw = True
146.4158 	EXP 	hor_line_precue: autoDraw = False
146.4158 	EXP 	ver_line_precue: autoDraw = False
146.4158 	EXP 	hor_line_precue: autoDraw = False
146.4158 	EXP 	ver_line_precue: autoDraw = False
146.4158 	EXP 	image_mi: image = 'pics/left_hand.JPG'
146.4158 	EXP 	image_mi: autoDraw = True
150.9202 	EXP 	image_mi: autoDraw = False
150.9202 	EXP 	image_mi: autoDraw = False
150.9202 	EXP 	text_pause: autoDraw = True
153.4070 	EXP 	New trial (rep=2, index=3): {'pic_name': 'pics/right_foot.JPG', 'class_mi': 'right_foot'}
153.4228 	EXP 	text_pause: autoDraw = False
153.4228 	EXP 	text_pause: autoDraw = False
153.4228 	EXP 	hor_line_precue: autoDraw = True
153.4228 	EXP 	ver_line_precue: autoDraw = True
155.4247 	EXP 	hor_line_precue: autoDraw = False
155.4247 	EXP 	ver_line_precue: autoDraw = False
155.4247 	EXP 	hor_line_precue: autoDraw = False
155.4247 	EXP 	ver_line_precue: autoDraw = False
155.4247 	EXP 	image_mi: image = 'pics/right_foot.JPG'
155.4247 	EXP 	image_mi: autoDraw = True
159.9292 	EXP 	image_mi: autoDraw = False
159.9292 	EXP 	image_mi: autoDraw = False
159.9292 	EXP 	text_pause: autoDraw = True
162.4160 	EXP 	New trial (rep=3, index=0): {'pic_name': 'pics/mental_singing.JPG', 'class_mi': 'mental_singing'}
162.4317 	EXP 	text_pause: autoDraw = False
162.4317 	EXP 	text_pause: autoDraw = False
162.4317 	EXP 	hor_line_precue: autoDraw = True
162.4317 	EXP 	ver_line_precue: autoDraw = True
164.4336 	EXP 	hor_line_precue: autoDraw = False
164.4336 	EXP 	ver_line_precue: autoDraw = False
164.4336 	EXP 	hor_line_precue: autoDraw = False
164.4336 	EXP 	ver_line_precue: autoDraw = False
164.4336 	EXP 	image_mi: image = 'pics/mental_singing.JPG'
164.4336 	EXP 	image_mi: autoDraw = True
168.9381 	EXP 	image_mi: autoDraw = False
168.9381 	EXP 	image_mi: autoDraw = False
168.9381 	EXP 	text_pause: autoDraw = True
171.4246 	EXP 	New trial (rep=3, index=1): {'pic_name': 'pics/right_foot.JPG', 'class_mi': 'right_foot'}
171.4404 	EXP 	text_pause: autoDraw = False
171.4404 	EXP 	text_pause: autoDraw = False
171.4404 	EXP 	hor_line_precue: autoDraw = True
171.4404 	EXP 	ver_line_precue: autoDraw = True
173.4426 	EXP 	hor_line_precue: autoDraw = False
173.4426 	EXP 	ver_line_precue: autoDraw = False
173.4426 	EXP 	hor_line_precue: autoDraw = False
173.4426 	EXP 	ver_line_precue: autoDraw = False
173.4426 	EXP 	image_mi: image = 'pics/right_foot.JPG'
173.4426 	EXP 	image_mi: autoDraw = True
177.9470 	EXP 	image_mi: autoDraw = False
177.9470 	EXP 	image_mi: autoDraw = False
177.9470 	EXP 	text_pause: autoDraw = True
180.4338 	EXP 	New trial (rep=3, index=2): {'pic_name': 'pics/left_foot.JPG', 'class_mi': 'left_foot'}
180.4496 	EXP 	text_pause: autoDraw = False
180.4496 	EXP 	text_pause: autoDraw = False
180.4496 	EXP 	hor_line_precue: autoDraw = True
180.4496 	EXP 	ver_line_precue: autoDraw = True
182.4515 	EXP 	hor_line_precue: autoDraw = False
182.4515 	EXP 	ver_line_precue: autoDraw = False
182.4515 	EXP 	hor_line_precue: autoDraw = False
182.4515 	EXP 	ver_line_precue: autoDraw = False
182.4515 	EXP 	image_mi: image = 'pics/left_foot.JPG'
182.4515 	EXP 	image_mi: autoDraw = True
186.9561 	EXP 	image_mi: autoDraw = False
186.9561 	EXP 	image_mi: autoDraw = False
186.9561 	EXP 	text_pause: autoDraw = True
189.4425 	EXP 	New trial (rep=3, index=3): {'pic_name': 'pics/left_foot.JPG', 'class_mi': 'left_foot'}
189.4585 	EXP 	text_pause: autoDraw = False
189.4585 	EXP 	text_pause: autoDraw = False
189.4585 	EXP 	hor_line_precue: autoDraw = True
189.4585 	EXP 	ver_line_precue: autoDraw = True
191.4605 	EXP 	hor_line_precue: autoDraw = False
191.4605 	EXP 	ver_line_precue: autoDraw = False
191.4605 	EXP 	hor_line_precue: autoDraw = False
191.4605 	EXP 	ver_line_precue: autoDraw = False
191.4605 	EXP 	image_mi: image = 'pics/left_foot.JPG'
191.4605 	EXP 	image_mi: autoDraw = True
195.9651 	EXP 	image_mi: autoDraw = False
195.9651 	EXP 	image_mi: autoDraw = False
195.9651 	EXP 	text_pause: autoDraw = True
198.4518 	EXP 	New trial (rep=4, index=0): {'pic_name': 'pics/mental_singing.JPG', 'class_mi': 'mental_singing'}
198.4675 	EXP 	text_pause: autoDraw = False
198.4675 	EXP 	text_pause: autoDraw = False
198.4675 	EXP 	hor_line_precue: autoDraw = True
198.4675 	EXP 	ver_line_precue: autoDraw = True
200.4694 	EXP 	hor_line_precue: autoDraw = False
200.4694 	EXP 	ver_line_precue: autoDraw = False
200.4694 	EXP 	hor_line_precue: autoDraw = False
200.4694 	EXP 	ver_line_precue: autoDraw = False
200.4694 	EXP 	image_mi: image = 'pics/mental_singing.JPG'
200.4694 	EXP 	image_mi: autoDraw = True
204.9740 	EXP 	image_mi: autoDraw = False
204.9740 	EXP 	image_mi: autoDraw = False
204.9740 	EXP 	text_pause: autoDraw = True
207.4606 	EXP 	New trial (rep=4, index=1): {'pic_name': 'pics/right_foot.JPG', 'class_mi': 'right_foot'}
207.4764 	EXP 	text_pause: autoDraw = False
207.4764 	EXP 	text_pause: autoDraw = False
207.4764 	EXP 	hor_line_precue: autoDraw = True
207.4764 	EXP 	ver_line_precue: autoDraw = True
209.4784 	EXP 	hor_line_precue: autoDraw = False
209.4784 	EXP 	ver_line_precue: autoDraw = False
209.4784 	EXP 	hor_line_precue: autoDraw = False
209.4784 	EXP 	ver_line_precue: autoDraw = False
209.4784 	EXP 	image_mi: image = 'pics/right_foot.JPG'
209.4784 	EXP 	image_mi: autoDraw = True
213.9829 	EXP 	image_mi: autoDraw = False
213.9829 	EXP 	image_mi: autoDraw = False
213.9829 	EXP 	text_pause: autoDraw = True
216.4697 	EXP 	New trial (rep=4, index=2): {'pic_name': 'pics/left_foot.JPG', 'class_mi': 'left_foot'}
216.4854 	EXP 	text_pause: autoDraw = False
216.4854 	EXP 	text_pause: autoDraw = False
216.4854 	EXP 	hor_line_precue: autoDraw = True
216.4854 	EXP 	ver_line_precue: autoDraw = True
218.4874 	EXP 	hor_line_precue: autoDraw = False
218.4874 	EXP 	ver_line_precue: autoDraw = False
218.4874 	EXP 	hor_line_precue: autoDraw = False
218.4874 	EXP 	ver_line_precue: autoDraw = False
218.4874 	EXP 	image_mi: image = 'pics/left_foot.JPG'
218.4874 	EXP 	image_mi: autoDraw = True
222.9919 	EXP 	image_mi: autoDraw = False
222.9919 	EXP 	image_mi: autoDraw = False
222.9919 	EXP 	text_pause: autoDraw = True
225.4786 	EXP 	New trial (rep=4, index=3): {'pic_name': 'pics/left_foot.JPG', 'class_mi': 'left_foot'}
225.4943 	EXP 	text_pause: autoDraw = False
225.4943 	EXP 	text_pause: autoDraw = False
225.4943 	EXP 	hor_line_precue: autoDraw = True
225.4943 	EXP 	ver_line_precue: autoDraw = True
227.4963 	EXP 	hor_line_precue: autoDraw = False
227.4963 	EXP 	ver_line_precue: autoDraw = False
227.4963 	EXP 	hor_line_precue: autoDraw = False
227.4963 	EXP 	ver_line_precue: autoDraw = False
227.4963 	EXP 	image_mi: image = 'pics/left_foot.JPG'
227.4963 	EXP 	image_mi: autoDraw = True
232.0008 	EXP 	image_mi: autoDraw = False
232.0008 	EXP 	image_mi: autoDraw = False
232.0008 	EXP 	text_pause: autoDraw = True
234.5033 	EXP 	text_pause: autoDraw = False
234.5033 	EXP 	text_pause: autoDraw = False
234.5033 	EXP 	text: autoDraw = True
393.4803 	DATA 	Mouse: Left button down, pos=(1691,1013)
393.6302 	DATA 	Mouse:  Left button up, pos=(1691,1013)
394.8144 	EXP 	New trial (rep=1, index=0): None
394.8165 	DATA 	Keypress: space
394.8292 	EXP 	text: autoDraw = False
394.8292 	EXP 	text_2: autoDraw = True
397.8229 	EXP 	Imported classes.xlsx as conditions, 4 conditions, 2 params
397.8235 	EXP 	Created sequence: fullRandom, trialTypes=4, nReps=5, seed=None
397.8237 	EXP 	New trial (rep=0, index=0): {'pic_name': 'pics/right_foot.JPG', 'class_mi': 'right_foot'}
397.8322 	EXP 	text_2: autoDraw = False
397.8322 	EXP 	hor_line_precue: autoDraw = True
397.8322 	EXP 	ver_line_precue: autoDraw = True
399.8342 	EXP 	hor_line_precue: autoDraw = False
399.8342 	EXP 	ver_line_precue: autoDraw = False
399.8342 	EXP 	hor_line_precue: autoDraw = False
399.8342 	EXP 	ver_line_precue: autoDraw = False
399.8342 	EXP 	image_mi: image = 'pics/right_foot.JPG'
399.8342 	EXP 	image_mi: autoDraw = True
404.3387 	EXP 	image_mi: autoDraw = False
404.3387 	EXP 	image_mi: autoDraw = False
404.3387 	EXP 	text_pause: autoDraw = True
406.8254 	EXP 	New trial (rep=0, index=1): {'pic_name': 'pics/left_hand.JPG', 'class_mi': 'left_hand'}
406.8412 	EXP 	text_pause: autoDraw = False
406.8412 	EXP 	text_pause: autoDraw = False
406.8412 	EXP 	hor_line_precue: autoDraw = True
406.8412 	EXP 	ver_line_precue: autoDraw = True
408.8431 	EXP 	hor_line_precue: autoDraw = False
408.8431 	EXP 	ver_line_precue: autoDraw = False
408.8431 	EXP 	hor_line_precue: autoDraw = False
408.8431 	EXP 	ver_line_precue: autoDraw = False
408.8431 	EXP 	image_mi: image = 'pics/left_hand.JPG'
408.8431 	EXP 	image_mi: autoDraw = True
413.3477 	EXP 	image_mi: autoDraw = False
413.3477 	EXP 	image_mi: autoDraw = False
413.3477 	EXP 	text_pause: autoDraw = True
415.8341 	EXP 	New trial (rep=0, index=2): {'pic_name': 'pics/left_foot.JPG', 'class_mi': 'left_foot'}
415.8500 	EXP 	text_pause: autoDraw = False
415.8500 	EXP 	text_pause: autoDraw = False
415.8500 	EXP 	hor_line_precue: autoDraw = True
415.8500 	EXP 	ver_line_precue: autoDraw = True
417.8521 	EXP 	hor_line_precue: autoDraw = False
417.8521 	EXP 	ver_line_precue: autoDraw = False
417.8521 	EXP 	hor_line_precue: autoDraw = False
417.8521 	EXP 	ver_line_precue: autoDraw = False
417.8521 	EXP 	image_mi: image = 'pics/left_foot.JPG'
417.8521 	EXP 	image_mi: autoDraw = True
422.3566 	EXP 	image_mi: autoDraw = False
422.3566 	EXP 	image_mi: autoDraw = False
422.3566 	EXP 	text_pause: autoDraw = True
424.8433 	EXP 	New trial (rep=0, index=3): {'pic_name': 'pics/right_foot.JPG', 'class_mi': 'right_foot'}
424.8591 	EXP 	text_pause: autoDraw = False
424.8591 	EXP 	text_pause: autoDraw = False
424.8591 	EXP 	hor_line_precue: autoDraw = True
424.8591 	EXP 	ver_line_precue: autoDraw = True
426.8610 	EXP 	hor_line_precue: autoDraw = False
426.8610 	EXP 	ver_line_precue: autoDraw = False
426.8610 	EXP 	hor_line_precue: autoDraw = False
426.8610 	EXP 	ver_line_precue: autoDraw = False
426.8610 	EXP 	image_mi: image = 'pics/right_foot.JPG'
426.8610 	EXP 	image_mi: autoDraw = True
431.3656 	EXP 	image_mi: autoDraw = False
431.3656 	EXP 	image_mi: autoDraw = False
431.3656 	EXP 	text_pause: autoDraw = True
433.8522 	EXP 	New trial (rep=1, index=0): {'pic_name': 'pics/left_hand.JPG', 'class_mi': 'left_hand'}
433.8680 	EXP 	text_pause: autoDraw = False
433.8680 	EXP 	text_pause: autoDraw = False
433.8680 	EXP 	hor_line_precue: autoDraw = True
433.8680 	EXP 	ver_line_precue: autoDraw = True
435.8700 	EXP 	hor_line_precue: autoDraw = False
435.8700 	EXP 	ver_line_precue: autoDraw = False
435.8700 	EXP 	hor_line_precue: autoDraw = False
435.8700 	EXP 	ver_line_precue: autoDraw = False
435.8700 	EXP 	image_mi: image = 'pics/left_hand.JPG'
435.8700 	EXP 	image_mi: autoDraw = True
440.3745 	EXP 	image_mi: autoDraw = False
440.3745 	EXP 	image_mi: autoDraw = False
440.3745 	EXP 	text_pause: autoDraw = True
442.8612 	EXP 	New trial (rep=1, index=1): {'pic_name': 'pics/right_foot.JPG', 'class_mi': 'right_foot'}
442.8770 	EXP 	text_pause: autoDraw = False
442.8770 	EXP 	text_pause: autoDraw = False
442.8770 	EXP 	hor_line_precue: autoDraw = True
442.8770 	EXP 	ver_line_precue: autoDraw = True
444.8789 	EXP 	hor_line_precue: autoDraw = False
444.8789 	EXP 	ver_line_precue: autoDraw = False
444.8789 	EXP 	hor_line_precue: autoDraw = False
444.8789 	EXP 	ver_line_precue: autoDraw = False
444.8789 	EXP 	image_mi: image = 'pics/right_foot.JPG'
444.8789 	EXP 	image_mi: autoDraw = True
449.3834 	EXP 	image_mi: autoDraw = False
449.3834 	EXP 	image_mi: autoDraw = False
449.3834 	EXP 	text_pause: autoDraw = True
451.8701 	EXP 	New trial (rep=1, index=2): {'pic_name': 'pics/mental_singing.JPG', 'class_mi': 'mental_singing'}
451.8859 	EXP 	text_pause: autoDraw = False
451.8859 	EXP 	text_pause: autoDraw = False
451.8859 	EXP 	hor_line_precue: autoDraw = True
451.8859 	EXP 	ver_line_precue: autoDraw = True
453.8879 	EXP 	hor_line_precue: autoDraw = False
453.8879 	EXP 	ver_line_precue: autoDraw = False
453.8879 	EXP 	hor_line_precue: autoDraw = False
453.8879 	EXP 	ver_line_precue: autoDraw = False
453.8879 	EXP 	image_mi: image = 'pics/mental_singing.JPG'
453.8879 	EXP 	image_mi: autoDraw = True
458.3924 	EXP 	image_mi: autoDraw = False
458.3924 	EXP 	image_mi: autoDraw = False
458.3924 	EXP 	text_pause: autoDraw = True
460.8792 	EXP 	New trial (rep=1, index=3): {'pic_name': 'pics/mental_singing.JPG', 'class_mi': 'mental_singing'}
460.8949 	EXP 	text_pause: autoDraw = False
460.8949 	EXP 	text_pause: autoDraw = False
460.8949 	EXP 	hor_line_precue: autoDraw = True
460.8949 	EXP 	ver_line_precue: autoDraw = True
462.8969 	EXP 	hor_line_precue: autoDraw = False
462.8969 	EXP 	ver_line_precue: autoDraw = False
462.8969 	EXP 	hor_line_precue: autoDraw = False
462.8969 	EXP 	ver_line_precue: autoDraw = False
462.8969 	EXP 	image_mi: image = 'pics/mental_singing.JPG'
462.8969 	EXP 	image_mi: autoDraw = True
467.4013 	EXP 	image_mi: autoDraw = False
467.4013 	EXP 	image_mi: autoDraw = False
467.4013 	EXP 	text_pause: autoDraw = True
469.8880 	EXP 	New trial (rep=2, index=0): {'pic_name': 'pics/left_foot.JPG', 'class_mi': 'left_foot'}
469.9038 	EXP 	text_pause: autoDraw = False
469.9038 	EXP 	text_pause: autoDraw = False
469.9038 	EXP 	hor_line_precue: autoDraw = True
469.9038 	EXP 	ver_line_precue: autoDraw = True
471.9058 	EXP 	hor_line_precue: autoDraw = False
471.9058 	EXP 	ver_line_precue: autoDraw = False
471.9058 	EXP 	hor_line_precue: autoDraw = False
471.9058 	EXP 	ver_line_precue: autoDraw = False
471.9058 	EXP 	image_mi: image = 'pics/left_foot.JPG'
471.9058 	EXP 	image_mi: autoDraw = True
476.4103 	EXP 	image_mi: autoDraw = False
476.4103 	EXP 	image_mi: autoDraw = False
476.4103 	EXP 	text_pause: autoDraw = True
478.8971 	EXP 	New trial (rep=2, index=1): {'pic_name': 'pics/mental_singing.JPG', 'class_mi': 'mental_singing'}
478.9128 	EXP 	text_pause: autoDraw = False
478.9128 	EXP 	text_pause: autoDraw = False
478.9128 	EXP 	hor_line_precue: autoDraw = True
478.9128 	EXP 	ver_line_precue: autoDraw = True
480.9147 	EXP 	hor_line_precue: autoDraw = False
480.9147 	EXP 	ver_line_precue: autoDraw = False
480.9147 	EXP 	hor_line_precue: autoDraw = False
480.9147 	EXP 	ver_line_precue: autoDraw = False
480.9147 	EXP 	image_mi: image = 'pics/mental_singing.JPG'
480.9147 	EXP 	image_mi: autoDraw = True
485.4193 	EXP 	image_mi: autoDraw = False
485.4193 	EXP 	image_mi: autoDraw = False
485.4193 	EXP 	text_pause: autoDraw = True
487.9060 	EXP 	New trial (rep=2, index=2): {'pic_name': 'pics/mental_singing.JPG', 'class_mi': 'mental_singing'}
487.9217 	EXP 	text_pause: autoDraw = False
487.9217 	EXP 	text_pause: autoDraw = False
487.9217 	EXP 	hor_line_precue: autoDraw = True
487.9217 	EXP 	ver_line_precue: autoDraw = True
489.9237 	EXP 	hor_line_precue: autoDraw = False
489.9237 	EXP 	ver_line_precue: autoDraw = False
489.9237 	EXP 	hor_line_precue: autoDraw = False
489.9237 	EXP 	ver_line_precue: autoDraw = False
489.9237 	EXP 	image_mi: image = 'pics/mental_singing.JPG'
489.9237 	EXP 	image_mi: autoDraw = True
494.4282 	EXP 	image_mi: autoDraw = False
494.4282 	EXP 	image_mi: autoDraw = False
494.4282 	EXP 	text_pause: autoDraw = True
496.9147 	EXP 	New trial (rep=2, index=3): {'pic_name': 'pics/left_hand.JPG', 'class_mi': 'left_hand'}
496.9306 	EXP 	text_pause: autoDraw = False
496.9306 	EXP 	text_pause: autoDraw = False
496.9306 	EXP 	hor_line_precue: autoDraw = True
496.9306 	EXP 	ver_line_precue: autoDraw = True
498.9327 	EXP 	hor_line_precue: autoDraw = False
498.9327 	EXP 	ver_line_precue: autoDraw = False
498.9327 	EXP 	hor_line_precue: autoDraw = False
498.9327 	EXP 	ver_line_precue: autoDraw = False
498.9327 	EXP 	image_mi: image = 'pics/left_hand.JPG'
498.9327 	EXP 	image_mi: autoDraw = True
503.4372 	EXP 	image_mi: autoDraw = False
503.4372 	EXP 	image_mi: autoDraw = False
503.4372 	EXP 	text_pause: autoDraw = True
505.9239 	EXP 	New trial (rep=3, index=0): {'pic_name': 'pics/right_foot.JPG', 'class_mi': 'right_foot'}
505.9397 	EXP 	text_pause: autoDraw = False
505.9397 	EXP 	text_pause: autoDraw = False
505.9397 	EXP 	hor_line_precue: autoDraw = True
505.9397 	EXP 	ver_line_precue: autoDraw = True
507.9416 	EXP 	hor_line_precue: autoDraw = False
507.9416 	EXP 	ver_line_precue: autoDraw = False
507.9416 	EXP 	hor_line_precue: autoDraw = False
507.9416 	EXP 	ver_line_precue: autoDraw = False
507.9416 	EXP 	image_mi: image = 'pics/right_foot.JPG'
507.9416 	EXP 	image_mi: autoDraw = True
512.4461 	EXP 	image_mi: autoDraw = False
512.4461 	EXP 	image_mi: autoDraw = False
512.4461 	EXP 	text_pause: autoDraw = True
514.9328 	EXP 	New trial (rep=3, index=1): {'pic_name': 'pics/left_hand.JPG', 'class_mi': 'left_hand'}
514.9486 	EXP 	text_pause: autoDraw = False
514.9486 	EXP 	text_pause: autoDraw = False
514.9486 	EXP 	hor_line_precue: autoDraw = True
514.9486 	EXP 	ver_line_precue: autoDraw = True
516.9505 	EXP 	hor_line_precue: autoDraw = False
516.9505 	EXP 	ver_line_precue: autoDraw = False
516.9505 	EXP 	hor_line_precue: autoDraw = False
516.9505 	EXP 	ver_line_precue: autoDraw = False
516.9505 	EXP 	image_mi: image = 'pics/left_hand.JPG'
516.9505 	EXP 	image_mi: autoDraw = True
521.4551 	EXP 	image_mi: autoDraw = False
521.4551 	EXP 	image_mi: autoDraw = False
521.4551 	EXP 	text_pause: autoDraw = True
523.9418 	EXP 	New trial (rep=3, index=2): {'pic_name': 'pics/right_foot.JPG', 'class_mi': 'right_foot'}
523.9575 	EXP 	text_pause: autoDraw = False
523.9575 	EXP 	text_pause: autoDraw = False
523.9575 	EXP 	hor_line_precue: autoDraw = True
523.9575 	EXP 	ver_line_precue: autoDraw = True
525.9595 	EXP 	hor_line_precue: autoDraw = False
525.9595 	EXP 	ver_line_precue: autoDraw = False
525.9595 	EXP 	hor_line_precue: autoDraw = False
525.9595 	EXP 	ver_line_precue: autoDraw = False
525.9595 	EXP 	image_mi: image = 'pics/right_foot.JPG'
525.9595 	EXP 	image_mi: autoDraw = True
530.4639 	EXP 	image_mi: autoDraw = False
530.4639 	EXP 	image_mi: autoDraw = False
530.4639 	EXP 	text_pause: autoDraw = True
532.9507 	EXP 	New trial (rep=3, index=3): {'pic_name': 'pics/left_foot.JPG', 'class_mi': 'left_foot'}
532.9665 	EXP 	text_pause: autoDraw = False
532.9665 	EXP 	text_pause: autoDraw = False
532.9665 	EXP 	hor_line_precue: autoDraw = True
532.9665 	EXP 	ver_line_precue: autoDraw = True
534.9685 	EXP 	hor_line_precue: autoDraw = False
534.9685 	EXP 	ver_line_precue: autoDraw = False
534.9685 	EXP 	hor_line_precue: autoDraw = False
534.9685 	EXP 	ver_line_precue: autoDraw = False
534.9685 	EXP 	image_mi: image = 'pics/left_foot.JPG'
534.9685 	EXP 	image_mi: autoDraw = True
539.4730 	EXP 	image_mi: autoDraw = False
539.4730 	EXP 	image_mi: autoDraw = False
539.4730 	EXP 	text_pause: autoDraw = True
541.9597 	EXP 	New trial (rep=4, index=0): {'pic_name': 'pics/left_hand.JPG', 'class_mi': 'left_hand'}
541.9755 	EXP 	text_pause: autoDraw = False
541.9755 	EXP 	text_pause: autoDraw = False
541.9755 	EXP 	hor_line_precue: autoDraw = True
541.9755 	EXP 	ver_line_precue: autoDraw = True
543.9774 	EXP 	hor_line_precue: autoDraw = False
543.9774 	EXP 	ver_line_precue: autoDraw = False
543.9774 	EXP 	hor_line_precue: autoDraw = False
543.9774 	EXP 	ver_line_precue: autoDraw = False
543.9774 	EXP 	image_mi: image = 'pics/left_hand.JPG'
543.9774 	EXP 	image_mi: autoDraw = True
548.4819 	EXP 	image_mi: autoDraw = False
548.4819 	EXP 	image_mi: autoDraw = False
548.4819 	EXP 	text_pause: autoDraw = True
550.9686 	EXP 	New trial (rep=4, index=1): {'pic_name': 'pics/left_foot.JPG', 'class_mi': 'left_foot'}
550.9844 	EXP 	text_pause: autoDraw = False
550.9844 	EXP 	text_pause: autoDraw = False
550.9844 	EXP 	hor_line_precue: autoDraw = True
550.9844 	EXP 	ver_line_precue: autoDraw = True
552.9864 	EXP 	hor_line_precue: autoDraw = False
552.9864 	EXP 	ver_line_precue: autoDraw = False
552.9864 	EXP 	hor_line_precue: autoDraw = False
552.9864 	EXP 	ver_line_precue: autoDraw = False
552.9864 	EXP 	image_mi: image = 'pics/left_foot.JPG'
552.9864 	EXP 	image_mi: autoDraw = True
557.4908 	EXP 	image_mi: autoDraw = False
557.4908 	EXP 	image_mi: autoDraw = False
557.4908 	EXP 	text_pause: autoDraw = True
559.9776 	EXP 	New trial (rep=4, index=2): {'pic_name': 'pics/left_foot.JPG', 'class_mi': 'left_foot'}
559.9934 	EXP 	text_pause: autoDraw = False
559.9934 	EXP 	text_pause: autoDraw = False
559.9934 	EXP 	hor_line_precue: autoDraw = True
559.9934 	EXP 	ver_line_precue: autoDraw = True
561.9953 	EXP 	hor_line_precue: autoDraw = False
561.9953 	EXP 	ver_line_precue: autoDraw = False
561.9953 	EXP 	hor_line_precue: autoDraw = False
561.9953 	EXP 	ver_line_precue: autoDraw = False
561.9953 	EXP 	image_mi: image = 'pics/left_foot.JPG'
561.9953 	EXP 	image_mi: autoDraw = True
566.4998 	EXP 	image_mi: autoDraw = False
566.4998 	EXP 	image_mi: autoDraw = False
566.4998 	EXP 	text_pause: autoDraw = True
568.9865 	EXP 	New trial (rep=4, index=3): {'pic_name': 'pics/mental_singing.JPG', 'class_mi': 'mental_singing'}
569.0023 	EXP 	text_pause: autoDraw = False
569.0023 	EXP 	text_pause: autoDraw = False
569.0023 	EXP 	hor_line_precue: autoDraw = True
569.0023 	EXP 	ver_line_precue: autoDraw = True
571.0042 	EXP 	hor_line_precue: autoDraw = False
571.0042 	EXP 	ver_line_precue: autoDraw = False
571.0042 	EXP 	hor_line_precue: autoDraw = False
571.0042 	EXP 	ver_line_precue: autoDraw = False
571.0042 	EXP 	image_mi: image = 'pics/mental_singing.JPG'
571.0042 	EXP 	image_mi: autoDraw = True
575.5088 	EXP 	image_mi: autoDraw = False
575.5088 	EXP 	image_mi: autoDraw = False
575.5088 	EXP 	text_pause: autoDraw = True
578.0113 	EXP 	text_pause: autoDraw = False
578.0113 	EXP 	text_pause: autoDraw = False
578.0113 	EXP 	text: autoDraw = True
648.4336 	DATA 	Mouse: Left button down, pos=(293,607)
648.5509 	DATA 	Mouse:  Left button up, pos=(293,607)
649.6682 	DATA 	Keypress: space
649.6840 	EXP 	New trial (rep=2, index=0): None
649.6991 	EXP 	text: autoDraw = False
649.6991 	EXP 	text_2: autoDraw = True
652.6929 	EXP 	Imported classes.xlsx as conditions, 4 conditions, 2 params
652.6935 	EXP 	Created sequence: fullRandom, trialTypes=4, nReps=5, seed=None
652.6938 	EXP 	New trial (rep=0, index=0): {'pic_name': 'pics/left_foot.JPG', 'class_mi': 'left_foot'}
652.7020 	EXP 	text_2: autoDraw = False
652.7020 	EXP 	hor_line_precue: autoDraw = True
652.7020 	EXP 	ver_line_precue: autoDraw = True
654.7041 	EXP 	hor_line_precue: autoDraw = False
654.7041 	EXP 	ver_line_precue: autoDraw = False
654.7041 	EXP 	hor_line_precue: autoDraw = False
654.7041 	EXP 	ver_line_precue: autoDraw = False
654.7041 	EXP 	image_mi: image = 'pics/left_foot.JPG'
654.7041 	EXP 	image_mi: autoDraw = True
659.2086 	EXP 	image_mi: autoDraw = False
659.2086 	EXP 	image_mi: autoDraw = False
659.2086 	EXP 	text_pause: autoDraw = True
661.6953 	EXP 	New trial (rep=0, index=1): {'pic_name': 'pics/right_foot.JPG', 'class_mi': 'right_foot'}
661.7112 	EXP 	text_pause: autoDraw = False
661.7112 	EXP 	text_pause: autoDraw = False
661.7112 	EXP 	hor_line_precue: autoDraw = True
661.7112 	EXP 	ver_line_precue: autoDraw = True
663.7131 	EXP 	hor_line_precue: autoDraw = False
663.7131 	EXP 	ver_line_precue: autoDraw = False
663.7131 	EXP 	hor_line_precue: autoDraw = False
663.7131 	EXP 	ver_line_precue: autoDraw = False
663.7131 	EXP 	image_mi: image = 'pics/right_foot.JPG'
663.7131 	EXP 	image_mi: autoDraw = True
668.2175 	EXP 	image_mi: autoDraw = False
668.2175 	EXP 	image_mi: autoDraw = False
668.2175 	EXP 	text_pause: autoDraw = True
670.7043 	EXP 	New trial (rep=0, index=2): {'pic_name': 'pics/mental_singing.JPG', 'class_mi': 'mental_singing'}
670.7200 	EXP 	text_pause: autoDraw = False
670.7200 	EXP 	text_pause: autoDraw = False
670.7200 	EXP 	hor_line_precue: autoDraw = True
670.7200 	EXP 	ver_line_precue: autoDraw = True
672.7220 	EXP 	hor_line_precue: autoDraw = False
672.7220 	EXP 	ver_line_precue: autoDraw = False
672.7220 	EXP 	hor_line_precue: autoDraw = False
672.7220 	EXP 	ver_line_precue: autoDraw = False
672.7220 	EXP 	image_mi: image = 'pics/mental_singing.JPG'
672.7220 	EXP 	image_mi: autoDraw = True
677.2265 	EXP 	image_mi: autoDraw = False
677.2265 	EXP 	image_mi: autoDraw = False
677.2265 	EXP 	text_pause: autoDraw = True
679.7135 	EXP 	New trial (rep=0, index=3): {'pic_name': 'pics/left_hand.JPG', 'class_mi': 'left_hand'}
679.7290 	EXP 	text_pause: autoDraw = False
679.7290 	EXP 	text_pause: autoDraw = False
679.7290 	EXP 	hor_line_precue: autoDraw = True
679.7290 	EXP 	ver_line_precue: autoDraw = True
681.7310 	EXP 	hor_line_precue: autoDraw = False
681.7310 	EXP 	ver_line_precue: autoDraw = False
681.7310 	EXP 	hor_line_precue: autoDraw = False
681.7310 	EXP 	ver_line_precue: autoDraw = False
681.7310 	EXP 	image_mi: image = 'pics/left_hand.JPG'
681.7310 	EXP 	image_mi: autoDraw = True
686.2355 	EXP 	image_mi: autoDraw = False
686.2355 	EXP 	image_mi: autoDraw = False
686.2355 	EXP 	text_pause: autoDraw = True
688.7221 	EXP 	New trial (rep=1, index=0): {'pic_name': 'pics/left_foot.JPG', 'class_mi': 'left_foot'}
688.7379 	EXP 	text_pause: autoDraw = False
688.7379 	EXP 	text_pause: autoDraw = False
688.7379 	EXP 	hor_line_precue: autoDraw = True
688.7379 	EXP 	ver_line_precue: autoDraw = True
690.7399 	EXP 	hor_line_precue: autoDraw = False
690.7399 	EXP 	ver_line_precue: autoDraw = False
690.7399 	EXP 	hor_line_precue: autoDraw = False
690.7399 	EXP 	ver_line_precue: autoDraw = False
690.7399 	EXP 	image_mi: image = 'pics/left_foot.JPG'
690.7399 	EXP 	image_mi: autoDraw = True
695.2444 	EXP 	image_mi: autoDraw = False
695.2444 	EXP 	image_mi: autoDraw = False
695.2444 	EXP 	text_pause: autoDraw = True
697.7312 	EXP 	New trial (rep=1, index=1): {'pic_name': 'pics/left_foot.JPG', 'class_mi': 'left_foot'}
697.7469 	EXP 	text_pause: autoDraw = False
697.7469 	EXP 	text_pause: autoDraw = False
697.7469 	EXP 	hor_line_precue: autoDraw = True
697.7469 	EXP 	ver_line_precue: autoDraw = True
699.7489 	EXP 	hor_line_precue: autoDraw = False
699.7489 	EXP 	ver_line_precue: autoDraw = False
699.7489 	EXP 	hor_line_precue: autoDraw = False
699.7489 	EXP 	ver_line_precue: autoDraw = False
699.7489 	EXP 	image_mi: image = 'pics/left_foot.JPG'
699.7489 	EXP 	image_mi: autoDraw = True
704.2534 	EXP 	image_mi: autoDraw = False
704.2534 	EXP 	image_mi: autoDraw = False
704.2534 	EXP 	text_pause: autoDraw = True
706.7406 	EXP 	New trial (rep=1, index=2): {'pic_name': 'pics/mental_singing.JPG', 'class_mi': 'mental_singing'}
706.7559 	EXP 	text_pause: autoDraw = False
706.7559 	EXP 	text_pause: autoDraw = False
706.7559 	EXP 	hor_line_precue: autoDraw = True
706.7559 	EXP 	ver_line_precue: autoDraw = True
708.7747 	EXP 	hor_line_precue: autoDraw = False
708.7747 	EXP 	ver_line_precue: autoDraw = False
708.7747 	EXP 	hor_line_precue: autoDraw = False
708.7747 	EXP 	ver_line_precue: autoDraw = False
708.7747 	EXP 	image_mi: image = 'pics/mental_singing.JPG'
708.7747 	EXP 	image_mi: autoDraw = True
713.2790 	EXP 	image_mi: autoDraw = False
713.2790 	EXP 	image_mi: autoDraw = False
713.2790 	EXP 	text_pause: autoDraw = True
715.7661 	EXP 	New trial (rep=1, index=3): {'pic_name': 'pics/right_foot.JPG', 'class_mi': 'right_foot'}
715.7816 	EXP 	text_pause: autoDraw = False
715.7816 	EXP 	text_pause: autoDraw = False
715.7816 	EXP 	hor_line_precue: autoDraw = True
715.7816 	EXP 	ver_line_precue: autoDraw = True
717.7836 	EXP 	hor_line_precue: autoDraw = False
717.7836 	EXP 	ver_line_precue: autoDraw = False
717.7836 	EXP 	hor_line_precue: autoDraw = False
717.7836 	EXP 	ver_line_precue: autoDraw = False
717.7836 	EXP 	image_mi: image = 'pics/right_foot.JPG'
717.7836 	EXP 	image_mi: autoDraw = True
722.2880 	EXP 	image_mi: autoDraw = False
722.2880 	EXP 	image_mi: autoDraw = False
722.2880 	EXP 	text_pause: autoDraw = True
724.7752 	EXP 	New trial (rep=2, index=0): {'pic_name': 'pics/mental_singing.JPG', 'class_mi': 'mental_singing'}
724.7905 	EXP 	text_pause: autoDraw = False
724.7905 	EXP 	text_pause: autoDraw = False
724.7905 	EXP 	hor_line_precue: autoDraw = True
724.7905 	EXP 	ver_line_precue: autoDraw = True
726.7924 	EXP 	hor_line_precue: autoDraw = False
726.7924 	EXP 	ver_line_precue: autoDraw = False
726.7924 	EXP 	hor_line_precue: autoDraw = False
726.7924 	EXP 	ver_line_precue: autoDraw = False
726.7924 	EXP 	image_mi: image = 'pics/mental_singing.JPG'
726.7924 	EXP 	image_mi: autoDraw = True
731.2969 	EXP 	image_mi: autoDraw = False
731.2969 	EXP 	image_mi: autoDraw = False
731.2969 	EXP 	text_pause: autoDraw = True
733.7841 	EXP 	New trial (rep=2, index=1): {'pic_name': 'pics/right_foot.JPG', 'class_mi': 'right_foot'}
733.7995 	EXP 	text_pause: autoDraw = False
733.7995 	EXP 	text_pause: autoDraw = False
733.7995 	EXP 	hor_line_precue: autoDraw = True
733.7995 	EXP 	ver_line_precue: autoDraw = True
735.8015 	EXP 	hor_line_precue: autoDraw = False
735.8015 	EXP 	ver_line_precue: autoDraw = False
735.8015 	EXP 	hor_line_precue: autoDraw = False
735.8015 	EXP 	ver_line_precue: autoDraw = False
735.8015 	EXP 	image_mi: image = 'pics/right_foot.JPG'
735.8015 	EXP 	image_mi: autoDraw = True
740.3059 	EXP 	image_mi: autoDraw = False
740.3059 	EXP 	image_mi: autoDraw = False
740.3059 	EXP 	text_pause: autoDraw = True
742.7927 	EXP 	New trial (rep=2, index=2): {'pic_name': 'pics/mental_singing.JPG', 'class_mi': 'mental_singing'}
742.8084 	EXP 	text_pause: autoDraw = False
742.8084 	EXP 	text_pause: autoDraw = False
742.8084 	EXP 	hor_line_precue: autoDraw = True
742.8084 	EXP 	ver_line_precue: autoDraw = True
744.8103 	EXP 	hor_line_precue: autoDraw = False
744.8103 	EXP 	ver_line_precue: autoDraw = False
744.8103 	EXP 	hor_line_precue: autoDraw = False
744.8103 	EXP 	ver_line_precue: autoDraw = False
744.8103 	EXP 	image_mi: image = 'pics/mental_singing.JPG'
744.8103 	EXP 	image_mi: autoDraw = True
749.3148 	EXP 	image_mi: autoDraw = False
749.3148 	EXP 	image_mi: autoDraw = False
749.3148 	EXP 	text_pause: autoDraw = True
751.8020 	EXP 	New trial (rep=2, index=3): {'pic_name': 'pics/left_hand.JPG', 'class_mi': 'left_hand'}
751.8173 	EXP 	text_pause: autoDraw = False
751.8173 	EXP 	text_pause: autoDraw = False
751.8173 	EXP 	hor_line_precue: autoDraw = True
751.8173 	EXP 	ver_line_precue: autoDraw = True
753.8194 	EXP 	hor_line_precue: autoDraw = False
753.8194 	EXP 	ver_line_precue: autoDraw = False
753.8194 	EXP 	hor_line_precue: autoDraw = False
753.8194 	EXP 	ver_line_precue: autoDraw = False
753.8194 	EXP 	image_mi: image = 'pics/left_hand.JPG'
753.8194 	EXP 	image_mi: autoDraw = True
758.3235 	EXP 	image_mi: autoDraw = False
758.3235 	EXP 	image_mi: autoDraw = False
758.3235 	EXP 	text_pause: autoDraw = True
760.8109 	EXP 	New trial (rep=3, index=0): {'pic_name': 'pics/right_foot.JPG', 'class_mi': 'right_foot'}
760.8263 	EXP 	text_pause: autoDraw = False
760.8263 	EXP 	text_pause: autoDraw = False
760.8263 	EXP 	hor_line_precue: autoDraw = True
760.8263 	EXP 	ver_line_precue: autoDraw = True
762.8283 	EXP 	hor_line_precue: autoDraw = False
762.8283 	EXP 	ver_line_precue: autoDraw = False
762.8283 	EXP 	hor_line_precue: autoDraw = False
762.8283 	EXP 	ver_line_precue: autoDraw = False
762.8283 	EXP 	image_mi: image = 'pics/right_foot.JPG'
762.8283 	EXP 	image_mi: autoDraw = True
767.3327 	EXP 	image_mi: autoDraw = False
767.3327 	EXP 	image_mi: autoDraw = False
767.3327 	EXP 	text_pause: autoDraw = True
769.8199 	EXP 	New trial (rep=3, index=1): {'pic_name': 'pics/left_foot.JPG', 'class_mi': 'left_foot'}
769.8353 	EXP 	text_pause: autoDraw = False
769.8353 	EXP 	text_pause: autoDraw = False
769.8353 	EXP 	hor_line_precue: autoDraw = True
769.8353 	EXP 	ver_line_precue: autoDraw = True
771.8372 	EXP 	hor_line_precue: autoDraw = False
771.8372 	EXP 	ver_line_precue: autoDraw = False
771.8372 	EXP 	hor_line_precue: autoDraw = False
771.8372 	EXP 	ver_line_precue: autoDraw = False
771.8372 	EXP 	image_mi: image = 'pics/left_foot.JPG'
771.8372 	EXP 	image_mi: autoDraw = True
776.3417 	EXP 	image_mi: autoDraw = False
776.3417 	EXP 	image_mi: autoDraw = False
776.3417 	EXP 	text_pause: autoDraw = True
778.8286 	EXP 	New trial (rep=3, index=2): {'pic_name': 'pics/left_hand.JPG', 'class_mi': 'left_hand'}
778.8442 	EXP 	text_pause: autoDraw = False
778.8442 	EXP 	text_pause: autoDraw = False
778.8442 	EXP 	hor_line_precue: autoDraw = True
778.8442 	EXP 	ver_line_precue: autoDraw = True
780.8462 	EXP 	hor_line_precue: autoDraw = False
780.8462 	EXP 	ver_line_precue: autoDraw = False
780.8462 	EXP 	hor_line_precue: autoDraw = False
780.8462 	EXP 	ver_line_precue: autoDraw = False
780.8462 	EXP 	image_mi: image = 'pics/left_hand.JPG'
780.8462 	EXP 	image_mi: autoDraw = True
785.3506 	EXP 	image_mi: autoDraw = False
785.3506 	EXP 	image_mi: autoDraw = False
785.3506 	EXP 	text_pause: autoDraw = True
787.8380 	EXP 	New trial (rep=3, index=3): {'pic_name': 'pics/mental_singing.JPG', 'class_mi': 'mental_singing'}
787.8532 	EXP 	text_pause: autoDraw = False
787.8532 	EXP 	text_pause: autoDraw = False
787.8532 	EXP 	hor_line_precue: autoDraw = True
787.8532 	EXP 	ver_line_precue: autoDraw = True
789.8552 	EXP 	hor_line_precue: autoDraw = False
789.8552 	EXP 	ver_line_precue: autoDraw = False
789.8552 	EXP 	hor_line_precue: autoDraw = False
789.8552 	EXP 	ver_line_precue: autoDraw = False
789.8552 	EXP 	image_mi: image = 'pics/mental_singing.JPG'
789.8552 	EXP 	image_mi: autoDraw = True
794.3596 	EXP 	image_mi: autoDraw = False
794.3596 	EXP 	image_mi: autoDraw = False
794.3596 	EXP 	text_pause: autoDraw = True
796.8463 	EXP 	New trial (rep=4, index=0): {'pic_name': 'pics/right_foot.JPG', 'class_mi': 'right_foot'}
796.8621 	EXP 	text_pause: autoDraw = False
796.8621 	EXP 	text_pause: autoDraw = False
796.8621 	EXP 	hor_line_precue: autoDraw = True
796.8621 	EXP 	ver_line_precue: autoDraw = True
798.8641 	EXP 	hor_line_precue: autoDraw = False
798.8641 	EXP 	ver_line_precue: autoDraw = False
798.8641 	EXP 	hor_line_precue: autoDraw = False
798.8641 	EXP 	ver_line_precue: autoDraw = False
798.8641 	EXP 	image_mi: image = 'pics/right_foot.JPG'
798.8641 	EXP 	image_mi: autoDraw = True
803.3685 	EXP 	image_mi: autoDraw = False
803.3685 	EXP 	image_mi: autoDraw = False
803.3685 	EXP 	text_pause: autoDraw = True
805.8556 	EXP 	New trial (rep=4, index=1): {'pic_name': 'pics/left_hand.JPG', 'class_mi': 'left_hand'}
805.8711 	EXP 	text_pause: autoDraw = False
805.8711 	EXP 	text_pause: autoDraw = False
805.8711 	EXP 	hor_line_precue: autoDraw = True
805.8711 	EXP 	ver_line_precue: autoDraw = True
807.8730 	EXP 	hor_line_precue: autoDraw = False
807.8730 	EXP 	ver_line_precue: autoDraw = False
807.8730 	EXP 	hor_line_precue: autoDraw = False
807.8730 	EXP 	ver_line_precue: autoDraw = False
807.8730 	EXP 	image_mi: image = 'pics/left_hand.JPG'
807.8730 	EXP 	image_mi: autoDraw = True
812.3774 	EXP 	image_mi: autoDraw = False
812.3774 	EXP 	image_mi: autoDraw = False
812.3774 	EXP 	text_pause: autoDraw = True
814.8642 	EXP 	New trial (rep=4, index=2): {'pic_name': 'pics/left_hand.JPG', 'class_mi': 'left_hand'}
814.8800 	EXP 	text_pause: autoDraw = False
814.8800 	EXP 	text_pause: autoDraw = False
814.8800 	EXP 	hor_line_precue: autoDraw = True
814.8800 	EXP 	ver_line_precue: autoDraw = True
816.8819 	EXP 	hor_line_precue: autoDraw = False
816.8819 	EXP 	ver_line_precue: autoDraw = False
816.8819 	EXP 	hor_line_precue: autoDraw = False
816.8819 	EXP 	ver_line_precue: autoDraw = False
816.8819 	EXP 	image_mi: image = 'pics/left_hand.JPG'
816.8819 	EXP 	image_mi: autoDraw = True
821.3864 	EXP 	image_mi: autoDraw = False
821.3864 	EXP 	image_mi: autoDraw = False
821.3864 	EXP 	text_pause: autoDraw = True
823.8732 	EXP 	New trial (rep=4, index=3): {'pic_name': 'pics/left_foot.JPG', 'class_mi': 'left_foot'}
823.8889 	EXP 	text_pause: autoDraw = False
823.8889 	EXP 	text_pause: autoDraw = False
823.8889 	EXP 	hor_line_precue: autoDraw = True
823.8889 	EXP 	ver_line_precue: autoDraw = True
825.8908 	EXP 	hor_line_precue: autoDraw = False
825.8908 	EXP 	ver_line_precue: autoDraw = False
825.8908 	EXP 	hor_line_precue: autoDraw = False
825.8908 	EXP 	ver_line_precue: autoDraw = False
825.8908 	EXP 	image_mi: image = 'pics/left_foot.JPG'
825.8908 	EXP 	image_mi: autoDraw = True
830.3954 	EXP 	image_mi: autoDraw = False
830.3954 	EXP 	image_mi: autoDraw = False
830.3954 	EXP 	text_pause: autoDraw = True
832.8979 	EXP 	text_pause: autoDraw = False
832.8979 	EXP 	text_pause: autoDraw = False
832.8979 	EXP 	text: autoDraw = True
943.4977 	DATA 	Mouse: Left button down, pos=(209,570)
943.6132 	DATA 	Mouse:  Left button up, pos=(209,570)
944.7286 	EXP 	New trial (rep=3, index=0): None
944.7319 	DATA 	Keypress: space
944.7425 	EXP 	text: autoDraw = False
944.7425 	EXP 	text_2: autoDraw = True
947.7418 	EXP 	Imported classes.xlsx as conditions, 4 conditions, 2 params
947.7425 	EXP 	Created sequence: fullRandom, trialTypes=4, nReps=5, seed=None
947.7429 	EXP 	New trial (rep=0, index=0): {'pic_name': 'pics/mental_singing.JPG', 'class_mi': 'mental_singing'}
947.7621 	EXP 	text_2: autoDraw = False
947.7621 	EXP 	hor_line_precue: autoDraw = True
947.7621 	EXP 	ver_line_precue: autoDraw = True
949.7809 	EXP 	hor_line_precue: autoDraw = False
949.7809 	EXP 	ver_line_precue: autoDraw = False
949.7809 	EXP 	hor_line_precue: autoDraw = False
949.7809 	EXP 	ver_line_precue: autoDraw = False
949.7809 	EXP 	image_mi: image = 'pics/mental_singing.JPG'
949.7809 	EXP 	image_mi: autoDraw = True
954.2851 	EXP 	image_mi: autoDraw = False
954.2851 	EXP 	image_mi: autoDraw = False
954.2851 	EXP 	text_pause: autoDraw = True
956.7728 	EXP 	New trial (rep=0, index=1): {'pic_name': 'pics/mental_singing.JPG', 'class_mi': 'mental_singing'}
956.7877 	EXP 	text_pause: autoDraw = False
956.7877 	EXP 	text_pause: autoDraw = False
956.7877 	EXP 	hor_line_precue: autoDraw = True
956.7877 	EXP 	ver_line_precue: autoDraw = True
958.8064 	EXP 	hor_line_precue: autoDraw = False
958.8064 	EXP 	ver_line_precue: autoDraw = False
958.8064 	EXP 	hor_line_precue: autoDraw = False
958.8064 	EXP 	ver_line_precue: autoDraw = False
958.8064 	EXP 	image_mi: image = 'pics/mental_singing.JPG'
958.8064 	EXP 	image_mi: autoDraw = True
963.3110 	EXP 	image_mi: autoDraw = False
963.3110 	EXP 	image_mi: autoDraw = False
963.3110 	EXP 	text_pause: autoDraw = True
965.7982 	EXP 	New trial (rep=0, index=2): {'pic_name': 'pics/left_foot.JPG', 'class_mi': 'left_foot'}
965.8134 	EXP 	text_pause: autoDraw = False
965.8134 	EXP 	text_pause: autoDraw = False
965.8134 	EXP 	hor_line_precue: autoDraw = True
965.8134 	EXP 	ver_line_precue: autoDraw = True
967.8153 	EXP 	hor_line_precue: autoDraw = False
967.8153 	EXP 	ver_line_precue: autoDraw = False
967.8153 	EXP 	hor_line_precue: autoDraw = False
967.8153 	EXP 	ver_line_precue: autoDraw = False
967.8153 	EXP 	image_mi: image = 'pics/left_foot.JPG'
967.8153 	EXP 	image_mi: autoDraw = True
972.3198 	EXP 	image_mi: autoDraw = False
972.3198 	EXP 	image_mi: autoDraw = False
972.3198 	EXP 	text_pause: autoDraw = True
974.8072 	EXP 	New trial (rep=0, index=3): {'pic_name': 'pics/mental_singing.JPG', 'class_mi': 'mental_singing'}
974.8223 	EXP 	text_pause: autoDraw = False
974.8223 	EXP 	text_pause: autoDraw = False
974.8223 	EXP 	hor_line_precue: autoDraw = True
974.8223 	EXP 	ver_line_precue: autoDraw = True
976.8410 	EXP 	hor_line_precue: autoDraw = False
976.8410 	EXP 	ver_line_precue: autoDraw = False
976.8410 	EXP 	hor_line_precue: autoDraw = False
976.8410 	EXP 	ver_line_precue: autoDraw = False
976.8410 	EXP 	image_mi: image = 'pics/mental_singing.JPG'
976.8410 	EXP 	image_mi: autoDraw = True
981.3454 	EXP 	image_mi: autoDraw = False
981.3454 	EXP 	image_mi: autoDraw = False
981.3454 	EXP 	text_pause: autoDraw = True
983.8329 	EXP 	New trial (rep=1, index=0): {'pic_name': 'pics/left_foot.JPG', 'class_mi': 'left_foot'}
983.8479 	EXP 	text_pause: autoDraw = False
983.8479 	EXP 	text_pause: autoDraw = False
983.8479 	EXP 	hor_line_precue: autoDraw = True
983.8479 	EXP 	ver_line_precue: autoDraw = True
985.8500 	EXP 	hor_line_precue: autoDraw = False
985.8500 	EXP 	ver_line_precue: autoDraw = False
985.8500 	EXP 	hor_line_precue: autoDraw = False
985.8500 	EXP 	ver_line_precue: autoDraw = False
985.8500 	EXP 	image_mi: image = 'pics/left_foot.JPG'
985.8500 	EXP 	image_mi: autoDraw = True
990.3544 	EXP 	image_mi: autoDraw = False
990.3544 	EXP 	image_mi: autoDraw = False
990.3544 	EXP 	text_pause: autoDraw = True
992.8418 	EXP 	New trial (rep=1, index=1): {'pic_name': 'pics/mental_singing.JPG', 'class_mi': 'mental_singing'}
992.8569 	EXP 	text_pause: autoDraw = False
992.8569 	EXP 	text_pause: autoDraw = False
992.8569 	EXP 	hor_line_precue: autoDraw = True
992.8569 	EXP 	ver_line_precue: autoDraw = True
994.8756 	EXP 	hor_line_precue: autoDraw = False
994.8756 	EXP 	ver_line_precue: autoDraw = False
994.8756 	EXP 	hor_line_precue: autoDraw = False
994.8756 	EXP 	ver_line_precue: autoDraw = False
994.8756 	EXP 	image_mi: image = 'pics/mental_singing.JPG'
994.8756 	EXP 	image_mi: autoDraw = True
999.3801 	EXP 	image_mi: autoDraw = False
999.3801 	EXP 	image_mi: autoDraw = False
999.3801 	EXP 	text_pause: autoDraw = True
1001.8676 	EXP 	New trial (rep=1, index=2): {'pic_name': 'pics/left_hand.JPG', 'class_mi': 'left_hand'}
1001.8826 	EXP 	text_pause: autoDraw = False
1001.8826 	EXP 	text_pause: autoDraw = False
1001.8826 	EXP 	hor_line_precue: autoDraw = True
1001.8826 	EXP 	ver_line_precue: autoDraw = True
1003.8845 	EXP 	hor_line_precue: autoDraw = False
1003.8845 	EXP 	ver_line_precue: autoDraw = False
1003.8845 	EXP 	hor_line_precue: autoDraw = False
1003.8845 	EXP 	ver_line_precue: autoDraw = False
1003.8845 	EXP 	image_mi: image = 'pics/left_hand.JPG'
1003.8845 	EXP 	image_mi: autoDraw = True
1008.3889 	EXP 	image_mi: autoDraw = False
1008.3889 	EXP 	image_mi: autoDraw = False
1008.3889 	EXP 	text_pause: autoDraw = True
1010.8764 	EXP 	New trial (rep=1, index=3): {'pic_name': 'pics/left_hand.JPG', 'class_mi': 'left_hand'}
1010.8915 	EXP 	text_pause: autoDraw = False
1010.8915 	EXP 	text_pause: autoDraw = False
1010.8915 	EXP 	hor_line_precue: autoDraw = True
1010.8915 	EXP 	ver_line_precue: autoDraw = True
1012.8935 	EXP 	hor_line_precue: autoDraw = False
1012.8935 	EXP 	ver_line_precue: autoDraw = False
1012.8935 	EXP 	hor_line_precue: autoDraw = False
1012.8935 	EXP 	ver_line_precue: autoDraw = False
1012.8935 	EXP 	image_mi: image = 'pics/left_hand.JPG'
1012.8935 	EXP 	image_mi: autoDraw = True
1017.3980 	EXP 	image_mi: autoDraw = False
1017.3980 	EXP 	image_mi: autoDraw = False
1017.3980 	EXP 	text_pause: autoDraw = True
1019.8852 	EXP 	New trial (rep=2, index=0): {'pic_name': 'pics/left_hand.JPG', 'class_mi': 'left_hand'}
1019.9005 	EXP 	text_pause: autoDraw = False
1019.9005 	EXP 	text_pause: autoDraw = False
1019.9005 	EXP 	hor_line_precue: autoDraw = True
1019.9005 	EXP 	ver_line_precue: autoDraw = True
1021.9025 	EXP 	hor_line_precue: autoDraw = False
1021.9025 	EXP 	ver_line_precue: autoDraw = False
1021.9025 	EXP 	hor_line_precue: autoDraw = False
1021.9025 	EXP 	ver_line_precue: autoDraw = False
1021.9025 	EXP 	image_mi: image = 'pics/left_hand.JPG'
1021.9025 	EXP 	image_mi: autoDraw = True
1026.4069 	EXP 	image_mi: autoDraw = False
1026.4069 	EXP 	image_mi: autoDraw = False
1026.4069 	EXP 	text_pause: autoDraw = True
1028.8943 	EXP 	New trial (rep=2, index=1): {'pic_name': 'pics/left_foot.JPG', 'class_mi': 'left_foot'}
1028.9094 	EXP 	text_pause: autoDraw = False
1028.9094 	EXP 	text_pause: autoDraw = False
1028.9094 	EXP 	hor_line_precue: autoDraw = True
1028.9094 	EXP 	ver_line_precue: autoDraw = True
1030.9114 	EXP 	hor_line_precue: autoDraw = False
1030.9114 	EXP 	ver_line_precue: autoDraw = False
1030.9114 	EXP 	hor_line_precue: autoDraw = False
1030.9114 	EXP 	ver_line_precue: autoDraw = False
1030.9114 	EXP 	image_mi: image = 'pics/left_foot.JPG'
1030.9114 	EXP 	image_mi: autoDraw = True
1035.4159 	EXP 	image_mi: autoDraw = False
1035.4159 	EXP 	image_mi: autoDraw = False
1035.4159 	EXP 	text_pause: autoDraw = True
1037.9032 	EXP 	New trial (rep=2, index=2): {'pic_name': 'pics/right_foot.JPG', 'class_mi': 'right_foot'}
1037.9183 	EXP 	text_pause: autoDraw = False
1037.9183 	EXP 	text_pause: autoDraw = False
1037.9183 	EXP 	hor_line_precue: autoDraw = True
1037.9183 	EXP 	ver_line_precue: autoDraw = True
1039.9203 	EXP 	hor_line_precue: autoDraw = False
1039.9203 	EXP 	ver_line_precue: autoDraw = False
1039.9203 	EXP 	hor_line_precue: autoDraw = False
1039.9203 	EXP 	ver_line_precue: autoDraw = False
1039.9203 	EXP 	image_mi: image = 'pics/right_foot.JPG'
1039.9203 	EXP 	image_mi: autoDraw = True
1044.4248 	EXP 	image_mi: autoDraw = False
1044.4248 	EXP 	image_mi: autoDraw = False
1044.4248 	EXP 	text_pause: autoDraw = True
1046.9126 	EXP 	New trial (rep=2, index=3): {'pic_name': 'pics/right_foot.JPG', 'class_mi': 'right_foot'}
1046.9272 	EXP 	text_pause: autoDraw = False
1046.9272 	EXP 	text_pause: autoDraw = False
1046.9272 	EXP 	hor_line_precue: autoDraw = True
1046.9272 	EXP 	ver_line_precue: autoDraw = True
1048.9293 	EXP 	hor_line_precue: autoDraw = False
1048.9293 	EXP 	ver_line_precue: autoDraw = False
1048.9293 	EXP 	hor_line_precue: autoDraw = False
1048.9293 	EXP 	ver_line_precue: autoDraw = False
1048.9293 	EXP 	image_mi: image = 'pics/right_foot.JPG'
1048.9293 	EXP 	image_mi: autoDraw = True
1053.4337 	EXP 	image_mi: autoDraw = False
1053.4337 	EXP 	image_mi: autoDraw = False
1053.4337 	EXP 	text_pause: autoDraw = True
1055.9211 	EXP 	New trial (rep=3, index=0): {'pic_name': 'pics/right_foot.JPG', 'class_mi': 'right_foot'}
1055.9363 	EXP 	text_pause: autoDraw = False
1055.9363 	EXP 	text_pause: autoDraw = False
1055.9363 	EXP 	hor_line_precue: autoDraw = True
1055.9363 	EXP 	ver_line_precue: autoDraw = True
1057.9382 	EXP 	hor_line_precue: autoDraw = False
1057.9382 	EXP 	ver_line_precue: autoDraw = False
1057.9382 	EXP 	hor_line_precue: autoDraw = False
1057.9382 	EXP 	ver_line_precue: autoDraw = False
1057.9382 	EXP 	image_mi: image = 'pics/right_foot.JPG'
1057.9382 	EXP 	image_mi: autoDraw = True
1062.4427 	EXP 	image_mi: autoDraw = False
1062.4427 	EXP 	image_mi: autoDraw = False
1062.4427 	EXP 	text_pause: autoDraw = True
1064.9303 	EXP 	New trial (rep=3, index=1): {'pic_name': 'pics/left_foot.JPG', 'class_mi': 'left_foot'}
1064.9452 	EXP 	text_pause: autoDraw = False
1064.9452 	EXP 	text_pause: autoDraw = False
1064.9452 	EXP 	hor_line_precue: autoDraw = True
1064.9452 	EXP 	ver_line_precue: autoDraw = True
1066.9472 	EXP 	hor_line_precue: autoDraw = False
1066.9472 	EXP 	ver_line_precue: autoDraw = False
1066.9472 	EXP 	hor_line_precue: autoDraw = False
1066.9472 	EXP 	ver_line_precue: autoDraw = False
1066.9472 	EXP 	image_mi: image = 'pics/left_foot.JPG'
1066.9472 	EXP 	image_mi: autoDraw = True
1071.4516 	EXP 	image_mi: autoDraw = False
1071.4516 	EXP 	image_mi: autoDraw = False
1071.4516 	EXP 	text_pause: autoDraw = True
1073.9388 	EXP 	New trial (rep=3, index=2): {'pic_name': 'pics/left_hand.JPG', 'class_mi': 'left_hand'}
1073.9541 	EXP 	text_pause: autoDraw = False
1073.9541 	EXP 	text_pause: autoDraw = False
1073.9541 	EXP 	hor_line_precue: autoDraw = True
1073.9541 	EXP 	ver_line_precue: autoDraw = True
1075.9561 	EXP 	hor_line_precue: autoDraw = False
1075.9561 	EXP 	ver_line_precue: autoDraw = False
1075.9561 	EXP 	hor_line_precue: autoDraw = False
1075.9561 	EXP 	ver_line_precue: autoDraw = False
1075.9561 	EXP 	image_mi: image = 'pics/left_hand.JPG'
1075.9561 	EXP 	image_mi: autoDraw = True
1080.4607 	EXP 	image_mi: autoDraw = False
1080.4607 	EXP 	image_mi: autoDraw = False
1080.4607 	EXP 	text_pause: autoDraw = True
1082.9480 	EXP 	New trial (rep=3, index=3): {'pic_name': 'pics/left_hand.JPG', 'class_mi': 'left_hand'}
1082.9632 	EXP 	text_pause: autoDraw = False
1082.9632 	EXP 	text_pause: autoDraw = False
1082.9632 	EXP 	hor_line_precue: autoDraw = True
1082.9632 	EXP 	ver_line_precue: autoDraw = True
1084.9650 	EXP 	hor_line_precue: autoDraw = False
1084.9650 	EXP 	ver_line_precue: autoDraw = False
1084.9650 	EXP 	hor_line_precue: autoDraw = False
1084.9650 	EXP 	ver_line_precue: autoDraw = False
1084.9650 	EXP 	image_mi: image = 'pics/left_hand.JPG'
1084.9650 	EXP 	image_mi: autoDraw = True
1089.4697 	EXP 	image_mi: autoDraw = False
1089.4697 	EXP 	image_mi: autoDraw = False
1089.4697 	EXP 	text_pause: autoDraw = True
1091.9568 	EXP 	New trial (rep=4, index=0): {'pic_name': 'pics/left_foot.JPG', 'class_mi': 'left_foot'}
1091.9721 	EXP 	text_pause: autoDraw = False
1091.9721 	EXP 	text_pause: autoDraw = False
1091.9721 	EXP 	hor_line_precue: autoDraw = True
1091.9721 	EXP 	ver_line_precue: autoDraw = True
1093.9740 	EXP 	hor_line_precue: autoDraw = False
1093.9740 	EXP 	ver_line_precue: autoDraw = False
1093.9740 	EXP 	hor_line_precue: autoDraw = False
1093.9740 	EXP 	ver_line_precue: autoDraw = False
1093.9740 	EXP 	image_mi: image = 'pics/left_foot.JPG'
1093.9740 	EXP 	image_mi: autoDraw = True
1098.4786 	EXP 	image_mi: autoDraw = False
1098.4786 	EXP 	image_mi: autoDraw = False
1098.4786 	EXP 	text_pause: autoDraw = True
1100.9657 	EXP 	New trial (rep=4, index=1): {'pic_name': 'pics/mental_singing.JPG', 'class_mi': 'mental_singing'}
1100.9808 	EXP 	text_pause: autoDraw = False
1100.9808 	EXP 	text_pause: autoDraw = False
1100.9808 	EXP 	hor_line_precue: autoDraw = True
1100.9808 	EXP 	ver_line_precue: autoDraw = True
1102.9997 	EXP 	hor_line_precue: autoDraw = False
1102.9997 	EXP 	ver_line_precue: autoDraw = False
1102.9997 	EXP 	hor_line_precue: autoDraw = False
1102.9997 	EXP 	ver_line_precue: autoDraw = False
1102.9997 	EXP 	image_mi: image = 'pics/mental_singing.JPG'
1102.9997 	EXP 	image_mi: autoDraw = True
1107.5042 	EXP 	image_mi: autoDraw = False
1107.5042 	EXP 	image_mi: autoDraw = False
1107.5042 	EXP 	text_pause: autoDraw = True
1109.9915 	EXP 	New trial (rep=4, index=2): {'pic_name': 'pics/right_foot.JPG', 'class_mi': 'right_foot'}
1110.0066 	EXP 	text_pause: autoDraw = False
1110.0066 	EXP 	text_pause: autoDraw = False
1110.0066 	EXP 	hor_line_precue: autoDraw = True
1110.0066 	EXP 	ver_line_precue: autoDraw = True
1112.0086 	EXP 	hor_line_precue: autoDraw = False
1112.0086 	EXP 	ver_line_precue: autoDraw = False
1112.0086 	EXP 	hor_line_precue: autoDraw = False
1112.0086 	EXP 	ver_line_precue: autoDraw = False
1112.0086 	EXP 	image_mi: image = 'pics/right_foot.JPG'
1112.0086 	EXP 	image_mi: autoDraw = True
1116.5130 	EXP 	image_mi: autoDraw = False
1116.5130 	EXP 	image_mi: autoDraw = False
1116.5130 	EXP 	text_pause: autoDraw = True
1119.0007 	EXP 	New trial (rep=4, index=3): {'pic_name': 'pics/right_foot.JPG', 'class_mi': 'right_foot'}
1119.0156 	EXP 	text_pause: autoDraw = False
1119.0156 	EXP 	text_pause: autoDraw = False
1119.0156 	EXP 	hor_line_precue: autoDraw = True
1119.0156 	EXP 	ver_line_precue: autoDraw = True
1121.0176 	EXP 	hor_line_precue: autoDraw = False
1121.0176 	EXP 	ver_line_precue: autoDraw = False
1121.0176 	EXP 	hor_line_precue: autoDraw = False
1121.0176 	EXP 	ver_line_precue: autoDraw = False
1121.0176 	EXP 	image_mi: image = 'pics/right_foot.JPG'
1121.0176 	EXP 	image_mi: autoDraw = True
1125.5221 	EXP 	image_mi: autoDraw = False
1125.5221 	EXP 	image_mi: autoDraw = False
1125.5221 	EXP 	text_pause: autoDraw = True
1128.0245 	EXP 	text_pause: autoDraw = False
1128.0245 	EXP 	text_pause: autoDraw = False
1128.0245 	EXP 	text: autoDraw = True
1139.6436 	DATA 	Keypress: space
1139.6528 	EXP 	text: autoDraw = False
1139.6528 	EXP 	text_post_run: autoDraw = True
1140.6407 	DATA 	Keypress: space
1140.6705 	EXP 	text_post_run: autoDraw = False
1140.6707 	EXP 	bci_racingteam: status = STOPPED
1140.7900 	EXP 	window1: mouseVisible = True
