37.1320 	EXP 	Created window1 = Window(allowGUI=True, allowStencil=False, autoLog=True, backendConf=UNKNOWN, backgroundFit=<method-wrapper '__getattribute__' of attributeSetter object at 0x0000026CF38B3CD0>, backgroundImage=<method-wrapper '__getattribute__' of attributeSetter object at 0x0000026CF38B3C70>, bitsMode=UNKNOWN, blendMode='avg', bpc=(8, 8, 8), color=array([0, 0, 0]), colorSpace='rgb', depthBits=8, fullscr=<method-wrapper '__getattribute__' of attributeSetter object at 0x0000026CF38B3AF0>, gamma=None, gammaErrorPolicy='raise', infoMsg=UNKNOWN, lms=UNKNOWN, monitor=<psychopy.monitors.calibTools.Monitor object at 0x0000026CF3CF5220>, multiSample=False, name='window1', numSamples=2, pos=[0.0, 0.0], screen=1, size=array([1920, 1080]), stencilBits=0, stereo=False, title='PsychoPy', units='height', useFBO=True, useRetina=False, viewOri=0.0, viewPos=None, viewScale=None, waitBlanking=True, winType='pyglet')
37.1320 	EXP 	window1: backgroundImage = ''
37.1321 	EXP 	window1: backgroundFit = 'none'
37.1323 	EXP 	window1: mouseVisible = <method-wrapper '__getattribute__' of attributeSetter object at 0x0000026CF38B3DF0>
37.1326 	EXP 	window1: mouseVisible = <method-wrapper '__getattribute__' of attributeSetter object at 0x0000026CF38B3DF0>
37.1474 	EXP 	window1: mouseVisible = <method-wrapper '__getattribute__' of attributeSetter object at 0x0000026CF38B3DF0>
37.1489 	EXP 	window1: mouseVisible = <method-wrapper '__getattribute__' of attributeSetter object at 0x0000026CF38B3DF0>
37.2217 	EXP 	window1: mouseVisible = <method-wrapper '__getattribute__' of attributeSetter object at 0x0000026CF38B3DF0>
37.2220 	EXP 	window1: mouseVisible = <method-wrapper '__getattribute__' of attributeSetter object at 0x0000026CF38B3DF0>
37.2229 	EXP 	window1: mouseVisible = <method-wrapper '__getattribute__' of attributeSetter object at 0x0000026CF38B3DF0>
37.2237 	EXP 	window1: mouseVisible = <method-wrapper '__getattribute__' of attributeSetter object at 0x0000026CF38B3DF0>
37.2427 	EXP 	window1: Attempting to measure frame rate of screen (1) ...
37.2427 	EXP 	window1: recordFrameIntervals = False
37.5100 	EXP 	window1: recordFrameIntervals = True
37.6937 	EXP 	Screen (1) actual frame rate measured at 59.95Hz
37.6937 	EXP 	window1: recordFrameIntervals = False
37.6938 	EXP 	window1: mouseVisible = False
43.4488 	EXP 	bci_racingteam: status = STARTED
43.4492 	EXP 	window1: mouseVisible = False
43.8241 	EXP 	Created text_pre_run = TextStim(__class__=<class 'psychopy.visual.text.TextStim'>, alignHoriz=method-wrapper(...), alignText='center', alignVert=method-wrapper(...), anchorHoriz='center', anchorVert='center', antialias=True, autoDraw=False, autoLog=True, bold=False, color=array([1., 1., 1.]), colorSpace='rgb', contrast=1.0, depth=0.0, draggable=False, flipHoriz=False, flipVert=False, font='Open Sans', fontFiles=[], height=0.05, italic=False, languageStyle='LTR', name='text_pre_run', opacity=1.0, ori=0.0, pos=array([0., 0.]), rgb=UNKNOWN, text='Press any key to start ...', units='height', win=Window(...), wrapWidth=1)
43.8243 	EXP 	window1: mouseVisible = False
43.8269 	EXP 	Created text_2 = TextStim(__class__=<class 'psychopy.visual.text.TextStim'>, alignHoriz=method-wrapper(...), alignText='center', alignVert=method-wrapper(...), anchorHoriz='center', anchorVert='center', antialias=True, autoDraw=False, autoLog=True, bold=False, color=array([1., 1., 1.]), colorSpace='rgb', contrast=1.0, depth=0.0, draggable=False, flipHoriz=False, flipVert=False, font='Arial', fontFiles=[], height=0.05, italic=False, languageStyle='LTR', name='text_2', opacity=1.0, ori=0.0, pos=array([0., 0.]), rgb=UNKNOWN, text='', units='height', win=Window(...), wrapWidth=1)
43.8271 	EXP 	window1: mouseVisible = False
43.8309 	EXP 	Created hor_line_precue = Line(__class__=<class 'psychopy.visual.line.Line'>, anchor=('center', 'center'), autoDraw=False, autoLog=True, closeShape=False, color=array([1., 1., 1.]), colorSpace='rgb', contrast=None, depth=0.0, draggable=False, fillColor=array([0, 0, 0]), fillColorSpace='rgb', fillRGB=array([0, 0, 0]), interpolate=True, lineColor=array([1., 1., 1.]), lineColorSpace='rgb', lineRGB=array([1, 1, 1]), lineWidth=5.0, name='hor_line_precue', opacity=0.5, ori=0.0, pos=array([0., 0.]), size=array([1., 1.]), units='height', vertices=ndarray(...), win=Window(...), windingRule=None)
43.8311 	EXP 	window1: mouseVisible = False
43.8347 	EXP 	Created ver_line_precue = Line(__class__=<class 'psychopy.visual.line.Line'>, anchor=('center', 'center'), autoDraw=False, autoLog=True, closeShape=False, color=array([1., 1., 1.]), colorSpace='rgb', contrast=None, depth=-1.0, draggable=False, fillColor=array([0, 0, 0]), fillColorSpace='rgb', fillRGB=array([0, 0, 0]), interpolate=True, lineColor=array([1., 1., 1.]), lineColorSpace='rgb', lineRGB=array([1, 1, 1]), lineWidth=5.0, name='ver_line_precue', opacity=0.5, ori=90.0, pos=array([0., 0.]), size=array([1., 1.]), units='height', vertices=ndarray(...), win=Window(...), windingRule=None)
43.8349 	EXP 	window1: mouseVisible = False
43.8401 	EXP 	Created image_mi = ImageStim(__class__=<class 'psychopy.visual.image.ImageStim'>, anchor=('center', 'center'), autoLog=True, color=array([1., 1., 1.]), colorSpace='rgb', contrast=1.0, depth=0.0, draggable=False, flipHoriz=False, flipVert=False, image='default.png', interpolate=True, mask=None, maskParams=None, name='image_mi', opacity=1.0, ori=0.0, pos=array([0., 0.]), size=array([0.5, 0.5]), texRes=128.0, units='height', win=Window(...))
43.8403 	EXP 	window1: mouseVisible = False
43.8425 	EXP 	Created text_pause = TextStim(__class__=<class 'psychopy.visual.text.TextStim'>, alignHoriz=method-wrapper(...), alignText='center', alignVert=method-wrapper(...), anchorHoriz='center', anchorVert='center', antialias=True, autoDraw=False, autoLog=True, bold=False, color=array([1., 1., 1.]), colorSpace='rgb', contrast=1.0, depth=0.0, draggable=False, flipHoriz=False, flipVert=False, font='Open Sans', fontFiles=[], height=0.05, italic=False, languageStyle='LTR', name='text_pause', opacity=1.0, ori=0.0, pos=array([0., 0.]), rgb=UNKNOWN, text='', units='height', win=Window(...), wrapWidth=1)
43.8426 	EXP 	window1: mouseVisible = False
43.8522 	EXP 	Created text = TextStim(__class__=<class 'psychopy.visual.text.TextStim'>, alignHoriz=method-wrapper(...), alignText='center', alignVert=method-wrapper(...), anchorHoriz='center', anchorVert='center', antialias=True, autoDraw=False, autoLog=True, bold=False, color=array([1., 1., 1.]), colorSpace='rgb', contrast=1.0, depth=0.0, draggable=False, flipHoriz=False, flipVert=False, font='Arial', fontFiles=[], height=0.05, italic=False, languageStyle='LTR', name='text', opacity=1.0, ori=0.0, pos=array([0., 0.]), rgb=UNKNOWN, text='Run Finished', units='height', win=Window(...), wrapWidth=1)
43.8523 	EXP 	window1: mouseVisible = False
43.8598 	EXP 	Created text_post_run = TextStim(__class__=<class 'psychopy.visual.text.TextStim'>, alignHoriz=method-wrapper(...), alignText='center', alignVert=method-wrapper(...), anchorHoriz='center', anchorVert='center', antialias=True, autoDraw=False, autoLog=True, bold=False, color=array([1., 1., 1.]), colorSpace='rgb', contrast=1.0, depth=0.0, draggable=False, flipHoriz=False, flipVert=False, font='Open Sans', fontFiles=[], height=0.05, italic=False, languageStyle='LTR', name='text_post_run', opacity=1.0, ori=0.0, pos=array([0., 0.]), rgb=UNKNOWN, text='End\n', units='height', win=Window(...), wrapWidth=1)
0.0398 	EXP 	text_pre_run: autoDraw = True
17.2173 	DATA 	Mouse: Left button down, pos=(360,469)
17.3101 	DATA 	Mouse:  Left button up, pos=(360,469)
19.0713 	EXP 	Created sequence: random, trialTypes=1, nReps=4, seed=None
19.0717 	EXP 	New trial (rep=0, index=0): None
19.0748 	DATA 	Keypress: space
19.0920 	EXP 	text_pre_run: autoDraw = False
19.0920 	EXP 	text_2: autoDraw = True
22.0941 	EXP 	Imported classes.xlsx as conditions, 4 conditions, 2 params
22.0947 	EXP 	Created sequence: fullRandom, trialTypes=4, nReps=5, seed=None
22.0950 	EXP 	New trial (rep=0, index=0): {'pic_name': 'pics/left_hand.JPG', 'class_mi': 'left_hand'}
22.1117 	EXP 	text_2: autoDraw = False
22.1117 	EXP 	hor_line_precue: autoDraw = True
22.1117 	EXP 	ver_line_precue: autoDraw = True
24.1137 	EXP 	hor_line_precue: autoDraw = False
24.1137 	EXP 	ver_line_precue: autoDraw = False
24.1137 	EXP 	hor_line_precue: autoDraw = False
24.1137 	EXP 	ver_line_precue: autoDraw = False
24.1137 	EXP 	image_mi: image = 'pics/left_hand.JPG'
24.1137 	EXP 	image_mi: autoDraw = True
28.6181 	EXP 	image_mi: autoDraw = False
28.6181 	EXP 	image_mi: autoDraw = False
28.6181 	EXP 	text_pause: autoDraw = True
31.1049 	EXP 	New trial (rep=0, index=1): {'pic_name': 'pics/mental_singing.JPG', 'class_mi': 'mental_singing'}
31.1206 	EXP 	text_pause: autoDraw = False
31.1206 	EXP 	text_pause: autoDraw = False
31.1206 	EXP 	hor_line_precue: autoDraw = True
31.1206 	EXP 	ver_line_precue: autoDraw = True
33.1226 	EXP 	hor_line_precue: autoDraw = False
33.1226 	EXP 	ver_line_precue: autoDraw = False
33.1226 	EXP 	hor_line_precue: autoDraw = False
33.1226 	EXP 	ver_line_precue: autoDraw = False
33.1226 	EXP 	image_mi: image = 'pics/mental_singing.JPG'
33.1226 	EXP 	image_mi: autoDraw = True
37.6271 	EXP 	image_mi: autoDraw = False
37.6271 	EXP 	image_mi: autoDraw = False
37.6271 	EXP 	text_pause: autoDraw = True
40.1138 	EXP 	New trial (rep=0, index=2): {'pic_name': 'pics/right_foot.JPG', 'class_mi': 'right_foot'}
40.1296 	EXP 	text_pause: autoDraw = False
40.1296 	EXP 	text_pause: autoDraw = False
40.1296 	EXP 	hor_line_precue: autoDraw = True
40.1296 	EXP 	ver_line_precue: autoDraw = True
42.1316 	EXP 	hor_line_precue: autoDraw = False
42.1316 	EXP 	ver_line_precue: autoDraw = False
42.1316 	EXP 	hor_line_precue: autoDraw = False
42.1316 	EXP 	ver_line_precue: autoDraw = False
42.1316 	EXP 	image_mi: image = 'pics/right_foot.JPG'
42.1316 	EXP 	image_mi: autoDraw = True
46.6361 	EXP 	image_mi: autoDraw = False
46.6361 	EXP 	image_mi: autoDraw = False
46.6361 	EXP 	text_pause: autoDraw = True
49.1226 	EXP 	New trial (rep=0, index=3): {'pic_name': 'pics/right_foot.JPG', 'class_mi': 'right_foot'}
49.1384 	EXP 	text_pause: autoDraw = False
49.1384 	EXP 	text_pause: autoDraw = False
49.1384 	EXP 	hor_line_precue: autoDraw = True
49.1384 	EXP 	ver_line_precue: autoDraw = True
51.1405 	EXP 	hor_line_precue: autoDraw = False
51.1405 	EXP 	ver_line_precue: autoDraw = False
51.1405 	EXP 	hor_line_precue: autoDraw = False
51.1405 	EXP 	ver_line_precue: autoDraw = False
51.1405 	EXP 	image_mi: image = 'pics/right_foot.JPG'
51.1405 	EXP 	image_mi: autoDraw = True
55.6450 	EXP 	image_mi: autoDraw = False
55.6450 	EXP 	image_mi: autoDraw = False
55.6450 	EXP 	text_pause: autoDraw = True
58.1317 	EXP 	New trial (rep=1, index=0): {'pic_name': 'pics/left_hand.JPG', 'class_mi': 'left_hand'}
58.1475 	EXP 	text_pause: autoDraw = False
58.1475 	EXP 	text_pause: autoDraw = False
58.1475 	EXP 	hor_line_precue: autoDraw = True
58.1475 	EXP 	ver_line_precue: autoDraw = True
60.1495 	EXP 	hor_line_precue: autoDraw = False
60.1495 	EXP 	ver_line_precue: autoDraw = False
60.1495 	EXP 	hor_line_precue: autoDraw = False
60.1495 	EXP 	ver_line_precue: autoDraw = False
60.1495 	EXP 	image_mi: image = 'pics/left_hand.JPG'
60.1495 	EXP 	image_mi: autoDraw = True
64.6540 	EXP 	image_mi: autoDraw = False
64.6540 	EXP 	image_mi: autoDraw = False
64.6540 	EXP 	text_pause: autoDraw = True
67.1407 	EXP 	New trial (rep=1, index=1): {'pic_name': 'pics/mental_singing.JPG', 'class_mi': 'mental_singing'}
67.1564 	EXP 	text_pause: autoDraw = False
67.1564 	EXP 	text_pause: autoDraw = False
67.1564 	EXP 	hor_line_precue: autoDraw = True
67.1564 	EXP 	ver_line_precue: autoDraw = True
69.1585 	EXP 	hor_line_precue: autoDraw = False
69.1585 	EXP 	ver_line_precue: autoDraw = False
69.1585 	EXP 	hor_line_precue: autoDraw = False
69.1585 	EXP 	ver_line_precue: autoDraw = False
69.1585 	EXP 	image_mi: image = 'pics/mental_singing.JPG'
69.1585 	EXP 	image_mi: autoDraw = True
73.6629 	EXP 	image_mi: autoDraw = False
73.6629 	EXP 	image_mi: autoDraw = False
73.6629 	EXP 	text_pause: autoDraw = True
76.1497 	EXP 	New trial (rep=1, index=2): {'pic_name': 'pics/right_foot.JPG', 'class_mi': 'right_foot'}
76.1654 	EXP 	text_pause: autoDraw = False
76.1654 	EXP 	text_pause: autoDraw = False
76.1654 	EXP 	hor_line_precue: autoDraw = True
76.1654 	EXP 	ver_line_precue: autoDraw = True
78.1674 	EXP 	hor_line_precue: autoDraw = False
78.1674 	EXP 	ver_line_precue: autoDraw = False
78.1674 	EXP 	hor_line_precue: autoDraw = False
78.1674 	EXP 	ver_line_precue: autoDraw = False
78.1674 	EXP 	image_mi: image = 'pics/right_foot.JPG'
78.1674 	EXP 	image_mi: autoDraw = True
82.6718 	EXP 	image_mi: autoDraw = False
82.6718 	EXP 	image_mi: autoDraw = False
82.6718 	EXP 	text_pause: autoDraw = True
85.1585 	EXP 	New trial (rep=1, index=3): {'pic_name': 'pics/right_foot.JPG', 'class_mi': 'right_foot'}
85.1743 	EXP 	text_pause: autoDraw = False
85.1743 	EXP 	text_pause: autoDraw = False
85.1743 	EXP 	hor_line_precue: autoDraw = True
85.1743 	EXP 	ver_line_precue: autoDraw = True
87.1763 	EXP 	hor_line_precue: autoDraw = False
87.1763 	EXP 	ver_line_precue: autoDraw = False
87.1763 	EXP 	hor_line_precue: autoDraw = False
87.1763 	EXP 	ver_line_precue: autoDraw = False
87.1763 	EXP 	image_mi: image = 'pics/right_foot.JPG'
87.1763 	EXP 	image_mi: autoDraw = True
91.6809 	EXP 	image_mi: autoDraw = False
91.6809 	EXP 	image_mi: autoDraw = False
91.6809 	EXP 	text_pause: autoDraw = True
94.1676 	EXP 	New trial (rep=2, index=0): {'pic_name': 'pics/left_hand.JPG', 'class_mi': 'left_hand'}
94.1833 	EXP 	text_pause: autoDraw = False
94.1833 	EXP 	text_pause: autoDraw = False
94.1833 	EXP 	hor_line_precue: autoDraw = True
94.1833 	EXP 	ver_line_precue: autoDraw = True
96.1853 	EXP 	hor_line_precue: autoDraw = False
96.1853 	EXP 	ver_line_precue: autoDraw = False
96.1853 	EXP 	hor_line_precue: autoDraw = False
96.1853 	EXP 	ver_line_precue: autoDraw = False
96.1853 	EXP 	image_mi: image = 'pics/left_hand.JPG'
96.1853 	EXP 	image_mi: autoDraw = True
100.6898 	EXP 	image_mi: autoDraw = False
100.6898 	EXP 	image_mi: autoDraw = False
100.6898 	EXP 	text_pause: autoDraw = True
103.1765 	EXP 	New trial (rep=2, index=1): {'pic_name': 'pics/left_foot.JPG', 'class_mi': 'left_foot'}
103.1922 	EXP 	text_pause: autoDraw = False
103.1922 	EXP 	text_pause: autoDraw = False
103.1922 	EXP 	hor_line_precue: autoDraw = True
103.1922 	EXP 	ver_line_precue: autoDraw = True
105.1942 	EXP 	hor_line_precue: autoDraw = False
105.1942 	EXP 	ver_line_precue: autoDraw = False
105.1942 	EXP 	hor_line_precue: autoDraw = False
105.1942 	EXP 	ver_line_precue: autoDraw = False
105.1942 	EXP 	image_mi: image = 'pics/left_foot.JPG'
105.1942 	EXP 	image_mi: autoDraw = True
109.6987 	EXP 	image_mi: autoDraw = False
109.6987 	EXP 	image_mi: autoDraw = False
109.6987 	EXP 	text_pause: autoDraw = True
112.1855 	EXP 	New trial (rep=2, index=2): {'pic_name': 'pics/left_hand.JPG', 'class_mi': 'left_hand'}
112.2012 	EXP 	text_pause: autoDraw = False
112.2012 	EXP 	text_pause: autoDraw = False
112.2012 	EXP 	hor_line_precue: autoDraw = True
112.2012 	EXP 	ver_line_precue: autoDraw = True
114.2031 	EXP 	hor_line_precue: autoDraw = False
114.2031 	EXP 	ver_line_precue: autoDraw = False
114.2031 	EXP 	hor_line_precue: autoDraw = False
114.2031 	EXP 	ver_line_precue: autoDraw = False
114.2031 	EXP 	image_mi: image = 'pics/left_hand.JPG'
114.2031 	EXP 	image_mi: autoDraw = True
118.7077 	EXP 	image_mi: autoDraw = False
118.7077 	EXP 	image_mi: autoDraw = False
118.7077 	EXP 	text_pause: autoDraw = True
121.1943 	EXP 	New trial (rep=2, index=3): {'pic_name': 'pics/left_foot.JPG', 'class_mi': 'left_foot'}
121.2102 	EXP 	text_pause: autoDraw = False
121.2102 	EXP 	text_pause: autoDraw = False
121.2102 	EXP 	hor_line_precue: autoDraw = True
121.2102 	EXP 	ver_line_precue: autoDraw = True
123.2121 	EXP 	hor_line_precue: autoDraw = False
123.2121 	EXP 	ver_line_precue: autoDraw = False
123.2121 	EXP 	hor_line_precue: autoDraw = False
123.2121 	EXP 	ver_line_precue: autoDraw = False
123.2121 	EXP 	image_mi: image = 'pics/left_foot.JPG'
123.2121 	EXP 	image_mi: autoDraw = True
127.7166 	EXP 	image_mi: autoDraw = False
127.7166 	EXP 	image_mi: autoDraw = False
127.7166 	EXP 	text_pause: autoDraw = True
130.2037 	EXP 	New trial (rep=3, index=0): {'pic_name': 'pics/left_foot.JPG', 'class_mi': 'left_foot'}
130.2191 	EXP 	text_pause: autoDraw = False
130.2191 	EXP 	text_pause: autoDraw = False
130.2191 	EXP 	hor_line_precue: autoDraw = True
130.2191 	EXP 	ver_line_precue: autoDraw = True
132.2211 	EXP 	hor_line_precue: autoDraw = False
132.2211 	EXP 	ver_line_precue: autoDraw = False
132.2211 	EXP 	hor_line_precue: autoDraw = False
132.2211 	EXP 	ver_line_precue: autoDraw = False
132.2211 	EXP 	image_mi: image = 'pics/left_foot.JPG'
132.2211 	EXP 	image_mi: autoDraw = True
136.7256 	EXP 	image_mi: autoDraw = False
136.7256 	EXP 	image_mi: autoDraw = False
136.7256 	EXP 	text_pause: autoDraw = True
139.2123 	EXP 	New trial (rep=3, index=1): {'pic_name': 'pics/mental_singing.JPG', 'class_mi': 'mental_singing'}
139.2281 	EXP 	text_pause: autoDraw = False
139.2281 	EXP 	text_pause: autoDraw = False
139.2281 	EXP 	hor_line_precue: autoDraw = True
139.2281 	EXP 	ver_line_precue: autoDraw = True
141.2300 	EXP 	hor_line_precue: autoDraw = False
141.2300 	EXP 	ver_line_precue: autoDraw = False
141.2300 	EXP 	hor_line_precue: autoDraw = False
141.2300 	EXP 	ver_line_precue: autoDraw = False
141.2300 	EXP 	image_mi: image = 'pics/mental_singing.JPG'
141.2300 	EXP 	image_mi: autoDraw = True
145.7345 	EXP 	image_mi: autoDraw = False
145.7345 	EXP 	image_mi: autoDraw = False
145.7345 	EXP 	text_pause: autoDraw = True
148.2212 	EXP 	New trial (rep=3, index=2): {'pic_name': 'pics/mental_singing.JPG', 'class_mi': 'mental_singing'}
148.2370 	EXP 	text_pause: autoDraw = False
148.2370 	EXP 	text_pause: autoDraw = False
148.2370 	EXP 	hor_line_precue: autoDraw = True
148.2370 	EXP 	ver_line_precue: autoDraw = True
150.2390 	EXP 	hor_line_precue: autoDraw = False
150.2390 	EXP 	ver_line_precue: autoDraw = False
150.2390 	EXP 	hor_line_precue: autoDraw = False
150.2390 	EXP 	ver_line_precue: autoDraw = False
150.2390 	EXP 	image_mi: image = 'pics/mental_singing.JPG'
150.2390 	EXP 	image_mi: autoDraw = True
154.7435 	EXP 	image_mi: autoDraw = False
154.7435 	EXP 	image_mi: autoDraw = False
154.7435 	EXP 	text_pause: autoDraw = True
157.2302 	EXP 	New trial (rep=3, index=3): {'pic_name': 'pics/mental_singing.JPG', 'class_mi': 'mental_singing'}
157.2460 	EXP 	text_pause: autoDraw = False
157.2460 	EXP 	text_pause: autoDraw = False
157.2460 	EXP 	hor_line_precue: autoDraw = True
157.2460 	EXP 	ver_line_precue: autoDraw = True
159.2479 	EXP 	hor_line_precue: autoDraw = False
159.2479 	EXP 	ver_line_precue: autoDraw = False
159.2479 	EXP 	hor_line_precue: autoDraw = False
159.2479 	EXP 	ver_line_precue: autoDraw = False
159.2479 	EXP 	image_mi: image = 'pics/mental_singing.JPG'
159.2479 	EXP 	image_mi: autoDraw = True
163.7522 	EXP 	image_mi: autoDraw = False
163.7522 	EXP 	image_mi: autoDraw = False
163.7522 	EXP 	text_pause: autoDraw = True
166.2392 	EXP 	New trial (rep=4, index=0): {'pic_name': 'pics/left_foot.JPG', 'class_mi': 'left_foot'}
166.2549 	EXP 	text_pause: autoDraw = False
166.2549 	EXP 	text_pause: autoDraw = False
166.2549 	EXP 	hor_line_precue: autoDraw = True
166.2549 	EXP 	ver_line_precue: autoDraw = True
168.2569 	EXP 	hor_line_precue: autoDraw = False
168.2569 	EXP 	ver_line_precue: autoDraw = False
168.2569 	EXP 	hor_line_precue: autoDraw = False
168.2569 	EXP 	ver_line_precue: autoDraw = False
168.2569 	EXP 	image_mi: image = 'pics/left_foot.JPG'
168.2569 	EXP 	image_mi: autoDraw = True
172.7614 	EXP 	image_mi: autoDraw = False
172.7614 	EXP 	image_mi: autoDraw = False
172.7614 	EXP 	text_pause: autoDraw = True
175.2481 	EXP 	New trial (rep=4, index=1): {'pic_name': 'pics/left_hand.JPG', 'class_mi': 'left_hand'}
175.2639 	EXP 	text_pause: autoDraw = False
175.2639 	EXP 	text_pause: autoDraw = False
175.2639 	EXP 	hor_line_precue: autoDraw = True
175.2639 	EXP 	ver_line_precue: autoDraw = True
177.2660 	EXP 	hor_line_precue: autoDraw = False
177.2660 	EXP 	ver_line_precue: autoDraw = False
177.2660 	EXP 	hor_line_precue: autoDraw = False
177.2660 	EXP 	ver_line_precue: autoDraw = False
177.2660 	EXP 	image_mi: image = 'pics/left_hand.JPG'
177.2660 	EXP 	image_mi: autoDraw = True
181.7703 	EXP 	image_mi: autoDraw = False
181.7703 	EXP 	image_mi: autoDraw = False
181.7703 	EXP 	text_pause: autoDraw = True
184.2570 	EXP 	New trial (rep=4, index=2): {'pic_name': 'pics/right_foot.JPG', 'class_mi': 'right_foot'}
184.2728 	EXP 	text_pause: autoDraw = False
184.2728 	EXP 	text_pause: autoDraw = False
184.2728 	EXP 	hor_line_precue: autoDraw = True
184.2728 	EXP 	ver_line_precue: autoDraw = True
186.2748 	EXP 	hor_line_precue: autoDraw = False
186.2748 	EXP 	ver_line_precue: autoDraw = False
186.2748 	EXP 	hor_line_precue: autoDraw = False
186.2748 	EXP 	ver_line_precue: autoDraw = False
186.2748 	EXP 	image_mi: image = 'pics/right_foot.JPG'
186.2748 	EXP 	image_mi: autoDraw = True
190.7794 	EXP 	image_mi: autoDraw = False
190.7794 	EXP 	image_mi: autoDraw = False
190.7794 	EXP 	text_pause: autoDraw = True
193.2661 	EXP 	New trial (rep=4, index=3): {'pic_name': 'pics/left_foot.JPG', 'class_mi': 'left_foot'}
193.2818 	EXP 	text_pause: autoDraw = False
193.2818 	EXP 	text_pause: autoDraw = False
193.2818 	EXP 	hor_line_precue: autoDraw = True
193.2818 	EXP 	ver_line_precue: autoDraw = True
195.2838 	EXP 	hor_line_precue: autoDraw = False
195.2838 	EXP 	ver_line_precue: autoDraw = False
195.2838 	EXP 	hor_line_precue: autoDraw = False
195.2838 	EXP 	ver_line_precue: autoDraw = False
195.2838 	EXP 	image_mi: image = 'pics/left_foot.JPG'
195.2838 	EXP 	image_mi: autoDraw = True
199.7882 	EXP 	image_mi: autoDraw = False
199.7882 	EXP 	image_mi: autoDraw = False
199.7882 	EXP 	text_pause: autoDraw = True
202.2907 	EXP 	text_pause: autoDraw = False
202.2907 	EXP 	text_pause: autoDraw = False
202.2907 	EXP 	text: autoDraw = True
324.7315 	DATA 	Mouse: Left button down, pos=(147,526)
324.8481 	DATA 	Mouse:  Left button up, pos=(147,526)
331.7713 	EXP 	New trial (rep=1, index=0): None
331.7732 	DATA 	Keypress: space
331.7860 	EXP 	text: autoDraw = False
331.7860 	EXP 	text_2: autoDraw = True
334.7798 	EXP 	Imported classes.xlsx as conditions, 4 conditions, 2 params
334.7804 	EXP 	Created sequence: fullRandom, trialTypes=4, nReps=5, seed=None
334.7807 	EXP 	New trial (rep=0, index=0): {'pic_name': 'pics/mental_singing.JPG', 'class_mi': 'mental_singing'}
334.7889 	EXP 	text_2: autoDraw = False
334.7889 	EXP 	hor_line_precue: autoDraw = True
334.7889 	EXP 	ver_line_precue: autoDraw = True
336.7910 	EXP 	hor_line_precue: autoDraw = False
336.7910 	EXP 	ver_line_precue: autoDraw = False
336.7910 	EXP 	hor_line_precue: autoDraw = False
336.7910 	EXP 	ver_line_precue: autoDraw = False
336.7910 	EXP 	image_mi: image = 'pics/mental_singing.JPG'
336.7910 	EXP 	image_mi: autoDraw = True
341.2955 	EXP 	image_mi: autoDraw = False
341.2955 	EXP 	image_mi: autoDraw = False
341.2955 	EXP 	text_pause: autoDraw = True
343.7822 	EXP 	New trial (rep=0, index=1): {'pic_name': 'pics/left_hand.JPG', 'class_mi': 'left_hand'}
343.7979 	EXP 	text_pause: autoDraw = False
343.7979 	EXP 	text_pause: autoDraw = False
343.7979 	EXP 	hor_line_precue: autoDraw = True
343.7979 	EXP 	ver_line_precue: autoDraw = True
345.8000 	EXP 	hor_line_precue: autoDraw = False
345.8000 	EXP 	ver_line_precue: autoDraw = False
345.8000 	EXP 	hor_line_precue: autoDraw = False
345.8000 	EXP 	ver_line_precue: autoDraw = False
345.8000 	EXP 	image_mi: image = 'pics/left_hand.JPG'
345.8000 	EXP 	image_mi: autoDraw = True
350.3044 	EXP 	image_mi: autoDraw = False
350.3044 	EXP 	image_mi: autoDraw = False
350.3044 	EXP 	text_pause: autoDraw = True
352.7911 	EXP 	New trial (rep=0, index=2): {'pic_name': 'pics/mental_singing.JPG', 'class_mi': 'mental_singing'}
352.8069 	EXP 	text_pause: autoDraw = False
352.8069 	EXP 	text_pause: autoDraw = False
352.8069 	EXP 	hor_line_precue: autoDraw = True
352.8069 	EXP 	ver_line_precue: autoDraw = True
354.8089 	EXP 	hor_line_precue: autoDraw = False
354.8089 	EXP 	ver_line_precue: autoDraw = False
354.8089 	EXP 	hor_line_precue: autoDraw = False
354.8089 	EXP 	ver_line_precue: autoDraw = False
354.8089 	EXP 	image_mi: image = 'pics/mental_singing.JPG'
354.8089 	EXP 	image_mi: autoDraw = True
359.3133 	EXP 	image_mi: autoDraw = False
359.3133 	EXP 	image_mi: autoDraw = False
359.3133 	EXP 	text_pause: autoDraw = True
361.8001 	EXP 	New trial (rep=0, index=3): {'pic_name': 'pics/left_foot.JPG', 'class_mi': 'left_foot'}
361.8159 	EXP 	text_pause: autoDraw = False
361.8159 	EXP 	text_pause: autoDraw = False
361.8159 	EXP 	hor_line_precue: autoDraw = True
361.8159 	EXP 	ver_line_precue: autoDraw = True
363.8178 	EXP 	hor_line_precue: autoDraw = False
363.8178 	EXP 	ver_line_precue: autoDraw = False
363.8178 	EXP 	hor_line_precue: autoDraw = False
363.8178 	EXP 	ver_line_precue: autoDraw = False
363.8178 	EXP 	image_mi: image = 'pics/left_foot.JPG'
363.8178 	EXP 	image_mi: autoDraw = True
368.3224 	EXP 	image_mi: autoDraw = False
368.3224 	EXP 	image_mi: autoDraw = False
368.3224 	EXP 	text_pause: autoDraw = True
370.8091 	EXP 	New trial (rep=1, index=0): {'pic_name': 'pics/left_hand.JPG', 'class_mi': 'left_hand'}
370.8248 	EXP 	text_pause: autoDraw = False
370.8248 	EXP 	text_pause: autoDraw = False
370.8248 	EXP 	hor_line_precue: autoDraw = True
370.8248 	EXP 	ver_line_precue: autoDraw = True
372.8268 	EXP 	hor_line_precue: autoDraw = False
372.8268 	EXP 	ver_line_precue: autoDraw = False
372.8268 	EXP 	hor_line_precue: autoDraw = False
372.8268 	EXP 	ver_line_precue: autoDraw = False
372.8268 	EXP 	image_mi: image = 'pics/left_hand.JPG'
372.8268 	EXP 	image_mi: autoDraw = True
377.3313 	EXP 	image_mi: autoDraw = False
377.3313 	EXP 	image_mi: autoDraw = False
377.3313 	EXP 	text_pause: autoDraw = True
379.8181 	EXP 	New trial (rep=1, index=1): {'pic_name': 'pics/mental_singing.JPG', 'class_mi': 'mental_singing'}
379.8338 	EXP 	text_pause: autoDraw = False
379.8338 	EXP 	text_pause: autoDraw = False
379.8338 	EXP 	hor_line_precue: autoDraw = True
379.8338 	EXP 	ver_line_precue: autoDraw = True
381.8357 	EXP 	hor_line_precue: autoDraw = False
381.8357 	EXP 	ver_line_precue: autoDraw = False
381.8357 	EXP 	hor_line_precue: autoDraw = False
381.8357 	EXP 	ver_line_precue: autoDraw = False
381.8357 	EXP 	image_mi: image = 'pics/mental_singing.JPG'
381.8357 	EXP 	image_mi: autoDraw = True
386.3403 	EXP 	image_mi: autoDraw = False
386.3403 	EXP 	image_mi: autoDraw = False
386.3403 	EXP 	text_pause: autoDraw = True
388.8270 	EXP 	New trial (rep=1, index=2): {'pic_name': 'pics/right_foot.JPG', 'class_mi': 'right_foot'}
388.8427 	EXP 	text_pause: autoDraw = False
388.8427 	EXP 	text_pause: autoDraw = False
388.8427 	EXP 	hor_line_precue: autoDraw = True
388.8427 	EXP 	ver_line_precue: autoDraw = True
390.8447 	EXP 	hor_line_precue: autoDraw = False
390.8447 	EXP 	ver_line_precue: autoDraw = False
390.8447 	EXP 	hor_line_precue: autoDraw = False
390.8447 	EXP 	ver_line_precue: autoDraw = False
390.8447 	EXP 	image_mi: image = 'pics/right_foot.JPG'
390.8447 	EXP 	image_mi: autoDraw = True
395.3492 	EXP 	image_mi: autoDraw = False
395.3492 	EXP 	image_mi: autoDraw = False
395.3492 	EXP 	text_pause: autoDraw = True
397.8359 	EXP 	New trial (rep=1, index=3): {'pic_name': 'pics/left_foot.JPG', 'class_mi': 'left_foot'}
397.8517 	EXP 	text_pause: autoDraw = False
397.8517 	EXP 	text_pause: autoDraw = False
397.8517 	EXP 	hor_line_precue: autoDraw = True
397.8517 	EXP 	ver_line_precue: autoDraw = True
399.8537 	EXP 	hor_line_precue: autoDraw = False
399.8537 	EXP 	ver_line_precue: autoDraw = False
399.8537 	EXP 	hor_line_precue: autoDraw = False
399.8537 	EXP 	ver_line_precue: autoDraw = False
399.8537 	EXP 	image_mi: image = 'pics/left_foot.JPG'
399.8537 	EXP 	image_mi: autoDraw = True
404.3581 	EXP 	image_mi: autoDraw = False
404.3581 	EXP 	image_mi: autoDraw = False
404.3581 	EXP 	text_pause: autoDraw = True
406.8449 	EXP 	New trial (rep=2, index=0): {'pic_name': 'pics/right_foot.JPG', 'class_mi': 'right_foot'}
406.8607 	EXP 	text_pause: autoDraw = False
406.8607 	EXP 	text_pause: autoDraw = False
406.8607 	EXP 	hor_line_precue: autoDraw = True
406.8607 	EXP 	ver_line_precue: autoDraw = True
408.8626 	EXP 	hor_line_precue: autoDraw = False
408.8626 	EXP 	ver_line_precue: autoDraw = False
408.8626 	EXP 	hor_line_precue: autoDraw = False
408.8626 	EXP 	ver_line_precue: autoDraw = False
408.8626 	EXP 	image_mi: image = 'pics/right_foot.JPG'
408.8626 	EXP 	image_mi: autoDraw = True
413.3671 	EXP 	image_mi: autoDraw = False
413.3671 	EXP 	image_mi: autoDraw = False
413.3671 	EXP 	text_pause: autoDraw = True
415.8538 	EXP 	New trial (rep=2, index=1): {'pic_name': 'pics/mental_singing.JPG', 'class_mi': 'mental_singing'}
415.8696 	EXP 	text_pause: autoDraw = False
415.8696 	EXP 	text_pause: autoDraw = False
415.8696 	EXP 	hor_line_precue: autoDraw = True
415.8696 	EXP 	ver_line_precue: autoDraw = True
417.8715 	EXP 	hor_line_precue: autoDraw = False
417.8715 	EXP 	ver_line_precue: autoDraw = False
417.8715 	EXP 	hor_line_precue: autoDraw = False
417.8715 	EXP 	ver_line_precue: autoDraw = False
417.8715 	EXP 	image_mi: image = 'pics/mental_singing.JPG'
417.8715 	EXP 	image_mi: autoDraw = True
422.3761 	EXP 	image_mi: autoDraw = False
422.3761 	EXP 	image_mi: autoDraw = False
422.3761 	EXP 	text_pause: autoDraw = True
424.8627 	EXP 	New trial (rep=2, index=2): {'pic_name': 'pics/mental_singing.JPG', 'class_mi': 'mental_singing'}
424.8785 	EXP 	text_pause: autoDraw = False
424.8785 	EXP 	text_pause: autoDraw = False
424.8785 	EXP 	hor_line_precue: autoDraw = True
424.8785 	EXP 	ver_line_precue: autoDraw = True
426.8805 	EXP 	hor_line_precue: autoDraw = False
426.8805 	EXP 	ver_line_precue: autoDraw = False
426.8805 	EXP 	hor_line_precue: autoDraw = False
426.8805 	EXP 	ver_line_precue: autoDraw = False
426.8805 	EXP 	image_mi: image = 'pics/mental_singing.JPG'
426.8805 	EXP 	image_mi: autoDraw = True
431.3850 	EXP 	image_mi: autoDraw = False
431.3850 	EXP 	image_mi: autoDraw = False
431.3850 	EXP 	text_pause: autoDraw = True
433.8717 	EXP 	New trial (rep=2, index=3): {'pic_name': 'pics/left_foot.JPG', 'class_mi': 'left_foot'}
433.8875 	EXP 	text_pause: autoDraw = False
433.8875 	EXP 	text_pause: autoDraw = False
433.8875 	EXP 	hor_line_precue: autoDraw = True
433.8875 	EXP 	ver_line_precue: autoDraw = True
435.8895 	EXP 	hor_line_precue: autoDraw = False
435.8895 	EXP 	ver_line_precue: autoDraw = False
435.8895 	EXP 	hor_line_precue: autoDraw = False
435.8895 	EXP 	ver_line_precue: autoDraw = False
435.8895 	EXP 	image_mi: image = 'pics/left_foot.JPG'
435.8895 	EXP 	image_mi: autoDraw = True
440.3938 	EXP 	image_mi: autoDraw = False
440.3938 	EXP 	image_mi: autoDraw = False
440.3938 	EXP 	text_pause: autoDraw = True
442.8807 	EXP 	New trial (rep=3, index=0): {'pic_name': 'pics/left_foot.JPG', 'class_mi': 'left_foot'}
442.8965 	EXP 	text_pause: autoDraw = False
442.8965 	EXP 	text_pause: autoDraw = False
442.8965 	EXP 	hor_line_precue: autoDraw = True
442.8965 	EXP 	ver_line_precue: autoDraw = True
444.8984 	EXP 	hor_line_precue: autoDraw = False
444.8984 	EXP 	ver_line_precue: autoDraw = False
444.8984 	EXP 	hor_line_precue: autoDraw = False
444.8984 	EXP 	ver_line_precue: autoDraw = False
444.8984 	EXP 	image_mi: image = 'pics/left_foot.JPG'
444.8984 	EXP 	image_mi: autoDraw = True
449.4029 	EXP 	image_mi: autoDraw = False
449.4029 	EXP 	image_mi: autoDraw = False
449.4029 	EXP 	text_pause: autoDraw = True
451.8896 	EXP 	New trial (rep=3, index=1): {'pic_name': 'pics/left_hand.JPG', 'class_mi': 'left_hand'}
451.9054 	EXP 	text_pause: autoDraw = False
451.9054 	EXP 	text_pause: autoDraw = False
451.9054 	EXP 	hor_line_precue: autoDraw = True
451.9054 	EXP 	ver_line_precue: autoDraw = True
453.9074 	EXP 	hor_line_precue: autoDraw = False
453.9074 	EXP 	ver_line_precue: autoDraw = False
453.9074 	EXP 	hor_line_precue: autoDraw = False
453.9074 	EXP 	ver_line_precue: autoDraw = False
453.9074 	EXP 	image_mi: image = 'pics/left_hand.JPG'
453.9074 	EXP 	image_mi: autoDraw = True
458.4119 	EXP 	image_mi: autoDraw = False
458.4119 	EXP 	image_mi: autoDraw = False
458.4119 	EXP 	text_pause: autoDraw = True
460.8986 	EXP 	New trial (rep=3, index=2): {'pic_name': 'pics/right_foot.JPG', 'class_mi': 'right_foot'}
460.9143 	EXP 	text_pause: autoDraw = False
460.9143 	EXP 	text_pause: autoDraw = False
460.9143 	EXP 	hor_line_precue: autoDraw = True
460.9143 	EXP 	ver_line_precue: autoDraw = True
462.9164 	EXP 	hor_line_precue: autoDraw = False
462.9164 	EXP 	ver_line_precue: autoDraw = False
462.9164 	EXP 	hor_line_precue: autoDraw = False
462.9164 	EXP 	ver_line_precue: autoDraw = False
462.9164 	EXP 	image_mi: image = 'pics/right_foot.JPG'
462.9164 	EXP 	image_mi: autoDraw = True
467.4208 	EXP 	image_mi: autoDraw = False
467.4208 	EXP 	image_mi: autoDraw = False
467.4208 	EXP 	text_pause: autoDraw = True
469.9076 	EXP 	New trial (rep=3, index=3): {'pic_name': 'pics/left_foot.JPG', 'class_mi': 'left_foot'}
469.9233 	EXP 	text_pause: autoDraw = False
469.9233 	EXP 	text_pause: autoDraw = False
469.9233 	EXP 	hor_line_precue: autoDraw = True
469.9233 	EXP 	ver_line_precue: autoDraw = True
471.9253 	EXP 	hor_line_precue: autoDraw = False
471.9253 	EXP 	ver_line_precue: autoDraw = False
471.9253 	EXP 	hor_line_precue: autoDraw = False
471.9253 	EXP 	ver_line_precue: autoDraw = False
471.9253 	EXP 	image_mi: image = 'pics/left_foot.JPG'
471.9253 	EXP 	image_mi: autoDraw = True
476.4297 	EXP 	image_mi: autoDraw = False
476.4297 	EXP 	image_mi: autoDraw = False
476.4297 	EXP 	text_pause: autoDraw = True
478.9166 	EXP 	New trial (rep=4, index=0): {'pic_name': 'pics/left_hand.JPG', 'class_mi': 'left_hand'}
478.9322 	EXP 	text_pause: autoDraw = False
478.9322 	EXP 	text_pause: autoDraw = False
478.9322 	EXP 	hor_line_precue: autoDraw = True
478.9322 	EXP 	ver_line_precue: autoDraw = True
480.9343 	EXP 	hor_line_precue: autoDraw = False
480.9343 	EXP 	ver_line_precue: autoDraw = False
480.9343 	EXP 	hor_line_precue: autoDraw = False
480.9343 	EXP 	ver_line_precue: autoDraw = False
480.9343 	EXP 	image_mi: image = 'pics/left_hand.JPG'
480.9343 	EXP 	image_mi: autoDraw = True
485.4387 	EXP 	image_mi: autoDraw = False
485.4387 	EXP 	image_mi: autoDraw = False
485.4387 	EXP 	text_pause: autoDraw = True
487.9254 	EXP 	New trial (rep=4, index=1): {'pic_name': 'pics/left_hand.JPG', 'class_mi': 'left_hand'}
487.9412 	EXP 	text_pause: autoDraw = False
487.9412 	EXP 	text_pause: autoDraw = False
487.9412 	EXP 	hor_line_precue: autoDraw = True
487.9412 	EXP 	ver_line_precue: autoDraw = True
489.9430 	EXP 	hor_line_precue: autoDraw = False
489.9430 	EXP 	ver_line_precue: autoDraw = False
489.9430 	EXP 	hor_line_precue: autoDraw = False
489.9430 	EXP 	ver_line_precue: autoDraw = False
489.9430 	EXP 	image_mi: image = 'pics/left_hand.JPG'
489.9430 	EXP 	image_mi: autoDraw = True
494.4476 	EXP 	image_mi: autoDraw = False
494.4476 	EXP 	image_mi: autoDraw = False
494.4476 	EXP 	text_pause: autoDraw = True
496.9344 	EXP 	New trial (rep=4, index=2): {'pic_name': 'pics/right_foot.JPG', 'class_mi': 'right_foot'}
496.9502 	EXP 	text_pause: autoDraw = False
496.9502 	EXP 	text_pause: autoDraw = False
496.9502 	EXP 	hor_line_precue: autoDraw = True
496.9502 	EXP 	ver_line_precue: autoDraw = True
498.9521 	EXP 	hor_line_precue: autoDraw = False
498.9521 	EXP 	ver_line_precue: autoDraw = False
498.9521 	EXP 	hor_line_precue: autoDraw = False
498.9521 	EXP 	ver_line_precue: autoDraw = False
498.9521 	EXP 	image_mi: image = 'pics/right_foot.JPG'
498.9521 	EXP 	image_mi: autoDraw = True
503.4567 	EXP 	image_mi: autoDraw = False
503.4567 	EXP 	image_mi: autoDraw = False
503.4567 	EXP 	text_pause: autoDraw = True
505.9431 	EXP 	New trial (rep=4, index=3): {'pic_name': 'pics/right_foot.JPG', 'class_mi': 'right_foot'}
505.9589 	EXP 	text_pause: autoDraw = False
505.9589 	EXP 	text_pause: autoDraw = False
505.9589 	EXP 	hor_line_precue: autoDraw = True
505.9589 	EXP 	ver_line_precue: autoDraw = True
507.9608 	EXP 	hor_line_precue: autoDraw = False
507.9608 	EXP 	ver_line_precue: autoDraw = False
507.9608 	EXP 	hor_line_precue: autoDraw = False
507.9608 	EXP 	ver_line_precue: autoDraw = False
507.9608 	EXP 	image_mi: image = 'pics/right_foot.JPG'
507.9608 	EXP 	image_mi: autoDraw = True
512.4656 	EXP 	image_mi: autoDraw = False
512.4656 	EXP 	image_mi: autoDraw = False
512.4656 	EXP 	text_pause: autoDraw = True
514.9681 	EXP 	text_pause: autoDraw = False
514.9681 	EXP 	text_pause: autoDraw = False
514.9681 	EXP 	text: autoDraw = True
655.3130 	DATA 	Mouse: Left button down, pos=(243,546)
655.4288 	DATA 	Mouse:  Left button up, pos=(243,546)
656.8456 	EXP 	New trial (rep=2, index=0): None
656.8489 	DATA 	Keypress: space
656.8592 	EXP 	text: autoDraw = False
656.8592 	EXP 	text_2: autoDraw = True
659.8581 	EXP 	Imported classes.xlsx as conditions, 4 conditions, 2 params
659.8589 	EXP 	Created sequence: fullRandom, trialTypes=4, nReps=5, seed=None
659.8593 	EXP 	New trial (rep=0, index=0): {'pic_name': 'pics/left_hand.JPG', 'class_mi': 'left_hand'}
659.8788 	EXP 	text_2: autoDraw = False
659.8788 	EXP 	hor_line_precue: autoDraw = True
659.8788 	EXP 	ver_line_precue: autoDraw = True
661.8808 	EXP 	hor_line_precue: autoDraw = False
661.8808 	EXP 	ver_line_precue: autoDraw = False
661.8808 	EXP 	hor_line_precue: autoDraw = False
661.8808 	EXP 	ver_line_precue: autoDraw = False
661.8808 	EXP 	image_mi: image = 'pics/left_hand.JPG'
661.8808 	EXP 	image_mi: autoDraw = True
666.3853 	EXP 	image_mi: autoDraw = False
666.3853 	EXP 	image_mi: autoDraw = False
666.3853 	EXP 	text_pause: autoDraw = True
668.8724 	EXP 	New trial (rep=0, index=1): {'pic_name': 'pics/mental_singing.JPG', 'class_mi': 'mental_singing'}
668.8875 	EXP 	text_pause: autoDraw = False
668.8875 	EXP 	text_pause: autoDraw = False
668.8875 	EXP 	hor_line_precue: autoDraw = True
668.8875 	EXP 	ver_line_precue: autoDraw = True
670.9065 	EXP 	hor_line_precue: autoDraw = False
670.9065 	EXP 	ver_line_precue: autoDraw = False
670.9065 	EXP 	hor_line_precue: autoDraw = False
670.9065 	EXP 	ver_line_precue: autoDraw = False
670.9065 	EXP 	image_mi: image = 'pics/mental_singing.JPG'
670.9065 	EXP 	image_mi: autoDraw = True
675.4110 	EXP 	image_mi: autoDraw = False
675.4110 	EXP 	image_mi: autoDraw = False
675.4110 	EXP 	text_pause: autoDraw = True
677.8983 	EXP 	New trial (rep=0, index=2): {'pic_name': 'pics/mental_singing.JPG', 'class_mi': 'mental_singing'}
677.9134 	EXP 	text_pause: autoDraw = False
677.9134 	EXP 	text_pause: autoDraw = False
677.9134 	EXP 	hor_line_precue: autoDraw = True
677.9134 	EXP 	ver_line_precue: autoDraw = True
679.9321 	EXP 	hor_line_precue: autoDraw = False
679.9321 	EXP 	ver_line_precue: autoDraw = False
679.9321 	EXP 	hor_line_precue: autoDraw = False
679.9321 	EXP 	ver_line_precue: autoDraw = False
679.9321 	EXP 	image_mi: image = 'pics/mental_singing.JPG'
679.9321 	EXP 	image_mi: autoDraw = True
684.4366 	EXP 	image_mi: autoDraw = False
684.4366 	EXP 	image_mi: autoDraw = False
684.4366 	EXP 	text_pause: autoDraw = True
686.9240 	EXP 	New trial (rep=0, index=3): {'pic_name': 'pics/left_foot.JPG', 'class_mi': 'left_foot'}
686.9390 	EXP 	text_pause: autoDraw = False
686.9390 	EXP 	text_pause: autoDraw = False
686.9390 	EXP 	hor_line_precue: autoDraw = True
686.9390 	EXP 	ver_line_precue: autoDraw = True
688.9411 	EXP 	hor_line_precue: autoDraw = False
688.9411 	EXP 	ver_line_precue: autoDraw = False
688.9411 	EXP 	hor_line_precue: autoDraw = False
688.9411 	EXP 	ver_line_precue: autoDraw = False
688.9411 	EXP 	image_mi: image = 'pics/left_foot.JPG'
688.9411 	EXP 	image_mi: autoDraw = True
693.4455 	EXP 	image_mi: autoDraw = False
693.4455 	EXP 	image_mi: autoDraw = False
693.4455 	EXP 	text_pause: autoDraw = True
695.9328 	EXP 	New trial (rep=1, index=0): {'pic_name': 'pics/mental_singing.JPG', 'class_mi': 'mental_singing'}
695.9480 	EXP 	text_pause: autoDraw = False
695.9480 	EXP 	text_pause: autoDraw = False
695.9480 	EXP 	hor_line_precue: autoDraw = True
695.9480 	EXP 	ver_line_precue: autoDraw = True
697.9667 	EXP 	hor_line_precue: autoDraw = False
697.9667 	EXP 	ver_line_precue: autoDraw = False
697.9667 	EXP 	hor_line_precue: autoDraw = False
697.9667 	EXP 	ver_line_precue: autoDraw = False
697.9667 	EXP 	image_mi: image = 'pics/mental_singing.JPG'
697.9667 	EXP 	image_mi: autoDraw = True
702.4711 	EXP 	image_mi: autoDraw = False
702.4711 	EXP 	image_mi: autoDraw = False
702.4711 	EXP 	text_pause: autoDraw = True
704.9585 	EXP 	New trial (rep=1, index=1): {'pic_name': 'pics/right_foot.JPG', 'class_mi': 'right_foot'}
704.9737 	EXP 	text_pause: autoDraw = False
704.9737 	EXP 	text_pause: autoDraw = False
704.9737 	EXP 	hor_line_precue: autoDraw = True
704.9737 	EXP 	ver_line_precue: autoDraw = True
706.9756 	EXP 	hor_line_precue: autoDraw = False
706.9756 	EXP 	ver_line_precue: autoDraw = False
706.9756 	EXP 	hor_line_precue: autoDraw = False
706.9756 	EXP 	ver_line_precue: autoDraw = False
706.9756 	EXP 	image_mi: image = 'pics/right_foot.JPG'
706.9756 	EXP 	image_mi: autoDraw = True
711.4801 	EXP 	image_mi: autoDraw = False
711.4801 	EXP 	image_mi: autoDraw = False
711.4801 	EXP 	text_pause: autoDraw = True
713.9676 	EXP 	New trial (rep=1, index=2): {'pic_name': 'pics/mental_singing.JPG', 'class_mi': 'mental_singing'}
713.9826 	EXP 	text_pause: autoDraw = False
713.9826 	EXP 	text_pause: autoDraw = False
713.9826 	EXP 	hor_line_precue: autoDraw = True
713.9826 	EXP 	ver_line_precue: autoDraw = True
716.0013 	EXP 	hor_line_precue: autoDraw = False
716.0013 	EXP 	ver_line_precue: autoDraw = False
716.0013 	EXP 	hor_line_precue: autoDraw = False
716.0013 	EXP 	ver_line_precue: autoDraw = False
716.0013 	EXP 	image_mi: image = 'pics/mental_singing.JPG'
716.0013 	EXP 	image_mi: autoDraw = True
720.5057 	EXP 	image_mi: autoDraw = False
720.5057 	EXP 	image_mi: autoDraw = False
720.5057 	EXP 	text_pause: autoDraw = True
722.9931 	EXP 	New trial (rep=1, index=3): {'pic_name': 'pics/mental_singing.JPG', 'class_mi': 'mental_singing'}
723.0082 	EXP 	text_pause: autoDraw = False
723.0082 	EXP 	text_pause: autoDraw = False
723.0082 	EXP 	hor_line_precue: autoDraw = True
723.0082 	EXP 	ver_line_precue: autoDraw = True
725.0269 	EXP 	hor_line_precue: autoDraw = False
725.0269 	EXP 	ver_line_precue: autoDraw = False
725.0269 	EXP 	hor_line_precue: autoDraw = False
725.0269 	EXP 	ver_line_precue: autoDraw = False
725.0269 	EXP 	image_mi: image = 'pics/mental_singing.JPG'
725.0269 	EXP 	image_mi: autoDraw = True
729.5313 	EXP 	image_mi: autoDraw = False
729.5313 	EXP 	image_mi: autoDraw = False
729.5313 	EXP 	text_pause: autoDraw = True
732.0187 	EXP 	New trial (rep=2, index=0): {'pic_name': 'pics/left_hand.JPG', 'class_mi': 'left_hand'}
732.0339 	EXP 	text_pause: autoDraw = False
732.0339 	EXP 	text_pause: autoDraw = False
732.0339 	EXP 	hor_line_precue: autoDraw = True
732.0339 	EXP 	ver_line_precue: autoDraw = True
734.0357 	EXP 	hor_line_precue: autoDraw = False
734.0357 	EXP 	ver_line_precue: autoDraw = False
734.0357 	EXP 	hor_line_precue: autoDraw = False
734.0357 	EXP 	ver_line_precue: autoDraw = False
734.0357 	EXP 	image_mi: image = 'pics/left_hand.JPG'
734.0357 	EXP 	image_mi: autoDraw = True
738.5403 	EXP 	image_mi: autoDraw = False
738.5403 	EXP 	image_mi: autoDraw = False
738.5403 	EXP 	text_pause: autoDraw = True
741.0276 	EXP 	New trial (rep=2, index=1): {'pic_name': 'pics/left_foot.JPG', 'class_mi': 'left_foot'}
741.0428 	EXP 	text_pause: autoDraw = False
741.0428 	EXP 	text_pause: autoDraw = False
741.0428 	EXP 	hor_line_precue: autoDraw = True
741.0428 	EXP 	ver_line_precue: autoDraw = True
743.0448 	EXP 	hor_line_precue: autoDraw = False
743.0448 	EXP 	ver_line_precue: autoDraw = False
743.0448 	EXP 	hor_line_precue: autoDraw = False
743.0448 	EXP 	ver_line_precue: autoDraw = False
743.0448 	EXP 	image_mi: image = 'pics/left_foot.JPG'
743.0448 	EXP 	image_mi: autoDraw = True
747.5493 	EXP 	image_mi: autoDraw = False
747.5493 	EXP 	image_mi: autoDraw = False
747.5493 	EXP 	text_pause: autoDraw = True
750.0366 	EXP 	New trial (rep=2, index=2): {'pic_name': 'pics/left_foot.JPG', 'class_mi': 'left_foot'}
750.0518 	EXP 	text_pause: autoDraw = False
750.0518 	EXP 	text_pause: autoDraw = False
750.0518 	EXP 	hor_line_precue: autoDraw = True
750.0518 	EXP 	ver_line_precue: autoDraw = True
752.0538 	EXP 	hor_line_precue: autoDraw = False
752.0538 	EXP 	ver_line_precue: autoDraw = False
752.0538 	EXP 	hor_line_precue: autoDraw = False
752.0538 	EXP 	ver_line_precue: autoDraw = False
752.0538 	EXP 	image_mi: image = 'pics/left_foot.JPG'
752.0538 	EXP 	image_mi: autoDraw = True
756.5582 	EXP 	image_mi: autoDraw = False
756.5582 	EXP 	image_mi: autoDraw = False
756.5582 	EXP 	text_pause: autoDraw = True
759.0455 	EXP 	New trial (rep=2, index=3): {'pic_name': 'pics/left_hand.JPG', 'class_mi': 'left_hand'}
759.0607 	EXP 	text_pause: autoDraw = False
759.0607 	EXP 	text_pause: autoDraw = False
759.0607 	EXP 	hor_line_precue: autoDraw = True
759.0607 	EXP 	ver_line_precue: autoDraw = True
761.0627 	EXP 	hor_line_precue: autoDraw = False
761.0627 	EXP 	ver_line_precue: autoDraw = False
761.0627 	EXP 	hor_line_precue: autoDraw = False
761.0627 	EXP 	ver_line_precue: autoDraw = False
761.0627 	EXP 	image_mi: image = 'pics/left_hand.JPG'
761.0627 	EXP 	image_mi: autoDraw = True
765.5672 	EXP 	image_mi: autoDraw = False
765.5672 	EXP 	image_mi: autoDraw = False
765.5672 	EXP 	text_pause: autoDraw = True
768.0546 	EXP 	New trial (rep=3, index=0): {'pic_name': 'pics/right_foot.JPG', 'class_mi': 'right_foot'}
768.0697 	EXP 	text_pause: autoDraw = False
768.0697 	EXP 	text_pause: autoDraw = False
768.0697 	EXP 	hor_line_precue: autoDraw = True
768.0697 	EXP 	ver_line_precue: autoDraw = True
770.0716 	EXP 	hor_line_precue: autoDraw = False
770.0716 	EXP 	ver_line_precue: autoDraw = False
770.0716 	EXP 	hor_line_precue: autoDraw = False
770.0716 	EXP 	ver_line_precue: autoDraw = False
770.0716 	EXP 	image_mi: image = 'pics/right_foot.JPG'
770.0716 	EXP 	image_mi: autoDraw = True
774.5761 	EXP 	image_mi: autoDraw = False
774.5761 	EXP 	image_mi: autoDraw = False
774.5761 	EXP 	text_pause: autoDraw = True
777.0634 	EXP 	New trial (rep=3, index=1): {'pic_name': 'pics/left_foot.JPG', 'class_mi': 'left_foot'}
777.0786 	EXP 	text_pause: autoDraw = False
777.0786 	EXP 	text_pause: autoDraw = False
777.0786 	EXP 	hor_line_precue: autoDraw = True
777.0786 	EXP 	ver_line_precue: autoDraw = True
779.0806 	EXP 	hor_line_precue: autoDraw = False
779.0806 	EXP 	ver_line_precue: autoDraw = False
779.0806 	EXP 	hor_line_precue: autoDraw = False
779.0806 	EXP 	ver_line_precue: autoDraw = False
779.0806 	EXP 	image_mi: image = 'pics/left_foot.JPG'
779.0806 	EXP 	image_mi: autoDraw = True
783.5849 	EXP 	image_mi: autoDraw = False
783.5849 	EXP 	image_mi: autoDraw = False
783.5849 	EXP 	text_pause: autoDraw = True
786.0722 	EXP 	New trial (rep=3, index=2): {'pic_name': 'pics/left_foot.JPG', 'class_mi': 'left_foot'}
786.0876 	EXP 	text_pause: autoDraw = False
786.0876 	EXP 	text_pause: autoDraw = False
786.0876 	EXP 	hor_line_precue: autoDraw = True
786.0876 	EXP 	ver_line_precue: autoDraw = True
788.0895 	EXP 	hor_line_precue: autoDraw = False
788.0895 	EXP 	ver_line_precue: autoDraw = False
788.0895 	EXP 	hor_line_precue: autoDraw = False
788.0895 	EXP 	ver_line_precue: autoDraw = False
788.0895 	EXP 	image_mi: image = 'pics/left_foot.JPG'
788.0895 	EXP 	image_mi: autoDraw = True
792.5940 	EXP 	image_mi: autoDraw = False
792.5940 	EXP 	image_mi: autoDraw = False
792.5940 	EXP 	text_pause: autoDraw = True
795.0814 	EXP 	New trial (rep=3, index=3): {'pic_name': 'pics/right_foot.JPG', 'class_mi': 'right_foot'}
795.0965 	EXP 	text_pause: autoDraw = False
795.0965 	EXP 	text_pause: autoDraw = False
795.0965 	EXP 	hor_line_precue: autoDraw = True
795.0965 	EXP 	ver_line_precue: autoDraw = True
797.0985 	EXP 	hor_line_precue: autoDraw = False
797.0985 	EXP 	ver_line_precue: autoDraw = False
797.0985 	EXP 	hor_line_precue: autoDraw = False
797.0985 	EXP 	ver_line_precue: autoDraw = False
797.0985 	EXP 	image_mi: image = 'pics/right_foot.JPG'
797.0985 	EXP 	image_mi: autoDraw = True
801.6030 	EXP 	image_mi: autoDraw = False
801.6030 	EXP 	image_mi: autoDraw = False
801.6030 	EXP 	text_pause: autoDraw = True
804.0903 	EXP 	New trial (rep=4, index=0): {'pic_name': 'pics/right_foot.JPG', 'class_mi': 'right_foot'}
804.1055 	EXP 	text_pause: autoDraw = False
804.1055 	EXP 	text_pause: autoDraw = False
804.1055 	EXP 	hor_line_precue: autoDraw = True
804.1055 	EXP 	ver_line_precue: autoDraw = True
806.1075 	EXP 	hor_line_precue: autoDraw = False
806.1075 	EXP 	ver_line_precue: autoDraw = False
806.1075 	EXP 	hor_line_precue: autoDraw = False
806.1075 	EXP 	ver_line_precue: autoDraw = False
806.1075 	EXP 	image_mi: image = 'pics/right_foot.JPG'
806.1075 	EXP 	image_mi: autoDraw = True
810.6120 	EXP 	image_mi: autoDraw = False
810.6120 	EXP 	image_mi: autoDraw = False
810.6120 	EXP 	text_pause: autoDraw = True
813.0994 	EXP 	New trial (rep=4, index=1): {'pic_name': 'pics/left_hand.JPG', 'class_mi': 'left_hand'}
813.1144 	EXP 	text_pause: autoDraw = False
813.1144 	EXP 	text_pause: autoDraw = False
813.1144 	EXP 	hor_line_precue: autoDraw = True
813.1144 	EXP 	ver_line_precue: autoDraw = True
815.1165 	EXP 	hor_line_precue: autoDraw = False
815.1165 	EXP 	ver_line_precue: autoDraw = False
815.1165 	EXP 	hor_line_precue: autoDraw = False
815.1165 	EXP 	ver_line_precue: autoDraw = False
815.1165 	EXP 	image_mi: image = 'pics/left_hand.JPG'
815.1165 	EXP 	image_mi: autoDraw = True
819.6209 	EXP 	image_mi: autoDraw = False
819.6209 	EXP 	image_mi: autoDraw = False
819.6209 	EXP 	text_pause: autoDraw = True
822.1082 	EXP 	New trial (rep=4, index=2): {'pic_name': 'pics/right_foot.JPG', 'class_mi': 'right_foot'}
822.1234 	EXP 	text_pause: autoDraw = False
822.1234 	EXP 	text_pause: autoDraw = False
822.1234 	EXP 	hor_line_precue: autoDraw = True
822.1234 	EXP 	ver_line_precue: autoDraw = True
824.1254 	EXP 	hor_line_precue: autoDraw = False
824.1254 	EXP 	ver_line_precue: autoDraw = False
824.1254 	EXP 	hor_line_precue: autoDraw = False
824.1254 	EXP 	ver_line_precue: autoDraw = False
824.1254 	EXP 	image_mi: image = 'pics/right_foot.JPG'
824.1254 	EXP 	image_mi: autoDraw = True
828.6299 	EXP 	image_mi: autoDraw = False
828.6299 	EXP 	image_mi: autoDraw = False
828.6299 	EXP 	text_pause: autoDraw = True
831.1172 	EXP 	New trial (rep=4, index=3): {'pic_name': 'pics/left_hand.JPG', 'class_mi': 'left_hand'}
831.1324 	EXP 	text_pause: autoDraw = False
831.1324 	EXP 	text_pause: autoDraw = False
831.1324 	EXP 	hor_line_precue: autoDraw = True
831.1324 	EXP 	ver_line_precue: autoDraw = True
833.1343 	EXP 	hor_line_precue: autoDraw = False
833.1343 	EXP 	ver_line_precue: autoDraw = False
833.1343 	EXP 	hor_line_precue: autoDraw = False
833.1343 	EXP 	ver_line_precue: autoDraw = False
833.1343 	EXP 	image_mi: image = 'pics/left_hand.JPG'
833.1343 	EXP 	image_mi: autoDraw = True
837.6389 	EXP 	image_mi: autoDraw = False
837.6389 	EXP 	image_mi: autoDraw = False
837.6389 	EXP 	text_pause: autoDraw = True
840.1413 	EXP 	text_pause: autoDraw = False
840.1413 	EXP 	text_pause: autoDraw = False
840.1413 	EXP 	text: autoDraw = True
1046.2028 	DATA 	Mouse: Left button down, pos=(310,485)
1046.4182 	DATA 	Mouse:  Left button up, pos=(310,485)
1047.0497 	EXP 	New trial (rep=3, index=0): None
1047.0530 	DATA 	Keypress: space
1047.0636 	EXP 	text: autoDraw = False
1047.0636 	EXP 	text_2: autoDraw = True
1050.0632 	EXP 	Imported classes.xlsx as conditions, 4 conditions, 2 params
1050.0641 	EXP 	Created sequence: fullRandom, trialTypes=4, nReps=5, seed=None
1050.0646 	EXP 	New trial (rep=0, index=0): {'pic_name': 'pics/mental_singing.JPG', 'class_mi': 'mental_singing'}
1050.0832 	EXP 	text_2: autoDraw = False
1050.0832 	EXP 	hor_line_precue: autoDraw = True
1050.0832 	EXP 	ver_line_precue: autoDraw = True
1052.1019 	EXP 	hor_line_precue: autoDraw = False
1052.1019 	EXP 	ver_line_precue: autoDraw = False
1052.1019 	EXP 	hor_line_precue: autoDraw = False
1052.1019 	EXP 	ver_line_precue: autoDraw = False
1052.1019 	EXP 	image_mi: image = 'pics/mental_singing.JPG'
1052.1019 	EXP 	image_mi: autoDraw = True
1056.6063 	EXP 	image_mi: autoDraw = False
1056.6063 	EXP 	image_mi: autoDraw = False
1056.6063 	EXP 	text_pause: autoDraw = True
1059.0937 	EXP 	New trial (rep=0, index=1): {'pic_name': 'pics/right_foot.JPG', 'class_mi': 'right_foot'}
1059.1089 	EXP 	text_pause: autoDraw = False
1059.1089 	EXP 	text_pause: autoDraw = False
1059.1089 	EXP 	hor_line_precue: autoDraw = True
1059.1089 	EXP 	ver_line_precue: autoDraw = True
1061.1108 	EXP 	hor_line_precue: autoDraw = False
1061.1108 	EXP 	ver_line_precue: autoDraw = False
1061.1108 	EXP 	hor_line_precue: autoDraw = False
1061.1108 	EXP 	ver_line_precue: autoDraw = False
1061.1108 	EXP 	image_mi: image = 'pics/right_foot.JPG'
1061.1108 	EXP 	image_mi: autoDraw = True
1065.6153 	EXP 	image_mi: autoDraw = False
1065.6153 	EXP 	image_mi: autoDraw = False
1065.6153 	EXP 	text_pause: autoDraw = True
1068.1026 	EXP 	New trial (rep=0, index=2): {'pic_name': 'pics/right_foot.JPG', 'class_mi': 'right_foot'}
1068.1178 	EXP 	text_pause: autoDraw = False
1068.1178 	EXP 	text_pause: autoDraw = False
1068.1178 	EXP 	hor_line_precue: autoDraw = True
1068.1178 	EXP 	ver_line_precue: autoDraw = True
1070.1197 	EXP 	hor_line_precue: autoDraw = False
1070.1197 	EXP 	ver_line_precue: autoDraw = False
1070.1197 	EXP 	hor_line_precue: autoDraw = False
1070.1197 	EXP 	ver_line_precue: autoDraw = False
1070.1197 	EXP 	image_mi: image = 'pics/right_foot.JPG'
1070.1197 	EXP 	image_mi: autoDraw = True
1074.6243 	EXP 	image_mi: autoDraw = False
1074.6243 	EXP 	image_mi: autoDraw = False
1074.6243 	EXP 	text_pause: autoDraw = True
1077.1114 	EXP 	New trial (rep=0, index=3): {'pic_name': 'pics/left_foot.JPG', 'class_mi': 'left_foot'}
1077.1265 	EXP 	text_pause: autoDraw = False
1077.1265 	EXP 	text_pause: autoDraw = False
1077.1265 	EXP 	hor_line_precue: autoDraw = True
1077.1265 	EXP 	ver_line_precue: autoDraw = True
1079.1287 	EXP 	hor_line_precue: autoDraw = False
1079.1287 	EXP 	ver_line_precue: autoDraw = False
1079.1287 	EXP 	hor_line_precue: autoDraw = False
1079.1287 	EXP 	ver_line_precue: autoDraw = False
1079.1287 	EXP 	image_mi: image = 'pics/left_foot.JPG'
1079.1287 	EXP 	image_mi: autoDraw = True
1083.6332 	EXP 	image_mi: autoDraw = False
1083.6332 	EXP 	image_mi: autoDraw = False
1083.6332 	EXP 	text_pause: autoDraw = True
1086.1205 	EXP 	New trial (rep=1, index=0): {'pic_name': 'pics/mental_singing.JPG', 'class_mi': 'mental_singing'}
1086.1364 	EXP 	text_pause: autoDraw = False
1086.1364 	EXP 	text_pause: autoDraw = False
1086.1364 	EXP 	hor_line_precue: autoDraw = True
1086.1364 	EXP 	ver_line_precue: autoDraw = True
1088.1544 	EXP 	hor_line_precue: autoDraw = False
1088.1544 	EXP 	ver_line_precue: autoDraw = False
1088.1544 	EXP 	hor_line_precue: autoDraw = False
1088.1544 	EXP 	ver_line_precue: autoDraw = False
1088.1544 	EXP 	image_mi: image = 'pics/mental_singing.JPG'
1088.1544 	EXP 	image_mi: autoDraw = True
1092.6588 	EXP 	image_mi: autoDraw = False
1092.6588 	EXP 	image_mi: autoDraw = False
1092.6588 	EXP 	text_pause: autoDraw = True
1095.1461 	EXP 	New trial (rep=1, index=1): {'pic_name': 'pics/mental_singing.JPG', 'class_mi': 'mental_singing'}
1095.1614 	EXP 	text_pause: autoDraw = False
1095.1614 	EXP 	text_pause: autoDraw = False
1095.1614 	EXP 	hor_line_precue: autoDraw = True
1095.1614 	EXP 	ver_line_precue: autoDraw = True
1097.1800 	EXP 	hor_line_precue: autoDraw = False
1097.1800 	EXP 	ver_line_precue: autoDraw = False
1097.1800 	EXP 	hor_line_precue: autoDraw = False
1097.1800 	EXP 	ver_line_precue: autoDraw = False
1097.1800 	EXP 	image_mi: image = 'pics/mental_singing.JPG'
1097.1800 	EXP 	image_mi: autoDraw = True
1101.6845 	EXP 	image_mi: autoDraw = False
1101.6845 	EXP 	image_mi: autoDraw = False
1101.6845 	EXP 	text_pause: autoDraw = True
1104.1719 	EXP 	New trial (rep=1, index=2): {'pic_name': 'pics/mental_singing.JPG', 'class_mi': 'mental_singing'}
1104.1870 	EXP 	text_pause: autoDraw = False
1104.1870 	EXP 	text_pause: autoDraw = False
1104.1870 	EXP 	hor_line_precue: autoDraw = True
1104.1870 	EXP 	ver_line_precue: autoDraw = True
1106.2056 	EXP 	hor_line_precue: autoDraw = False
1106.2056 	EXP 	ver_line_precue: autoDraw = False
1106.2056 	EXP 	hor_line_precue: autoDraw = False
1106.2056 	EXP 	ver_line_precue: autoDraw = False
1106.2056 	EXP 	image_mi: image = 'pics/mental_singing.JPG'
1106.2056 	EXP 	image_mi: autoDraw = True
1110.7101 	EXP 	image_mi: autoDraw = False
1110.7101 	EXP 	image_mi: autoDraw = False
1110.7101 	EXP 	text_pause: autoDraw = True
1113.1974 	EXP 	New trial (rep=1, index=3): {'pic_name': 'pics/left_foot.JPG', 'class_mi': 'left_foot'}
1113.2126 	EXP 	text_pause: autoDraw = False
1113.2126 	EXP 	text_pause: autoDraw = False
1113.2126 	EXP 	hor_line_precue: autoDraw = True
1113.2126 	EXP 	ver_line_precue: autoDraw = True
1115.2145 	EXP 	hor_line_precue: autoDraw = False
1115.2145 	EXP 	ver_line_precue: autoDraw = False
1115.2145 	EXP 	hor_line_precue: autoDraw = False
1115.2145 	EXP 	ver_line_precue: autoDraw = False
1115.2145 	EXP 	image_mi: image = 'pics/left_foot.JPG'
1115.2145 	EXP 	image_mi: autoDraw = True
1119.7191 	EXP 	image_mi: autoDraw = False
1119.7191 	EXP 	image_mi: autoDraw = False
1119.7191 	EXP 	text_pause: autoDraw = True
1122.2064 	EXP 	New trial (rep=2, index=0): {'pic_name': 'pics/right_foot.JPG', 'class_mi': 'right_foot'}
1122.2215 	EXP 	text_pause: autoDraw = False
1122.2215 	EXP 	text_pause: autoDraw = False
1122.2215 	EXP 	hor_line_precue: autoDraw = True
1122.2215 	EXP 	ver_line_precue: autoDraw = True
1124.2235 	EXP 	hor_line_precue: autoDraw = False
1124.2235 	EXP 	ver_line_precue: autoDraw = False
1124.2235 	EXP 	hor_line_precue: autoDraw = False
1124.2235 	EXP 	ver_line_precue: autoDraw = False
1124.2235 	EXP 	image_mi: image = 'pics/right_foot.JPG'
1124.2235 	EXP 	image_mi: autoDraw = True
1128.7280 	EXP 	image_mi: autoDraw = False
1128.7280 	EXP 	image_mi: autoDraw = False
1128.7280 	EXP 	text_pause: autoDraw = True
1131.2153 	EXP 	New trial (rep=2, index=1): {'pic_name': 'pics/left_foot.JPG', 'class_mi': 'left_foot'}
1131.2306 	EXP 	text_pause: autoDraw = False
1131.2306 	EXP 	text_pause: autoDraw = False
1131.2306 	EXP 	hor_line_precue: autoDraw = True
1131.2306 	EXP 	ver_line_precue: autoDraw = True
1133.2325 	EXP 	hor_line_precue: autoDraw = False
1133.2325 	EXP 	ver_line_precue: autoDraw = False
1133.2325 	EXP 	hor_line_precue: autoDraw = False
1133.2325 	EXP 	ver_line_precue: autoDraw = False
1133.2325 	EXP 	image_mi: image = 'pics/left_foot.JPG'
1133.2325 	EXP 	image_mi: autoDraw = True
1137.7370 	EXP 	image_mi: autoDraw = False
1137.7370 	EXP 	image_mi: autoDraw = False
1137.7370 	EXP 	text_pause: autoDraw = True
1140.2243 	EXP 	New trial (rep=2, index=2): {'pic_name': 'pics/right_foot.JPG', 'class_mi': 'right_foot'}
1140.2394 	EXP 	text_pause: autoDraw = False
1140.2394 	EXP 	text_pause: autoDraw = False
1140.2394 	EXP 	hor_line_precue: autoDraw = True
1140.2394 	EXP 	ver_line_precue: autoDraw = True
1142.2413 	EXP 	hor_line_precue: autoDraw = False
1142.2413 	EXP 	ver_line_precue: autoDraw = False
1142.2413 	EXP 	hor_line_precue: autoDraw = False
1142.2413 	EXP 	ver_line_precue: autoDraw = False
1142.2413 	EXP 	image_mi: image = 'pics/right_foot.JPG'
1142.2413 	EXP 	image_mi: autoDraw = True
1146.7458 	EXP 	image_mi: autoDraw = False
1146.7458 	EXP 	image_mi: autoDraw = False
1146.7458 	EXP 	text_pause: autoDraw = True
1149.2332 	EXP 	New trial (rep=2, index=3): {'pic_name': 'pics/left_hand.JPG', 'class_mi': 'left_hand'}
1149.2484 	EXP 	text_pause: autoDraw = False
1149.2484 	EXP 	text_pause: autoDraw = False
1149.2484 	EXP 	hor_line_precue: autoDraw = True
1149.2484 	EXP 	ver_line_precue: autoDraw = True
1151.2504 	EXP 	hor_line_precue: autoDraw = False
1151.2504 	EXP 	ver_line_precue: autoDraw = False
1151.2504 	EXP 	hor_line_precue: autoDraw = False
1151.2504 	EXP 	ver_line_precue: autoDraw = False
1151.2504 	EXP 	image_mi: image = 'pics/left_hand.JPG'
1151.2504 	EXP 	image_mi: autoDraw = True
1155.7550 	EXP 	image_mi: autoDraw = False
1155.7550 	EXP 	image_mi: autoDraw = False
1155.7550 	EXP 	text_pause: autoDraw = True
1158.2419 	EXP 	New trial (rep=3, index=0): {'pic_name': 'pics/left_hand.JPG', 'class_mi': 'left_hand'}
1158.2572 	EXP 	text_pause: autoDraw = False
1158.2572 	EXP 	text_pause: autoDraw = False
1158.2572 	EXP 	hor_line_precue: autoDraw = True
1158.2572 	EXP 	ver_line_precue: autoDraw = True
1160.2594 	EXP 	hor_line_precue: autoDraw = False
1160.2594 	EXP 	ver_line_precue: autoDraw = False
1160.2594 	EXP 	hor_line_precue: autoDraw = False
1160.2594 	EXP 	ver_line_precue: autoDraw = False
1160.2594 	EXP 	image_mi: image = 'pics/left_hand.JPG'
1160.2594 	EXP 	image_mi: autoDraw = True
1164.7638 	EXP 	image_mi: autoDraw = False
1164.7638 	EXP 	image_mi: autoDraw = False
1164.7638 	EXP 	text_pause: autoDraw = True
1167.2511 	EXP 	New trial (rep=3, index=1): {'pic_name': 'pics/left_hand.JPG', 'class_mi': 'left_hand'}
1167.2664 	EXP 	text_pause: autoDraw = False
1167.2664 	EXP 	text_pause: autoDraw = False
1167.2664 	EXP 	hor_line_precue: autoDraw = True
1167.2664 	EXP 	ver_line_precue: autoDraw = True
1169.2683 	EXP 	hor_line_precue: autoDraw = False
1169.2683 	EXP 	ver_line_precue: autoDraw = False
1169.2683 	EXP 	hor_line_precue: autoDraw = False
1169.2683 	EXP 	ver_line_precue: autoDraw = False
1169.2683 	EXP 	image_mi: image = 'pics/left_hand.JPG'
1169.2683 	EXP 	image_mi: autoDraw = True
1173.7728 	EXP 	image_mi: autoDraw = False
1173.7728 	EXP 	image_mi: autoDraw = False
1173.7728 	EXP 	text_pause: autoDraw = True
1176.2601 	EXP 	New trial (rep=3, index=2): {'pic_name': 'pics/left_foot.JPG', 'class_mi': 'left_foot'}
1176.2754 	EXP 	text_pause: autoDraw = False
1176.2754 	EXP 	text_pause: autoDraw = False
1176.2754 	EXP 	hor_line_precue: autoDraw = True
1176.2754 	EXP 	ver_line_precue: autoDraw = True
1178.2773 	EXP 	hor_line_precue: autoDraw = False
1178.2773 	EXP 	ver_line_precue: autoDraw = False
1178.2773 	EXP 	hor_line_precue: autoDraw = False
1178.2773 	EXP 	ver_line_precue: autoDraw = False
1178.2773 	EXP 	image_mi: image = 'pics/left_foot.JPG'
1178.2773 	EXP 	image_mi: autoDraw = True
1182.7817 	EXP 	image_mi: autoDraw = False
1182.7817 	EXP 	image_mi: autoDraw = False
1182.7817 	EXP 	text_pause: autoDraw = True
1185.2691 	EXP 	New trial (rep=3, index=3): {'pic_name': 'pics/mental_singing.JPG', 'class_mi': 'mental_singing'}
1185.2842 	EXP 	text_pause: autoDraw = False
1185.2842 	EXP 	text_pause: autoDraw = False
1185.2842 	EXP 	hor_line_precue: autoDraw = True
1185.2842 	EXP 	ver_line_precue: autoDraw = True
1187.3030 	EXP 	hor_line_precue: autoDraw = False
1187.3030 	EXP 	ver_line_precue: autoDraw = False
1187.3030 	EXP 	hor_line_precue: autoDraw = False
1187.3030 	EXP 	ver_line_precue: autoDraw = False
1187.3030 	EXP 	image_mi: image = 'pics/mental_singing.JPG'
1187.3030 	EXP 	image_mi: autoDraw = True
1191.8074 	EXP 	image_mi: autoDraw = False
1191.8074 	EXP 	image_mi: autoDraw = False
1191.8074 	EXP 	text_pause: autoDraw = True
1194.2946 	EXP 	New trial (rep=4, index=0): {'pic_name': 'pics/left_hand.JPG', 'class_mi': 'left_hand'}
1194.3098 	EXP 	text_pause: autoDraw = False
1194.3098 	EXP 	text_pause: autoDraw = False
1194.3098 	EXP 	hor_line_precue: autoDraw = True
1194.3098 	EXP 	ver_line_precue: autoDraw = True
1196.3118 	EXP 	hor_line_precue: autoDraw = False
1196.3118 	EXP 	ver_line_precue: autoDraw = False
1196.3118 	EXP 	hor_line_precue: autoDraw = False
1196.3118 	EXP 	ver_line_precue: autoDraw = False
1196.3118 	EXP 	image_mi: image = 'pics/left_hand.JPG'
1196.3118 	EXP 	image_mi: autoDraw = True
1200.8162 	EXP 	image_mi: autoDraw = False
1200.8162 	EXP 	image_mi: autoDraw = False
1200.8162 	EXP 	text_pause: autoDraw = True
1203.3037 	EXP 	New trial (rep=4, index=1): {'pic_name': 'pics/right_foot.JPG', 'class_mi': 'right_foot'}
1203.3189 	EXP 	text_pause: autoDraw = False
1203.3189 	EXP 	text_pause: autoDraw = False
1203.3189 	EXP 	hor_line_precue: autoDraw = True
1203.3189 	EXP 	ver_line_precue: autoDraw = True
1205.3207 	EXP 	hor_line_precue: autoDraw = False
1205.3207 	EXP 	ver_line_precue: autoDraw = False
1205.3207 	EXP 	hor_line_precue: autoDraw = False
1205.3207 	EXP 	ver_line_precue: autoDraw = False
1205.3207 	EXP 	image_mi: image = 'pics/right_foot.JPG'
1205.3207 	EXP 	image_mi: autoDraw = True
1209.8252 	EXP 	image_mi: autoDraw = False
1209.8252 	EXP 	image_mi: autoDraw = False
1209.8252 	EXP 	text_pause: autoDraw = True
1212.3126 	EXP 	New trial (rep=4, index=2): {'pic_name': 'pics/left_foot.JPG', 'class_mi': 'left_foot'}
1212.3278 	EXP 	text_pause: autoDraw = False
1212.3278 	EXP 	text_pause: autoDraw = False
1212.3278 	EXP 	hor_line_precue: autoDraw = True
1212.3278 	EXP 	ver_line_precue: autoDraw = True
1214.3297 	EXP 	hor_line_precue: autoDraw = False
1214.3297 	EXP 	ver_line_precue: autoDraw = False
1214.3297 	EXP 	hor_line_precue: autoDraw = False
1214.3297 	EXP 	ver_line_precue: autoDraw = False
1214.3297 	EXP 	image_mi: image = 'pics/left_foot.JPG'
1214.3297 	EXP 	image_mi: autoDraw = True
1218.8343 	EXP 	image_mi: autoDraw = False
1218.8343 	EXP 	image_mi: autoDraw = False
1218.8343 	EXP 	text_pause: autoDraw = True
1221.3216 	EXP 	New trial (rep=4, index=3): {'pic_name': 'pics/left_hand.JPG', 'class_mi': 'left_hand'}
1221.3367 	EXP 	text_pause: autoDraw = False
1221.3367 	EXP 	text_pause: autoDraw = False
1221.3367 	EXP 	hor_line_precue: autoDraw = True
1221.3367 	EXP 	ver_line_precue: autoDraw = True
1223.3386 	EXP 	hor_line_precue: autoDraw = False
1223.3386 	EXP 	ver_line_precue: autoDraw = False
1223.3386 	EXP 	hor_line_precue: autoDraw = False
1223.3386 	EXP 	ver_line_precue: autoDraw = False
1223.3386 	EXP 	image_mi: image = 'pics/left_hand.JPG'
1223.3386 	EXP 	image_mi: autoDraw = True
1227.8432 	EXP 	image_mi: autoDraw = False
1227.8432 	EXP 	image_mi: autoDraw = False
1227.8432 	EXP 	text_pause: autoDraw = True
1230.3457 	EXP 	text_pause: autoDraw = False
1230.3457 	EXP 	text_pause: autoDraw = False
1230.3457 	EXP 	text: autoDraw = True
1237.8742 	DATA 	Mouse: Left button down, pos=(1031,574)
1237.9738 	DATA 	Mouse:  Left button up, pos=(1031,574)
1239.0607 	DATA 	Keypress: space
1239.0710 	EXP 	text: autoDraw = False
1239.0710 	EXP 	text_post_run: autoDraw = True
1240.7254 	DATA 	Keypress: space
1240.7394 	EXP 	text_post_run: autoDraw = False
1240.7395 	EXP 	bci_racingteam: status = STOPPED
1240.8298 	EXP 	window1: mouseVisible = True
