7.5578 	EXP 	Created window1 = Window(allowGUI=True, allowStencil=False, autoLog=True, backendConf=UNKNOWN, backgroundFit=<method-wrapper '__getattribute__' of attributeSetter object at 0x000001ED97E63EB0>, backgroundImage=<method-wrapper '__getattribute__' of attributeSetter object at 0x000001ED97E63E50>, bitsMode=UNKNOWN, blendMode='avg', bpc=(8, 8, 8), color=array([0, 0, 0]), colorSpace='rgb', depthBits=8, fullscr=<method-wrapper '__getattribute__' of attributeSetter object at 0x000001ED97E63CD0>, gamma=None, gammaErrorPolicy='raise', infoMsg=UNKNOWN, lms=UNKNOWN, monitor=<psychopy.monitors.calibTools.Monitor object at 0x000001ED982E5730>, multiSample=False, name='window1', numSamples=2, pos=[0.0, 0.0], screen=1, size=array([1920, 1080]), stencilBits=0, stereo=False, title='PsychoPy', units='height', useFBO=True, useRetina=False, viewOri=0.0, viewPos=None, viewScale=None, waitBlanking=True, winType='pyglet')
7.5578 	EXP 	window1: backgroundImage = ''
7.5579 	EXP 	window1: backgroundFit = 'none'
7.5581 	EXP 	window1: mouseVisible = <method-wrapper '__getattribute__' of attributeSetter object at 0x000001ED97E63FA0>
7.5583 	EXP 	window1: mouseVisible = <method-wrapper '__getattribute__' of attributeSetter object at 0x000001ED97E63FA0>
7.5608 	EXP 	window1: mouseVisible = <method-wrapper '__getattribute__' of attributeSetter object at 0x000001ED97E63FA0>
7.5618 	EXP 	window1: mouseVisible = <method-wrapper '__getattribute__' of attributeSetter object at 0x000001ED97E63FA0>
7.6338 	EXP 	window1: mouseVisible = <method-wrapper '__getattribute__' of attributeSetter object at 0x000001ED97E63FA0>
7.6340 	EXP 	window1: mouseVisible = <method-wrapper '__getattribute__' of attributeSetter object at 0x000001ED97E63FA0>
7.6349 	EXP 	window1: mouseVisible = <method-wrapper '__getattribute__' of attributeSetter object at 0x000001ED97E63FA0>
7.6359 	EXP 	window1: mouseVisible = <method-wrapper '__getattribute__' of attributeSetter object at 0x000001ED97E63FA0>
7.6567 	EXP 	window1: Attempting to measure frame rate of screen (1) ...
7.6568 	EXP 	window1: recordFrameIntervals = False
7.9230 	EXP 	window1: recordFrameIntervals = True
8.1067 	EXP 	Screen (1) actual frame rate measured at 59.95Hz
8.1068 	EXP 	window1: recordFrameIntervals = False
8.1068 	EXP 	window1: mouseVisible = False
12.7123 	EXP 	bci_racingteam: status = STARTED
12.7127 	EXP 	window1: mouseVisible = False
12.8152 	EXP 	Created text_pre_run = TextStim(__class__=<class 'psychopy.visual.text.TextStim'>, alignHoriz=method-wrapper(...), alignText='center', alignVert=method-wrapper(...), anchorHoriz='center', anchorVert='center', antialias=True, autoDraw=False, autoLog=True, bold=False, color=array([1., 1., 1.]), colorSpace='rgb', contrast=1.0, depth=0.0, draggable=False, flipHoriz=False, flipVert=False, font='Open Sans', fontFiles=[], height=0.05, italic=False, languageStyle='LTR', name='text_pre_run', opacity=1.0, ori=0.0, pos=array([0., 0.]), rgb=UNKNOWN, text='Press any key to start ...', units='height', win=Window(...), wrapWidth=1)
12.8154 	EXP 	window1: mouseVisible = False
12.8210 	EXP 	Created text_2 = TextStim(__class__=<class 'psychopy.visual.text.TextStim'>, alignHoriz=method-wrapper(...), alignText='center', alignVert=method-wrapper(...), anchorHoriz='center', anchorVert='center', antialias=True, autoDraw=False, autoLog=True, bold=False, color=array([1., 1., 1.]), colorSpace='rgb', contrast=1.0, depth=0.0, draggable=False, flipHoriz=False, flipVert=False, font='Arial', fontFiles=[], height=0.05, italic=False, languageStyle='LTR', name='text_2', opacity=1.0, ori=0.0, pos=array([0., 0.]), rgb=UNKNOWN, text='', units='height', win=Window(...), wrapWidth=1)
12.8213 	EXP 	window1: mouseVisible = False
12.8270 	EXP 	Created hor_line_precue = Line(__class__=<class 'psychopy.visual.line.Line'>, anchor=('center', 'center'), autoDraw=False, autoLog=True, closeShape=False, color=array([1., 1., 1.]), colorSpace='rgb', contrast=None, depth=0.0, draggable=False, fillColor=array([0, 0, 0]), fillColorSpace='rgb', fillRGB=array([0, 0, 0]), interpolate=True, lineColor=array([1., 1., 1.]), lineColorSpace='rgb', lineRGB=array([1, 1, 1]), lineWidth=5.0, name='hor_line_precue', opacity=0.5, ori=0.0, pos=array([0., 0.]), size=array([1., 1.]), units='height', vertices=ndarray(...), win=Window(...), windingRule=None)
12.8274 	EXP 	window1: mouseVisible = False
12.8320 	EXP 	Created ver_line_precue = Line(__class__=<class 'psychopy.visual.line.Line'>, anchor=('center', 'center'), autoDraw=False, autoLog=True, closeShape=False, color=array([1., 1., 1.]), colorSpace='rgb', contrast=None, depth=-1.0, draggable=False, fillColor=array([0, 0, 0]), fillColorSpace='rgb', fillRGB=array([0, 0, 0]), interpolate=True, lineColor=array([1., 1., 1.]), lineColorSpace='rgb', lineRGB=array([1, 1, 1]), lineWidth=5.0, name='ver_line_precue', opacity=0.5, ori=90.0, pos=array([0., 0.]), size=array([1., 1.]), units='height', vertices=ndarray(...), win=Window(...), windingRule=None)
12.8322 	EXP 	window1: mouseVisible = False
12.8375 	EXP 	Created image_mi = ImageStim(__class__=<class 'psychopy.visual.image.ImageStim'>, anchor=('center', 'center'), autoLog=True, color=array([1., 1., 1.]), colorSpace='rgb', contrast=1.0, depth=0.0, draggable=False, flipHoriz=False, flipVert=False, image='default.png', interpolate=True, mask=None, maskParams=None, name='image_mi', opacity=1.0, ori=0.0, pos=array([0., 0.]), size=array([0.5, 0.5]), texRes=128.0, units='height', win=Window(...))
12.8377 	EXP 	window1: mouseVisible = False
12.8403 	EXP 	Created text_pause = TextStim(__class__=<class 'psychopy.visual.text.TextStim'>, alignHoriz=method-wrapper(...), alignText='center', alignVert=method-wrapper(...), anchorHoriz='center', anchorVert='center', antialias=True, autoDraw=False, autoLog=True, bold=False, color=array([1., 1., 1.]), colorSpace='rgb', contrast=1.0, depth=0.0, draggable=False, flipHoriz=False, flipVert=False, font='Open Sans', fontFiles=[], height=0.05, italic=False, languageStyle='LTR', name='text_pause', opacity=1.0, ori=0.0, pos=array([0., 0.]), rgb=UNKNOWN, text='', units='height', win=Window(...), wrapWidth=1)
12.8406 	EXP 	window1: mouseVisible = False
12.8577 	EXP 	Created text = TextStim(__class__=<class 'psychopy.visual.text.TextStim'>, alignHoriz=method-wrapper(...), alignText='center', alignVert=method-wrapper(...), anchorHoriz='center', anchorVert='center', antialias=True, autoDraw=False, autoLog=True, bold=False, color=array([1., 1., 1.]), colorSpace='rgb', contrast=1.0, depth=0.0, draggable=False, flipHoriz=False, flipVert=False, font='Arial', fontFiles=[], height=0.05, italic=False, languageStyle='LTR', name='text', opacity=1.0, ori=0.0, pos=array([0., 0.]), rgb=UNKNOWN, text='Run Finished', units='height', win=Window(...), wrapWidth=1)
12.8579 	EXP 	window1: mouseVisible = False
12.8655 	EXP 	Created text_post_run = TextStim(__class__=<class 'psychopy.visual.text.TextStim'>, alignHoriz=method-wrapper(...), alignText='center', alignVert=method-wrapper(...), anchorHoriz='center', anchorVert='center', antialias=True, autoDraw=False, autoLog=True, bold=False, color=array([1., 1., 1.]), colorSpace='rgb', contrast=1.0, depth=0.0, draggable=False, flipHoriz=False, flipVert=False, font='Open Sans', fontFiles=[], height=0.05, italic=False, languageStyle='LTR', name='text_post_run', opacity=1.0, ori=0.0, pos=array([0., 0.]), rgb=UNKNOWN, text='End\n', units='height', win=Window(...), wrapWidth=1)
0.0291 	EXP 	text_pre_run: autoDraw = True
7.1975 	DATA 	Keypress: lalt
40.7418 	DATA 	Mouse: Left button down, pos=(305,515)
40.8568 	DATA 	Mouse:  Left button up, pos=(305,515)
43.6584 	EXP 	Created sequence: random, trialTypes=1, nReps=4, seed=None
43.6589 	EXP 	New trial (rep=0, index=0): None
43.6626 	DATA 	Keypress: space
43.6725 	EXP 	text_pre_run: autoDraw = False
43.6725 	EXP 	text_2: autoDraw = True
46.6740 	EXP 	Imported classes.xlsx as conditions, 4 conditions, 2 params
46.6747 	EXP 	Created sequence: fullRandom, trialTypes=4, nReps=5, seed=None
46.6751 	EXP 	New trial (rep=0, index=0): {'pic_name': 'pics/mental_singing.JPG', 'class_mi': 'mental_singing'}
46.6922 	EXP 	text_2: autoDraw = False
46.6922 	EXP 	hor_line_precue: autoDraw = True
46.6922 	EXP 	ver_line_precue: autoDraw = True
48.7109 	EXP 	hor_line_precue: autoDraw = False
48.7109 	EXP 	ver_line_precue: autoDraw = False
48.7109 	EXP 	hor_line_precue: autoDraw = False
48.7109 	EXP 	ver_line_precue: autoDraw = False
48.7109 	EXP 	image_mi: image = 'pics/mental_singing.JPG'
48.7109 	EXP 	image_mi: autoDraw = True
53.2153 	EXP 	image_mi: autoDraw = False
53.2153 	EXP 	image_mi: autoDraw = False
53.2153 	EXP 	text_pause: autoDraw = True
55.7027 	EXP 	New trial (rep=0, index=1): {'pic_name': 'pics/left_hand.JPG', 'class_mi': 'left_hand'}
55.7178 	EXP 	text_pause: autoDraw = False
55.7178 	EXP 	text_pause: autoDraw = False
55.7178 	EXP 	hor_line_precue: autoDraw = True
55.7178 	EXP 	ver_line_precue: autoDraw = True
57.7198 	EXP 	hor_line_precue: autoDraw = False
57.7198 	EXP 	ver_line_precue: autoDraw = False
57.7198 	EXP 	hor_line_precue: autoDraw = False
57.7198 	EXP 	ver_line_precue: autoDraw = False
57.7198 	EXP 	image_mi: image = 'pics/left_hand.JPG'
57.7198 	EXP 	image_mi: autoDraw = True
62.2243 	EXP 	image_mi: autoDraw = False
62.2243 	EXP 	image_mi: autoDraw = False
62.2243 	EXP 	text_pause: autoDraw = True
64.7117 	EXP 	New trial (rep=0, index=2): {'pic_name': 'pics/right_foot.JPG', 'class_mi': 'right_foot'}
64.7268 	EXP 	text_pause: autoDraw = False
64.7268 	EXP 	text_pause: autoDraw = False
64.7268 	EXP 	hor_line_precue: autoDraw = True
64.7268 	EXP 	ver_line_precue: autoDraw = True
66.7287 	EXP 	hor_line_precue: autoDraw = False
66.7287 	EXP 	ver_line_precue: autoDraw = False
66.7287 	EXP 	hor_line_precue: autoDraw = False
66.7287 	EXP 	ver_line_precue: autoDraw = False
66.7287 	EXP 	image_mi: image = 'pics/right_foot.JPG'
66.7287 	EXP 	image_mi: autoDraw = True
71.2332 	EXP 	image_mi: autoDraw = False
71.2332 	EXP 	image_mi: autoDraw = False
71.2332 	EXP 	text_pause: autoDraw = True
73.7206 	EXP 	New trial (rep=0, index=3): {'pic_name': 'pics/left_foot.JPG', 'class_mi': 'left_foot'}
73.7359 	EXP 	text_pause: autoDraw = False
73.7359 	EXP 	text_pause: autoDraw = False
73.7359 	EXP 	hor_line_precue: autoDraw = True
73.7359 	EXP 	ver_line_precue: autoDraw = True
75.7377 	EXP 	hor_line_precue: autoDraw = False
75.7377 	EXP 	ver_line_precue: autoDraw = False
75.7377 	EXP 	hor_line_precue: autoDraw = False
75.7377 	EXP 	ver_line_precue: autoDraw = False
75.7377 	EXP 	image_mi: image = 'pics/left_foot.JPG'
75.7377 	EXP 	image_mi: autoDraw = True
80.2422 	EXP 	image_mi: autoDraw = False
80.2422 	EXP 	image_mi: autoDraw = False
80.2422 	EXP 	text_pause: autoDraw = True
82.7296 	EXP 	New trial (rep=1, index=0): {'pic_name': 'pics/left_hand.JPG', 'class_mi': 'left_hand'}
82.7447 	EXP 	text_pause: autoDraw = False
82.7447 	EXP 	text_pause: autoDraw = False
82.7447 	EXP 	hor_line_precue: autoDraw = True
82.7447 	EXP 	ver_line_precue: autoDraw = True
84.7465 	EXP 	hor_line_precue: autoDraw = False
84.7465 	EXP 	ver_line_precue: autoDraw = False
84.7465 	EXP 	hor_line_precue: autoDraw = False
84.7465 	EXP 	ver_line_precue: autoDraw = False
84.7465 	EXP 	image_mi: image = 'pics/left_hand.JPG'
84.7465 	EXP 	image_mi: autoDraw = True
89.2511 	EXP 	image_mi: autoDraw = False
89.2511 	EXP 	image_mi: autoDraw = False
89.2511 	EXP 	text_pause: autoDraw = True
91.7386 	EXP 	New trial (rep=1, index=1): {'pic_name': 'pics/left_foot.JPG', 'class_mi': 'left_foot'}
91.7537 	EXP 	text_pause: autoDraw = False
91.7537 	EXP 	text_pause: autoDraw = False
91.7537 	EXP 	hor_line_precue: autoDraw = True
91.7537 	EXP 	ver_line_precue: autoDraw = True
93.7556 	EXP 	hor_line_precue: autoDraw = False
93.7556 	EXP 	ver_line_precue: autoDraw = False
93.7556 	EXP 	hor_line_precue: autoDraw = False
93.7556 	EXP 	ver_line_precue: autoDraw = False
93.7556 	EXP 	image_mi: image = 'pics/left_foot.JPG'
93.7556 	EXP 	image_mi: autoDraw = True
98.2601 	EXP 	image_mi: autoDraw = False
98.2601 	EXP 	image_mi: autoDraw = False
98.2601 	EXP 	text_pause: autoDraw = True
100.7476 	EXP 	New trial (rep=1, index=2): {'pic_name': 'pics/mental_singing.JPG', 'class_mi': 'mental_singing'}
100.7625 	EXP 	text_pause: autoDraw = False
100.7625 	EXP 	text_pause: autoDraw = False
100.7625 	EXP 	hor_line_precue: autoDraw = True
100.7625 	EXP 	ver_line_precue: autoDraw = True
102.7812 	EXP 	hor_line_precue: autoDraw = False
102.7812 	EXP 	ver_line_precue: autoDraw = False
102.7812 	EXP 	hor_line_precue: autoDraw = False
102.7812 	EXP 	ver_line_precue: autoDraw = False
102.7812 	EXP 	image_mi: image = 'pics/mental_singing.JPG'
102.7812 	EXP 	image_mi: autoDraw = True
107.2858 	EXP 	image_mi: autoDraw = False
107.2858 	EXP 	image_mi: autoDraw = False
107.2858 	EXP 	text_pause: autoDraw = True
109.7731 	EXP 	New trial (rep=1, index=3): {'pic_name': 'pics/left_foot.JPG', 'class_mi': 'left_foot'}
109.7882 	EXP 	text_pause: autoDraw = False
109.7882 	EXP 	text_pause: autoDraw = False
109.7882 	EXP 	hor_line_precue: autoDraw = True
109.7882 	EXP 	ver_line_precue: autoDraw = True
111.7902 	EXP 	hor_line_precue: autoDraw = False
111.7902 	EXP 	ver_line_precue: autoDraw = False
111.7902 	EXP 	hor_line_precue: autoDraw = False
111.7902 	EXP 	ver_line_precue: autoDraw = False
111.7902 	EXP 	image_mi: image = 'pics/left_foot.JPG'
111.7902 	EXP 	image_mi: autoDraw = True
116.2947 	EXP 	image_mi: autoDraw = False
116.2947 	EXP 	image_mi: autoDraw = False
116.2947 	EXP 	text_pause: autoDraw = True
118.7820 	EXP 	New trial (rep=2, index=0): {'pic_name': 'pics/mental_singing.JPG', 'class_mi': 'mental_singing'}
118.7972 	EXP 	text_pause: autoDraw = False
118.7972 	EXP 	text_pause: autoDraw = False
118.7972 	EXP 	hor_line_precue: autoDraw = True
118.7972 	EXP 	ver_line_precue: autoDraw = True
120.8158 	EXP 	hor_line_precue: autoDraw = False
120.8158 	EXP 	ver_line_precue: autoDraw = False
120.8158 	EXP 	hor_line_precue: autoDraw = False
120.8158 	EXP 	ver_line_precue: autoDraw = False
120.8158 	EXP 	image_mi: image = 'pics/mental_singing.JPG'
120.8158 	EXP 	image_mi: autoDraw = True
125.3203 	EXP 	image_mi: autoDraw = False
125.3203 	EXP 	image_mi: autoDraw = False
125.3203 	EXP 	text_pause: autoDraw = True
127.8076 	EXP 	New trial (rep=2, index=1): {'pic_name': 'pics/left_hand.JPG', 'class_mi': 'left_hand'}
127.8228 	EXP 	text_pause: autoDraw = False
127.8228 	EXP 	text_pause: autoDraw = False
127.8228 	EXP 	hor_line_precue: autoDraw = True
127.8228 	EXP 	ver_line_precue: autoDraw = True
129.8248 	EXP 	hor_line_precue: autoDraw = False
129.8248 	EXP 	ver_line_precue: autoDraw = False
129.8248 	EXP 	hor_line_precue: autoDraw = False
129.8248 	EXP 	ver_line_precue: autoDraw = False
129.8248 	EXP 	image_mi: image = 'pics/left_hand.JPG'
129.8248 	EXP 	image_mi: autoDraw = True
134.3292 	EXP 	image_mi: autoDraw = False
134.3292 	EXP 	image_mi: autoDraw = False
134.3292 	EXP 	text_pause: autoDraw = True
136.8166 	EXP 	New trial (rep=2, index=2): {'pic_name': 'pics/left_foot.JPG', 'class_mi': 'left_foot'}
136.8318 	EXP 	text_pause: autoDraw = False
136.8318 	EXP 	text_pause: autoDraw = False
136.8318 	EXP 	hor_line_precue: autoDraw = True
136.8318 	EXP 	ver_line_precue: autoDraw = True
138.8338 	EXP 	hor_line_precue: autoDraw = False
138.8338 	EXP 	ver_line_precue: autoDraw = False
138.8338 	EXP 	hor_line_precue: autoDraw = False
138.8338 	EXP 	ver_line_precue: autoDraw = False
138.8338 	EXP 	image_mi: image = 'pics/left_foot.JPG'
138.8338 	EXP 	image_mi: autoDraw = True
143.3382 	EXP 	image_mi: autoDraw = False
143.3382 	EXP 	image_mi: autoDraw = False
143.3382 	EXP 	text_pause: autoDraw = True
145.8257 	EXP 	New trial (rep=2, index=3): {'pic_name': 'pics/mental_singing.JPG', 'class_mi': 'mental_singing'}
145.8408 	EXP 	text_pause: autoDraw = False
145.8408 	EXP 	text_pause: autoDraw = False
145.8408 	EXP 	hor_line_precue: autoDraw = True
145.8408 	EXP 	ver_line_precue: autoDraw = True
147.8595 	EXP 	hor_line_precue: autoDraw = False
147.8595 	EXP 	ver_line_precue: autoDraw = False
147.8595 	EXP 	hor_line_precue: autoDraw = False
147.8595 	EXP 	ver_line_precue: autoDraw = False
147.8595 	EXP 	image_mi: image = 'pics/mental_singing.JPG'
147.8595 	EXP 	image_mi: autoDraw = True
152.3639 	EXP 	image_mi: autoDraw = False
152.3639 	EXP 	image_mi: autoDraw = False
152.3639 	EXP 	text_pause: autoDraw = True
154.8511 	EXP 	New trial (rep=3, index=0): {'pic_name': 'pics/right_foot.JPG', 'class_mi': 'right_foot'}
154.8664 	EXP 	text_pause: autoDraw = False
154.8664 	EXP 	text_pause: autoDraw = False
154.8664 	EXP 	hor_line_precue: autoDraw = True
154.8664 	EXP 	ver_line_precue: autoDraw = True
156.8683 	EXP 	hor_line_precue: autoDraw = False
156.8683 	EXP 	ver_line_precue: autoDraw = False
156.8683 	EXP 	hor_line_precue: autoDraw = False
156.8683 	EXP 	ver_line_precue: autoDraw = False
156.8683 	EXP 	image_mi: image = 'pics/right_foot.JPG'
156.8683 	EXP 	image_mi: autoDraw = True
161.3728 	EXP 	image_mi: autoDraw = False
161.3728 	EXP 	image_mi: autoDraw = False
161.3728 	EXP 	text_pause: autoDraw = True
163.8602 	EXP 	New trial (rep=3, index=1): {'pic_name': 'pics/right_foot.JPG', 'class_mi': 'right_foot'}
163.8753 	EXP 	text_pause: autoDraw = False
163.8753 	EXP 	text_pause: autoDraw = False
163.8753 	EXP 	hor_line_precue: autoDraw = True
163.8753 	EXP 	ver_line_precue: autoDraw = True
165.8772 	EXP 	hor_line_precue: autoDraw = False
165.8772 	EXP 	ver_line_precue: autoDraw = False
165.8772 	EXP 	hor_line_precue: autoDraw = False
165.8772 	EXP 	ver_line_precue: autoDraw = False
165.8772 	EXP 	image_mi: image = 'pics/right_foot.JPG'
165.8772 	EXP 	image_mi: autoDraw = True
170.3818 	EXP 	image_mi: autoDraw = False
170.3818 	EXP 	image_mi: autoDraw = False
170.3818 	EXP 	text_pause: autoDraw = True
172.8691 	EXP 	New trial (rep=3, index=2): {'pic_name': 'pics/left_hand.JPG', 'class_mi': 'left_hand'}
172.8843 	EXP 	text_pause: autoDraw = False
172.8843 	EXP 	text_pause: autoDraw = False
172.8843 	EXP 	hor_line_precue: autoDraw = True
172.8843 	EXP 	ver_line_precue: autoDraw = True
174.8862 	EXP 	hor_line_precue: autoDraw = False
174.8862 	EXP 	ver_line_precue: autoDraw = False
174.8862 	EXP 	hor_line_precue: autoDraw = False
174.8862 	EXP 	ver_line_precue: autoDraw = False
174.8862 	EXP 	image_mi: image = 'pics/left_hand.JPG'
174.8862 	EXP 	image_mi: autoDraw = True
179.3907 	EXP 	image_mi: autoDraw = False
179.3907 	EXP 	image_mi: autoDraw = False
179.3907 	EXP 	text_pause: autoDraw = True
181.8781 	EXP 	New trial (rep=3, index=3): {'pic_name': 'pics/right_foot.JPG', 'class_mi': 'right_foot'}
181.8932 	EXP 	text_pause: autoDraw = False
181.8932 	EXP 	text_pause: autoDraw = False
181.8932 	EXP 	hor_line_precue: autoDraw = True
181.8932 	EXP 	ver_line_precue: autoDraw = True
183.8952 	EXP 	hor_line_precue: autoDraw = False
183.8952 	EXP 	ver_line_precue: autoDraw = False
183.8952 	EXP 	hor_line_precue: autoDraw = False
183.8952 	EXP 	ver_line_precue: autoDraw = False
183.8952 	EXP 	image_mi: image = 'pics/right_foot.JPG'
183.8952 	EXP 	image_mi: autoDraw = True
188.3997 	EXP 	image_mi: autoDraw = False
188.3997 	EXP 	image_mi: autoDraw = False
188.3997 	EXP 	text_pause: autoDraw = True
190.8871 	EXP 	New trial (rep=4, index=0): {'pic_name': 'pics/right_foot.JPG', 'class_mi': 'right_foot'}
190.9022 	EXP 	text_pause: autoDraw = False
190.9022 	EXP 	text_pause: autoDraw = False
190.9022 	EXP 	hor_line_precue: autoDraw = True
190.9022 	EXP 	ver_line_precue: autoDraw = True
192.9042 	EXP 	hor_line_precue: autoDraw = False
192.9042 	EXP 	ver_line_precue: autoDraw = False
192.9042 	EXP 	hor_line_precue: autoDraw = False
192.9042 	EXP 	ver_line_precue: autoDraw = False
192.9042 	EXP 	image_mi: image = 'pics/right_foot.JPG'
192.9042 	EXP 	image_mi: autoDraw = True
197.4087 	EXP 	image_mi: autoDraw = False
197.4087 	EXP 	image_mi: autoDraw = False
197.4087 	EXP 	text_pause: autoDraw = True
199.8960 	EXP 	New trial (rep=4, index=1): {'pic_name': 'pics/left_hand.JPG', 'class_mi': 'left_hand'}
199.9111 	EXP 	text_pause: autoDraw = False
199.9111 	EXP 	text_pause: autoDraw = False
199.9111 	EXP 	hor_line_precue: autoDraw = True
199.9111 	EXP 	ver_line_precue: autoDraw = True
201.9131 	EXP 	hor_line_precue: autoDraw = False
201.9131 	EXP 	ver_line_precue: autoDraw = False
201.9131 	EXP 	hor_line_precue: autoDraw = False
201.9131 	EXP 	ver_line_precue: autoDraw = False
201.9131 	EXP 	image_mi: image = 'pics/left_hand.JPG'
201.9131 	EXP 	image_mi: autoDraw = True
206.4176 	EXP 	image_mi: autoDraw = False
206.4176 	EXP 	image_mi: autoDraw = False
206.4176 	EXP 	text_pause: autoDraw = True
208.9049 	EXP 	New trial (rep=4, index=2): {'pic_name': 'pics/left_foot.JPG', 'class_mi': 'left_foot'}
208.9201 	EXP 	text_pause: autoDraw = False
208.9201 	EXP 	text_pause: autoDraw = False
208.9201 	EXP 	hor_line_precue: autoDraw = True
208.9201 	EXP 	ver_line_precue: autoDraw = True
210.9220 	EXP 	hor_line_precue: autoDraw = False
210.9220 	EXP 	ver_line_precue: autoDraw = False
210.9220 	EXP 	hor_line_precue: autoDraw = False
210.9220 	EXP 	ver_line_precue: autoDraw = False
210.9220 	EXP 	image_mi: image = 'pics/left_foot.JPG'
210.9220 	EXP 	image_mi: autoDraw = True
215.4263 	EXP 	image_mi: autoDraw = False
215.4263 	EXP 	image_mi: autoDraw = False
215.4263 	EXP 	text_pause: autoDraw = True
217.9138 	EXP 	New trial (rep=4, index=3): {'pic_name': 'pics/mental_singing.JPG', 'class_mi': 'mental_singing'}
217.9290 	EXP 	text_pause: autoDraw = False
217.9290 	EXP 	text_pause: autoDraw = False
217.9290 	EXP 	hor_line_precue: autoDraw = True
217.9290 	EXP 	ver_line_precue: autoDraw = True
219.9477 	EXP 	hor_line_precue: autoDraw = False
219.9477 	EXP 	ver_line_precue: autoDraw = False
219.9477 	EXP 	hor_line_precue: autoDraw = False
219.9477 	EXP 	ver_line_precue: autoDraw = False
219.9477 	EXP 	image_mi: image = 'pics/mental_singing.JPG'
219.9477 	EXP 	image_mi: autoDraw = True
224.4521 	EXP 	image_mi: autoDraw = False
224.4521 	EXP 	image_mi: autoDraw = False
224.4521 	EXP 	text_pause: autoDraw = True
226.9546 	EXP 	text_pause: autoDraw = False
226.9546 	EXP 	text_pause: autoDraw = False
226.9546 	EXP 	text: autoDraw = True
407.3885 	DATA 	Mouse: Left button down, pos=(231,387)
407.4878 	DATA 	Mouse:  Left button up, pos=(231,387)
409.9397 	EXP 	New trial (rep=1, index=0): None
409.9430 	DATA 	Keypress: space
409.9531 	EXP 	text: autoDraw = False
409.9531 	EXP 	text_2: autoDraw = True
412.9529 	EXP 	Imported classes.xlsx as conditions, 4 conditions, 2 params
412.9537 	EXP 	Created sequence: fullRandom, trialTypes=4, nReps=5, seed=None
412.9541 	EXP 	New trial (rep=0, index=0): {'pic_name': 'pics/mental_singing.JPG', 'class_mi': 'mental_singing'}
412.9728 	EXP 	text_2: autoDraw = False
412.9728 	EXP 	hor_line_precue: autoDraw = True
412.9728 	EXP 	ver_line_precue: autoDraw = True
414.9914 	EXP 	hor_line_precue: autoDraw = False
414.9914 	EXP 	ver_line_precue: autoDraw = False
414.9914 	EXP 	hor_line_precue: autoDraw = False
414.9914 	EXP 	ver_line_precue: autoDraw = False
414.9914 	EXP 	image_mi: image = 'pics/mental_singing.JPG'
414.9914 	EXP 	image_mi: autoDraw = True
419.4960 	EXP 	image_mi: autoDraw = False
419.4960 	EXP 	image_mi: autoDraw = False
419.4960 	EXP 	text_pause: autoDraw = True
421.9835 	EXP 	New trial (rep=0, index=1): {'pic_name': 'pics/mental_singing.JPG', 'class_mi': 'mental_singing'}
421.9985 	EXP 	text_pause: autoDraw = False
421.9985 	EXP 	text_pause: autoDraw = False
421.9985 	EXP 	hor_line_precue: autoDraw = True
421.9985 	EXP 	ver_line_precue: autoDraw = True
424.0171 	EXP 	hor_line_precue: autoDraw = False
424.0171 	EXP 	ver_line_precue: autoDraw = False
424.0171 	EXP 	hor_line_precue: autoDraw = False
424.0171 	EXP 	ver_line_precue: autoDraw = False
424.0171 	EXP 	image_mi: image = 'pics/mental_singing.JPG'
424.0171 	EXP 	image_mi: autoDraw = True
428.5216 	EXP 	image_mi: autoDraw = False
428.5216 	EXP 	image_mi: autoDraw = False
428.5216 	EXP 	text_pause: autoDraw = True
431.0088 	EXP 	New trial (rep=0, index=2): {'pic_name': 'pics/right_foot.JPG', 'class_mi': 'right_foot'}
431.0241 	EXP 	text_pause: autoDraw = False
431.0241 	EXP 	text_pause: autoDraw = False
431.0241 	EXP 	hor_line_precue: autoDraw = True
431.0241 	EXP 	ver_line_precue: autoDraw = True
433.0261 	EXP 	hor_line_precue: autoDraw = False
433.0261 	EXP 	ver_line_precue: autoDraw = False
433.0261 	EXP 	hor_line_precue: autoDraw = False
433.0261 	EXP 	ver_line_precue: autoDraw = False
433.0261 	EXP 	image_mi: image = 'pics/right_foot.JPG'
433.0261 	EXP 	image_mi: autoDraw = True
437.5305 	EXP 	image_mi: autoDraw = False
437.5305 	EXP 	image_mi: autoDraw = False
437.5305 	EXP 	text_pause: autoDraw = True
440.0179 	EXP 	New trial (rep=0, index=3): {'pic_name': 'pics/right_foot.JPG', 'class_mi': 'right_foot'}
440.0330 	EXP 	text_pause: autoDraw = False
440.0330 	EXP 	text_pause: autoDraw = False
440.0330 	EXP 	hor_line_precue: autoDraw = True
440.0330 	EXP 	ver_line_precue: autoDraw = True
442.0350 	EXP 	hor_line_precue: autoDraw = False
442.0350 	EXP 	ver_line_precue: autoDraw = False
442.0350 	EXP 	hor_line_precue: autoDraw = False
442.0350 	EXP 	ver_line_precue: autoDraw = False
442.0350 	EXP 	image_mi: image = 'pics/right_foot.JPG'
442.0350 	EXP 	image_mi: autoDraw = True
446.5395 	EXP 	image_mi: autoDraw = False
446.5395 	EXP 	image_mi: autoDraw = False
446.5395 	EXP 	text_pause: autoDraw = True
449.0268 	EXP 	New trial (rep=1, index=0): {'pic_name': 'pics/left_foot.JPG', 'class_mi': 'left_foot'}
449.0420 	EXP 	text_pause: autoDraw = False
449.0420 	EXP 	text_pause: autoDraw = False
449.0420 	EXP 	hor_line_precue: autoDraw = True
449.0420 	EXP 	ver_line_precue: autoDraw = True
451.0440 	EXP 	hor_line_precue: autoDraw = False
451.0440 	EXP 	ver_line_precue: autoDraw = False
451.0440 	EXP 	hor_line_precue: autoDraw = False
451.0440 	EXP 	ver_line_precue: autoDraw = False
451.0440 	EXP 	image_mi: image = 'pics/left_foot.JPG'
451.0440 	EXP 	image_mi: autoDraw = True
455.5484 	EXP 	image_mi: autoDraw = False
455.5484 	EXP 	image_mi: autoDraw = False
455.5484 	EXP 	text_pause: autoDraw = True
458.0359 	EXP 	New trial (rep=1, index=1): {'pic_name': 'pics/left_hand.JPG', 'class_mi': 'left_hand'}
458.0509 	EXP 	text_pause: autoDraw = False
458.0509 	EXP 	text_pause: autoDraw = False
458.0509 	EXP 	hor_line_precue: autoDraw = True
458.0509 	EXP 	ver_line_precue: autoDraw = True
460.0527 	EXP 	hor_line_precue: autoDraw = False
460.0527 	EXP 	ver_line_precue: autoDraw = False
460.0527 	EXP 	hor_line_precue: autoDraw = False
460.0527 	EXP 	ver_line_precue: autoDraw = False
460.0527 	EXP 	image_mi: image = 'pics/left_hand.JPG'
460.0527 	EXP 	image_mi: autoDraw = True
464.5574 	EXP 	image_mi: autoDraw = False
464.5574 	EXP 	image_mi: autoDraw = False
464.5574 	EXP 	text_pause: autoDraw = True
467.0447 	EXP 	New trial (rep=1, index=2): {'pic_name': 'pics/mental_singing.JPG', 'class_mi': 'mental_singing'}
467.0599 	EXP 	text_pause: autoDraw = False
467.0599 	EXP 	text_pause: autoDraw = False
467.0599 	EXP 	hor_line_precue: autoDraw = True
467.0599 	EXP 	ver_line_precue: autoDraw = True
469.0786 	EXP 	hor_line_precue: autoDraw = False
469.0786 	EXP 	ver_line_precue: autoDraw = False
469.0786 	EXP 	hor_line_precue: autoDraw = False
469.0786 	EXP 	ver_line_precue: autoDraw = False
469.0786 	EXP 	image_mi: image = 'pics/mental_singing.JPG'
469.0786 	EXP 	image_mi: autoDraw = True
473.5830 	EXP 	image_mi: autoDraw = False
473.5830 	EXP 	image_mi: autoDraw = False
473.5830 	EXP 	text_pause: autoDraw = True
476.0703 	EXP 	New trial (rep=1, index=3): {'pic_name': 'pics/right_foot.JPG', 'class_mi': 'right_foot'}
476.0853 	EXP 	text_pause: autoDraw = False
476.0853 	EXP 	text_pause: autoDraw = False
476.0853 	EXP 	hor_line_precue: autoDraw = True
476.0853 	EXP 	ver_line_precue: autoDraw = True
478.0876 	EXP 	hor_line_precue: autoDraw = False
478.0876 	EXP 	ver_line_precue: autoDraw = False
478.0876 	EXP 	hor_line_precue: autoDraw = False
478.0876 	EXP 	ver_line_precue: autoDraw = False
478.0876 	EXP 	image_mi: image = 'pics/right_foot.JPG'
478.0876 	EXP 	image_mi: autoDraw = True
482.5920 	EXP 	image_mi: autoDraw = False
482.5920 	EXP 	image_mi: autoDraw = False
482.5920 	EXP 	text_pause: autoDraw = True
485.0793 	EXP 	New trial (rep=2, index=0): {'pic_name': 'pics/right_foot.JPG', 'class_mi': 'right_foot'}
485.0944 	EXP 	text_pause: autoDraw = False
485.0944 	EXP 	text_pause: autoDraw = False
485.0944 	EXP 	hor_line_precue: autoDraw = True
485.0944 	EXP 	ver_line_precue: autoDraw = True
487.0964 	EXP 	hor_line_precue: autoDraw = False
487.0964 	EXP 	ver_line_precue: autoDraw = False
487.0964 	EXP 	hor_line_precue: autoDraw = False
487.0964 	EXP 	ver_line_precue: autoDraw = False
487.0964 	EXP 	image_mi: image = 'pics/right_foot.JPG'
487.0964 	EXP 	image_mi: autoDraw = True
491.6010 	EXP 	image_mi: autoDraw = False
491.6010 	EXP 	image_mi: autoDraw = False
491.6010 	EXP 	text_pause: autoDraw = True
494.0881 	EXP 	New trial (rep=2, index=1): {'pic_name': 'pics/mental_singing.JPG', 'class_mi': 'mental_singing'}
494.1035 	EXP 	text_pause: autoDraw = False
494.1035 	EXP 	text_pause: autoDraw = False
494.1035 	EXP 	hor_line_precue: autoDraw = True
494.1035 	EXP 	ver_line_precue: autoDraw = True
496.1221 	EXP 	hor_line_precue: autoDraw = False
496.1221 	EXP 	ver_line_precue: autoDraw = False
496.1221 	EXP 	hor_line_precue: autoDraw = False
496.1221 	EXP 	ver_line_precue: autoDraw = False
496.1221 	EXP 	image_mi: image = 'pics/mental_singing.JPG'
496.1221 	EXP 	image_mi: autoDraw = True
500.6266 	EXP 	image_mi: autoDraw = False
500.6266 	EXP 	image_mi: autoDraw = False
500.6266 	EXP 	text_pause: autoDraw = True
503.1142 	EXP 	New trial (rep=2, index=2): {'pic_name': 'pics/left_hand.JPG', 'class_mi': 'left_hand'}
503.1290 	EXP 	text_pause: autoDraw = False
503.1290 	EXP 	text_pause: autoDraw = False
503.1290 	EXP 	hor_line_precue: autoDraw = True
503.1290 	EXP 	ver_line_precue: autoDraw = True
505.1313 	EXP 	hor_line_precue: autoDraw = False
505.1313 	EXP 	ver_line_precue: autoDraw = False
505.1313 	EXP 	hor_line_precue: autoDraw = False
505.1313 	EXP 	ver_line_precue: autoDraw = False
505.1313 	EXP 	image_mi: image = 'pics/left_hand.JPG'
505.1313 	EXP 	image_mi: autoDraw = True
509.6355 	EXP 	image_mi: autoDraw = False
509.6355 	EXP 	image_mi: autoDraw = False
509.6355 	EXP 	text_pause: autoDraw = True
512.1229 	EXP 	New trial (rep=2, index=3): {'pic_name': 'pics/left_foot.JPG', 'class_mi': 'left_foot'}
512.1380 	EXP 	text_pause: autoDraw = False
512.1380 	EXP 	text_pause: autoDraw = False
512.1380 	EXP 	hor_line_precue: autoDraw = True
512.1380 	EXP 	ver_line_precue: autoDraw = True
514.1400 	EXP 	hor_line_precue: autoDraw = False
514.1400 	EXP 	ver_line_precue: autoDraw = False
514.1400 	EXP 	hor_line_precue: autoDraw = False
514.1400 	EXP 	ver_line_precue: autoDraw = False
514.1400 	EXP 	image_mi: image = 'pics/left_foot.JPG'
514.1400 	EXP 	image_mi: autoDraw = True
518.6445 	EXP 	image_mi: autoDraw = False
518.6445 	EXP 	image_mi: autoDraw = False
518.6445 	EXP 	text_pause: autoDraw = True
521.1319 	EXP 	New trial (rep=3, index=0): {'pic_name': 'pics/left_hand.JPG', 'class_mi': 'left_hand'}
521.1469 	EXP 	text_pause: autoDraw = False
521.1469 	EXP 	text_pause: autoDraw = False
521.1469 	EXP 	hor_line_precue: autoDraw = True
521.1469 	EXP 	ver_line_precue: autoDraw = True
523.1490 	EXP 	hor_line_precue: autoDraw = False
523.1490 	EXP 	ver_line_precue: autoDraw = False
523.1490 	EXP 	hor_line_precue: autoDraw = False
523.1490 	EXP 	ver_line_precue: autoDraw = False
523.1490 	EXP 	image_mi: image = 'pics/left_hand.JPG'
523.1490 	EXP 	image_mi: autoDraw = True
527.6534 	EXP 	image_mi: autoDraw = False
527.6534 	EXP 	image_mi: autoDraw = False
527.6534 	EXP 	text_pause: autoDraw = True
530.1407 	EXP 	New trial (rep=3, index=1): {'pic_name': 'pics/mental_singing.JPG', 'class_mi': 'mental_singing'}
530.1559 	EXP 	text_pause: autoDraw = False
530.1559 	EXP 	text_pause: autoDraw = False
530.1559 	EXP 	hor_line_precue: autoDraw = True
530.1559 	EXP 	ver_line_precue: autoDraw = True
532.1746 	EXP 	hor_line_precue: autoDraw = False
532.1746 	EXP 	ver_line_precue: autoDraw = False
532.1746 	EXP 	hor_line_precue: autoDraw = False
532.1746 	EXP 	ver_line_precue: autoDraw = False
532.1746 	EXP 	image_mi: image = 'pics/mental_singing.JPG'
532.1746 	EXP 	image_mi: autoDraw = True
536.6791 	EXP 	image_mi: autoDraw = False
536.6791 	EXP 	image_mi: autoDraw = False
536.6791 	EXP 	text_pause: autoDraw = True
539.1665 	EXP 	New trial (rep=3, index=2): {'pic_name': 'pics/left_hand.JPG', 'class_mi': 'left_hand'}
539.1816 	EXP 	text_pause: autoDraw = False
539.1816 	EXP 	text_pause: autoDraw = False
539.1816 	EXP 	hor_line_precue: autoDraw = True
539.1816 	EXP 	ver_line_precue: autoDraw = True
541.1833 	EXP 	hor_line_precue: autoDraw = False
541.1833 	EXP 	ver_line_precue: autoDraw = False
541.1833 	EXP 	hor_line_precue: autoDraw = False
541.1833 	EXP 	ver_line_precue: autoDraw = False
541.1833 	EXP 	image_mi: image = 'pics/left_hand.JPG'
541.1833 	EXP 	image_mi: autoDraw = True
545.6880 	EXP 	image_mi: autoDraw = False
545.6880 	EXP 	image_mi: autoDraw = False
545.6880 	EXP 	text_pause: autoDraw = True
548.1752 	EXP 	New trial (rep=3, index=3): {'pic_name': 'pics/left_foot.JPG', 'class_mi': 'left_foot'}
548.1905 	EXP 	text_pause: autoDraw = False
548.1905 	EXP 	text_pause: autoDraw = False
548.1905 	EXP 	hor_line_precue: autoDraw = True
548.1905 	EXP 	ver_line_precue: autoDraw = True
550.1925 	EXP 	hor_line_precue: autoDraw = False
550.1925 	EXP 	ver_line_precue: autoDraw = False
550.1925 	EXP 	hor_line_precue: autoDraw = False
550.1925 	EXP 	ver_line_precue: autoDraw = False
550.1925 	EXP 	image_mi: image = 'pics/left_foot.JPG'
550.1925 	EXP 	image_mi: autoDraw = True
554.6970 	EXP 	image_mi: autoDraw = False
554.6970 	EXP 	image_mi: autoDraw = False
554.6970 	EXP 	text_pause: autoDraw = True
557.1843 	EXP 	New trial (rep=4, index=0): {'pic_name': 'pics/right_foot.JPG', 'class_mi': 'right_foot'}
557.1993 	EXP 	text_pause: autoDraw = False
557.1993 	EXP 	text_pause: autoDraw = False
557.1993 	EXP 	hor_line_precue: autoDraw = True
557.1993 	EXP 	ver_line_precue: autoDraw = True
559.2015 	EXP 	hor_line_precue: autoDraw = False
559.2015 	EXP 	ver_line_precue: autoDraw = False
559.2015 	EXP 	hor_line_precue: autoDraw = False
559.2015 	EXP 	ver_line_precue: autoDraw = False
559.2015 	EXP 	image_mi: image = 'pics/right_foot.JPG'
559.2015 	EXP 	image_mi: autoDraw = True
563.7059 	EXP 	image_mi: autoDraw = False
563.7059 	EXP 	image_mi: autoDraw = False
563.7059 	EXP 	text_pause: autoDraw = True
566.1930 	EXP 	New trial (rep=4, index=1): {'pic_name': 'pics/left_foot.JPG', 'class_mi': 'left_foot'}
566.2084 	EXP 	text_pause: autoDraw = False
566.2084 	EXP 	text_pause: autoDraw = False
566.2084 	EXP 	hor_line_precue: autoDraw = True
566.2084 	EXP 	ver_line_precue: autoDraw = True
568.2104 	EXP 	hor_line_precue: autoDraw = False
568.2104 	EXP 	ver_line_precue: autoDraw = False
568.2104 	EXP 	hor_line_precue: autoDraw = False
568.2104 	EXP 	ver_line_precue: autoDraw = False
568.2104 	EXP 	image_mi: image = 'pics/left_foot.JPG'
568.2104 	EXP 	image_mi: autoDraw = True
572.7149 	EXP 	image_mi: autoDraw = False
572.7149 	EXP 	image_mi: autoDraw = False
572.7149 	EXP 	text_pause: autoDraw = True
575.2023 	EXP 	New trial (rep=4, index=2): {'pic_name': 'pics/left_foot.JPG', 'class_mi': 'left_foot'}
575.2173 	EXP 	text_pause: autoDraw = False
575.2173 	EXP 	text_pause: autoDraw = False
575.2173 	EXP 	hor_line_precue: autoDraw = True
575.2173 	EXP 	ver_line_precue: autoDraw = True
577.2193 	EXP 	hor_line_precue: autoDraw = False
577.2193 	EXP 	ver_line_precue: autoDraw = False
577.2193 	EXP 	hor_line_precue: autoDraw = False
577.2193 	EXP 	ver_line_precue: autoDraw = False
577.2193 	EXP 	image_mi: image = 'pics/left_foot.JPG'
577.2193 	EXP 	image_mi: autoDraw = True
581.7239 	EXP 	image_mi: autoDraw = False
581.7239 	EXP 	image_mi: autoDraw = False
581.7239 	EXP 	text_pause: autoDraw = True
584.2111 	EXP 	New trial (rep=4, index=3): {'pic_name': 'pics/left_hand.JPG', 'class_mi': 'left_hand'}
584.2263 	EXP 	text_pause: autoDraw = False
584.2263 	EXP 	text_pause: autoDraw = False
584.2263 	EXP 	hor_line_precue: autoDraw = True
584.2263 	EXP 	ver_line_precue: autoDraw = True
586.2283 	EXP 	hor_line_precue: autoDraw = False
586.2283 	EXP 	ver_line_precue: autoDraw = False
586.2283 	EXP 	hor_line_precue: autoDraw = False
586.2283 	EXP 	ver_line_precue: autoDraw = False
586.2283 	EXP 	image_mi: image = 'pics/left_hand.JPG'
586.2283 	EXP 	image_mi: autoDraw = True
590.7327 	EXP 	image_mi: autoDraw = False
590.7327 	EXP 	image_mi: autoDraw = False
590.7327 	EXP 	text_pause: autoDraw = True
593.2352 	EXP 	text_pause: autoDraw = False
593.2352 	EXP 	text_pause: autoDraw = False
593.2352 	EXP 	text: autoDraw = True
706.9358 	DATA 	Mouse: Left button down, pos=(362,500)
707.0192 	DATA 	Mouse:  Left button up, pos=(362,500)
709.8037 	EXP 	New trial (rep=2, index=0): None
709.8070 	DATA 	Keypress: space
709.8177 	EXP 	text: autoDraw = False
709.8177 	EXP 	text_2: autoDraw = True
712.8170 	EXP 	Imported classes.xlsx as conditions, 4 conditions, 2 params
712.8178 	EXP 	Created sequence: fullRandom, trialTypes=4, nReps=5, seed=None
712.8182 	EXP 	New trial (rep=0, index=0): {'pic_name': 'pics/right_foot.JPG', 'class_mi': 'right_foot'}
712.8374 	EXP 	text_2: autoDraw = False
712.8374 	EXP 	hor_line_precue: autoDraw = True
712.8374 	EXP 	ver_line_precue: autoDraw = True
714.8394 	EXP 	hor_line_precue: autoDraw = False
714.8394 	EXP 	ver_line_precue: autoDraw = False
714.8394 	EXP 	hor_line_precue: autoDraw = False
714.8394 	EXP 	ver_line_precue: autoDraw = False
714.8394 	EXP 	image_mi: image = 'pics/right_foot.JPG'
714.8394 	EXP 	image_mi: autoDraw = True
719.3439 	EXP 	image_mi: autoDraw = False
719.3439 	EXP 	image_mi: autoDraw = False
719.3439 	EXP 	text_pause: autoDraw = True
721.8313 	EXP 	New trial (rep=0, index=1): {'pic_name': 'pics/left_foot.JPG', 'class_mi': 'left_foot'}
721.8463 	EXP 	text_pause: autoDraw = False
721.8463 	EXP 	text_pause: autoDraw = False
721.8463 	EXP 	hor_line_precue: autoDraw = True
721.8463 	EXP 	ver_line_precue: autoDraw = True
723.8484 	EXP 	hor_line_precue: autoDraw = False
723.8484 	EXP 	ver_line_precue: autoDraw = False
723.8484 	EXP 	hor_line_precue: autoDraw = False
723.8484 	EXP 	ver_line_precue: autoDraw = False
723.8484 	EXP 	image_mi: image = 'pics/left_foot.JPG'
723.8484 	EXP 	image_mi: autoDraw = True
728.3529 	EXP 	image_mi: autoDraw = False
728.3529 	EXP 	image_mi: autoDraw = False
728.3529 	EXP 	text_pause: autoDraw = True
730.8401 	EXP 	New trial (rep=0, index=2): {'pic_name': 'pics/left_hand.JPG', 'class_mi': 'left_hand'}
730.8553 	EXP 	text_pause: autoDraw = False
730.8553 	EXP 	text_pause: autoDraw = False
730.8553 	EXP 	hor_line_precue: autoDraw = True
730.8553 	EXP 	ver_line_precue: autoDraw = True
732.8573 	EXP 	hor_line_precue: autoDraw = False
732.8573 	EXP 	ver_line_precue: autoDraw = False
732.8573 	EXP 	hor_line_precue: autoDraw = False
732.8573 	EXP 	ver_line_precue: autoDraw = False
732.8573 	EXP 	image_mi: image = 'pics/left_hand.JPG'
732.8573 	EXP 	image_mi: autoDraw = True
737.3616 	EXP 	image_mi: autoDraw = False
737.3616 	EXP 	image_mi: autoDraw = False
737.3616 	EXP 	text_pause: autoDraw = True
739.8492 	EXP 	New trial (rep=0, index=3): {'pic_name': 'pics/left_foot.JPG', 'class_mi': 'left_foot'}
739.8642 	EXP 	text_pause: autoDraw = False
739.8642 	EXP 	text_pause: autoDraw = False
739.8642 	EXP 	hor_line_precue: autoDraw = True
739.8642 	EXP 	ver_line_precue: autoDraw = True
741.8663 	EXP 	hor_line_precue: autoDraw = False
741.8663 	EXP 	ver_line_precue: autoDraw = False
741.8663 	EXP 	hor_line_precue: autoDraw = False
741.8663 	EXP 	ver_line_precue: autoDraw = False
741.8663 	EXP 	image_mi: image = 'pics/left_foot.JPG'
741.8663 	EXP 	image_mi: autoDraw = True
746.3707 	EXP 	image_mi: autoDraw = False
746.3707 	EXP 	image_mi: autoDraw = False
746.3707 	EXP 	text_pause: autoDraw = True
748.8581 	EXP 	New trial (rep=1, index=0): {'pic_name': 'pics/left_hand.JPG', 'class_mi': 'left_hand'}
748.8732 	EXP 	text_pause: autoDraw = False
748.8732 	EXP 	text_pause: autoDraw = False
748.8732 	EXP 	hor_line_precue: autoDraw = True
748.8732 	EXP 	ver_line_precue: autoDraw = True
750.8752 	EXP 	hor_line_precue: autoDraw = False
750.8752 	EXP 	ver_line_precue: autoDraw = False
750.8752 	EXP 	hor_line_precue: autoDraw = False
750.8752 	EXP 	ver_line_precue: autoDraw = False
750.8752 	EXP 	image_mi: image = 'pics/left_hand.JPG'
750.8752 	EXP 	image_mi: autoDraw = True
755.3797 	EXP 	image_mi: autoDraw = False
755.3797 	EXP 	image_mi: autoDraw = False
755.3797 	EXP 	text_pause: autoDraw = True
757.8670 	EXP 	New trial (rep=1, index=1): {'pic_name': 'pics/left_hand.JPG', 'class_mi': 'left_hand'}
757.8822 	EXP 	text_pause: autoDraw = False
757.8822 	EXP 	text_pause: autoDraw = False
757.8822 	EXP 	hor_line_precue: autoDraw = True
757.8822 	EXP 	ver_line_precue: autoDraw = True
759.8841 	EXP 	hor_line_precue: autoDraw = False
759.8841 	EXP 	ver_line_precue: autoDraw = False
759.8841 	EXP 	hor_line_precue: autoDraw = False
759.8841 	EXP 	ver_line_precue: autoDraw = False
759.8841 	EXP 	image_mi: image = 'pics/left_hand.JPG'
759.8841 	EXP 	image_mi: autoDraw = True
764.3886 	EXP 	image_mi: autoDraw = False
764.3886 	EXP 	image_mi: autoDraw = False
764.3886 	EXP 	text_pause: autoDraw = True
766.8761 	EXP 	New trial (rep=1, index=2): {'pic_name': 'pics/mental_singing.JPG', 'class_mi': 'mental_singing'}
766.8911 	EXP 	text_pause: autoDraw = False
766.8911 	EXP 	text_pause: autoDraw = False
766.8911 	EXP 	hor_line_precue: autoDraw = True
766.8911 	EXP 	ver_line_precue: autoDraw = True
768.9098 	EXP 	hor_line_precue: autoDraw = False
768.9098 	EXP 	ver_line_precue: autoDraw = False
768.9098 	EXP 	hor_line_precue: autoDraw = False
768.9098 	EXP 	ver_line_precue: autoDraw = False
768.9098 	EXP 	image_mi: image = 'pics/mental_singing.JPG'
768.9098 	EXP 	image_mi: autoDraw = True
773.4143 	EXP 	image_mi: autoDraw = False
773.4143 	EXP 	image_mi: autoDraw = False
773.4143 	EXP 	text_pause: autoDraw = True
775.9015 	EXP 	New trial (rep=1, index=3): {'pic_name': 'pics/right_foot.JPG', 'class_mi': 'right_foot'}
775.9168 	EXP 	text_pause: autoDraw = False
775.9168 	EXP 	text_pause: autoDraw = False
775.9168 	EXP 	hor_line_precue: autoDraw = True
775.9168 	EXP 	ver_line_precue: autoDraw = True
777.9187 	EXP 	hor_line_precue: autoDraw = False
777.9187 	EXP 	ver_line_precue: autoDraw = False
777.9187 	EXP 	hor_line_precue: autoDraw = False
777.9187 	EXP 	ver_line_precue: autoDraw = False
777.9187 	EXP 	image_mi: image = 'pics/right_foot.JPG'
777.9187 	EXP 	image_mi: autoDraw = True
782.4232 	EXP 	image_mi: autoDraw = False
782.4232 	EXP 	image_mi: autoDraw = False
782.4232 	EXP 	text_pause: autoDraw = True
784.9106 	EXP 	New trial (rep=2, index=0): {'pic_name': 'pics/mental_singing.JPG', 'class_mi': 'mental_singing'}
784.9257 	EXP 	text_pause: autoDraw = False
784.9257 	EXP 	text_pause: autoDraw = False
784.9257 	EXP 	hor_line_precue: autoDraw = True
784.9257 	EXP 	ver_line_precue: autoDraw = True
786.9443 	EXP 	hor_line_precue: autoDraw = False
786.9443 	EXP 	ver_line_precue: autoDraw = False
786.9443 	EXP 	hor_line_precue: autoDraw = False
786.9443 	EXP 	ver_line_precue: autoDraw = False
786.9443 	EXP 	image_mi: image = 'pics/mental_singing.JPG'
786.9443 	EXP 	image_mi: autoDraw = True
791.4489 	EXP 	image_mi: autoDraw = False
791.4489 	EXP 	image_mi: autoDraw = False
791.4489 	EXP 	text_pause: autoDraw = True
793.9363 	EXP 	New trial (rep=2, index=1): {'pic_name': 'pics/left_hand.JPG', 'class_mi': 'left_hand'}
793.9514 	EXP 	text_pause: autoDraw = False
793.9514 	EXP 	text_pause: autoDraw = False
793.9514 	EXP 	hor_line_precue: autoDraw = True
793.9514 	EXP 	ver_line_precue: autoDraw = True
795.9533 	EXP 	hor_line_precue: autoDraw = False
795.9533 	EXP 	ver_line_precue: autoDraw = False
795.9533 	EXP 	hor_line_precue: autoDraw = False
795.9533 	EXP 	ver_line_precue: autoDraw = False
795.9533 	EXP 	image_mi: image = 'pics/left_hand.JPG'
795.9533 	EXP 	image_mi: autoDraw = True
800.4579 	EXP 	image_mi: autoDraw = False
800.4579 	EXP 	image_mi: autoDraw = False
800.4579 	EXP 	text_pause: autoDraw = True
802.9452 	EXP 	New trial (rep=2, index=2): {'pic_name': 'pics/right_foot.JPG', 'class_mi': 'right_foot'}
802.9602 	EXP 	text_pause: autoDraw = False
802.9602 	EXP 	text_pause: autoDraw = False
802.9602 	EXP 	hor_line_precue: autoDraw = True
802.9602 	EXP 	ver_line_precue: autoDraw = True
804.9622 	EXP 	hor_line_precue: autoDraw = False
804.9622 	EXP 	ver_line_precue: autoDraw = False
804.9622 	EXP 	hor_line_precue: autoDraw = False
804.9622 	EXP 	ver_line_precue: autoDraw = False
804.9622 	EXP 	image_mi: image = 'pics/right_foot.JPG'
804.9622 	EXP 	image_mi: autoDraw = True
809.4668 	EXP 	image_mi: autoDraw = False
809.4668 	EXP 	image_mi: autoDraw = False
809.4668 	EXP 	text_pause: autoDraw = True
811.9541 	EXP 	New trial (rep=2, index=3): {'pic_name': 'pics/right_foot.JPG', 'class_mi': 'right_foot'}
811.9692 	EXP 	text_pause: autoDraw = False
811.9692 	EXP 	text_pause: autoDraw = False
811.9692 	EXP 	hor_line_precue: autoDraw = True
811.9692 	EXP 	ver_line_precue: autoDraw = True
813.9712 	EXP 	hor_line_precue: autoDraw = False
813.9712 	EXP 	ver_line_precue: autoDraw = False
813.9712 	EXP 	hor_line_precue: autoDraw = False
813.9712 	EXP 	ver_line_precue: autoDraw = False
813.9712 	EXP 	image_mi: image = 'pics/right_foot.JPG'
813.9712 	EXP 	image_mi: autoDraw = True
818.4755 	EXP 	image_mi: autoDraw = False
818.4755 	EXP 	image_mi: autoDraw = False
818.4755 	EXP 	text_pause: autoDraw = True
820.9630 	EXP 	New trial (rep=3, index=0): {'pic_name': 'pics/mental_singing.JPG', 'class_mi': 'mental_singing'}
820.9782 	EXP 	text_pause: autoDraw = False
820.9782 	EXP 	text_pause: autoDraw = False
820.9782 	EXP 	hor_line_precue: autoDraw = True
820.9782 	EXP 	ver_line_precue: autoDraw = True
822.9969 	EXP 	hor_line_precue: autoDraw = False
822.9969 	EXP 	ver_line_precue: autoDraw = False
822.9969 	EXP 	hor_line_precue: autoDraw = False
822.9969 	EXP 	ver_line_precue: autoDraw = False
822.9969 	EXP 	image_mi: image = 'pics/mental_singing.JPG'
822.9969 	EXP 	image_mi: autoDraw = True
827.5014 	EXP 	image_mi: autoDraw = False
827.5014 	EXP 	image_mi: autoDraw = False
827.5014 	EXP 	text_pause: autoDraw = True
829.9887 	EXP 	New trial (rep=3, index=1): {'pic_name': 'pics/right_foot.JPG', 'class_mi': 'right_foot'}
830.0038 	EXP 	text_pause: autoDraw = False
830.0038 	EXP 	text_pause: autoDraw = False
830.0038 	EXP 	hor_line_precue: autoDraw = True
830.0038 	EXP 	ver_line_precue: autoDraw = True
832.0058 	EXP 	hor_line_precue: autoDraw = False
832.0058 	EXP 	ver_line_precue: autoDraw = False
832.0058 	EXP 	hor_line_precue: autoDraw = False
832.0058 	EXP 	ver_line_precue: autoDraw = False
832.0058 	EXP 	image_mi: image = 'pics/right_foot.JPG'
832.0058 	EXP 	image_mi: autoDraw = True
836.5103 	EXP 	image_mi: autoDraw = False
836.5103 	EXP 	image_mi: autoDraw = False
836.5103 	EXP 	text_pause: autoDraw = True
838.9976 	EXP 	New trial (rep=3, index=2): {'pic_name': 'pics/left_foot.JPG', 'class_mi': 'left_foot'}
839.0129 	EXP 	text_pause: autoDraw = False
839.0129 	EXP 	text_pause: autoDraw = False
839.0129 	EXP 	hor_line_precue: autoDraw = True
839.0129 	EXP 	ver_line_precue: autoDraw = True
841.0147 	EXP 	hor_line_precue: autoDraw = False
841.0147 	EXP 	ver_line_precue: autoDraw = False
841.0147 	EXP 	hor_line_precue: autoDraw = False
841.0147 	EXP 	ver_line_precue: autoDraw = False
841.0147 	EXP 	image_mi: image = 'pics/left_foot.JPG'
841.0147 	EXP 	image_mi: autoDraw = True
845.5193 	EXP 	image_mi: autoDraw = False
845.5193 	EXP 	image_mi: autoDraw = False
845.5193 	EXP 	text_pause: autoDraw = True
848.0066 	EXP 	New trial (rep=3, index=3): {'pic_name': 'pics/mental_singing.JPG', 'class_mi': 'mental_singing'}
848.0218 	EXP 	text_pause: autoDraw = False
848.0218 	EXP 	text_pause: autoDraw = False
848.0218 	EXP 	hor_line_precue: autoDraw = True
848.0218 	EXP 	ver_line_precue: autoDraw = True
850.0405 	EXP 	hor_line_precue: autoDraw = False
850.0405 	EXP 	ver_line_precue: autoDraw = False
850.0405 	EXP 	hor_line_precue: autoDraw = False
850.0405 	EXP 	ver_line_precue: autoDraw = False
850.0405 	EXP 	image_mi: image = 'pics/mental_singing.JPG'
850.0405 	EXP 	image_mi: autoDraw = True
854.5449 	EXP 	image_mi: autoDraw = False
854.5449 	EXP 	image_mi: autoDraw = False
854.5449 	EXP 	text_pause: autoDraw = True
857.0322 	EXP 	New trial (rep=4, index=0): {'pic_name': 'pics/left_foot.JPG', 'class_mi': 'left_foot'}
857.0475 	EXP 	text_pause: autoDraw = False
857.0475 	EXP 	text_pause: autoDraw = False
857.0475 	EXP 	hor_line_precue: autoDraw = True
857.0475 	EXP 	ver_line_precue: autoDraw = True
859.0494 	EXP 	hor_line_precue: autoDraw = False
859.0494 	EXP 	ver_line_precue: autoDraw = False
859.0494 	EXP 	hor_line_precue: autoDraw = False
859.0494 	EXP 	ver_line_precue: autoDraw = False
859.0494 	EXP 	image_mi: image = 'pics/left_foot.JPG'
859.0494 	EXP 	image_mi: autoDraw = True
863.5538 	EXP 	image_mi: autoDraw = False
863.5538 	EXP 	image_mi: autoDraw = False
863.5538 	EXP 	text_pause: autoDraw = True
866.0413 	EXP 	New trial (rep=4, index=1): {'pic_name': 'pics/left_foot.JPG', 'class_mi': 'left_foot'}
866.0563 	EXP 	text_pause: autoDraw = False
866.0563 	EXP 	text_pause: autoDraw = False
866.0563 	EXP 	hor_line_precue: autoDraw = True
866.0563 	EXP 	ver_line_precue: autoDraw = True
868.0583 	EXP 	hor_line_precue: autoDraw = False
868.0583 	EXP 	ver_line_precue: autoDraw = False
868.0583 	EXP 	hor_line_precue: autoDraw = False
868.0583 	EXP 	ver_line_precue: autoDraw = False
868.0583 	EXP 	image_mi: image = 'pics/left_foot.JPG'
868.0583 	EXP 	image_mi: autoDraw = True
872.5628 	EXP 	image_mi: autoDraw = False
872.5628 	EXP 	image_mi: autoDraw = False
872.5628 	EXP 	text_pause: autoDraw = True
875.0504 	EXP 	New trial (rep=4, index=2): {'pic_name': 'pics/left_hand.JPG', 'class_mi': 'left_hand'}
875.0653 	EXP 	text_pause: autoDraw = False
875.0653 	EXP 	text_pause: autoDraw = False
875.0653 	EXP 	hor_line_precue: autoDraw = True
875.0653 	EXP 	ver_line_precue: autoDraw = True
877.0673 	EXP 	hor_line_precue: autoDraw = False
877.0673 	EXP 	ver_line_precue: autoDraw = False
877.0673 	EXP 	hor_line_precue: autoDraw = False
877.0673 	EXP 	ver_line_precue: autoDraw = False
877.0673 	EXP 	image_mi: image = 'pics/left_hand.JPG'
877.0673 	EXP 	image_mi: autoDraw = True
881.5717 	EXP 	image_mi: autoDraw = False
881.5717 	EXP 	image_mi: autoDraw = False
881.5717 	EXP 	text_pause: autoDraw = True
884.0591 	EXP 	New trial (rep=4, index=3): {'pic_name': 'pics/mental_singing.JPG', 'class_mi': 'mental_singing'}
884.0741 	EXP 	text_pause: autoDraw = False
884.0741 	EXP 	text_pause: autoDraw = False
884.0741 	EXP 	hor_line_precue: autoDraw = True
884.0741 	EXP 	ver_line_precue: autoDraw = True
886.0929 	EXP 	hor_line_precue: autoDraw = False
886.0929 	EXP 	ver_line_precue: autoDraw = False
886.0929 	EXP 	hor_line_precue: autoDraw = False
886.0929 	EXP 	ver_line_precue: autoDraw = False
886.0929 	EXP 	image_mi: image = 'pics/mental_singing.JPG'
886.0929 	EXP 	image_mi: autoDraw = True
890.5974 	EXP 	image_mi: autoDraw = False
890.5974 	EXP 	image_mi: autoDraw = False
890.5974 	EXP 	text_pause: autoDraw = True
893.0999 	EXP 	text_pause: autoDraw = False
893.0999 	EXP 	text_pause: autoDraw = False
893.0999 	EXP 	text: autoDraw = True
1123.3510 	DATA 	Mouse: Left button down, pos=(240,513)
1123.5000 	DATA 	Mouse:  Left button up, pos=(240,513)
1124.5161 	EXP 	New trial (rep=3, index=0): None
1124.5196 	DATA 	Keypress: space
1124.5298 	EXP 	text: autoDraw = False
1124.5298 	EXP 	text_2: autoDraw = True
1127.5323 	EXP 	Imported classes.xlsx as conditions, 4 conditions, 2 params
1127.5332 	EXP 	Created sequence: fullRandom, trialTypes=4, nReps=5, seed=None
1127.5336 	EXP 	New trial (rep=0, index=0): {'pic_name': 'pics/right_foot.JPG', 'class_mi': 'right_foot'}
1127.5495 	EXP 	text_2: autoDraw = False
1127.5495 	EXP 	hor_line_precue: autoDraw = True
1127.5495 	EXP 	ver_line_precue: autoDraw = True
1129.5518 	EXP 	hor_line_precue: autoDraw = False
1129.5518 	EXP 	ver_line_precue: autoDraw = False
1129.5518 	EXP 	hor_line_precue: autoDraw = False
1129.5518 	EXP 	ver_line_precue: autoDraw = False
1129.5518 	EXP 	image_mi: image = 'pics/right_foot.JPG'
1129.5518 	EXP 	image_mi: autoDraw = True
1134.0559 	EXP 	image_mi: autoDraw = False
1134.0559 	EXP 	image_mi: autoDraw = False
1134.0559 	EXP 	text_pause: autoDraw = True
1136.5432 	EXP 	New trial (rep=0, index=1): {'pic_name': 'pics/right_foot.JPG', 'class_mi': 'right_foot'}
1136.5585 	EXP 	text_pause: autoDraw = False
1136.5585 	EXP 	text_pause: autoDraw = False
1136.5585 	EXP 	hor_line_precue: autoDraw = True
1136.5585 	EXP 	ver_line_precue: autoDraw = True
1138.5604 	EXP 	hor_line_precue: autoDraw = False
1138.5604 	EXP 	ver_line_precue: autoDraw = False
1138.5604 	EXP 	hor_line_precue: autoDraw = False
1138.5604 	EXP 	ver_line_precue: autoDraw = False
1138.5604 	EXP 	image_mi: image = 'pics/right_foot.JPG'
1138.5604 	EXP 	image_mi: autoDraw = True
1143.0650 	EXP 	image_mi: autoDraw = False
1143.0650 	EXP 	image_mi: autoDraw = False
1143.0650 	EXP 	text_pause: autoDraw = True
1145.5522 	EXP 	New trial (rep=0, index=2): {'pic_name': 'pics/left_foot.JPG', 'class_mi': 'left_foot'}
1145.5674 	EXP 	text_pause: autoDraw = False
1145.5674 	EXP 	text_pause: autoDraw = False
1145.5674 	EXP 	hor_line_precue: autoDraw = True
1145.5674 	EXP 	ver_line_precue: autoDraw = True
1147.5694 	EXP 	hor_line_precue: autoDraw = False
1147.5694 	EXP 	ver_line_precue: autoDraw = False
1147.5694 	EXP 	hor_line_precue: autoDraw = False
1147.5694 	EXP 	ver_line_precue: autoDraw = False
1147.5694 	EXP 	image_mi: image = 'pics/left_foot.JPG'
1147.5694 	EXP 	image_mi: autoDraw = True
1152.0739 	EXP 	image_mi: autoDraw = False
1152.0739 	EXP 	image_mi: autoDraw = False
1152.0739 	EXP 	text_pause: autoDraw = True
1154.5612 	EXP 	New trial (rep=0, index=3): {'pic_name': 'pics/mental_singing.JPG', 'class_mi': 'mental_singing'}
1154.5763 	EXP 	text_pause: autoDraw = False
1154.5763 	EXP 	text_pause: autoDraw = False
1154.5763 	EXP 	hor_line_precue: autoDraw = True
1154.5763 	EXP 	ver_line_precue: autoDraw = True
1156.5950 	EXP 	hor_line_precue: autoDraw = False
1156.5950 	EXP 	ver_line_precue: autoDraw = False
1156.5950 	EXP 	hor_line_precue: autoDraw = False
1156.5950 	EXP 	ver_line_precue: autoDraw = False
1156.5950 	EXP 	image_mi: image = 'pics/mental_singing.JPG'
1156.5950 	EXP 	image_mi: autoDraw = True
1161.0992 	EXP 	image_mi: autoDraw = False
1161.0992 	EXP 	image_mi: autoDraw = False
1161.0992 	EXP 	text_pause: autoDraw = True
1163.5866 	EXP 	New trial (rep=1, index=0): {'pic_name': 'pics/left_hand.JPG', 'class_mi': 'left_hand'}
1163.6021 	EXP 	text_pause: autoDraw = False
1163.6021 	EXP 	text_pause: autoDraw = False
1163.6021 	EXP 	hor_line_precue: autoDraw = True
1163.6021 	EXP 	ver_line_precue: autoDraw = True
1165.6040 	EXP 	hor_line_precue: autoDraw = False
1165.6040 	EXP 	ver_line_precue: autoDraw = False
1165.6040 	EXP 	hor_line_precue: autoDraw = False
1165.6040 	EXP 	ver_line_precue: autoDraw = False
1165.6040 	EXP 	image_mi: image = 'pics/left_hand.JPG'
1165.6040 	EXP 	image_mi: autoDraw = True
1170.1085 	EXP 	image_mi: autoDraw = False
1170.1085 	EXP 	image_mi: autoDraw = False
1170.1085 	EXP 	text_pause: autoDraw = True
1172.5958 	EXP 	New trial (rep=1, index=1): {'pic_name': 'pics/mental_singing.JPG', 'class_mi': 'mental_singing'}
1172.6109 	EXP 	text_pause: autoDraw = False
1172.6109 	EXP 	text_pause: autoDraw = False
1172.6109 	EXP 	hor_line_precue: autoDraw = True
1172.6109 	EXP 	ver_line_precue: autoDraw = True
1174.6296 	EXP 	hor_line_precue: autoDraw = False
1174.6296 	EXP 	ver_line_precue: autoDraw = False
1174.6296 	EXP 	hor_line_precue: autoDraw = False
1174.6296 	EXP 	ver_line_precue: autoDraw = False
1174.6296 	EXP 	image_mi: image = 'pics/mental_singing.JPG'
1174.6296 	EXP 	image_mi: autoDraw = True
1179.1341 	EXP 	image_mi: autoDraw = False
1179.1341 	EXP 	image_mi: autoDraw = False
1179.1341 	EXP 	text_pause: autoDraw = True
1181.6214 	EXP 	New trial (rep=1, index=2): {'pic_name': 'pics/left_hand.JPG', 'class_mi': 'left_hand'}
1181.6366 	EXP 	text_pause: autoDraw = False
1181.6366 	EXP 	text_pause: autoDraw = False
1181.6366 	EXP 	hor_line_precue: autoDraw = True
1181.6366 	EXP 	ver_line_precue: autoDraw = True
1183.6385 	EXP 	hor_line_precue: autoDraw = False
1183.6385 	EXP 	ver_line_precue: autoDraw = False
1183.6385 	EXP 	hor_line_precue: autoDraw = False
1183.6385 	EXP 	ver_line_precue: autoDraw = False
1183.6385 	EXP 	image_mi: image = 'pics/left_hand.JPG'
1183.6385 	EXP 	image_mi: autoDraw = True
1188.1430 	EXP 	image_mi: autoDraw = False
1188.1430 	EXP 	image_mi: autoDraw = False
1188.1430 	EXP 	text_pause: autoDraw = True
1190.6305 	EXP 	New trial (rep=1, index=3): {'pic_name': 'pics/left_hand.JPG', 'class_mi': 'left_hand'}
1190.6455 	EXP 	text_pause: autoDraw = False
1190.6455 	EXP 	text_pause: autoDraw = False
1190.6455 	EXP 	hor_line_precue: autoDraw = True
1190.6455 	EXP 	ver_line_precue: autoDraw = True
1192.6475 	EXP 	hor_line_precue: autoDraw = False
1192.6475 	EXP 	ver_line_precue: autoDraw = False
1192.6475 	EXP 	hor_line_precue: autoDraw = False
1192.6475 	EXP 	ver_line_precue: autoDraw = False
1192.6475 	EXP 	image_mi: image = 'pics/left_hand.JPG'
1192.6475 	EXP 	image_mi: autoDraw = True
1197.1520 	EXP 	image_mi: autoDraw = False
1197.1520 	EXP 	image_mi: autoDraw = False
1197.1520 	EXP 	text_pause: autoDraw = True
1199.6392 	EXP 	New trial (rep=2, index=0): {'pic_name': 'pics/left_foot.JPG', 'class_mi': 'left_foot'}
1199.6546 	EXP 	text_pause: autoDraw = False
1199.6546 	EXP 	text_pause: autoDraw = False
1199.6546 	EXP 	hor_line_precue: autoDraw = True
1199.6546 	EXP 	ver_line_precue: autoDraw = True
1201.6565 	EXP 	hor_line_precue: autoDraw = False
1201.6565 	EXP 	ver_line_precue: autoDraw = False
1201.6565 	EXP 	hor_line_precue: autoDraw = False
1201.6565 	EXP 	ver_line_precue: autoDraw = False
1201.6565 	EXP 	image_mi: image = 'pics/left_foot.JPG'
1201.6565 	EXP 	image_mi: autoDraw = True
1206.1609 	EXP 	image_mi: autoDraw = False
1206.1609 	EXP 	image_mi: autoDraw = False
1206.1609 	EXP 	text_pause: autoDraw = True
1208.6483 	EXP 	New trial (rep=2, index=1): {'pic_name': 'pics/left_foot.JPG', 'class_mi': 'left_foot'}
1208.6635 	EXP 	text_pause: autoDraw = False
1208.6635 	EXP 	text_pause: autoDraw = False
1208.6635 	EXP 	hor_line_precue: autoDraw = True
1208.6635 	EXP 	ver_line_precue: autoDraw = True
1210.6654 	EXP 	hor_line_precue: autoDraw = False
1210.6654 	EXP 	ver_line_precue: autoDraw = False
1210.6654 	EXP 	hor_line_precue: autoDraw = False
1210.6654 	EXP 	ver_line_precue: autoDraw = False
1210.6654 	EXP 	image_mi: image = 'pics/left_foot.JPG'
1210.6654 	EXP 	image_mi: autoDraw = True
1215.1699 	EXP 	image_mi: autoDraw = False
1215.1699 	EXP 	image_mi: autoDraw = False
1215.1699 	EXP 	text_pause: autoDraw = True
1217.6572 	EXP 	New trial (rep=2, index=2): {'pic_name': 'pics/right_foot.JPG', 'class_mi': 'right_foot'}
1217.6724 	EXP 	text_pause: autoDraw = False
1217.6724 	EXP 	text_pause: autoDraw = False
1217.6724 	EXP 	hor_line_precue: autoDraw = True
1217.6724 	EXP 	ver_line_precue: autoDraw = True
1219.6743 	EXP 	hor_line_precue: autoDraw = False
1219.6743 	EXP 	ver_line_precue: autoDraw = False
1219.6743 	EXP 	hor_line_precue: autoDraw = False
1219.6743 	EXP 	ver_line_precue: autoDraw = False
1219.6743 	EXP 	image_mi: image = 'pics/right_foot.JPG'
1219.6743 	EXP 	image_mi: autoDraw = True
1224.1789 	EXP 	image_mi: autoDraw = False
1224.1789 	EXP 	image_mi: autoDraw = False
1224.1789 	EXP 	text_pause: autoDraw = True
1226.6659 	EXP 	New trial (rep=2, index=3): {'pic_name': 'pics/left_hand.JPG', 'class_mi': 'left_hand'}
1226.6811 	EXP 	text_pause: autoDraw = False
1226.6811 	EXP 	text_pause: autoDraw = False
1226.6811 	EXP 	hor_line_precue: autoDraw = True
1226.6811 	EXP 	ver_line_precue: autoDraw = True
1228.6833 	EXP 	hor_line_precue: autoDraw = False
1228.6833 	EXP 	ver_line_precue: autoDraw = False
1228.6833 	EXP 	hor_line_precue: autoDraw = False
1228.6833 	EXP 	ver_line_precue: autoDraw = False
1228.6833 	EXP 	image_mi: image = 'pics/left_hand.JPG'
1228.6833 	EXP 	image_mi: autoDraw = True
1233.1878 	EXP 	image_mi: autoDraw = False
1233.1878 	EXP 	image_mi: autoDraw = False
1233.1878 	EXP 	text_pause: autoDraw = True
1235.6752 	EXP 	New trial (rep=3, index=0): {'pic_name': 'pics/mental_singing.JPG', 'class_mi': 'mental_singing'}
1235.6903 	EXP 	text_pause: autoDraw = False
1235.6903 	EXP 	text_pause: autoDraw = False
1235.6903 	EXP 	hor_line_precue: autoDraw = True
1235.6903 	EXP 	ver_line_precue: autoDraw = True
1237.7089 	EXP 	hor_line_precue: autoDraw = False
1237.7089 	EXP 	ver_line_precue: autoDraw = False
1237.7089 	EXP 	hor_line_precue: autoDraw = False
1237.7089 	EXP 	ver_line_precue: autoDraw = False
1237.7089 	EXP 	image_mi: image = 'pics/mental_singing.JPG'
1237.7089 	EXP 	image_mi: autoDraw = True
1242.2132 	EXP 	image_mi: autoDraw = False
1242.2132 	EXP 	image_mi: autoDraw = False
1242.2132 	EXP 	text_pause: autoDraw = True
1244.7009 	EXP 	New trial (rep=3, index=1): {'pic_name': 'pics/mental_singing.JPG', 'class_mi': 'mental_singing'}
1244.7159 	EXP 	text_pause: autoDraw = False
1244.7159 	EXP 	text_pause: autoDraw = False
1244.7159 	EXP 	hor_line_precue: autoDraw = True
1244.7159 	EXP 	ver_line_precue: autoDraw = True
1246.7346 	EXP 	hor_line_precue: autoDraw = False
1246.7346 	EXP 	ver_line_precue: autoDraw = False
1246.7346 	EXP 	hor_line_precue: autoDraw = False
1246.7346 	EXP 	ver_line_precue: autoDraw = False
1246.7346 	EXP 	image_mi: image = 'pics/mental_singing.JPG'
1246.7346 	EXP 	image_mi: autoDraw = True
1251.2391 	EXP 	image_mi: autoDraw = False
1251.2391 	EXP 	image_mi: autoDraw = False
1251.2391 	EXP 	text_pause: autoDraw = True
1253.7263 	EXP 	New trial (rep=3, index=2): {'pic_name': 'pics/mental_singing.JPG', 'class_mi': 'mental_singing'}
1253.7415 	EXP 	text_pause: autoDraw = False
1253.7415 	EXP 	text_pause: autoDraw = False
1253.7415 	EXP 	hor_line_precue: autoDraw = True
1253.7415 	EXP 	ver_line_precue: autoDraw = True
1255.7602 	EXP 	hor_line_precue: autoDraw = False
1255.7602 	EXP 	ver_line_precue: autoDraw = False
1255.7602 	EXP 	hor_line_precue: autoDraw = False
1255.7602 	EXP 	ver_line_precue: autoDraw = False
1255.7602 	EXP 	image_mi: image = 'pics/mental_singing.JPG'
1255.7602 	EXP 	image_mi: autoDraw = True
1260.2647 	EXP 	image_mi: autoDraw = False
1260.2647 	EXP 	image_mi: autoDraw = False
1260.2647 	EXP 	text_pause: autoDraw = True
1262.7520 	EXP 	New trial (rep=3, index=3): {'pic_name': 'pics/left_hand.JPG', 'class_mi': 'left_hand'}
1262.7671 	EXP 	text_pause: autoDraw = False
1262.7671 	EXP 	text_pause: autoDraw = False
1262.7671 	EXP 	hor_line_precue: autoDraw = True
1262.7671 	EXP 	ver_line_precue: autoDraw = True
1264.7692 	EXP 	hor_line_precue: autoDraw = False
1264.7692 	EXP 	ver_line_precue: autoDraw = False
1264.7692 	EXP 	hor_line_precue: autoDraw = False
1264.7692 	EXP 	ver_line_precue: autoDraw = False
1264.7692 	EXP 	image_mi: image = 'pics/left_hand.JPG'
1264.7692 	EXP 	image_mi: autoDraw = True
1269.2736 	EXP 	image_mi: autoDraw = False
1269.2736 	EXP 	image_mi: autoDraw = False
1269.2736 	EXP 	text_pause: autoDraw = True
1271.7610 	EXP 	New trial (rep=4, index=0): {'pic_name': 'pics/left_foot.JPG', 'class_mi': 'left_foot'}
1271.7761 	EXP 	text_pause: autoDraw = False
1271.7761 	EXP 	text_pause: autoDraw = False
1271.7761 	EXP 	hor_line_precue: autoDraw = True
1271.7761 	EXP 	ver_line_precue: autoDraw = True
1273.7781 	EXP 	hor_line_precue: autoDraw = False
1273.7781 	EXP 	ver_line_precue: autoDraw = False
1273.7781 	EXP 	hor_line_precue: autoDraw = False
1273.7781 	EXP 	ver_line_precue: autoDraw = False
1273.7781 	EXP 	image_mi: image = 'pics/left_foot.JPG'
1273.7781 	EXP 	image_mi: autoDraw = True
1278.2826 	EXP 	image_mi: autoDraw = False
1278.2826 	EXP 	image_mi: autoDraw = False
1278.2826 	EXP 	text_pause: autoDraw = True
1280.7699 	EXP 	New trial (rep=4, index=1): {'pic_name': 'pics/left_foot.JPG', 'class_mi': 'left_foot'}
1280.7851 	EXP 	text_pause: autoDraw = False
1280.7851 	EXP 	text_pause: autoDraw = False
1280.7851 	EXP 	hor_line_precue: autoDraw = True
1280.7851 	EXP 	ver_line_precue: autoDraw = True
1282.7871 	EXP 	hor_line_precue: autoDraw = False
1282.7871 	EXP 	ver_line_precue: autoDraw = False
1282.7871 	EXP 	hor_line_precue: autoDraw = False
1282.7871 	EXP 	ver_line_precue: autoDraw = False
1282.7871 	EXP 	image_mi: image = 'pics/left_foot.JPG'
1282.7871 	EXP 	image_mi: autoDraw = True
1287.2915 	EXP 	image_mi: autoDraw = False
1287.2915 	EXP 	image_mi: autoDraw = False
1287.2915 	EXP 	text_pause: autoDraw = True
1289.7789 	EXP 	New trial (rep=4, index=2): {'pic_name': 'pics/right_foot.JPG', 'class_mi': 'right_foot'}
1289.7940 	EXP 	text_pause: autoDraw = False
1289.7940 	EXP 	text_pause: autoDraw = False
1289.7940 	EXP 	hor_line_precue: autoDraw = True
1289.7940 	EXP 	ver_line_precue: autoDraw = True
1291.7958 	EXP 	hor_line_precue: autoDraw = False
1291.7958 	EXP 	ver_line_precue: autoDraw = False
1291.7958 	EXP 	hor_line_precue: autoDraw = False
1291.7958 	EXP 	ver_line_precue: autoDraw = False
1291.7958 	EXP 	image_mi: image = 'pics/right_foot.JPG'
1291.7958 	EXP 	image_mi: autoDraw = True
1296.3005 	EXP 	image_mi: autoDraw = False
1296.3005 	EXP 	image_mi: autoDraw = False
1296.3005 	EXP 	text_pause: autoDraw = True
1298.7878 	EXP 	New trial (rep=4, index=3): {'pic_name': 'pics/right_foot.JPG', 'class_mi': 'right_foot'}
1298.8030 	EXP 	text_pause: autoDraw = False
1298.8030 	EXP 	text_pause: autoDraw = False
1298.8030 	EXP 	hor_line_precue: autoDraw = True
1298.8030 	EXP 	ver_line_precue: autoDraw = True
1300.8049 	EXP 	hor_line_precue: autoDraw = False
1300.8049 	EXP 	ver_line_precue: autoDraw = False
1300.8049 	EXP 	hor_line_precue: autoDraw = False
1300.8049 	EXP 	ver_line_precue: autoDraw = False
1300.8049 	EXP 	image_mi: image = 'pics/right_foot.JPG'
1300.8049 	EXP 	image_mi: autoDraw = True
1305.3094 	EXP 	image_mi: autoDraw = False
1305.3094 	EXP 	image_mi: autoDraw = False
1305.3094 	EXP 	text_pause: autoDraw = True
1307.8116 	EXP 	text_pause: autoDraw = False
1307.8116 	EXP 	text_pause: autoDraw = False
1307.8116 	EXP 	text: autoDraw = True
1315.5401 	DATA 	Keypress: space
1315.5696 	EXP 	text: autoDraw = False
1315.5696 	EXP 	text_post_run: autoDraw = True
1316.3896 	DATA 	Keypress: space
1316.4039 	EXP 	text_post_run: autoDraw = False
1316.4040 	EXP 	bci_racingteam: status = STOPPED
1316.5245 	EXP 	window1: mouseVisible = True
